proc22 3.875
proc28 8.000
proc68 14.375
proc55 22.750
proc51 23.125
proc18 27.750
proc21 37.375
proc74 40.000
proc39 41.625
proc0 45.250
proc58 45.500
proc70 53.000
proc27 55.875
proc73 60.750
proc5 70.500
proc12 71.500
proc8 76.375
proc3 78.875
proc24 87.375
proc19 90.250
proc17 92.000
proc29 99.125
proc26 108.750
proc4 116.625
proc71 124.000
proc33 134.000
proc32 138.500
proc60 147.875
proc69 151.500
proc16 158.375
proc46 166.125
proc66 175.125
proc7 184.250
proc31 188.375
proc57 190.875
proc72 197.875
proc42 206.000
proc23 207.625
proc20 209.250
proc56 212.000
proc43 214.000
proc15 214.125
proc6 218.125
proc14 225.500
proc52 231.250
proc41 235.500
proc65 238.875
proc59 239.000
proc53 240.625
proc38 248.750
proc34 251.750
proc30 254.375
proc54 264.125
proc37 271.625
proc48 274.625
proc64 277.125
proc63 281.875
proc44 291.375
proc11 293.000
proc9 294.375
proc1 297.375
proc25 302.625
proc35 304.125
proc45 312.250
proc40 321.500
proc10 324.750
proc13 328.625
proc50 331.875
proc2 338.125
proc47 343.625
proc36 348.625
proc62 356.000
proc61 356.375
proc49 361.000
proc67 365.125
0
