proc30 8.000
proc29 10.000
proc60 15.375
proc17 17.000
proc61 21.125
proc10 27.750
proc68 32.875
proc70 39.625
proc53 46.750
proc59 47.125
proc7 54.000
proc32 62.250
proc54 66.875
proc15 71.000
proc1 79.625
proc67 81.000
proc27 90.625
proc45 96.125
proc33 101.750
proc16 101.875
proc42 111.750
proc37 116.000
proc39 117.375
proc36 119.250
proc58 120.625
proc35 127.875
proc46 137.000
proc38 138.250
proc71 145.375
proc18 153.500
proc5 154.375
proc4 164.125
proc22 173.375
proc26 182.500
proc47 184.750
proc48 191.375
proc50 199.875
proc25 206.250
proc55 213.625
proc56 215.250
proc72 221.000
proc20 227.250
proc69 233.750
proc21 236.750
proc52 237.625
proc14 247.250
proc66 251.125
proc6 259.500
proc12 265.125
proc43 267.750
proc74 277.250
proc24 281.375
proc8 289.875
proc31 293.500
proc63 294.750
proc2 298.875
proc11 307.750
proc28 311.750
proc64 315.125
proc73 317.500
proc57 323.875
proc9 330.750
proc23 338.875
proc44 340.250
proc19 345.875
proc40 347.250
proc62 357.250
proc34 359.375
proc51 367.000
proc13 372.125
proc65 380.625
proc49 380.750
proc41 388.750
proc3 394.875
proc0 397.500
0
