proc69 1.625
proc30 8.625
proc64 10.750
proc11 14.750
proc61 22.750
proc6 27.125
proc50 36.375
proc8 42.125
proc66 51.750
proc17 57.625
proc13 60.625
proc22 66.125
proc53 66.375
proc42 76.125
proc73 78.375
proc54 86.750
proc56 95.875
proc41 97.500
proc24 103.875
proc59 107.250
proc25 108.250
proc57 116.250
proc23 123.125
proc51 125.000
proc2 132.500
proc12 140.125
proc19 145.000
proc16 155.000
proc15 163.875
proc38 169.875
proc46 173.125
proc40 177.500
proc60 182.000
proc55 186.375
proc28 191.625
proc68 199.875
proc58 207.500
proc3 214.875
proc10 220.000
proc49 224.375
proc7 232.625
proc45 236.625
proc0 242.875
proc63 252.375
proc43 258.875
proc4 260.375
proc74 262.750
proc33 271.750
proc67 274.750
proc21 276.125
proc31 280.125
proc39 284.375
proc20 284.875
proc27 291.625
proc9 300.500
proc71 307.500
proc44 312.250
proc32 317.875
proc29 327.375
proc34 329.125
proc26 334.625
proc72 340.500
proc18 347.625
proc65 354.750
proc62 362.625
proc1 367.625
proc47 370.000
proc37 371.000
proc5 375.500
proc36 378.875
proc35 383.875
proc14 393.625
proc70 399.625
proc48 406.625
proc52 410.375
0
