proc31 10.750
proc73 15.500
proc68 19.375
proc8 19.500
proc32 28.125
proc29 28.875
proc15 38.375
proc63 43.250
proc14 49.625
proc9 50.000
proc7 57.125
proc46 57.250
proc71 58.375
proc24 65.875
proc61 71.250
proc34 71.375
proc53 73.625
proc65 73.750
proc25 82.250
proc50 88.125
proc62 90.500
proc20 91.500
proc10 95.250
proc5 98.125
proc0 107.625
proc28 110.000
proc64 110.750
proc66 116.375
proc18 123.250
proc43 127.375
proc11 136.375
proc17 142.625
proc47 147.500
proc41 155.250
proc4 162.625
proc45 164.750
proc67 170.250
proc37 174.625
proc59 177.625
proc6 185.000
proc13 186.750
proc1 195.375
proc44 202.000
proc48 204.750
proc56 209.250
proc35 211.875
proc40 219.375
proc26 224.000
proc33 231.875
proc74 240.125
proc2 248.500
proc54 256.125
proc16 260.500
proc27 269.250
proc21 274.250
proc12 279.000
proc52 287.625
proc72 291.375
proc3 293.875
proc39 302.625
proc70 311.250
proc38 319.125
proc36 327.375
proc42 335.750
proc19 344.000
proc58 348.250
proc49 348.500
proc30 351.875
proc22 353.375
proc69 362.125
proc23 368.625
proc55 370.875
proc57 379.750
proc51 380.000
proc60 385.500
0
