proc49 6.750
proc6 16.000
proc36 22.375
proc0 31.125
proc48 34.750
proc50 42.125
proc40 50.500
proc53 52.875
proc45 61.750
proc46 71.000
proc26 75.000
proc7 81.875
proc72 86.125
proc32 93.375
proc62 93.625
proc13 99.500
proc29 100.875
proc39 101.000
proc28 105.250
proc16 106.000
proc2 114.500
proc44 119.625
proc3 121.625
proc18 128.000
proc60 133.250
proc21 141.125
proc67 147.125
proc54 152.250
proc25 153.625
proc65 155.375
proc35 160.250
proc68 165.000
proc8 171.125
proc1 178.000
proc24 183.500
proc56 191.500
proc5 200.250
proc47 207.000
proc14 212.250
proc20 222.125
proc59 226.500
proc15 227.000
proc42 227.250
proc63 229.000
proc52 232.000
proc9 237.750
proc55 244.250
proc10 250.375
proc38 258.000
proc71 260.125
proc33 267.125
proc19 270.125
proc22 277.500
proc17 279.750
proc64 284.875
proc37 289.875
proc34 291.250
proc11 291.625
proc30 298.750
proc61 302.625
proc69 303.250
proc51 310.250
proc27 311.500
proc66 318.125
proc58 322.375
proc70 326.000
proc57 329.500
proc43 336.750
proc12 339.750
proc4 344.500
proc73 344.875
proc41 353.250
proc74 361.000
proc23 370.875
proc31 371.000
0
