proc69 5.875
proc33 12.000
proc36 20.250
proc44 23.625
proc46 32.875
proc34 38.125
proc22 44.875
proc65 52.125
proc51 57.375
proc40 61.500
proc57 70.000
proc53 77.625
proc8 84.000
proc47 86.875
proc28 94.750
proc29 100.000
proc30 108.250
proc43 110.875
proc68 119.250
proc52 124.250
proc20 133.875
proc17 136.000
proc12 138.000
proc37 144.750
proc7 154.750
proc41 158.250
proc11 161.125
proc16 169.625
proc66 176.750
proc26 186.125
proc74 194.500
proc14 199.000
proc63 203.500
proc15 203.625
proc18 207.625
proc35 211.250
proc4 220.500
proc50 221.875
proc5 228.875
proc10 235.750
proc71 237.125
proc62 240.000
proc1 247.625
proc64 248.500
proc60 257.500
proc55 263.500
proc48 265.375
proc54 273.375
proc0 283.125
proc3 285.000
proc59 288.375
proc70 290.375
proc67 299.000
proc19 302.750
proc45 311.625
proc21 315.125
proc13 324.125
proc39 325.750
proc6 333.500
proc25 338.500
proc73 340.625
proc49 340.750
proc27 343.250
proc32 350.375
proc38 359.500
proc23 364.625
proc24 374.500
proc2 380.125
proc31 386.500
proc61 386.500
proc72 393.875
proc9 403.750
proc58 408.625
proc42 411.000
proc56 417.375
0
