proc15 9.125
proc14 9.375
proc30 10.875
proc35 20.375
proc69 22.750
proc60 30.125
proc3 32.500
proc10 36.875
proc28 45.625
proc31 53.000
proc22 53.125
proc59 62.000
proc45 71.250
proc1 80.500
proc64 83.250
proc42 86.750
proc47 87.875
proc16 94.750
proc26 102.875
proc54 103.625
proc51 109.125
proc61 109.375
proc46 113.875
proc19 122.375
proc55 125.125
proc65 131.375
proc56 137.250
proc7 142.375
proc29 144.375
proc66 154.250
proc52 162.000
proc27 165.125
proc72 171.125
proc48 180.750
proc58 183.875
proc11 190.250
proc17 190.875
proc12 194.375
proc34 197.500
proc53 201.875
proc36 204.000
proc68 204.500
proc70 208.000
proc13 212.750
proc4 214.625
proc18 223.625
proc49 232.500
proc57 240.875
proc21 245.875
proc24 251.500
proc25 257.250
proc44 265.750
proc37 272.500
proc43 275.750
proc2 276.125
proc71 282.625
proc23 288.250
proc6 294.000
proc41 298.500
proc8 303.875
proc38 312.125
proc50 319.625
proc5 325.750
proc40 328.500
proc32 337.625
proc74 345.125
proc67 350.875
proc63 360.750
proc39 362.875
proc62 367.625
proc20 367.750
proc9 372.250
proc33 379.250
proc0 379.625
proc73 384.875
0
