proc23 4.250
proc43 8.875
proc48 13.250
proc33 20.125
proc55 28.750
proc72 37.000
proc73 38.125
proc11 44.125
proc13 44.500
proc26 44.750
proc50 53.375
proc37 58.000
proc71 63.000
proc34 64.375
proc4 70.250
proc69 70.875
proc66 76.000
proc7 82.000
proc63 89.375
proc14 92.375
proc22 94.250
proc62 104.125
proc52 106.000
proc31 109.625
proc8 115.375
proc74 123.500
proc36 131.250
proc30 139.375
proc57 141.250
proc58 143.375
proc24 150.000
proc25 154.875
proc3 162.125
proc29 171.875
proc38 174.375
proc67 183.750
proc18 191.750
proc39 199.000
proc16 200.500
proc21 204.875
proc1 205.500
proc9 208.250
proc47 218.000
proc51 222.625
proc41 227.500
proc49 237.000
proc17 241.250
proc68 244.875
proc60 245.375
proc44 252.250
proc35 258.000
proc27 264.625
proc59 273.125
proc64 279.000
proc42 283.000
proc12 288.875
proc53 291.000
proc61 297.500
proc0 304.625
proc46 312.125
proc28 313.625
proc65 320.125
proc70 327.500
proc15 329.875
proc19 333.500
proc20 336.375
proc54 345.250
proc56 351.500
proc6 359.125
proc40 360.250
proc32 367.000
proc10 367.375
proc5 374.875
proc45 378.625
proc2 388.125
0
