proc61 9.000
proc21 13.625
proc38 14.375
proc43 21.625
proc53 29.375
proc27 35.875
proc31 37.875
proc42 38.750
proc47 45.000
proc30 46.875
proc57 50.375
proc14 57.375
proc44 66.625
proc34 72.250
proc17 76.125
proc13 79.500
proc15 81.375
proc11 84.750
proc1 86.000
proc70 93.000
proc58 102.875
proc55 111.625
proc64 112.875
proc37 117.125
proc41 124.125
proc46 127.500
proc29 134.125
proc19 138.125
proc69 146.125
proc74 150.875
proc72 156.000
proc24 161.000
proc25 168.375
proc4 168.750
proc3 170.875
proc9 172.750
proc52 180.250
proc59 184.500
proc23 187.500
proc32 195.750
proc26 200.000
proc49 204.125
proc7 213.250
proc35 222.375
proc71 229.500
proc5 230.250
proc20 232.500
proc51 238.875
proc56 240.750
proc12 250.500
proc22 251.250
proc33 253.250
proc48 259.625
proc2 261.250
proc8 262.375
proc28 265.625
proc63 268.250
proc18 268.625
proc16 277.625
proc66 287.250
proc6 293.250
proc39 297.250
proc65 301.250
proc62 303.625
proc10 304.625
proc68 308.750
proc54 318.500
proc45 322.625
proc50 326.000
proc0 329.000
proc60 332.250
proc40 338.125
proc36 341.500
proc67 343.125
proc73 345.125
0
