proc10 8.000
proc56 10.500
proc60 20.000
proc24 27.125
proc9 34.375
proc49 38.750
proc33 46.125
proc0 53.875
proc27 55.125
proc67 63.750
proc61 71.625
proc71 79.125
proc31 80.500
proc5 87.125
proc41 88.250
proc21 89.000
proc4 92.375
proc38 94.250
proc63 102.500
proc17 110.375
proc70 116.375
proc15 122.500
proc36 124.000
proc52 126.500
proc29 136.000
proc73 140.250
proc14 144.000
proc19 147.375
proc6 148.000
proc57 156.625
proc30 165.500
proc62 166.500
proc12 168.875
proc18 171.875
proc50 175.375
proc8 180.125
proc32 189.625
proc48 194.750
proc43 201.625
proc25 211.625
proc72 213.000
proc47 215.500
proc42 221.875
proc1 224.125
proc34 231.750
proc35 235.125
proc68 243.500
proc53 251.500
proc11 256.000
proc59 260.500
proc66 265.250
proc55 269.750
proc69 275.625
proc65 280.250
proc23 284.125
proc7 290.250
proc2 294.500
proc26 302.750
proc46 306.375
proc74 309.000
proc22 314.125
proc45 314.750
proc16 324.625
proc44 328.375
proc51 334.375
proc64 341.375
proc3 344.000
proc54 350.250
proc13 351.375
proc37 353.625
proc40 362.375
proc39 367.375
proc20 370.750
proc28 376.625
proc58 380.625
0
