proc30 5.000
proc41 7.625
proc60 15.500
proc69 18.875
proc6 26.250
proc62 33.000
proc53 37.750
proc10 45.375
proc27 48.125
proc4 52.125
proc29 53.250
proc65 59.250
proc28 60.625
proc38 65.625
proc34 72.250
proc51 72.875
proc73 81.500
proc58 87.625
proc8 97.250
proc36 98.625
proc17 103.250
proc47 110.125
proc59 114.875
proc50 115.250
proc46 117.000
proc55 121.250
proc13 130.000
proc45 139.000
proc20 145.250
proc67 153.000
proc54 153.625
proc61 154.000
proc15 161.625
proc3 164.500
proc56 172.375
proc14 172.875
proc74 177.000
proc72 186.250
proc25 188.375
proc40 195.250
proc37 198.375
proc48 207.375
proc64 209.750
proc43 217.625
proc31 222.125
proc44 222.375
proc12 226.500
proc7 234.875
proc39 241.750
proc33 249.625
proc52 258.625
proc71 266.750
proc23 269.625
proc2 271.875
proc11 279.375
proc22 288.625
proc66 289.250
proc57 290.125
proc5 298.625
proc9 307.125
proc16 315.500
proc68 315.875
proc70 319.625
proc42 321.250
proc49 326.500
proc18 333.750
proc35 335.500
proc24 343.125
proc32 344.500
proc0 346.375
proc63 354.500
proc21 357.625
proc26 367.375
proc19 372.125
proc1 373.875
0
