proc5 2.625
proc32 11.125
proc16 17.375
proc60 17.500
proc25 17.750
proc6 23.125
proc1 26.500
proc71 34.500
proc45 43.250
proc62 50.250
proc7 58.625
proc57 61.125
proc28 63.625
proc59 68.375
proc74 74.750
proc10 79.750
proc0 82.250
proc43 82.500
proc66 82.875
proc53 85.625
proc67 87.250
proc29 94.375
proc54 95.625
proc12 96.125
proc40 105.750
proc18 112.375
proc39 115.375
proc23 117.000
proc51 120.250
proc49 121.750
proc55 124.000
proc52 124.625
proc46 128.500
proc27 137.875
proc69 147.750
proc15 153.750
proc68 161.750
proc26 162.000
proc19 165.750
proc2 172.625
proc14 178.625
proc56 184.500
proc33 186.375
proc70 196.375
proc36 201.375
proc50 206.000
proc31 208.250
proc13 217.500
proc65 223.000
proc21 226.250
proc22 232.250
proc58 233.500
proc47 234.750
proc30 241.000
proc4 247.500
proc38 247.875
proc9 250.750
proc37 259.625
proc42 264.875
proc11 270.625
proc64 272.625
proc61 276.000
proc44 285.500
proc24 291.750
proc41 296.875
proc3 305.125
proc48 313.375
proc8 316.875
proc17 324.375
proc20 330.125
proc34 330.500
proc35 331.125
proc63 340.375
proc73 348.875
proc72 358.000
0
