proc65 9.750
proc31 19.625
proc25 23.500
proc30 24.750
proc59 31.000
proc50 39.750
proc26 49.000
proc35 56.625
proc29 61.250
proc56 62.125
proc12 63.500
proc64 72.125
proc60 79.500
proc48 89.250
proc54 97.750
proc58 99.500
proc53 101.250
proc39 103.875
proc24 110.375
proc37 115.875
proc74 117.250
proc17 123.250
proc4 123.375
proc42 124.625
proc8 132.625
proc66 141.625
proc36 150.625
proc33 154.125
proc70 163.625
proc49 166.250
proc41 170.750
proc57 180.250
proc72 182.875
proc67 186.375
proc43 191.625
proc45 196.000
proc3 197.125
proc28 205.500
proc23 205.875
proc2 212.875
proc16 219.625
proc1 227.500
proc11 233.625
proc18 243.125
proc62 246.500
proc40 250.125
proc14 260.125
proc19 268.750
proc27 271.375
proc10 272.125
proc63 278.375
proc20 283.500
proc32 291.875
proc44 294.875
proc52 301.625
proc61 308.125
proc46 316.500
proc15 325.375
proc68 331.500
proc13 338.125
proc34 344.750
proc6 349.500
proc71 356.000
proc73 365.125
proc0 366.750
proc38 367.375
proc55 371.000
proc22 373.750
proc47 375.125
proc21 375.750
proc5 378.250
proc51 381.625
proc9 384.125
proc7 387.875
proc69 395.125
0
