proc11 9.750
proc63 19.750
proc7 29.250
proc1 35.625
proc67 36.750
proc19 45.625
proc52 50.625
proc26 57.750
proc8 60.625
proc28 67.875
proc68 71.875
proc46 81.250
proc27 85.750
proc3 94.250
proc38 94.750
proc36 103.000
proc12 107.375
proc43 107.875
proc56 114.750
proc18 120.625
proc49 120.875
proc58 129.875
proc70 139.000
proc45 146.750
proc9 147.375
proc33 150.375
proc41 159.125
proc29 166.875
proc35 174.125
proc66 177.250
proc34 178.750
proc4 181.875
proc51 182.375
proc74 189.750
proc23 195.500
proc37 205.000
proc42 212.250
proc20 216.750
proc39 220.750
proc62 224.250
proc54 227.125
proc55 232.875
proc2 238.625
proc10 247.125
proc44 251.250
proc25 252.125
proc48 257.500
proc71 263.375
proc65 264.000
proc6 269.250
proc64 274.500
proc16 279.000
proc47 282.625
proc53 289.750
proc30 292.000
proc61 294.625
proc69 296.625
proc40 297.125
proc15 305.500
proc60 314.375
proc50 321.625
proc17 326.500
proc0 336.375
proc57 339.375
proc59 341.000
proc14 350.500
proc31 351.000
proc73 352.250
proc21 357.000
proc22 363.750
proc24 367.625
proc32 376.375
proc5 384.250
proc13 390.000
proc72 390.875
0
