proc7 10.250
proc33 18.000
proc69 24.625
proc29 32.625
proc5 41.500
proc36 42.000
proc43 43.875
proc50 53.875
proc72 63.375
proc15 68.000
proc2 74.125
proc24 82.500
proc59 89.250
proc53 97.875
proc9 104.000
proc22 107.625
proc61 115.625
proc38 123.875
proc55 132.750
proc20 141.750
proc56 148.875
proc44 157.250
proc1 162.000
proc65 170.625
proc8 179.625
proc49 181.500
proc25 182.250
proc0 186.500
proc67 195.000
proc68 198.750
proc58 201.000
proc12 208.875
proc26 218.000
proc19 227.250
proc57 233.750
proc71 243.625
proc48 249.250
proc31 257.000
proc73 263.750
proc52 271.125
proc17 272.500
proc45 277.250
proc21 285.625
proc39 294.750
proc35 300.125
proc34 300.750
proc37 309.125
proc6 311.250
proc23 311.750
proc64 316.875
proc13 322.000
proc66 325.000
proc3 328.125
proc63 335.250
proc18 341.125
proc30 342.750
proc14 346.500
proc27 351.500
proc74 355.000
proc54 358.000
proc40 364.875
proc70 371.375
proc46 377.000
proc16 378.125
proc42 379.750
proc4 385.250
proc32 386.375
proc41 388.875
proc11 394.375
proc47 396.500
proc62 400.500
proc60 408.750
proc10 409.750
proc51 418.875
proc28 421.625
0
