proc6 8.750
proc65 12.750
proc72 16.375
proc14 23.250
proc52 29.625
proc29 32.375
proc8 34.875
proc63 42.000
proc62 43.375
proc19 52.500
proc73 56.875
proc50 58.125
proc55 59.500
proc37 64.125
proc48 72.750
proc7 76.250
proc24 80.125
proc70 86.625
proc34 92.625
proc1 102.625
proc57 109.250
proc9 116.750
proc28 118.500
proc56 125.500
proc32 127.125
proc2 133.875
proc23 137.500
proc22 143.125
proc45 151.000
proc64 153.625
proc26 155.250
proc35 160.500
proc44 164.875
proc18 172.000
proc39 179.125
proc66 185.500
proc60 190.000
proc49 192.875
proc54 201.000
proc46 208.750
proc53 213.250
proc71 216.125
proc42 221.625
proc27 229.500
proc58 237.625
proc17 244.125
proc20 251.125
proc61 252.125
proc30 261.125
proc74 268.875
proc51 269.375
proc4 278.500
proc33 283.000
proc59 286.125
proc67 294.375
proc10 301.875
proc13 302.000
proc5 308.500
proc43 311.125
proc3 319.875
proc40 323.375
proc16 328.375
proc11 337.750
proc68 342.250
proc69 343.750
proc15 348.750
proc25 351.750
proc41 355.000
proc38 361.625
proc21 367.375
proc47 376.625
proc31 385.250
proc12 387.375
proc36 396.125
proc0 404.375
0
