proc39 5.750
proc21 8.750
proc69 12.000
proc65 12.750
proc22 14.500
proc1 14.875
proc15 23.750
proc51 30.875
proc60 31.500
proc71 34.500
proc72 35.375
proc14 38.000
proc29 40.375
proc41 42.875
proc40 45.750
proc47 46.625
proc7 49.000
proc8 53.250
proc38 56.750
proc37 63.875
proc57 71.250
proc66 76.375
proc44 79.500
proc10 86.000
proc73 95.875
proc67 103.750
proc46 112.250
proc56 117.500
proc18 125.375
proc6 126.000
proc42 127.875
proc27 136.000
proc11 143.750
proc34 152.375
proc68 158.500
proc33 161.250
proc24 162.125
proc26 163.875
proc53 165.000
proc5 172.125
proc3 180.125
proc0 180.250
proc9 180.500
proc28 183.125
proc17 188.875
proc74 196.875
proc49 200.125
proc52 202.000
proc59 204.625
proc35 210.750
proc45 211.125
proc13 214.125
proc25 216.250
proc30 218.625
proc54 222.625
proc62 231.625
proc55 233.000
proc50 238.250
proc36 240.375
proc64 243.125
proc58 248.750
proc48 251.875
proc70 256.500
proc61 258.375
proc12 265.000
proc2 273.125
proc63 278.125
proc43 286.000
proc23 295.125
proc32 298.375
proc16 301.875
proc31 304.375
proc4 309.375
proc19 313.625
proc20 321.500
0
