proc66 5.625
proc44 8.250
proc9 15.500
proc45 23.375
proc5 24.125
proc54 31.500
proc32 35.250
proc26 44.375
proc67 46.500
proc19 46.875
proc10 52.625
proc59 60.125
proc72 62.000
proc61 71.750
proc73 79.875
proc69 87.000
proc36 89.750
proc31 97.000
proc16 101.625
proc39 110.875
proc27 115.750
proc70 121.375
proc51 125.875
proc43 134.250
proc41 143.125
proc47 147.000
proc52 151.000
proc58 153.000
proc15 159.000
proc37 164.375
proc48 166.375
proc34 170.375
proc62 173.625
proc23 177.375
proc71 184.875
proc35 186.750
proc49 191.125
proc68 196.875
proc24 199.875
proc17 202.875
proc56 208.000
proc28 209.125
proc2 218.125
proc63 219.375
proc18 229.375
proc64 231.250
proc22 238.375
proc13 246.000
proc12 255.625
proc8 264.625
proc40 271.250
proc57 279.500
proc46 279.625
proc30 289.375
proc55 297.125
proc21 297.500
proc20 299.125
proc1 308.250
proc4 309.375
proc25 316.125
proc53 323.250
proc29 325.375
proc3 328.625
proc38 329.875
proc7 331.375
proc60 338.250
proc0 341.750
proc6 350.625
proc33 359.000
proc11 362.500
proc14 368.000
proc50 369.375
proc65 378.625
proc74 383.250
proc42 392.875
0
