proc65 5.500
proc51 12.000
proc59 20.625
proc2 25.750
proc42 30.125
proc66 36.375
proc3 39.250
proc34 48.125
proc69 50.250
proc14 56.625
proc74 62.250
proc70 62.875
proc56 68.750
proc16 74.500
proc18 84.250
proc5 84.500
proc25 88.625
proc49 92.125
proc53 94.250
proc39 101.875
proc20 103.500
proc71 112.875
proc17 117.750
proc64 118.375
proc12 118.625
proc10 125.625
proc0 131.625
proc50 132.875
proc1 138.875
proc68 140.750
proc22 150.750
proc73 154.125
proc30 160.125
proc48 161.750
proc55 162.000
proc8 171.375
proc19 180.500
proc21 188.125
proc38 195.875
proc41 203.250
proc24 212.000
proc43 214.750
proc15 222.875
proc46 231.250
proc31 232.375
proc4 241.875
proc36 250.875
proc11 260.875
proc62 270.875
proc57 273.125
proc47 279.625
proc32 284.875
proc6 288.875
proc40 290.750
proc63 292.625
proc13 293.375
proc37 301.375
proc44 304.750
proc23 312.750
proc52 319.500
proc26 324.750
proc33 328.375
proc60 329.875
proc61 331.500
proc54 331.875
proc27 339.375
proc67 341.875
proc7 342.125
proc35 342.750
proc9 347.000
proc58 353.750
proc28 362.875
proc72 368.375
proc29 372.375
proc45 375.000
0
