proc28 5.000
proc74 9.625
proc73 11.625
proc3 20.125
proc52 21.750
proc41 23.125
proc35 26.875
proc43 35.250
proc27 45.125
proc19 49.375
proc59 56.000
proc54 62.000
proc36 64.500
proc11 70.750
proc9 75.500
proc15 83.250
proc20 92.000
proc57 94.625
proc2 97.500
proc56 101.125
proc14 104.625
proc67 114.375
proc29 119.875
proc60 121.500
proc64 122.875
proc51 126.625
proc72 132.375
proc40 137.875
proc21 147.750
proc23 148.000
proc44 154.375
proc0 155.125
proc5 161.250
proc39 167.000
proc70 174.750
proc10 183.750
proc49 183.875
proc55 189.125
proc58 191.250
proc13 200.000
proc4 202.625
proc18 205.750
proc66 213.625
proc50 216.750
proc69 221.875
proc65 227.875
proc25 231.625
proc53 233.875
proc12 242.125
proc31 242.500
proc68 246.875
proc63 247.375
proc71 254.875
proc22 260.500
proc1 262.500
proc7 270.000
proc16 277.000
proc42 286.625
proc34 295.000
proc24 297.500
proc37 300.625
proc62 305.500
proc32 312.625
proc17 317.000
proc46 324.875
proc8 328.000
proc26 329.500
proc33 329.875
proc47 335.875
proc45 342.875
proc6 351.500
proc48 357.250
proc30 364.375
proc38 367.625
proc61 372.000
0
