proc43 8.000
proc13 14.875
proc36 21.000
proc30 24.375
proc22 29.500
proc0 31.250
proc74 37.625
proc28 41.000
proc55 49.375
proc53 54.000
proc68 57.375
proc31 64.125
proc57 67.125
proc11 76.000
proc42 77.750
proc39 84.625
proc47 91.500
proc32 98.875
proc6 106.000
proc26 112.875
proc46 120.125
proc23 125.625
proc70 129.375
proc73 131.625
proc60 134.500
proc63 141.125
proc2 146.125
proc21 146.750
proc29 156.250
proc66 159.500
proc20 168.000
proc1 175.750
proc64 179.500
proc44 180.250
proc34 188.375
proc9 192.500
proc7 193.000
proc12 195.125
proc3 198.500
proc33 208.500
proc50 211.750
proc52 216.000
proc15 218.500
proc65 223.250
proc25 230.625
proc4 232.750
proc19 232.875
proc35 236.625
proc40 244.000
proc14 246.750
proc27 252.875
proc61 262.750
proc8 271.250
proc49 278.250
proc51 280.375
proc54 289.125
proc59 296.750
proc18 302.500
proc48 307.375
proc38 310.625
proc58 311.375
proc24 313.250
proc10 318.000
proc56 318.875
proc69 319.375
proc41 328.750
proc62 334.125
proc72 343.125
proc67 348.500
proc17 357.750
proc16 362.625
proc37 365.125
proc45 372.000
proc5 381.375
proc71 381.500
0
