proc9 1.750
proc61 6.750
proc66 15.500
proc47 20.125
proc48 24.500
proc34 32.375
proc36 38.125
proc63 47.375
proc59 50.250
proc60 51.000
proc23 53.125
proc46 57.750
proc10 65.750
proc62 66.500
proc44 66.750
proc70 69.750
proc25 79.250
proc58 84.500
proc20 85.125
proc33 87.625
proc15 91.750
proc32 92.875
proc54 98.375
proc35 99.125
proc1 99.875
proc43 109.625
proc41 112.875
proc14 118.500
proc51 121.000
proc69 122.750
proc11 124.375
proc31 129.625
proc16 131.750
proc26 136.250
proc24 142.625
proc52 152.125
proc40 161.000
proc22 164.625
proc18 173.500
proc19 182.375
proc55 185.125
proc0 194.125
proc17 194.750
proc30 200.875
proc42 207.625
proc67 215.250
proc3 223.875
proc45 227.750
proc73 233.625
proc29 236.750
proc49 239.500
proc65 248.500
proc4 252.125
proc50 260.625
proc6 262.500
proc8 270.125
proc39 272.000
proc5 276.750
proc53 279.875
proc7 286.375
proc12 287.125
proc13 295.000
proc68 295.625
proc72 300.750
proc57 305.625
proc27 307.000
proc2 315.750
proc21 320.875
proc74 325.875
proc64 328.625
proc28 335.875
proc71 338.875
proc56 343.250
proc38 347.625
proc37 352.500
0
