proc54 3.750
proc49 11.125
proc22 18.375
proc64 27.500
proc52 33.250
proc34 38.000
proc45 44.625
proc12 53.125
proc35 54.000
proc74 59.000
proc70 59.250
proc42 64.875
proc18 70.000
proc61 76.500
proc58 80.000
proc53 88.875
proc13 91.250
proc38 99.000
proc68 107.750
proc11 109.875
proc55 114.250
proc62 121.250
proc43 125.500
proc69 127.875
proc0 130.250
proc59 133.875
proc27 137.625
proc39 140.250
proc3 149.125
proc44 154.375
proc7 160.000
proc72 165.250
proc29 167.125
proc48 170.625
proc1 180.000
proc15 185.750
proc47 186.625
proc21 192.625
proc67 199.250
proc17 206.500
proc51 210.500
proc28 216.125
proc4 225.750
proc65 227.750
proc25 228.750
proc19 232.875
proc71 235.125
proc14 243.250
proc2 247.875
proc56 251.375
proc37 253.500
proc31 260.000
proc6 265.125
proc16 267.875
proc50 274.375
proc30 275.750
proc26 284.000
proc41 291.000
proc5 294.375
proc36 302.750
proc60 303.625
proc8 310.875
proc24 316.875
proc57 325.500
proc66 333.875
proc32 340.625
proc33 347.125
proc73 351.875
proc9 355.375
proc10 362.500
proc46 366.750
proc40 376.750
proc63 385.750
proc20 388.875
proc23 398.500
0
