proc57 4.000
proc65 10.125
proc54 13.125
proc22 22.375
proc48 31.750
proc70 39.250
proc8 47.125
proc31 54.625
proc52 58.625
proc74 60.875
proc36 62.000
proc3 63.250
proc67 63.625
proc23 70.000
proc0 70.750
proc45 73.500
proc40 80.625
proc25 82.500
proc44 90.625
proc17 97.375
proc60 103.750
proc46 107.500
proc12 115.250
proc5 119.625
proc1 126.875
proc51 133.875
proc66 134.000
proc56 142.125
proc21 148.000
proc62 149.000
proc73 151.875
proc24 155.500
proc50 155.875
proc35 162.375
proc61 162.625
proc11 171.500
proc26 172.250
proc29 180.875
proc20 182.125
proc47 182.500
proc32 190.500
proc30 193.875
proc69 198.375
proc53 199.000
proc58 202.875
proc71 205.000
proc9 208.375
proc19 212.000
proc43 212.250
proc37 221.750
proc63 228.500
proc41 236.375
proc42 239.500
proc13 248.250
proc33 258.000
proc14 264.125
proc7 269.875
proc4 275.500
proc10 280.750
proc28 283.000
proc34 287.125
proc72 293.375
proc49 301.500
proc15 311.125
proc27 314.625
proc59 316.625
proc39 318.500
proc68 324.625
proc18 332.125
proc2 337.125
proc16 346.500
proc38 353.625
proc55 358.625
proc64 365.750
proc6 367.125
0
