proc42 5.000
proc32 8.625
proc65 10.375
proc7 13.250
proc71 19.875
proc44 20.375
proc66 25.250
proc36 31.500
proc50 34.125
proc58 38.625
proc51 39.375
proc29 45.250
proc52 46.000
proc13 52.125
proc6 60.125
proc1 61.750
proc19 65.750
proc18 71.750
proc34 77.125
proc17 85.000
proc16 92.375
proc27 94.000
proc5 95.250
proc56 104.875
proc33 113.125
proc72 119.625
proc28 123.500
proc68 127.375
proc22 129.250
proc43 137.375
proc35 138.375
proc10 148.250
proc64 155.125
proc11 156.750
proc30 161.375
proc15 167.000
proc23 170.500
proc55 175.125
proc46 180.500
proc74 188.875
proc26 198.125
proc49 202.625
proc0 212.625
proc21 214.500
proc53 218.875
proc48 227.500
proc37 236.750
proc25 243.125
proc39 247.375
proc31 257.375
proc4 263.625
proc67 266.125
proc61 268.500
proc3 269.875
proc24 271.875
proc73 276.375
proc54 281.375
proc2 284.375
proc57 293.375
proc59 303.250
proc38 305.875
proc63 315.250
proc9 319.750
proc40 328.000
proc8 335.750
proc41 340.375
proc60 341.375
proc70 351.125
proc14 353.625
proc69 355.250
proc20 363.125
proc47 364.000
proc45 368.250
proc12 377.375
proc62 381.375
0
