proc8 4.000
proc34 12.875
proc61 13.500
proc70 16.500
proc33 23.000
proc25 26.750
proc69 29.750
proc13 37.750
proc58 46.500
proc2 47.375
proc57 52.250
proc16 62.125
proc39 63.125
proc74 66.500
proc20 75.125
proc56 81.875
proc19 90.500
proc63 98.875
proc72 107.875
proc64 112.625
proc68 120.625
proc43 124.125
proc24 132.625
proc73 133.750
proc53 142.500
proc5 150.500
proc37 150.875
proc27 152.500
proc7 157.250
proc67 164.125
proc36 171.250
proc6 180.875
proc28 187.625
proc48 197.500
proc46 199.250
proc35 209.125
proc14 212.625
proc45 220.875
proc9 226.125
proc1 232.000
proc59 237.000
proc30 237.250
proc52 243.625
proc18 247.375
proc22 250.375
proc62 256.125
proc38 260.250
proc15 266.500
proc4 268.125
proc21 274.875
proc23 278.875
proc40 284.875
proc12 285.250
proc49 286.500
proc54 294.625
proc17 297.875
proc65 301.875
proc29 310.375
proc50 317.750
proc26 322.875
proc31 328.625
proc3 335.125
proc11 344.375
proc47 349.000
proc71 352.750
proc51 359.625
proc0 363.625
proc32 364.500
proc55 367.375
proc66 373.000
proc44 377.250
proc42 379.750
proc41 383.250
proc60 385.500
proc10 389.750
0
