proc16 8.000
proc20 8.375
proc52 16.250
proc31 17.125
proc13 22.500
proc14 27.375
proc64 32.125
proc17 36.500
proc21 39.125
proc57 42.375
proc30 51.875
proc37 58.000
proc65 67.125
proc9 73.375
proc19 77.500
proc70 84.750
proc43 86.625
proc11 93.750
proc71 94.875
proc23 100.875
proc12 102.625
proc56 105.875
proc25 108.875
proc1 114.125
proc60 120.625
proc18 122.750
proc45 125.500
proc3 127.000
proc33 128.125
proc61 129.250
proc38 133.125
proc53 143.125
proc36 153.000
proc35 156.375
proc55 164.375
proc59 171.000
proc44 179.500
proc49 180.500
proc51 182.500
proc2 191.375
proc41 193.625
proc72 201.500
proc46 208.375
proc73 214.000
proc74 220.375
proc6 226.625
proc42 234.875
proc66 237.000
proc58 239.000
proc32 247.375
proc10 251.250
proc27 255.250
proc40 257.250
proc15 259.500
proc68 269.000
proc29 278.375
proc7 280.250
proc34 280.625
proc26 283.625
proc62 285.125
proc67 288.750
proc5 298.625
proc0 301.875
proc22 307.250
proc8 314.500
proc28 321.750
proc63 327.375
proc39 327.875
proc48 330.750
proc69 334.750
proc54 339.375
proc24 346.000
proc4 353.250
proc50 360.500
proc47 369.375
0
