proc55 3.375
proc27 4.875
proc50 12.625
proc13 20.250
proc23 22.875
proc60 28.750
proc22 31.250
proc17 31.500
proc44 41.375
proc56 45.625
proc46 46.125
proc43 49.375
proc33 57.500
proc26 58.375
proc11 63.250
proc24 72.750
proc18 78.000
proc72 84.375
proc61 92.625
proc74 93.250
proc67 97.375
proc29 98.375
proc52 99.750
proc62 100.000
proc51 107.250
proc21 115.500
proc15 118.625
proc36 125.750
proc49 130.375
proc47 138.625
proc38 143.375
proc40 148.625
proc32 156.500
proc2 158.250
proc39 164.875
proc31 172.250
proc68 180.375
proc59 186.125
proc20 192.875
proc9 195.125
proc58 198.250
proc42 200.375
proc70 202.750
proc12 210.875
proc63 220.375
proc54 223.750
proc8 230.875
proc65 235.125
proc73 235.875
proc25 237.875
proc48 239.125
proc0 241.500
proc1 251.125
proc34 261.000
proc69 263.125
proc14 269.250
proc5 270.875
proc10 279.250
proc28 282.500
proc6 285.375
proc37 292.625
proc19 301.875
proc35 307.500
proc66 312.750
proc4 315.500
proc30 320.375
proc16 321.000
proc57 328.000
proc53 330.625
proc71 334.875
proc3 336.500
proc41 345.250
proc7 354.250
proc64 358.500
proc45 366.500
0
