proc12 9.875
proc3 16.625
proc20 17.875
proc26 25.375
proc64 26.000
proc21 32.625
proc56 34.000
proc45 42.750
proc5 46.125
proc40 51.875
proc16 59.500
proc2 64.250
proc74 69.375
proc27 70.750
proc47 79.625
proc4 82.875
proc7 88.750
proc53 90.250
proc48 98.125
proc51 101.500
proc43 104.500
proc15 107.750
proc65 115.500
proc46 118.000
proc29 119.250
proc66 128.000
proc18 135.250
proc60 143.500
proc52 152.375
proc54 159.375
proc36 160.750
proc17 160.875
proc73 165.250
proc23 171.125
proc6 180.500
proc50 188.625
proc31 191.375
proc0 197.750
proc70 207.750
proc58 213.750
proc41 214.000
proc22 220.750
proc11 228.000
proc44 238.000
proc42 244.250
proc9 247.250
proc32 255.250
proc57 258.750
proc19 261.625
proc37 265.125
proc59 269.000
proc61 269.875
proc67 274.875
proc33 277.125
proc34 279.250
proc55 287.500
proc8 294.250
proc14 296.125
proc72 302.000
proc49 308.625
proc10 316.375
proc69 322.875
proc63 329.875
proc25 335.750
proc68 335.875
proc35 336.625
proc39 342.500
proc38 345.250
proc13 354.625
proc28 359.500
proc62 363.875
proc1 367.750
proc71 374.250
proc24 377.375
proc30 379.125
0
