proc49 9.250
proc7 12.125
proc52 14.250
proc30 15.750
proc59 25.750
proc3 27.500
proc63 32.250
proc4 41.000
proc50 42.000
proc69 50.750
proc12 51.250
proc21 58.375
proc66 58.875
proc42 59.375
proc9 63.250
proc68 71.000
proc1 79.250
proc47 89.125
proc40 96.750
proc46 98.125
proc58 107.875
proc44 115.375
proc38 124.750
proc15 133.750
proc43 141.625
proc73 150.875
proc54 160.125
proc72 167.875
proc20 175.375
proc57 178.750
proc51 188.750
proc39 195.625
proc62 202.000
proc35 203.000
proc55 210.500
proc26 215.750
proc27 219.375
proc16 224.750
proc2 227.375
proc60 228.875
proc25 238.625
proc64 247.500
proc5 247.750
proc31 251.250
proc6 252.250
proc71 255.375
proc48 259.000
proc23 266.375
proc32 267.875
proc56 268.375
proc18 273.750
proc19 281.750
proc24 287.625
proc33 295.750
proc67 300.500
proc29 307.875
proc65 311.750
proc22 320.625
proc28 321.125
proc45 323.375
proc0 323.875
proc53 330.000
proc61 335.875
proc14 338.875
proc70 343.625
proc17 349.500
proc37 350.750
proc13 352.250
proc41 356.125
proc36 362.125
proc8 368.625
proc10 370.875
proc34 375.875
proc11 380.875
proc74 386.125
0
