proc112 7.000
proc55 486.000
proc148 492.000
proc89 504.000
proc96 515.000
proc113 539.000
proc122 545.000
proc90 557.000
proc79 562.000
proc63 597.000
proc48 603.000
proc33 614.000
proc14 620.000
proc84 631.000
proc64 698.000
proc19 721.000
proc39 737.000
proc140 759.000
proc138 764.000
proc114 769.000
proc120 780.000
proc34 785.000
proc29 790.000
proc121 800.000
proc82 810.000
proc53 820.000
proc133 845.000
proc72 850.000
proc73 875.000
proc135 885.000
proc30 900.000
proc32 914.000
proc17 918.000
proc132 961.000
proc149 970.000
proc125 980.000
proc143 985.000
proc3 993.000
proc147 1004.000
proc128 1011.000
proc97 1047.000
proc123 1050.000
proc43 1053.000
proc26 1060.000
proc144 1078.000
proc9 1081.000
proc108 1098.000
proc139 1111.000
proc65 1115.000
proc93 1134.000
proc111 1137.000
proc141 1153.000
proc15 1156.000
proc136 1171.000
proc71 1174.000
proc54 1177.000
proc11 1180.000
proc2 1183.000
proc87 1186.000
proc81 1189.000
proc59 1189.000
proc68 1192.000
proc77 1194.000
proc5 1197.000
proc95 1202.000
proc24 1205.000
proc119 1210.000
proc18 1213.000
proc62 1216.000
proc25 1218.000
proc85 1221.000
proc116 1223.000
proc83 1228.000
proc44 1231.000
proc70 1233.000
proc51 1250.000
proc137 1255.000
proc50 1259.000
proc57 1261.000
proc28 1264.000
proc130 1268.000
proc86 1270.000
proc124 1272.000
proc103 1283.000
proc69 1287.000
proc35 1289.000
proc101 1292.000
proc66 1294.000
proc7 1299.000
proc145 1302.000
proc40 1307.000
proc49 1309.000
proc46 1318.000
proc117 1325.000
proc129 1328.000
proc4 1336.000
proc31 1345.000
proc22 1347.000
proc41 1358.000
proc88 1366.000
proc104 1370.000
proc0 1374.000
proc58 1382.000
proc91 1385.000
proc80 1392.000
proc94 1394.000
proc60 1401.000
proc134 1413.000
proc36 1414.000
proc131 1421.000
proc13 1423.000
proc74 1426.000
proc127 1427.000
proc23 1442.000
proc75 1444.000
proc37 1451.000
proc118 1456.000
proc76 1460.000
proc8 1463.000
proc21 1465.000
proc109 1468.000
proc92 1469.000
proc27 1471.000
proc61 1471.000
proc98 1473.000
proc110 1474.000
proc38 1475.000
proc56 1477.000
proc45 1478.000
proc105 1479.000
proc6 1482.000
proc16 1482.000
proc10 1485.000
proc12 1485.000
proc142 1488.000
proc78 1490.000
proc146 1490.000
proc52 1491.000
proc1 1493.000
proc126 1494.000
proc20 1497.000
proc100 1498.000
proc99 1501.000
proc102 1505.000
proc42 1509.000
proc47 1510.000
proc106 1514.000
proc67 1518.000
proc115 1520.000
proc107 1522.000
282
