proc41 501.000
proc102 507.000
proc89 514.000
proc115 527.000
proc75 532.000
proc34 538.000
proc23 544.000
proc38 562.000
proc5 568.000
proc21 574.000
proc45 580.000
proc46 586.000
proc110 591.000
proc136 602.000
proc64 608.000
proc120 620.000
proc148 631.000
proc105 636.000
proc54 641.000
proc63 646.000
proc114 657.000
proc111 662.000
proc8 668.000
proc15 673.000
proc119 678.000
proc32 688.000
proc83 702.000
proc103 707.000
proc125 717.000
proc3 727.000
proc145 746.000
proc146 756.000
proc121 760.000
proc10 765.000
proc100 770.000
proc4 779.000
proc16 797.000
proc107 802.000
proc108 806.000
proc18 815.000
proc73 819.000
proc122 828.000
proc72 833.000
proc17 845.000
proc141 858.000
proc60 892.000
proc52 909.000
proc109 913.000
proc7 917.000
proc20 921.000
proc71 925.000
proc95 929.000
proc65 933.000
proc33 944.000
proc88 952.000
proc53 963.000
proc131 967.000
proc112 982.000
proc35 989.000
proc40 1004.000
proc27 1011.000
proc29 1015.000
proc24 1039.000
proc0 1100.000
proc123 1111.000
proc142 1127.000
proc97 1130.000
proc116 1133.000
proc117 1133.000
proc28 1135.000
proc79 1135.000
proc76 1138.000
proc135 1143.000
proc78 1150.000
proc2 1155.000
proc106 1155.000
proc13 1160.000
proc22 1164.000
proc80 1167.000
proc126 1169.000
proc44 1189.000
proc19 1194.000
proc37 1196.000
proc26 1200.000
proc91 1202.000
proc74 1204.000
proc94 1206.000
proc12 1210.000
proc132 1214.000
proc138 1216.000
proc56 1220.000
proc101 1224.000
proc140 1226.000
proc92 1236.000
proc134 1245.000
proc58 1247.000
proc128 1251.000
proc98 1254.000
proc9 1255.000
proc124 1260.000
proc69 1263.000
proc51 1266.000
proc143 1276.000
proc81 1277.000
proc55 1279.000
proc49 1288.000
proc50 1312.000
proc68 1314.000
proc149 1322.000
proc43 1331.000
proc11 1335.000
proc139 1339.000
proc99 1345.000
proc39 1346.000
proc25 1350.000
proc59 1357.000
proc14 1361.000
proc113 1363.000
proc130 1367.000
proc82 1367.000
proc61 1368.000
proc133 1369.000
proc70 1370.000
proc31 1372.000
proc42 1373.000
proc85 1376.000
proc66 1377.000
proc84 1377.000
proc137 1381.000
proc86 1385.000
proc90 1386.000
proc129 1387.000
proc127 1388.000
proc62 1389.000
proc144 1392.000
proc104 1394.000
proc87 1395.000
proc67 1397.000
proc93 1400.000
proc118 1401.000
proc47 1403.000
proc36 1405.000
proc57 1406.000
proc30 1409.000
proc77 1410.000
proc1 1413.000
proc147 1416.000
proc96 1421.000
proc48 1424.000
proc6 1425.000
269
