proc143 486.000
proc136 492.000
proc75 510.000
proc21 516.000
proc93 528.000
proc10 534.000
proc4 540.000
proc29 552.000
proc57 557.000
proc115 562.000
proc37 571.000
proc88 603.000
proc97 608.000
proc120 612.000
proc70 621.000
proc110 630.000
proc41 634.000
proc30 639.000
proc53 647.000
proc135 661.000
proc38 669.000
proc35 690.000
proc117 694.000
proc98 711.000
proc67 720.000
proc112 728.000
proc84 732.000
proc140 736.000
proc96 744.000
proc129 748.000
proc137 752.000
proc0 756.000
proc142 764.000
proc131 779.000
proc34 790.000
proc7 794.000
proc59 801.000
proc134 815.000
proc132 826.000
proc77 836.000
proc114 850.000
proc108 885.000
proc79 906.000
proc33 923.000
proc149 949.000
proc147 953.000
proc72 962.000
proc91 995.000
proc68 1004.000
proc113 1012.000
proc139 1020.000
proc60 1024.000
proc5 1031.000
proc90 1035.000
proc54 1039.000
proc127 1043.000
proc133 1047.000
proc50 1062.000
proc36 1078.000
proc122 1081.000
proc105 1099.000
proc76 1103.000
proc81 1106.000
proc44 1109.000
proc141 1120.000
proc87 1123.000
proc69 1126.000
proc116 1133.000
proc56 1140.000
proc138 1146.000
proc63 1149.000
proc92 1152.000
proc26 1155.000
proc18 1161.000
proc42 1168.000
proc80 1171.000
proc78 1171.000
proc43 1174.000
proc148 1177.000
proc125 1180.000
proc16 1186.000
proc9 1191.000
proc66 1197.000
proc119 1202.000
proc101 1207.000
proc47 1210.000
proc144 1215.000
proc145 1231.000
proc45 1233.000
proc8 1240.000
proc83 1243.000
proc40 1252.000
proc106 1257.000
proc128 1262.000
proc107 1266.000
proc86 1271.000
proc58 1273.000
proc23 1277.000
proc51 1279.000
proc71 1281.000
proc111 1283.000
proc95 1285.000
proc73 1293.000
proc1 1304.000
proc2 1314.000
proc121 1321.000
proc28 1328.000
proc32 1330.000
proc74 1332.000
proc85 1333.000
proc104 1335.000
proc130 1347.000
proc46 1350.000
proc124 1355.000
proc27 1356.000
proc39 1358.000
proc65 1359.000
proc64 1369.000
proc62 1371.000
proc123 1377.000
proc25 1380.000
proc24 1381.000
proc22 1382.000
proc14 1383.000
proc3 1385.000
proc146 1387.000
proc100 1389.000
proc17 1389.000
proc11 1395.000
proc49 1395.000
proc12 1396.000
proc82 1401.000
proc31 1402.000
proc94 1405.000
proc48 1406.000
proc89 1410.000
proc6 1410.000
proc99 1411.000
proc13 1413.000
proc118 1416.000
proc52 1418.000
proc20 1419.000
proc19 1420.000
proc102 1422.000
proc61 1424.000
proc55 1425.000
proc126 1426.000
proc109 1427.000
proc15 1430.000
proc103 1431.000
272
