proc105 7.375
proc149 10.000
proc90 17.375
proc4 51.125
proc109 73.000
proc95 79.625
proc31 79.875
proc112 83.125
proc137 101.250
proc122 109.000
proc10 120.000
proc139 124.000
proc134 139.125
proc148 155.250
proc131 178.625
proc53 180.625
proc67 208.000
proc20 212.500
proc42 220.000
proc55 224.875
proc125 240.000
proc92 256.875
proc22 270.000
proc110 272.000
proc96 274.875
proc98 283.250
proc36 296.125
proc34 305.375
proc146 319.125
proc68 333.500
proc57 346.750
proc18 355.000
proc29 359.000
proc23 372.625
proc60 376.750
proc49 378.375
proc39 379.250
proc81 381.750
proc77 383.000
proc79 392.875
proc100 397.750
proc16 402.875
proc13 402.875
proc7 407.750
proc86 409.250
proc108 411.375
proc62 411.500
proc63 413.500
proc126 415.750
proc89 430.750
proc119 432.625
proc26 433.250
proc17 436.125
proc9 437.500
proc87 444.750
proc12 451.875
proc59 460.375
proc116 468.750
proc145 499.500
proc97 501.375
proc121 503.500
proc48 503.625
proc85 508.750
proc70 509.375
proc69 516.750
proc28 529.625
proc8 531.250
proc111 532.000
proc41 532.875
proc115 538.625
proc38 539.000
proc51 540.625
proc44 542.625
proc99 542.875
proc66 547.500
proc33 548.875
proc27 554.375
proc104 556.375
proc135 557.750
proc102 558.500
proc30 559.875
proc15 564.625
proc128 578.500
proc46 586.125
proc19 586.750
proc25 590.000
proc5 595.125
proc133 595.625
proc11 603.000
proc114 605.250
proc32 610.375
proc140 610.500
proc141 612.875
proc75 619.250
proc136 622.125
proc3 624.000
proc106 626.625
proc2 628.625
proc74 638.125
proc6 641.500
proc64 642.250
proc120 646.125
proc54 647.250
proc78 650.500
proc82 652.750
proc93 655.500
proc130 657.625
proc101 661.250
proc117 664.000
proc138 664.875
proc37 667.000
proc47 668.625
proc43 671.250
proc107 674.750
proc71 675.500
proc61 676.375
proc1 676.875
proc144 678.125
proc65 682.375
proc35 685.875
proc14 687.000
proc142 690.750
proc123 693.125
proc129 694.375
proc80 696.500
proc127 698.750
proc147 702.125
proc91 706.250
proc132 709.875
proc56 713.250
proc45 716.000
proc50 719.250
proc21 722.625
proc52 724.625
proc0 725.750
proc124 726.375
proc40 728.750
proc72 730.875
proc88 731.125
proc118 734.875
proc83 735.375
proc84 735.500
proc113 738.250
proc73 741.750
proc24 742.375
proc103 742.625
proc58 743.125
proc94 743.625
proc76 747.000
proc143 748.875
302
