proc49 14.500
proc69 18.500
proc11 20.750
proc132 32.875
proc110 49.250
proc123 53.125
proc29 57.875
proc24 64.500
proc129 66.375
proc78 80.875
proc59 86.000
proc104 92.250
proc90 92.750
proc99 103.000
proc54 104.500
proc27 105.250
proc112 131.500
proc19 136.875
proc127 144.875
proc64 158.000
proc109 161.750
proc4 190.750
proc101 196.250
proc117 204.625
proc42 227.125
proc79 230.250
proc75 232.375
proc85 234.500
proc31 239.250
proc15 244.500
proc92 245.625
proc143 258.125
proc94 261.500
proc139 292.500
proc30 302.125
proc55 305.875
proc111 313.375
proc120 326.750
proc28 349.125
proc81 355.125
proc51 367.125
proc97 380.500
proc13 380.625
proc25 382.875
proc18 398.875
proc52 403.125
proc147 412.875
proc80 413.750
proc14 415.875
proc70 416.750
proc116 423.750
proc68 425.500
proc32 435.625
proc45 436.000
proc7 437.125
proc134 440.500
proc86 440.625
proc82 454.000
proc133 455.125
proc72 460.125
proc57 462.000
proc73 466.250
proc1 486.500
proc40 491.500
proc8 493.000
proc88 501.250
proc66 511.250
proc114 515.625
proc10 517.875
proc3 523.250
proc44 527.750
proc38 541.375
proc144 551.250
proc53 552.875
proc5 559.625
proc33 567.125
proc140 587.000
proc103 588.875
proc149 597.875
proc47 598.625
proc146 606.625
proc74 608.250
proc50 610.750
proc0 613.000
proc63 624.250
proc26 634.000
proc43 636.875
proc89 639.375
proc96 642.875
proc115 642.875
proc39 645.250
proc23 648.500
proc12 649.750
proc131 650.500
proc105 652.125
proc20 652.500
proc141 652.625
proc67 654.250
proc22 657.000
proc76 657.875
proc119 661.000
proc130 663.500
proc60 666.500
proc122 668.000
proc113 670.250
proc138 671.625
proc46 673.125
proc84 674.125
proc48 677.875
proc6 679.750
proc145 683.750
proc36 686.875
proc142 689.375
proc61 691.375
proc136 693.375
proc87 696.875
proc41 700.375
proc125 701.125
proc56 701.625
proc34 704.875
proc148 706.000
proc135 709.250
proc91 712.375
proc37 712.500
proc83 714.625
proc62 717.125
proc77 719.875
proc65 722.750
proc9 723.375
proc108 723.750
proc2 724.000
proc17 726.500
proc71 729.250
proc95 729.750
proc118 731.875
proc58 734.875
proc100 735.375
proc107 737.125
proc102 738.125
proc93 740.500
proc106 742.750
proc98 746.625
proc137 748.500
proc16 749.125
proc126 751.875
proc35 755.250
proc121 758.250
proc128 760.875
proc21 762.750
proc124 763.375
306
