proc135 10.000
proc71 477.000
proc129 483.000
proc82 490.000
proc0 496.000
proc148 532.000
proc140 543.000
proc102 549.000
proc36 555.000
proc29 573.000
proc39 578.000
proc54 584.000
proc26 590.000
proc44 595.000
proc69 601.000
proc53 606.000
proc95 612.000
proc60 623.000
proc1 628.000
proc97 634.000
proc6 640.000
proc136 645.000
proc62 650.000
proc124 655.000
proc133 660.000
proc51 671.000
proc5 676.000
proc142 686.000
proc103 691.000
proc83 695.000
proc18 705.000
proc134 729.000
proc8 749.000
proc85 754.000
proc108 758.000
proc2 768.000
proc119 782.000
proc122 810.000
proc31 817.000
proc115 821.000
proc132 824.000
proc113 828.000
proc110 838.000
proc35 852.000
proc126 863.000
proc49 873.000
proc59 876.000
proc104 879.000
proc14 893.000
proc37 896.000
proc105 902.000
proc55 909.000
proc116 912.000
proc48 916.000
proc79 919.000
proc88 922.000
proc128 934.000
proc70 946.000
proc11 959.000
proc65 962.000
proc146 965.000
proc57 968.000
proc4 982.000
proc106 986.000
proc52 988.000
proc38 994.000
proc25 1013.000
proc78 1016.000
proc23 1024.000
proc19 1027.000
proc96 1029.000
proc7 1032.000
proc10 1040.000
proc9 1042.000
proc149 1044.000
proc87 1069.000
proc120 1076.000
proc111 1078.000
proc28 1080.000
proc58 1083.000
proc81 1087.000
proc139 1089.000
proc76 1098.000
proc99 1100.000
proc61 1109.000
proc92 1111.000
proc64 1116.000
proc43 1119.000
proc75 1124.000
proc15 1127.000
proc112 1137.000
proc21 1139.000
proc47 1144.000
proc138 1155.000
proc109 1157.000
proc40 1162.000
proc147 1166.000
proc22 1174.000
proc34 1176.000
proc27 1176.000
proc73 1180.000
proc13 1192.000
proc101 1196.000
proc130 1208.000
proc67 1213.000
proc72 1223.000
proc125 1228.000
proc45 1231.000
proc143 1249.000
proc86 1250.000
proc68 1253.000
proc66 1260.000
proc63 1275.000
proc77 1283.000
proc3 1298.000
proc94 1299.000
proc145 1300.000
proc30 1302.000
proc118 1303.000
proc121 1304.000
proc17 1305.000
proc20 1307.000
proc107 1308.000
proc91 1308.000
proc127 1311.000
proc56 1313.000
proc114 1314.000
proc46 1315.000
proc137 1317.000
proc131 1320.000
proc42 1321.000
proc74 1324.000
proc41 1326.000
proc98 1328.000
proc80 1331.000
proc123 1332.000
proc141 1336.000
proc89 1339.000
proc24 1344.000
proc93 1347.000
proc32 1348.000
proc33 1350.000
proc117 1351.000
proc50 1354.000
proc84 1357.000
proc12 1358.000
proc100 1361.000
proc144 1365.000
proc16 1369.000
proc90 1371.000
263
