proc149 22.000
proc38 476.000
proc65 489.000
proc77 513.000
proc21 519.000
proc102 525.000
proc87 531.000
proc62 536.000
proc130 542.000
proc90 548.000
proc16 553.000
proc117 559.000
proc1 570.000
proc9 582.000
proc51 598.000
proc147 604.000
proc14 620.000
proc78 631.000
proc63 636.000
proc101 642.000
proc80 657.000
proc13 662.000
proc23 667.000
proc127 683.000
proc57 718.000
proc73 733.000
proc64 748.000
proc114 753.000
proc99 768.000
proc121 773.000
proc72 788.000
proc71 802.000
proc47 807.000
proc6 812.000
proc24 816.000
proc126 821.000
proc70 831.000
proc123 840.000
proc105 845.000
proc69 854.000
proc116 872.000
proc66 876.000
proc25 880.000
proc89 889.000
proc3 893.000
proc58 906.000
proc91 970.000
proc100 979.000
proc84 1003.000
proc40 1007.000
proc68 1019.000
proc95 1023.000
proc17 1031.000
proc148 1034.000
proc139 1042.000
proc135 1050.000
proc15 1064.000
proc43 1068.000
proc26 1072.000
proc107 1094.000
proc133 1098.000
proc83 1105.000
proc76 1126.000
proc42 1129.000
proc5 1146.000
proc2 1149.000
proc55 1159.000
proc74 1165.000
proc128 1168.000
proc122 1174.000
proc50 1181.000
proc35 1184.000
proc110 1187.000
proc0 1190.000
proc45 1202.000
proc97 1206.000
proc118 1211.000
proc119 1213.000
proc12 1217.000
proc31 1219.000
proc134 1230.000
proc112 1234.000
proc115 1241.000
proc59 1249.000
proc86 1251.000
proc142 1255.000
proc93 1257.000
proc137 1260.000
proc92 1262.000
proc96 1268.000
proc108 1269.000
proc75 1273.000
proc34 1273.000
proc113 1276.000
proc104 1280.000
proc124 1281.000
proc143 1284.000
proc82 1288.000
proc49 1307.000
proc20 1308.000
proc32 1314.000
proc46 1320.000
proc30 1328.000
proc94 1328.000
proc36 1338.000
proc54 1345.000
proc53 1352.000
proc85 1356.000
proc106 1359.000
proc81 1363.000
proc146 1368.000
proc136 1370.000
proc44 1374.000
proc39 1378.000
proc141 1381.000
proc41 1388.000
proc140 1389.000
proc145 1389.000
proc48 1390.000
proc22 1392.000
proc132 1393.000
proc61 1394.000
proc131 1395.000
proc138 1397.000
proc11 1399.000
proc88 1400.000
proc125 1400.000
proc79 1400.000
proc27 1401.000
proc67 1403.000
proc120 1404.000
proc129 1407.000
proc10 1408.000
proc98 1408.000
proc8 1410.000
proc60 1411.000
proc52 1413.000
proc111 1414.000
proc4 1417.000
proc28 1420.000
proc7 1422.000
proc103 1424.000
proc109 1427.000
proc37 1429.000
proc19 1431.000
proc56 1433.000
proc29 1436.000
proc33 1439.000
proc18 1441.000
proc144 1444.000
266
