proc103 8.000
proc86 476.000
proc132 494.000
proc63 500.000
proc120 518.000
proc43 525.000
proc102 537.000
proc69 543.000
proc2 549.000
proc127 554.000
proc76 572.000
proc77 583.000
proc142 589.000
proc121 600.000
proc119 606.000
proc16 617.000
proc56 627.000
proc114 636.000
proc138 640.000
proc144 644.000
proc131 648.000
proc39 674.000
proc59 678.000
proc19 691.000
proc38 696.000
proc85 700.000
proc139 704.000
proc71 712.000
proc7 720.000
proc98 748.000
proc22 755.000
proc73 775.000
proc125 778.000
proc123 813.000
proc126 816.000
proc72 824.000
proc88 843.000
proc92 850.000
proc108 868.000
proc35 887.000
proc13 897.000
proc149 908.000
proc93 911.000
proc45 925.000
proc87 938.000
proc33 942.000
proc42 947.000
proc24 964.000
proc99 968.000
proc14 976.000
proc141 985.000
proc29 997.000
proc104 1000.000
proc140 1016.000
proc100 1032.000
proc67 1044.000
proc90 1066.000
proc28 1081.000
proc111 1096.000
proc117 1099.000
proc4 1103.000
proc1 1107.000
proc66 1114.000
proc51 1117.000
proc15 1121.000
proc44 1124.000
proc147 1127.000
proc122 1127.000
proc68 1131.000
proc10 1134.000
proc89 1144.000
proc134 1150.000
proc25 1157.000
proc57 1160.000
proc80 1163.000
proc113 1166.000
proc84 1169.000
proc52 1172.000
proc105 1175.000
proc75 1178.000
proc50 1181.000
proc23 1192.000
proc136 1195.000
proc133 1198.000
proc97 1200.000
proc53 1203.000
proc145 1206.000
proc41 1208.000
proc82 1211.000
proc79 1223.000
proc36 1227.000
proc26 1235.000
proc143 1239.000
proc18 1241.000
proc20 1244.000
proc107 1248.000
proc40 1257.000
proc118 1261.000
proc128 1265.000
proc47 1271.000
proc21 1273.000
proc27 1277.000
proc112 1287.000
proc37 1289.000
proc91 1294.000
proc115 1298.000
proc95 1305.000
proc137 1315.000
proc0 1322.000
proc8 1327.000
proc17 1331.000
proc55 1333.000
proc106 1334.000
proc31 1336.000
proc11 1341.000
proc60 1353.000
proc74 1354.000
proc78 1356.000
proc94 1358.000
proc124 1360.000
proc9 1373.000
proc64 1374.000
proc129 1375.000
proc61 1375.000
proc83 1376.000
proc6 1377.000
proc3 1377.000
proc135 1378.000
proc49 1381.000
proc30 1383.000
proc101 1384.000
proc81 1387.000
proc148 1388.000
proc58 1389.000
proc34 1390.000
proc54 1394.000
proc12 1395.000
proc146 1396.000
proc46 1397.000
proc130 1398.000
proc96 1400.000
proc5 1402.000
proc109 1404.000
proc32 1406.000
proc116 1407.000
proc110 1408.000
proc70 1411.000
proc62 1413.000
proc48 1414.000
proc65 1415.000
269
