proc10 490.000
proc75 502.000
proc77 520.000
proc61 526.000
proc135 532.000
proc44 538.000
proc89 544.000
proc142 550.000
proc22 568.000
proc85 579.000
proc27 585.000
proc84 591.000
proc114 608.000
proc48 613.000
proc91 618.000
proc68 624.000
proc71 646.000
proc6 657.000
proc149 674.000
proc146 685.000
proc45 690.000
proc86 695.000
proc92 701.000
proc23 706.000
proc18 716.000
proc0 726.000
proc134 731.000
proc101 736.000
proc137 741.000
proc11 746.000
proc117 752.000
proc103 756.000
proc113 761.000
proc144 766.000
proc112 780.000
proc138 785.000
proc9 803.000
proc34 817.000
proc17 840.000
proc120 849.000
proc111 854.000
proc57 862.000
proc107 871.000
proc70 893.000
proc127 901.000
proc130 910.000
proc55 918.000
proc14 926.000
proc2 943.000
proc74 951.000
proc80 955.000
proc102 959.000
proc53 964.000
proc140 975.000
proc105 991.000
proc110 995.000
proc65 1006.000
proc52 1010.000
proc29 1013.000
proc1 1032.000
proc128 1043.000
proc16 1046.000
proc43 1050.000
proc15 1068.000
proc96 1075.000
proc122 1078.000
proc69 1082.000
proc42 1085.000
proc32 1088.000
proc143 1111.000
proc54 1127.000
proc49 1129.000
proc50 1149.000
proc106 1151.000
proc88 1158.000
proc99 1160.000
proc93 1170.000
proc72 1174.000
proc21 1177.000
proc25 1179.000
proc46 1181.000
proc81 1181.000
proc100 1186.000
proc139 1190.000
proc108 1194.000
proc119 1196.000
proc38 1198.000
proc73 1200.000
proc131 1202.000
proc87 1206.000
proc97 1210.000
proc123 1212.000
proc98 1223.000
proc41 1225.000
proc79 1226.000
proc20 1233.000
proc30 1237.000
proc124 1240.000
proc35 1243.000
proc5 1245.000
proc145 1247.000
proc125 1248.000
proc78 1249.000
proc132 1252.000
proc67 1255.000
proc36 1263.000
proc12 1274.000
proc63 1281.000
proc83 1284.000
proc59 1286.000
proc136 1288.000
proc129 1299.000
proc13 1301.000
proc4 1305.000
proc56 1308.000
proc33 1309.000
proc58 1309.000
proc39 1317.000
proc64 1319.000
proc51 1320.000
proc3 1326.000
proc147 1329.000
proc60 1348.000
proc82 1349.000
proc28 1350.000
proc24 1360.000
proc95 1361.000
proc90 1361.000
proc94 1363.000
proc116 1363.000
proc141 1364.000
proc121 1366.000
proc126 1368.000
proc31 1369.000
proc47 1372.000
proc62 1374.000
proc66 1378.000
proc76 1381.000
proc133 1384.000
proc115 1387.000
proc104 1391.000
proc109 1393.000
proc40 1395.000
proc26 1396.000
proc148 1400.000
proc8 1403.000
proc37 1404.000
proc7 1408.000
proc118 1410.000
proc19 1411.000
258
