proc93 26.000
proc39 476.000
proc146 482.000
proc102 488.000
proc111 494.000
proc85 506.000
proc66 512.000
proc74 523.000
proc16 540.000
proc131 546.000
proc104 558.000
proc126 570.000
proc82 575.000
proc100 587.000
proc30 592.000
proc132 604.000
proc33 609.000
proc31 615.000
proc5 636.000
proc112 652.000
proc115 657.000
proc121 673.000
proc103 683.000
proc108 709.000
proc149 725.000
proc43 730.000
proc92 735.000
proc52 740.000
proc50 754.000
proc24 784.000
proc96 813.000
proc37 818.000
proc105 841.000
proc10 846.000
proc68 864.000
proc55 869.000
proc21 887.000
proc46 896.000
proc26 905.000
proc71 936.000
proc122 949.000
proc91 953.000
proc58 966.000
proc14 996.000
proc7 1009.000
proc42 1013.000
proc62 1017.000
proc53 1021.000
proc125 1034.000
proc97 1059.000
proc1 1070.000
proc28 1078.000
proc38 1082.000
proc119 1086.000
proc51 1089.000
proc118 1097.000
proc124 1101.000
proc138 1133.000
proc36 1140.000
proc101 1144.000
proc72 1147.000
proc99 1151.000
proc8 1164.000
proc114 1168.000
proc79 1174.000
proc27 1177.000
proc116 1184.000
proc47 1187.000
proc32 1190.000
proc11 1194.000
proc56 1197.000
proc64 1200.000
proc57 1203.000
proc128 1206.000
proc109 1206.000
proc29 1209.000
proc48 1212.000
proc90 1214.000
proc134 1223.000
proc6 1228.000
proc140 1231.000
proc117 1234.000
proc88 1237.000
proc59 1239.000
proc35 1242.000
proc137 1247.000
proc3 1252.000
proc65 1252.000
proc123 1252.000
proc89 1254.000
proc49 1261.000
proc18 1271.000
proc141 1273.000
proc81 1277.000
proc144 1280.000
proc130 1282.000
proc40 1286.000
proc9 1288.000
proc145 1295.000
proc15 1298.000
proc70 1304.000
proc84 1307.000
proc19 1309.000
proc23 1312.000
proc129 1320.000
proc143 1323.000
proc13 1324.000
proc0 1327.000
proc87 1330.000
proc136 1332.000
proc75 1350.000
proc135 1354.000
proc98 1357.000
proc77 1371.000
proc120 1379.000
proc110 1385.000
proc83 1388.000
proc78 1394.000
proc67 1396.000
proc4 1405.000
proc45 1409.000
proc41 1411.000
proc106 1412.000
proc73 1412.000
proc127 1416.000
proc76 1419.000
proc17 1419.000
proc139 1420.000
proc44 1421.000
proc34 1421.000
proc113 1422.000
proc86 1423.000
proc54 1426.000
proc148 1427.000
proc22 1428.000
proc60 1429.000
proc12 1431.000
proc25 1434.000
proc69 1435.000
proc20 1437.000
proc61 1440.000
proc133 1443.000
proc80 1444.000
proc63 1448.000
proc142 1449.000
proc95 1450.000
proc147 1452.000
proc94 1453.000
proc107 1454.000
proc2 1456.000
268
