proc74 5.250
proc59 6.500
proc32 10.125
proc101 26.625
proc88 26.875
proc49 35.500
proc23 36.750
proc144 39.625
proc87 45.000
proc131 53.500
proc127 59.750
proc130 68.500
proc68 74.375
proc40 80.250
proc103 83.750
proc84 91.000
proc57 96.250
proc3 99.625
proc77 105.000
proc146 109.125
proc117 115.375
proc79 120.125
proc109 134.750
proc61 155.375
proc91 167.500
proc98 168.875
proc125 178.625
proc137 193.250
proc62 203.500
proc81 215.000
proc37 216.875
proc69 217.375
proc35 219.125
proc126 236.000
proc51 245.750
proc112 246.750
proc122 249.000
proc22 251.375
proc76 251.500
proc135 252.125
proc86 271.625
proc48 274.000
proc72 276.000
proc107 298.250
proc20 309.875
proc56 319.750
proc14 330.875
proc13 332.000
proc116 333.500
proc2 340.375
proc67 341.375
proc27 353.625
proc140 364.250
proc26 376.000
proc34 384.375
proc1 391.375
proc55 409.500
proc147 415.750
proc12 447.500
proc115 458.750
proc64 465.125
proc94 467.125
proc96 469.375
proc11 472.000
proc63 472.375
proc17 483.125
proc0 486.625
proc36 489.875
proc75 503.500
proc66 505.250
proc31 507.250
proc92 508.750
proc45 515.375
proc25 526.500
proc99 528.625
proc47 532.750
proc104 538.375
proc30 540.125
proc10 541.625
proc133 544.250
proc80 544.875
proc52 562.500
proc108 566.125
proc105 575.125
proc19 577.000
proc39 577.000
proc121 588.625
proc33 595.500
proc110 599.375
proc4 601.375
proc132 601.625
proc73 601.750
proc16 602.000
proc129 602.500
proc43 605.125
proc143 606.250
proc24 609.375
proc149 612.875
proc53 613.625
proc139 616.250
proc42 618.875
proc93 620.875
proc89 623.750
proc70 624.250
proc29 625.125
proc100 628.250
proc82 631.750
proc136 632.750
proc97 636.125
proc124 638.375
proc83 642.125
proc138 644.250
proc65 644.375
proc134 647.375
proc85 648.375
proc90 649.500
proc145 650.375
proc120 653.250
proc8 656.250
proc102 658.375
proc60 659.500
proc9 661.750
proc41 663.500
proc15 666.125
proc128 668.000
proc5 669.375
proc141 672.625
proc18 676.000
proc28 677.750
proc50 678.625
proc38 682.375
proc111 683.375
proc106 685.125
proc118 688.125
proc95 691.125
proc6 691.375
proc142 694.375
proc113 697.125
proc7 699.500
proc119 702.125
proc148 702.875
proc71 704.000
proc114 704.625
proc58 705.375
proc123 708.875
proc46 713.000
proc44 716.375
proc54 716.875
proc78 717.375
proc21 719.125
288
