proc68 469.000
proc85 474.000
proc9 479.000
proc82 494.000
proc2 499.000
proc60 508.000
proc88 517.000
proc3 536.000
proc26 545.000
proc146 563.000
proc131 577.000
proc52 590.000
proc108 594.000
proc25 612.000
proc40 621.000
proc44 630.000
proc19 634.000
proc5 639.000
proc142 643.000
proc137 652.000
proc139 665.000
proc123 669.000
proc21 673.000
proc8 685.000
proc74 690.000
proc18 701.000
proc34 707.000
proc1 712.000
proc42 726.000
proc59 741.000
proc126 756.000
proc46 766.000
proc81 771.000
proc94 776.000
proc30 781.000
proc29 790.000
proc76 795.000
proc80 804.000
proc119 808.000
proc111 813.000
proc129 826.000
proc83 853.000
proc4 862.000
proc140 870.000
proc104 874.000
proc117 879.000
proc95 883.000
proc102 908.000
proc32 916.000
proc15 924.000
proc121 933.000
proc93 949.000
proc11 961.000
proc58 977.000
proc6 980.000
proc66 988.000
proc54 1019.000
proc12 1022.000
proc134 1038.000
proc71 1049.000
proc23 1053.000
proc7 1064.000
proc72 1067.000
proc39 1074.000
proc143 1085.000
proc90 1098.000
proc115 1102.000
proc17 1108.000
proc138 1111.000
proc65 1115.000
proc47 1121.000
proc50 1137.000
proc73 1140.000
proc49 1149.000
proc61 1152.000
proc48 1159.000
proc45 1167.000
proc145 1173.000
proc27 1176.000
proc105 1179.000
proc20 1182.000
proc124 1193.000
proc35 1195.000
proc147 1198.000
proc114 1206.000
proc24 1208.000
proc78 1211.000
proc31 1213.000
proc98 1216.000
proc103 1218.000
proc56 1226.000
proc148 1228.000
proc67 1233.000
proc125 1235.000
proc22 1239.000
proc87 1241.000
proc132 1246.000
proc100 1252.000
proc36 1256.000
proc92 1267.000
proc75 1269.000
proc135 1275.000
proc128 1283.000
proc141 1285.000
proc86 1288.000
proc28 1290.000
proc118 1299.000
proc38 1307.000
proc116 1315.000
proc79 1321.000
proc110 1326.000
proc13 1330.000
proc55 1332.000
proc97 1336.000
proc122 1336.000
proc101 1337.000
proc113 1339.000
proc77 1343.000
proc53 1349.000
proc69 1350.000
proc89 1352.000
proc62 1353.000
proc130 1355.000
proc41 1357.000
proc127 1358.000
proc96 1360.000
proc106 1362.000
proc149 1365.000
proc16 1368.000
proc33 1373.000
proc51 1376.000
proc10 1377.000
proc14 1378.000
proc63 1381.000
proc109 1382.000
proc99 1383.000
proc70 1387.000
proc57 1388.000
proc0 1389.000
proc64 1390.000
proc136 1392.000
proc37 1393.000
proc120 1393.000
proc43 1395.000
proc91 1396.000
proc144 1397.000
proc112 1400.000
proc107 1402.000
proc84 1402.000
proc133 1403.000
268
