proc35 472.000
proc60 484.000
proc83 490.000
proc103 496.000
proc67 502.000
proc47 508.000
proc12 521.000
proc62 527.000
proc100 533.000
proc145 551.000
proc95 562.000
proc107 568.000
proc13 573.000
proc37 579.000
proc8 585.000
proc130 602.000
proc121 607.000
proc3 623.000
proc93 629.000
proc59 634.000
proc63 651.000
proc2 656.000
proc26 665.000
proc143 670.000
proc29 680.000
proc127 685.000
proc24 690.000
proc139 696.000
proc46 706.000
proc32 715.000
proc55 729.000
proc0 735.000
proc105 744.000
proc146 749.000
proc122 759.000
proc25 764.000
proc50 773.000
proc38 782.000
proc68 805.000
proc85 818.000
proc69 840.000
proc72 876.000
proc49 881.000
proc81 886.000
proc89 890.000
proc110 915.000
proc64 927.000
proc108 936.000
proc102 940.000
proc23 962.000
proc74 978.000
proc43 986.000
proc140 990.000
proc39 1006.000
proc66 1010.000
proc78 1017.000
proc99 1029.000
proc144 1033.000
proc126 1036.000
proc149 1040.000
proc10 1054.000
proc42 1061.000
proc125 1079.000
proc117 1083.000
proc27 1100.000
proc52 1103.000
proc141 1107.000
proc86 1116.000
proc40 1120.000
proc51 1139.000
proc9 1142.000
proc148 1145.000
proc138 1148.000
proc11 1151.000
proc33 1154.000
proc147 1157.000
proc61 1160.000
proc98 1160.000
proc75 1163.000
proc135 1168.000
proc106 1171.000
proc57 1180.000
proc115 1182.000
proc14 1193.000
proc20 1196.000
proc132 1201.000
proc137 1206.000
proc94 1208.000
proc28 1211.000
proc65 1213.000
proc129 1216.000
proc56 1223.000
proc88 1232.000
proc4 1234.000
proc142 1236.000
proc77 1241.000
proc97 1241.000
proc96 1243.000
proc87 1247.000
proc91 1249.000
proc71 1255.000
proc36 1261.000
proc44 1263.000
proc15 1267.000
proc92 1268.000
proc118 1272.000
proc31 1278.000
proc113 1283.000
proc54 1288.000
proc79 1291.000
proc73 1293.000
proc58 1296.000
proc1 1302.000
proc80 1312.000
proc131 1318.000
proc112 1323.000
proc136 1329.000
proc70 1330.000
proc114 1334.000
proc5 1337.000
proc48 1339.000
proc45 1340.000
proc119 1343.000
proc34 1358.000
proc134 1360.000
proc6 1363.000
proc116 1365.000
proc16 1367.000
proc19 1367.000
proc120 1369.000
proc111 1371.000
proc133 1371.000
proc109 1373.000
proc22 1375.000
proc84 1377.000
proc18 1379.000
proc17 1381.000
proc104 1385.000
proc21 1388.000
proc128 1390.000
proc101 1391.000
proc7 1392.000
proc30 1393.000
proc90 1395.000
proc53 1397.000
proc41 1400.000
proc123 1401.000
proc124 1401.000
proc76 1402.000
proc82 1403.000
258
