proc29 9.000
proc104 15.000
proc10 120.000
proc91 403.000
proc65 428.000
proc146 434.000
proc86 439.000
proc25 445.000
proc132 469.000
proc72 475.000
proc121 492.000
proc143 497.000
proc46 509.000
proc64 526.000
proc148 531.000
proc94 537.000
proc18 542.000
proc26 558.000
proc147 574.000
proc114 580.000
proc15 596.000
proc42 601.000
proc41 611.000
proc39 628.000
proc83 633.000
proc12 643.000
proc73 648.000
proc3 653.000
proc49 663.000
proc130 666.000
proc112 680.000
proc82 695.000
proc45 714.000
proc2 724.000
proc107 728.000
proc79 733.000
proc54 738.000
proc70 756.000
proc144 775.000
proc8 784.000
proc58 802.000
proc52 819.000
proc93 824.000
proc62 833.000
proc6 842.000
proc67 855.000
proc137 862.000
proc77 875.000
proc28 896.000
proc53 900.000
proc113 904.000
proc135 916.000
proc21 920.000
proc51 924.000
proc136 931.000
proc117 940.000
proc5 951.000
proc138 958.000
proc47 984.000
proc102 988.000
proc38 992.000
proc24 1000.000
proc89 1021.000
proc32 1053.000
proc149 1060.000
proc63 1075.000
proc119 1078.000
proc17 1081.000
proc98 1085.000
proc44 1088.000
proc0 1095.000
proc95 1104.000
proc84 1111.000
proc92 1114.000
proc76 1117.000
proc71 1120.000
proc88 1123.000
proc142 1134.000
proc141 1140.000
proc23 1149.000
proc9 1160.000
proc123 1166.000
proc57 1168.000
proc20 1171.000
proc48 1179.000
proc125 1182.000
proc85 1187.000
proc16 1192.000
proc134 1194.000
proc14 1197.000
proc105 1199.000
proc120 1209.000
proc33 1211.000
proc80 1216.000
proc97 1223.000
proc75 1225.000
proc31 1229.000
proc133 1234.000
proc69 1238.000
proc35 1240.000
proc108 1242.000
proc109 1244.000
proc55 1252.000
proc74 1264.000
proc43 1279.000
proc59 1286.000
proc111 1289.000
proc110 1296.000
proc34 1297.000
proc37 1299.000
proc131 1300.000
proc78 1303.000
proc22 1309.000
proc13 1322.000
proc139 1326.000
proc101 1331.000
proc118 1334.000
proc100 1335.000
proc115 1336.000
proc68 1339.000
proc66 1340.000
proc50 1340.000
proc126 1341.000
proc30 1344.000
proc129 1345.000
proc90 1347.000
proc60 1350.000
proc61 1351.000
proc87 1351.000
proc40 1355.000
proc96 1356.000
proc27 1359.000
proc122 1361.000
proc81 1361.000
proc56 1364.000
proc103 1365.000
proc4 1365.000
proc145 1366.000
proc36 1367.000
proc140 1369.000
proc127 1370.000
proc128 1371.000
proc1 1374.000
proc11 1377.000
proc19 1378.000
proc7 1380.000
proc124 1382.000
proc106 1382.000
proc99 1383.000
proc116 1385.000
268
