proc50 467.000
proc73 473.000
proc89 485.000
proc144 497.000
proc121 503.000
proc31 526.000
proc7 532.000
proc0 538.000
proc146 543.000
proc41 549.000
proc42 555.000
proc130 566.000
proc43 572.000
proc148 577.000
proc93 583.000
proc138 588.000
proc13 593.000
proc1 615.000
proc15 636.000
proc40 646.000
proc129 662.000
proc27 667.000
proc139 672.000
proc52 682.000
proc44 698.000
proc36 703.000
proc55 708.000
proc76 713.000
proc9 723.000
proc23 732.000
proc33 747.000
proc60 752.000
proc78 757.000
proc131 771.000
proc85 780.000
proc37 798.000
proc45 803.000
proc2 807.000
proc92 812.000
proc25 816.000
proc132 821.000
proc102 825.000
proc107 860.000
proc57 877.000
proc101 882.000
proc80 890.000
proc75 899.000
proc3 903.000
proc86 907.000
proc51 915.000
proc113 919.000
proc21 939.000
proc72 943.000
proc100 954.000
proc10 966.000
proc117 974.000
proc149 988.000
proc119 996.000
proc8 999.000
proc70 1014.000
proc48 1017.000
proc96 1028.000
proc142 1045.000
proc32 1049.000
proc66 1052.000
proc112 1056.000
proc122 1078.000
proc22 1081.000
proc137 1095.000
proc58 1101.000
proc87 1120.000
proc128 1120.000
proc63 1127.000
proc109 1136.000
proc19 1142.000
proc136 1145.000
proc123 1154.000
proc135 1169.000
proc83 1177.000
proc18 1183.000
proc98 1186.000
proc82 1189.000
proc56 1194.000
proc106 1197.000
proc64 1199.000
proc26 1204.000
proc140 1207.000
proc4 1209.000
proc115 1212.000
proc127 1214.000
proc16 1219.000
proc141 1228.000
proc30 1231.000
proc47 1235.000
proc28 1239.000
proc143 1243.000
proc20 1252.000
proc108 1258.000
proc11 1258.000
proc61 1260.000
proc46 1262.000
proc133 1264.000
proc5 1272.000
proc77 1275.000
proc68 1279.000
proc97 1288.000
proc39 1292.000
proc14 1295.000
proc103 1302.000
proc34 1303.000
proc110 1308.000
proc12 1311.000
proc54 1320.000
proc53 1324.000
proc74 1325.000
proc134 1326.000
proc94 1328.000
proc104 1329.000
proc124 1338.000
proc84 1347.000
proc24 1350.000
proc126 1350.000
proc145 1351.000
proc81 1353.000
proc99 1353.000
proc125 1354.000
proc88 1356.000
proc95 1357.000
proc120 1360.000
proc59 1363.000
proc62 1369.000
proc69 1370.000
proc38 1371.000
proc67 1372.000
proc111 1373.000
proc71 1375.000
proc6 1376.000
proc105 1377.000
proc91 1380.000
proc114 1383.000
proc90 1384.000
proc116 1386.000
proc147 1389.000
proc118 1392.000
proc17 1396.000
proc79 1397.000
proc35 1399.000
proc65 1401.000
proc49 1404.000
proc29 1408.000
262
