proc51 83.000
proc31 478.000
proc85 513.000
proc84 517.000
proc64 522.000
proc91 527.000
proc129 536.000
proc6 541.000
proc103 545.000
proc106 555.000
proc42 559.000
proc57 564.000
proc133 578.000
proc142 587.000
proc113 609.000
proc26 649.000
proc69 670.000
proc120 679.000
proc74 692.000
proc54 700.000
proc61 704.000
proc115 717.000
proc71 721.000
proc144 725.000
proc44 729.000
proc16 733.000
proc0 737.000
proc121 745.000
proc47 749.000
proc7 769.000
proc36 785.000
proc88 790.000
proc101 794.000
proc29 813.000
proc62 823.000
proc43 832.000
proc110 874.000
proc22 879.000
proc55 888.000
proc149 893.000
proc10 906.000
proc116 919.000
proc100 928.000
proc122 932.000
proc46 949.000
proc2 970.000
proc60 983.000
proc37 988.000
proc15 996.000
proc76 1000.000
proc49 1008.000
proc59 1024.000
proc68 1032.000
proc146 1040.000
proc23 1043.000
proc127 1059.000
proc75 1070.000
proc28 1081.000
proc135 1085.000
proc34 1088.000
proc143 1103.000
proc52 1106.000
proc147 1113.000
proc11 1117.000
proc72 1120.000
proc130 1124.000
proc39 1133.000
proc30 1140.000
proc66 1143.000
proc109 1147.000
proc45 1150.000
proc98 1153.000
proc65 1159.000
proc93 1162.000
proc20 1170.000
proc8 1179.000
proc124 1185.000
proc3 1188.000
proc18 1194.000
proc87 1196.000
proc105 1210.000
proc138 1216.000
proc140 1219.000
proc1 1224.000
proc99 1229.000
proc58 1232.000
proc25 1234.000
proc12 1237.000
proc96 1245.000
proc139 1248.000
proc94 1252.000
proc80 1255.000
proc90 1257.000
proc35 1262.000
proc132 1264.000
proc21 1266.000
proc5 1271.000
proc14 1273.000
proc79 1277.000
proc77 1281.000
proc134 1293.000
proc32 1297.000
proc104 1301.000
proc70 1312.000
proc141 1315.000
proc118 1319.000
proc92 1328.000
proc111 1329.000
proc41 1339.000
proc50 1349.000
proc114 1355.000
proc123 1360.000
proc126 1374.000
proc95 1377.000
proc89 1377.000
proc48 1381.000
proc131 1384.000
proc19 1386.000
proc40 1386.000
proc63 1388.000
proc82 1390.000
proc13 1391.000
proc145 1393.000
proc83 1395.000
proc112 1397.000
proc119 1398.000
proc125 1399.000
proc136 1402.000
proc102 1404.000
proc148 1405.000
proc53 1411.000
proc67 1413.000
proc97 1416.000
proc128 1419.000
proc81 1421.000
proc107 1421.000
proc108 1422.000
proc117 1424.000
proc24 1425.000
proc17 1425.000
proc73 1428.000
proc4 1429.000
proc56 1431.000
proc86 1436.000
proc9 1439.000
proc38 1442.000
proc33 1443.000
proc137 1445.000
proc78 1445.000
proc27 1448.000
275
