proc103 8.500
proc74 16.250
proc13 17.125
proc133 25.875
proc135 27.625
proc55 28.750
proc85 64.875
proc131 69.625
proc70 74.000
proc65 93.125
proc30 98.375
proc110 108.250
proc124 110.500
proc40 122.875
proc27 125.375
proc66 132.625
proc113 147.375
proc38 174.000
proc97 182.500
proc10 185.750
proc90 192.500
proc32 199.500
proc87 205.500
proc45 207.000
proc112 211.125
proc138 213.875
proc25 237.500
proc15 262.000
proc130 271.500
proc6 274.875
proc92 287.125
proc20 290.125
proc98 296.250
proc33 302.000
proc59 303.750
proc11 304.125
proc57 305.125
proc14 329.875
proc105 332.125
proc78 345.375
proc88 371.750
proc39 390.000
proc63 391.375
proc7 394.375
proc34 405.125
proc69 412.750
proc149 416.500
proc91 418.875
proc29 420.000
proc79 420.750
proc125 421.500
proc95 428.750
proc146 435.000
proc99 449.000
proc83 452.000
proc81 457.250
proc72 467.625
proc43 477.750
proc28 479.000
proc108 480.000
proc89 483.375
proc117 486.250
proc73 488.000
proc93 501.750
proc84 512.375
proc0 514.375
proc3 526.125
proc71 549.625
proc129 559.625
proc140 567.000
proc102 572.500
proc126 573.500
proc52 576.625
proc111 583.500
proc147 587.500
proc121 588.875
proc51 591.875
proc41 602.500
proc8 602.625
proc62 604.625
proc106 612.625
proc12 620.625
proc5 628.250
proc44 636.125
proc26 646.500
proc56 650.000
proc23 653.625
proc137 653.750
proc58 656.125
proc4 660.375
proc148 661.875
proc145 665.750
proc114 668.750
proc24 670.500
proc123 672.875
proc47 673.625
proc101 677.375
proc17 679.000
proc77 679.250
proc9 680.375
proc54 681.250
proc2 684.000
proc136 686.000
proc144 687.375
proc18 688.125
proc100 690.375
proc115 691.250
proc86 695.000
proc96 697.375
proc31 699.000
proc49 701.750
proc22 703.750
proc141 707.125
proc36 710.250
proc16 711.375
proc61 712.750
proc75 714.000
proc128 715.625
proc60 718.750
proc64 720.250
proc82 723.250
proc139 726.000
proc143 729.500
proc68 731.375
proc50 732.750
proc48 735.875
proc119 738.750
proc142 739.875
proc104 742.750
proc35 745.750
proc42 747.375
proc21 750.125
proc122 752.000
proc134 754.750
proc127 756.750
proc132 759.000
proc94 763.250
proc80 766.250
proc120 766.625
proc109 767.750
proc1 768.125
proc46 769.375
proc53 770.375
proc67 771.750
proc37 773.625
proc76 774.375
proc118 778.250
proc116 778.375
proc19 782.250
proc107 783.625
311
