proc102 528.000
proc23 533.000
proc47 542.000
proc11 547.000
proc72 566.000
proc117 571.000
proc40 576.000
proc26 599.000
proc7 608.000
proc25 622.000
proc58 645.000
proc41 659.000
proc87 667.000
proc70 699.000
proc74 704.000
proc54 721.000
proc134 730.000
proc95 747.000
proc81 751.000
proc67 760.000
proc48 764.000
proc4 781.000
proc142 786.000
proc18 796.000
proc53 801.000
proc148 806.000
proc139 811.000
proc82 816.000
proc8 821.000
proc121 836.000
proc112 845.000
proc98 855.000
proc86 865.000
proc0 870.000
proc10 874.000
proc64 883.000
proc105 888.000
proc1 916.000
proc76 951.000
proc85 964.000
proc90 968.000
proc97 982.000
proc84 986.000
proc144 1003.000
proc118 1024.000
proc108 1033.000
proc141 1074.000
proc109 1078.000
proc62 1086.000
proc101 1090.000
proc24 1102.000
proc59 1114.000
proc61 1126.000
proc110 1130.000
proc100 1133.000
proc129 1137.000
proc27 1144.000
proc44 1152.000
proc79 1162.000
proc34 1173.000
proc56 1183.000
proc68 1193.000
proc114 1196.000
proc52 1200.000
proc49 1210.000
proc126 1213.000
proc57 1222.000
proc94 1226.000
proc138 1226.000
proc13 1232.000
proc71 1238.000
proc124 1244.000
proc60 1247.000
proc20 1250.000
proc33 1253.000
proc63 1256.000
proc92 1259.000
proc43 1264.000
proc39 1275.000
proc50 1281.000
proc133 1286.000
proc103 1291.000
proc125 1307.000
proc38 1312.000
proc106 1317.000
proc65 1322.000
proc116 1324.000
proc127 1326.000
proc73 1331.000
proc131 1331.000
proc5 1335.000
proc3 1342.000
proc140 1351.000
proc35 1355.000
proc30 1359.000
proc135 1363.000
proc128 1365.000
proc45 1370.000
proc17 1377.000
proc46 1379.000
proc113 1389.000
proc28 1394.000
proc42 1399.000
proc29 1401.000
proc149 1404.000
proc2 1406.000
proc78 1416.000
proc99 1422.000
proc69 1425.000
proc77 1428.000
proc21 1430.000
proc16 1433.000
proc19 1435.000
proc14 1437.000
proc132 1439.000
proc137 1439.000
proc123 1441.000
proc36 1442.000
proc75 1443.000
proc136 1447.000
proc88 1448.000
proc15 1448.000
proc115 1450.000
proc32 1450.000
proc66 1453.000
proc146 1455.000
proc89 1457.000
proc130 1459.000
proc80 1462.000
proc93 1465.000
proc111 1469.000
proc12 1471.000
proc51 1472.000
proc96 1475.000
proc147 1478.000
proc120 1479.000
proc145 1480.000
proc122 1481.000
proc9 1481.000
proc107 1484.000
proc91 1485.000
proc143 1486.000
proc83 1487.000
proc22 1488.000
proc55 1489.000
proc119 1491.000
proc104 1494.000
proc6 1496.000
proc37 1497.000
proc31 1498.000
281
