proc17 432.000
proc98 446.000
proc33 451.000
proc56 456.000
proc124 460.000
proc54 471.000
proc9 477.000
proc88 488.000
proc125 494.000
proc77 500.000
proc45 523.000
proc47 529.000
proc27 534.000
proc128 551.000
proc55 556.000
proc14 567.000
proc23 572.000
proc96 577.000
proc53 583.000
proc42 589.000
proc148 604.000
proc119 630.000
proc75 636.000
proc7 641.000
proc71 646.000
proc50 666.000
proc34 681.000
proc129 686.000
proc149 715.000
proc141 725.000
proc86 729.000
proc120 734.000
proc43 757.000
proc134 767.000
proc40 776.000
proc91 780.000
proc3 785.000
proc144 789.000
proc0 798.000
proc31 811.000
proc73 841.000
proc116 845.000
proc79 858.000
proc110 866.000
proc80 875.000
proc83 891.000
proc107 895.000
proc97 899.000
proc103 903.000
proc10 924.000
proc65 928.000
proc89 955.000
proc100 958.000
proc105 966.000
proc133 973.000
proc121 977.000
proc92 1006.000
proc68 1024.000
proc15 1031.000
proc108 1066.000
proc12 1090.000
proc19 1103.000
proc137 1106.000
proc66 1110.000
proc78 1113.000
proc118 1116.000
proc146 1119.000
proc70 1119.000
proc139 1125.000
proc62 1128.000
proc114 1131.000
proc82 1140.000
proc143 1143.000
proc138 1143.000
proc94 1151.000
proc49 1154.000
proc5 1160.000
proc74 1165.000
proc2 1168.000
proc67 1174.000
proc90 1176.000
proc38 1181.000
proc113 1181.000
proc29 1184.000
proc30 1186.000
proc25 1189.000
proc64 1194.000
proc126 1199.000
proc112 1203.000
proc132 1206.000
proc57 1206.000
proc81 1219.000
proc36 1222.000
proc104 1224.000
proc59 1234.000
proc106 1236.000
proc35 1243.000
proc58 1249.000
proc4 1249.000
proc140 1252.000
proc24 1260.000
proc109 1262.000
proc131 1273.000
proc135 1275.000
proc22 1277.000
proc102 1280.000
proc51 1283.000
proc84 1291.000
proc26 1297.000
proc87 1305.000
proc130 1308.000
proc39 1308.000
proc28 1314.000
proc46 1321.000
proc48 1324.000
proc21 1327.000
proc13 1331.000
proc44 1334.000
proc16 1334.000
proc122 1346.000
proc85 1346.000
proc142 1347.000
proc18 1349.000
proc69 1352.000
proc147 1353.000
proc32 1354.000
proc127 1356.000
proc117 1358.000
proc8 1361.000
proc99 1363.000
proc95 1364.000
proc101 1366.000
proc60 1366.000
proc41 1367.000
proc76 1368.000
proc37 1369.000
proc1 1374.000
proc63 1375.000
proc145 1377.000
proc123 1379.000
proc6 1379.000
proc11 1380.000
proc136 1383.000
proc52 1385.000
proc93 1388.000
proc61 1390.000
proc20 1391.000
proc115 1392.000
proc72 1393.000
proc111 1394.000
271
