proc139 6.000
proc129 436.000
proc11 443.000
proc56 455.000
proc19 461.000
proc86 467.000
proc70 472.000
proc90 478.000
proc141 496.000
proc2 501.000
proc73 513.000
proc37 519.000
proc121 536.000
proc7 541.000
proc117 547.000
proc140 559.000
proc135 570.000
proc49 575.000
proc123 603.000
proc15 608.000
proc9 613.000
proc137 634.000
proc87 640.000
proc64 656.000
proc59 682.000
proc66 692.000
proc144 707.000
proc51 717.000
proc127 732.000
proc8 742.000
proc79 752.000
proc60 766.000
proc58 781.000
proc113 790.000
proc106 795.000
proc6 813.000
proc54 818.000
proc67 823.000
proc18 832.000
proc146 864.000
proc126 869.000
proc105 895.000
proc99 899.000
proc71 908.000
proc95 912.000
proc32 917.000
proc124 925.000
proc138 938.000
proc80 942.000
proc102 950.000
proc62 954.000
proc52 958.000
proc111 962.000
proc100 970.000
proc96 985.000
proc36 993.000
proc98 997.000
proc3 1001.000
proc65 1012.000
proc29 1015.000
proc109 1030.000
proc89 1047.000
proc23 1054.000
proc4 1061.000
proc94 1068.000
proc28 1072.000
proc82 1075.000
proc148 1085.000
proc149 1089.000
proc50 1092.000
proc39 1098.000
proc33 1101.000
proc57 1104.000
proc31 1117.000
proc30 1126.000
proc85 1129.000
proc35 1132.000
proc130 1147.000
proc77 1150.000
proc112 1153.000
proc26 1156.000
proc101 1158.000
proc92 1167.000
proc114 1169.000
proc115 1169.000
proc78 1175.000
proc27 1180.000
proc72 1185.000
proc76 1187.000
proc143 1192.000
proc120 1197.000
proc142 1199.000
proc22 1204.000
proc38 1206.000
proc103 1211.000
proc53 1215.000
proc107 1220.000
proc68 1224.000
proc10 1226.000
proc63 1228.000
proc24 1232.000
proc14 1234.000
proc46 1238.000
proc74 1246.000
proc13 1258.000
proc116 1262.000
proc147 1264.000
proc97 1265.000
proc145 1267.000
proc122 1273.000
proc134 1274.000
proc88 1281.000
proc48 1291.000
proc108 1292.000
proc61 1297.000
proc125 1298.000
proc5 1299.000
proc133 1306.000
proc93 1308.000
proc75 1319.000
proc83 1320.000
proc41 1324.000
proc40 1325.000
proc1 1326.000
proc81 1327.000
proc17 1328.000
proc131 1329.000
proc132 1329.000
proc25 1330.000
proc0 1331.000
proc55 1332.000
proc20 1334.000
proc118 1337.000
proc21 1339.000
proc44 1339.000
proc84 1340.000
proc43 1341.000
proc104 1342.000
proc91 1342.000
proc69 1344.000
proc12 1345.000
proc47 1346.000
proc16 1347.000
proc119 1348.000
proc34 1350.000
proc136 1353.000
proc128 1354.000
proc42 1356.000
proc110 1358.000
proc45 1361.000
253
