proc38 44.125
proc127 54.875
proc82 62.875
proc58 87.625
proc101 100.500
proc64 102.375
proc45 103.000
proc146 104.250
proc33 107.625
proc90 120.625
proc55 129.625
proc39 131.000
proc142 138.875
proc75 143.125
proc1 147.875
proc8 153.000
proc87 160.750
proc92 162.625
proc44 163.625
proc138 164.125
proc103 165.875
proc147 168.375
proc119 169.750
proc51 173.000
proc52 179.000
proc60 181.500
proc122 187.625
proc9 216.500
proc14 218.375
proc18 232.750
proc96 236.500
proc59 239.750
proc25 255.000
proc73 277.375
proc112 277.500
proc148 292.500
proc61 293.875
proc4 297.500
proc114 300.125
proc108 302.125
proc34 304.000
proc113 315.000
proc126 318.500
proc111 320.375
proc106 323.875
proc68 332.375
proc102 350.750
proc17 371.000
proc22 371.250
proc29 380.875
proc67 390.375
proc6 393.125
proc136 394.125
proc99 399.250
proc143 412.500
proc97 418.500
proc100 418.625
proc27 423.000
proc80 423.750
proc43 426.625
proc134 430.750
proc140 439.500
proc16 442.375
proc69 447.500
proc23 449.375
proc10 451.250
proc0 456.875
proc63 457.250
proc95 457.500
proc71 463.500
proc21 474.375
proc128 479.875
proc15 482.250
proc118 484.250
proc116 485.125
proc19 489.500
proc107 508.875
proc62 509.750
proc26 521.000
proc36 524.125
proc41 540.750
proc30 542.125
proc110 545.125
proc121 547.750
proc109 551.875
proc78 557.375
proc11 562.500
proc54 563.750
proc124 564.875
proc141 582.000
proc47 587.250
proc37 604.625
proc57 606.125
proc50 609.000
proc53 609.875
proc131 615.750
proc104 618.375
proc3 624.625
proc74 626.500
proc137 627.875
proc93 630.125
proc144 631.125
proc49 632.250
proc2 634.875
proc20 636.375
proc65 639.750
proc24 641.625
proc120 644.625
proc5 647.375
proc125 649.125
proc135 650.250
proc94 652.625
proc133 653.125
proc13 653.750
proc72 655.875
proc115 656.625
proc32 658.250
proc89 661.125
proc28 662.750
proc85 663.250
proc46 663.625
proc105 666.875
proc70 667.625
proc145 671.625
proc83 672.000
proc139 675.625
proc7 675.750
proc130 679.000
proc132 680.875
proc12 681.625
proc48 684.000
proc77 686.250
proc149 688.125
proc88 691.875
proc56 692.250
proc81 693.375
proc31 695.750
proc91 698.000
proc66 698.750
proc129 699.375
proc117 702.125
proc35 704.000
proc123 705.875
proc98 710.125
proc79 712.500
proc40 713.375
proc42 716.000
proc86 716.750
proc84 717.750
proc76 720.000
291
