proc129 4.000
proc110 22.000
proc46 467.000
proc134 485.000
proc149 497.000
proc123 516.000
proc76 522.000
proc9 527.000
proc94 533.000
proc83 538.000
proc62 552.000
proc2 561.000
proc52 565.000
proc23 592.000
proc58 597.000
proc128 601.000
proc50 610.000
proc130 614.000
proc17 627.000
proc115 639.000
proc0 648.000
proc38 656.000
proc16 660.000
proc26 665.000
proc1 673.000
proc85 681.000
proc40 685.000
proc135 697.000
proc120 712.000
proc101 716.000
proc34 720.000
proc141 724.000
proc53 731.000
proc73 735.000
proc121 743.000
proc92 746.000
proc68 772.000
proc30 783.000
proc109 793.000
proc105 829.000
proc74 841.000
proc42 858.000
proc137 862.000
proc5 866.000
proc145 870.000
proc93 874.000
proc113 904.000
proc13 908.000
proc61 912.000
proc124 916.000
proc12 923.000
proc89 927.000
proc29 931.000
proc69 939.000
proc97 943.000
proc88 946.000
proc14 958.000
proc119 973.000
proc90 999.000
proc106 1002.000
proc65 1009.000
proc136 1020.000
proc11 1037.000
proc96 1041.000
proc142 1048.000
proc116 1058.000
proc132 1068.000
proc43 1071.000
proc140 1074.000
proc31 1077.000
proc87 1080.000
proc20 1089.000
proc80 1095.000
proc67 1095.000
proc47 1098.000
proc55 1101.000
proc51 1104.000
proc127 1107.000
proc54 1118.000
proc81 1124.000
proc77 1129.000
proc103 1138.000
proc86 1141.000
proc131 1146.000
proc78 1149.000
proc22 1154.000
proc147 1159.000
proc56 1167.000
proc72 1172.000
proc66 1177.000
proc28 1179.000
proc33 1182.000
proc35 1184.000
proc57 1188.000
proc104 1198.000
proc107 1202.000
proc95 1210.000
proc41 1217.000
proc148 1219.000
proc63 1221.000
proc100 1231.000
proc37 1235.000
proc70 1250.000
proc21 1254.000
proc125 1265.000
proc71 1268.000
proc118 1275.000
proc122 1277.000
proc3 1280.000
proc91 1283.000
proc27 1293.000
proc139 1296.000
proc111 1298.000
proc126 1314.000
proc144 1315.000
proc98 1318.000
proc18 1322.000
proc4 1322.000
proc84 1323.000
proc114 1324.000
proc112 1327.000
proc7 1329.000
proc6 1331.000
proc25 1332.000
proc49 1333.000
proc133 1335.000
proc102 1338.000
proc8 1339.000
proc75 1344.000
proc99 1348.000
proc36 1350.000
proc24 1353.000
proc44 1355.000
proc48 1355.000
proc82 1356.000
proc60 1358.000
proc19 1360.000
proc32 1361.000
proc146 1364.000
proc64 1365.000
proc10 1366.000
proc39 1367.000
proc117 1368.000
proc45 1368.000
proc15 1371.000
proc79 1372.000
proc138 1373.000
proc108 1376.000
proc143 1378.000
proc59 1380.000
269
