proc104 20.000
proc43 486.000
proc109 516.000
proc105 522.000
proc72 540.000
proc85 571.000
proc30 577.000
proc81 588.000
proc1 612.000
proc103 624.000
proc40 636.000
proc4 642.000
proc134 662.000
proc114 673.000
proc117 691.000
proc44 700.000
proc19 704.000
proc112 735.000
proc32 739.000
proc123 744.000
proc124 748.000
proc110 773.000
proc87 803.000
proc38 807.000
proc3 811.000
proc62 815.000
proc128 819.000
proc48 831.000
proc99 835.000
proc147 847.000
proc96 859.000
proc89 874.000
proc64 890.000
proc25 893.000
proc7 912.000
proc139 916.000
proc56 923.000
proc79 927.000
proc119 935.000
proc50 939.000
proc33 961.000
proc132 970.000
proc121 978.000
proc26 987.000
proc27 999.000
proc122 1025.000
proc82 1033.000
proc65 1050.000
proc47 1059.000
proc136 1075.000
proc107 1079.000
proc12 1083.000
proc58 1091.000
proc92 1095.000
proc140 1130.000
proc41 1134.000
proc59 1138.000
proc93 1145.000
proc130 1149.000
proc6 1153.000
proc60 1157.000
proc66 1160.000
proc106 1167.000
proc148 1171.000
proc67 1174.000
proc5 1181.000
proc61 1184.000
proc75 1188.000
proc95 1191.000
proc111 1194.000
proc0 1201.000
proc54 1204.000
proc13 1207.000
proc143 1210.000
proc133 1222.000
proc8 1225.000
proc31 1234.000
proc9 1240.000
proc71 1243.000
proc21 1251.000
proc63 1251.000
proc78 1257.000
proc90 1257.000
proc127 1259.000
proc73 1265.000
proc125 1267.000
proc118 1272.000
proc146 1275.000
proc115 1277.000
proc20 1282.000
proc70 1287.000
proc142 1292.000
proc129 1294.000
proc131 1303.000
proc77 1310.000
proc101 1315.000
proc126 1321.000
proc137 1323.000
proc42 1325.000
proc149 1327.000
proc52 1336.000
proc116 1342.000
proc17 1344.000
proc69 1346.000
proc135 1348.000
proc22 1352.000
proc113 1357.000
proc102 1359.000
proc83 1369.000
proc53 1371.000
proc68 1372.000
proc91 1374.000
proc145 1377.000
proc34 1381.000
proc37 1394.000
proc28 1397.000
proc36 1408.000
proc57 1415.000
proc108 1416.000
proc45 1418.000
proc16 1419.000
proc88 1419.000
proc141 1422.000
proc24 1423.000
proc120 1427.000
proc46 1429.000
proc74 1433.000
proc11 1436.000
proc86 1437.000
proc10 1438.000
proc2 1441.000
proc18 1443.000
proc15 1444.000
proc94 1448.000
proc100 1450.000
proc29 1453.000
proc97 1454.000
proc49 1455.000
proc98 1456.000
proc39 1459.000
proc76 1460.000
proc84 1463.000
proc138 1464.000
proc51 1467.000
proc144 1471.000
proc35 1474.000
proc55 1477.000
proc23 1479.000
proc14 1483.000
proc80 1486.000
276
