proc77 5.125
proc65 15.250
proc61 15.750
proc138 23.625
proc42 23.750
proc60 45.000
proc72 51.500
proc141 55.375
proc128 57.250
proc68 57.500
proc94 61.500
proc55 61.875
proc97 75.500
proc124 89.000
proc44 89.250
proc10 102.750
proc71 128.375
proc120 138.000
proc102 140.250
proc29 148.000
proc24 164.500
proc108 184.500
proc67 188.375
proc31 189.000
proc109 196.125
proc81 201.625
proc15 203.500
proc7 218.000
proc131 224.875
proc85 234.000
proc56 256.625
proc50 256.875
proc22 257.500
proc26 258.500
proc41 273.375
proc84 295.375
proc79 311.750
proc116 312.250
proc100 317.000
proc115 317.500
proc36 321.500
proc43 322.375
proc23 337.625
proc14 352.000
proc88 352.750
proc9 358.750
proc11 382.750
proc136 385.875
proc13 392.500
proc146 396.875
proc30 402.375
proc118 410.625
proc99 412.500
proc46 414.750
proc2 427.125
proc107 429.125
proc6 431.125
proc93 431.875
proc142 443.625
proc144 464.375
proc117 470.875
proc105 477.000
proc78 482.000
proc80 491.500
proc95 496.750
proc83 497.500
proc149 497.625
proc59 505.500
proc49 518.500
proc90 529.000
proc35 531.375
proc134 539.500
proc27 547.875
proc126 559.625
proc16 571.125
proc135 579.875
proc145 580.750
proc103 589.750
proc25 591.000
proc66 593.500
proc54 594.125
proc0 605.000
proc64 616.625
proc130 631.250
proc38 634.000
proc123 635.500
proc51 637.125
proc92 639.125
proc28 639.125
proc125 641.250
proc18 644.375
proc82 644.875
proc75 649.125
proc104 650.625
proc86 651.500
proc5 654.125
proc33 654.250
proc70 658.125
proc110 662.000
proc133 664.625
proc114 665.750
proc17 669.000
proc121 671.375
proc127 675.375
proc139 676.375
proc140 677.500
proc20 677.625
proc87 678.750
proc137 679.375
proc37 681.875
proc39 684.750
proc1 686.125
proc132 688.750
proc76 691.750
proc89 695.250
proc12 696.500
proc21 697.000
proc98 701.000
proc19 703.500
proc129 706.375
proc96 706.875
proc69 707.125
proc52 710.375
proc3 713.250
proc122 715.125
proc45 716.125
proc148 719.625
proc73 723.125
proc57 726.250
proc58 728.500
proc40 732.125
proc74 735.375
proc101 739.625
proc47 743.250
proc111 744.625
proc4 744.750
proc119 746.625
proc91 748.000
proc32 749.250
proc34 749.625
proc63 750.125
proc147 752.250
proc48 755.625
proc113 755.875
proc112 757.250
proc8 757.875
proc53 758.750
proc143 761.500
proc62 762.625
proc106 765.750
305
