proc107 4.000
proc105 415.000
proc14 427.000
proc65 433.000
proc25 439.000
proc99 445.000
proc2 463.000
proc5 475.000
proc84 480.000
proc19 492.000
proc57 498.000
proc53 515.000
proc130 520.000
proc16 526.000
proc127 532.000
proc56 537.000
proc21 549.000
proc119 554.000
proc12 559.000
proc7 565.000
proc95 570.000
proc49 576.000
proc37 581.000
proc77 586.000
proc4 596.000
proc76 606.000
proc86 611.000
proc8 621.000
proc87 626.000
proc17 646.000
proc131 701.000
proc66 707.000
proc54 735.000
proc104 740.000
proc69 749.000
proc59 758.000
proc42 767.000
proc135 789.000
proc13 813.000
proc106 817.000
proc141 822.000
proc112 827.000
proc114 839.000
proc72 844.000
proc64 848.000
proc148 865.000
proc115 869.000
proc93 890.000
proc33 906.000
proc120 919.000
proc78 927.000
proc108 935.000
proc22 943.000
proc124 947.000
proc147 959.000
proc36 978.000
proc89 985.000
proc121 989.000
proc28 993.000
proc15 1007.000
proc113 1011.000
proc73 1036.000
proc111 1040.000
proc68 1047.000
proc11 1057.000
proc27 1071.000
proc6 1074.000
proc38 1085.000
proc88 1088.000
proc61 1092.000
proc102 1095.000
proc133 1098.000
proc118 1101.000
proc34 1107.000
proc70 1110.000
proc20 1110.000
proc67 1122.000
proc98 1125.000
proc146 1137.000
proc1 1140.000
proc40 1151.000
proc32 1163.000
proc18 1169.000
proc126 1171.000
proc48 1174.000
proc109 1174.000
proc50 1177.000
proc71 1182.000
proc94 1190.000
proc60 1193.000
proc140 1198.000
proc39 1202.000
proc143 1205.000
proc23 1210.000
proc83 1214.000
proc134 1217.000
proc46 1221.000
proc132 1225.000
proc100 1230.000
proc9 1234.000
proc139 1236.000
proc142 1244.000
proc24 1248.000
proc3 1258.000
proc97 1265.000
proc122 1280.000
proc96 1286.000
proc129 1295.000
proc144 1296.000
proc128 1301.000
proc29 1308.000
proc125 1311.000
proc123 1315.000
proc52 1321.000
proc81 1325.000
proc47 1332.000
proc63 1334.000
proc90 1335.000
proc110 1338.000
proc101 1339.000
proc79 1340.000
proc58 1342.000
proc91 1344.000
proc145 1345.000
proc92 1346.000
proc51 1347.000
proc41 1349.000
proc0 1350.000
proc74 1353.000
proc31 1354.000
proc55 1356.000
proc26 1358.000
proc62 1358.000
proc30 1360.000
proc117 1361.000
proc149 1363.000
proc136 1364.000
proc75 1366.000
proc35 1367.000
proc43 1368.000
proc80 1370.000
proc103 1371.000
proc85 1373.000
proc10 1376.000
proc137 1377.000
proc82 1379.000
proc116 1382.000
proc138 1384.000
proc45 1386.000
proc44 1390.000
265
