proc13 421.000
proc137 434.000
proc46 440.000
proc64 458.000
proc43 464.000
proc5 476.000
proc15 487.000
proc75 493.000
proc1 505.000
proc77 511.000
proc85 540.000
proc47 551.000
proc133 557.000
proc6 568.000
proc27 574.000
proc55 579.000
proc42 591.000
proc100 596.000
proc23 602.000
proc60 608.000
proc58 613.000
proc14 629.000
proc146 634.000
proc65 640.000
proc126 645.000
proc141 655.000
proc113 660.000
proc83 664.000
proc33 674.000
proc51 684.000
proc111 689.000
proc45 693.000
proc31 698.000
proc138 716.000
proc89 721.000
proc78 726.000
proc136 731.000
proc22 758.000
proc135 786.000
proc97 790.000
proc144 794.000
proc101 799.000
proc29 863.000
proc112 868.000
proc81 876.000
proc129 884.000
proc26 888.000
proc54 900.000
proc123 912.000
proc0 916.000
proc38 920.000
proc134 940.000
proc40 971.000
proc20 983.000
proc122 986.000
proc87 1013.000
proc61 1024.000
proc104 1028.000
proc120 1039.000
proc115 1050.000
proc139 1053.000
proc67 1064.000
proc118 1074.000
proc8 1078.000
proc72 1084.000
proc82 1091.000
proc107 1097.000
proc70 1101.000
proc35 1104.000
proc37 1107.000
proc140 1111.000
proc124 1114.000
proc4 1117.000
proc147 1117.000
proc84 1117.000
proc116 1120.000
proc74 1125.000
proc119 1131.000
proc36 1134.000
proc103 1140.000
proc62 1145.000
proc44 1156.000
proc19 1159.000
proc18 1161.000
proc76 1164.000
proc109 1166.000
proc25 1171.000
proc11 1174.000
proc69 1176.000
proc34 1176.000
proc24 1178.000
proc110 1183.000
proc10 1202.000
proc106 1204.000
proc143 1211.000
proc32 1215.000
proc52 1217.000
proc57 1219.000
proc21 1221.000
proc53 1223.000
proc56 1225.000
proc149 1229.000
proc16 1233.000
proc80 1237.000
proc94 1240.000
proc96 1242.000
proc114 1245.000
proc68 1249.000
proc99 1250.000
proc88 1262.000
proc92 1273.000
proc3 1278.000
proc121 1280.000
proc91 1285.000
proc12 1294.000
proc63 1295.000
proc59 1298.000
proc98 1307.000
proc7 1327.000
proc127 1328.000
proc73 1330.000
proc71 1331.000
proc28 1333.000
proc145 1335.000
proc66 1338.000
proc108 1341.000
proc50 1344.000
proc49 1347.000
proc48 1347.000
proc86 1349.000
proc95 1352.000
proc90 1353.000
proc30 1356.000
proc41 1357.000
proc79 1359.000
proc131 1360.000
proc93 1361.000
proc125 1364.000
proc130 1371.000
proc102 1372.000
proc17 1373.000
proc117 1375.000
proc9 1375.000
proc142 1376.000
proc132 1377.000
proc39 1378.000
proc148 1379.000
proc2 1381.000
proc105 1382.000
proc128 1385.000
268
