proc61 9.000
proc23 335.000
proc28 418.000
proc5 428.000
proc44 432.000
proc57 437.000
proc103 442.000
proc9 451.000
proc80 456.000
proc15 465.000
proc115 474.000
proc46 478.000
proc81 487.000
proc72 496.000
proc19 501.000
proc105 520.000
proc92 536.000
proc131 547.000
proc82 553.000
proc14 558.000
proc36 575.000
proc21 585.000
proc146 596.000
proc108 601.000
proc93 606.000
proc38 631.000
proc104 636.000
proc50 671.000
proc133 686.000
proc138 691.000
proc47 706.000
proc85 720.000
proc148 729.000
proc48 739.000
proc127 744.000
proc18 749.000
proc130 767.000
proc74 781.000
proc24 785.000
proc73 803.000
proc10 812.000
proc29 830.000
proc77 843.000
proc94 852.000
proc30 856.000
proc33 869.000
proc109 890.000
proc119 894.000
proc149 898.000
proc22 903.000
proc42 907.000
proc49 911.000
proc136 918.000
proc121 926.000
proc129 945.000
proc114 964.000
proc32 968.000
proc13 998.000
proc25 1002.000
proc64 1005.000
proc132 1013.000
proc1 1020.000
proc83 1027.000
proc37 1050.000
proc101 1067.000
proc0 1070.000
proc135 1074.000
proc87 1077.000
proc144 1080.000
proc31 1080.000
proc17 1083.000
proc84 1089.000
proc125 1095.000
proc95 1098.000
proc89 1107.000
proc11 1110.000
proc86 1113.000
proc98 1117.000
proc76 1123.000
proc71 1125.000
proc124 1131.000
proc145 1140.000
proc142 1142.000
proc141 1148.000
proc35 1153.000
proc126 1158.000
proc65 1163.000
proc52 1166.000
proc128 1168.000
proc54 1171.000
proc68 1175.000
proc34 1180.000
proc91 1185.000
proc100 1187.000
proc140 1200.000
proc8 1207.000
proc117 1214.000
proc26 1220.000
proc123 1224.000
proc41 1226.000
proc147 1234.000
proc113 1241.000
proc7 1245.000
proc102 1245.000
proc62 1247.000
proc2 1254.000
proc63 1259.000
proc6 1261.000
proc40 1266.000
proc3 1278.000
proc79 1287.000
proc12 1290.000
proc53 1292.000
proc75 1295.000
proc120 1302.000
proc59 1308.000
proc99 1311.000
proc51 1312.000
proc97 1313.000
proc56 1315.000
proc139 1317.000
proc137 1318.000
proc143 1320.000
proc16 1321.000
proc118 1323.000
proc78 1324.000
proc96 1324.000
proc45 1326.000
proc70 1332.000
proc106 1332.000
proc122 1333.000
proc90 1336.000
proc55 1338.000
proc134 1338.000
proc67 1340.000
proc107 1340.000
proc88 1341.000
proc112 1342.000
proc69 1344.000
proc60 1346.000
proc20 1349.000
proc111 1352.000
proc43 1355.000
proc110 1358.000
proc39 1359.000
proc116 1361.000
proc58 1363.000
proc27 1364.000
proc66 1367.000
proc4 1368.000
269
