proc76 457.000
proc66 462.000
proc52 466.000
proc128 471.000
proc145 476.000
proc140 485.000
proc122 504.000
proc146 509.000
proc111 518.000
proc88 527.000
proc102 550.000
proc47 555.000
proc126 564.000
proc60 568.000
proc108 573.000
proc28 590.000
proc136 608.000
proc116 612.000
proc107 625.000
proc144 633.000
proc16 641.000
proc83 646.000
proc48 651.000
proc51 656.000
proc77 667.000
proc127 683.000
proc112 708.000
proc24 713.000
proc56 727.000
proc46 737.000
proc81 747.000
proc5 752.000
proc29 756.000
proc73 775.000
proc95 780.000
proc7 807.000
proc125 816.000
proc148 834.000
proc50 844.000
proc33 848.000
proc94 857.000
proc68 861.000
proc110 878.000
proc84 883.000
proc131 887.000
proc147 896.000
proc39 900.000
proc130 908.000
proc149 924.000
proc10 928.000
proc117 936.000
proc65 940.000
proc80 944.000
proc124 948.000
proc85 952.000
proc104 967.000
proc119 978.000
proc132 981.000
proc114 992.000
proc101 1007.000
proc0 1014.000
proc96 1031.000
proc90 1035.000
proc86 1038.000
proc14 1048.000
proc143 1051.000
proc115 1058.000
proc54 1071.000
proc71 1075.000
proc142 1096.000
proc58 1099.000
proc99 1102.000
proc74 1105.000
proc32 1108.000
proc79 1114.000
proc12 1117.000
proc123 1120.000
proc2 1123.000
proc113 1126.000
proc15 1129.000
proc1 1139.000
proc9 1144.000
proc103 1147.000
proc134 1147.000
proc44 1153.000
proc55 1158.000
proc26 1163.000
proc139 1165.000
proc35 1168.000
proc4 1172.000
proc43 1175.000
proc61 1175.000
proc64 1177.000
proc57 1177.000
proc59 1186.000
proc40 1188.000
proc87 1190.000
proc62 1192.000
proc6 1194.000
proc27 1200.000
proc72 1202.000
proc109 1212.000
proc22 1215.000
proc82 1222.000
proc63 1226.000
proc70 1229.000
proc11 1240.000
proc75 1243.000
proc69 1245.000
proc89 1246.000
proc105 1249.000
proc23 1257.000
proc37 1259.000
proc100 1260.000
proc97 1263.000
proc92 1268.000
proc25 1271.000
proc138 1272.000
proc137 1280.000
proc118 1283.000
proc8 1288.000
proc42 1292.000
proc21 1304.000
proc3 1305.000
proc121 1313.000
proc129 1314.000
proc120 1317.000
proc30 1318.000
proc133 1318.000
proc53 1319.000
proc31 1320.000
proc36 1323.000
proc93 1323.000
proc141 1324.000
proc45 1325.000
proc17 1325.000
proc135 1327.000
proc67 1330.000
proc19 1334.000
proc91 1336.000
proc20 1338.000
proc13 1341.000
proc18 1342.000
proc49 1345.000
proc38 1347.000
proc106 1348.000
proc34 1350.000
proc78 1354.000
proc41 1357.000
proc98 1359.000
258
