proc137 497.000
proc28 501.000
proc75 511.000
proc46 554.000
proc120 559.000
proc8 573.000
proc101 583.000
proc50 606.000
proc79 620.000
proc27 625.000
proc136 643.000
proc123 657.000
proc80 660.000
proc4 682.000
proc13 709.000
proc33 718.000
proc19 727.000
proc103 732.000
proc40 736.000
proc86 744.000
proc48 761.000
proc98 765.000
proc115 773.000
proc107 782.000
proc5 786.000
proc119 817.000
proc45 822.000
proc2 837.000
proc14 852.000
proc3 872.000
proc105 882.000
proc76 887.000
proc17 896.000
proc87 921.000
proc59 926.000
proc53 936.000
proc125 978.000
proc128 993.000
proc24 998.000
proc121 1011.000
proc12 1020.000
proc127 1024.000
proc92 1029.000
proc69 1034.000
proc88 1064.000
proc102 1077.000
proc64 1081.000
proc70 1085.000
proc62 1093.000
proc42 1113.000
proc73 1121.000
proc60 1125.000
proc126 1129.000
proc57 1141.000
proc100 1145.000
proc74 1156.000
proc22 1160.000
proc99 1164.000
proc56 1167.000
proc65 1171.000
proc131 1174.000
proc85 1178.000
proc118 1181.000
proc139 1188.000
proc133 1192.000
proc36 1199.000
proc149 1202.000
proc23 1209.000
proc112 1212.000
proc21 1219.000
proc52 1226.000
proc16 1229.000
proc78 1235.000
proc35 1241.000
proc94 1250.000
proc111 1253.000
proc132 1256.000
proc129 1265.000
proc31 1270.000
proc106 1273.000
proc41 1276.000
proc15 1278.000
proc130 1292.000
proc91 1295.000
proc29 1297.000
proc97 1303.000
proc9 1306.000
proc113 1310.000
proc141 1315.000
proc37 1323.000
proc148 1325.000
proc47 1327.000
proc109 1330.000
proc61 1334.000
proc67 1341.000
proc81 1348.000
proc104 1350.000
proc68 1352.000
proc84 1356.000
proc89 1358.000
proc51 1362.000
proc140 1364.000
proc138 1372.000
proc0 1372.000
proc145 1376.000
proc134 1377.000
proc18 1383.000
proc6 1387.000
proc25 1390.000
proc116 1392.000
proc108 1393.000
proc95 1395.000
proc58 1404.000
proc55 1408.000
proc144 1410.000
proc39 1415.000
proc43 1416.000
proc7 1429.000
proc135 1437.000
proc110 1442.000
proc1 1443.000
proc26 1444.000
proc117 1447.000
proc34 1448.000
proc147 1449.000
proc11 1451.000
proc66 1453.000
proc20 1454.000
proc71 1460.000
proc54 1463.000
proc72 1464.000
proc10 1466.000
proc83 1467.000
proc38 1469.000
proc96 1473.000
proc49 1475.000
proc63 1476.000
proc44 1477.000
proc32 1478.000
proc114 1478.000
proc143 1479.000
proc124 1480.000
proc142 1481.000
proc77 1484.000
proc90 1487.000
proc122 1488.000
proc93 1489.000
proc146 1490.000
proc82 1496.000
proc30 1496.000
277
