proc107 496.000
proc21 508.000
proc11 513.000
proc50 522.000
proc28 532.000
proc118 536.000
proc51 541.000
proc117 545.000
proc48 550.000
proc66 559.000
proc60 564.000
proc98 606.000
proc95 610.000
proc132 623.000
proc54 628.000
proc105 667.000
proc63 676.000
proc125 681.000
proc40 689.000
proc128 694.000
proc78 710.000
proc137 718.000
proc8 731.000
proc30 747.000
proc12 756.000
proc92 760.000
proc102 764.000
proc52 772.000
proc121 787.000
proc96 797.000
proc20 802.000
proc116 806.000
proc26 821.000
proc97 826.000
proc45 841.000
proc56 850.000
proc59 864.000
proc34 868.000
proc143 873.000
proc58 918.000
proc0 923.000
proc24 927.000
proc83 931.000
proc38 944.000
proc31 949.000
proc126 957.000
proc104 966.000
proc142 978.000
proc110 982.000
proc37 994.000
proc36 1006.000
proc136 1010.000
proc88 1015.000
proc43 1031.000
proc127 1038.000
proc111 1042.000
proc2 1065.000
proc15 1068.000
proc67 1076.000
proc133 1083.000
proc81 1087.000
proc10 1101.000
proc18 1108.000
proc32 1129.000
proc147 1133.000
proc80 1133.000
proc23 1136.000
proc71 1139.000
proc9 1149.000
proc115 1159.000
proc139 1162.000
proc4 1165.000
proc140 1177.000
proc135 1184.000
proc109 1187.000
proc41 1189.000
proc77 1192.000
proc72 1198.000
proc85 1204.000
proc129 1210.000
proc82 1213.000
proc70 1215.000
proc146 1223.000
proc86 1226.000
proc124 1228.000
proc134 1231.000
proc29 1236.000
proc33 1251.000
proc6 1258.000
proc17 1265.000
proc22 1272.000
proc75 1277.000
proc79 1282.000
proc113 1286.000
proc122 1290.000
proc93 1293.000
proc25 1293.000
proc47 1295.000
proc108 1297.000
proc44 1299.000
proc100 1303.000
proc14 1311.000
proc42 1314.000
proc94 1322.000
proc123 1327.000
proc112 1330.000
proc39 1332.000
proc13 1336.000
proc130 1341.000
proc145 1344.000
proc74 1347.000
proc27 1349.000
proc69 1350.000
proc61 1351.000
proc144 1362.000
proc91 1370.000
proc120 1371.000
proc103 1374.000
proc138 1379.000
proc114 1380.000
proc149 1388.000
proc76 1388.000
proc119 1390.000
proc84 1393.000
proc7 1394.000
proc49 1397.000
proc62 1399.000
proc65 1400.000
proc19 1400.000
proc68 1403.000
proc131 1405.000
proc106 1407.000
proc101 1407.000
proc5 1408.000
proc55 1409.000
proc53 1410.000
proc64 1413.000
proc46 1415.000
proc35 1418.000
proc73 1419.000
proc89 1420.000
proc3 1422.000
proc141 1423.000
proc87 1425.000
proc1 1427.000
proc148 1429.000
proc57 1431.000
proc99 1431.000
proc90 1432.000
proc16 1434.000
268
