proc22 3.721
proc28 7.761
proc68 14.031
proc55 22.312
proc51 22.642
proc18 27.152
proc21 36.772
proc74 39.383
proc39 40.934
proc0 44.484
proc58 44.675
proc70 52.175
proc27 54.945
proc73 59.746
proc5 69.427
proc12 70.388
proc8 75.208
proc3 77.708
proc24 86.179
proc19 88.989
proc17 90.670
proc29 97.780
proc26 107.331
proc4 115.142
proc71 122.402
proc33 132.303
proc32 136.753
proc60 146.043
proc69 149.604
proc16 156.454
proc46 164.204
proc66 173.125
proc7 182.165
proc31 186.256
proc57 188.646
proc72 195.646
proc42 203.737
proc23 205.277
proc20 206.828
proc56 209.509
proc43 211.430
proc15 211.540
proc6 215.471
proc14 222.821
proc52 228.512
proc41 232.672
proc65 236.002
proc59 236.122
proc53 237.742
proc38 245.812
proc34 248.763
proc30 251.383
proc54 261.043
proc37 268.504
proc48 271.404
proc64 273.785
proc63 278.476
proc44 287.926
proc11 289.517
proc9 290.787
proc1 293.688
proc25 298.878
proc35 300.269
proc45 308.299
proc40 317.470
proc10 320.681
proc13 324.471
proc50 327.621
proc2 333.832
proc47 339.322
proc36 344.243
proc62 351.544
proc61 351.864
proc49 356.385
proc67 360.465
0
