proc31 10.641
proc73 15.321
proc68 19.191
proc8 19.212
proc32 27.723
proc29 28.403
proc15 37.874
proc63 42.664
proc14 48.925
proc9 49.266
proc7 56.276
proc46 56.307
proc71 57.347
proc24 64.827
proc61 70.157
proc34 70.237
proc53 72.428
proc65 72.538
proc25 81.019
proc50 86.789
proc62 89.060
proc20 89.980
proc10 93.691
proc5 96.542
proc0 105.963
proc28 108.293
proc64 109.004
proc66 114.604
proc18 121.395
proc43 125.415
proc11 134.315
proc17 140.486
proc47 145.337
proc41 152.997
proc4 160.287
proc45 162.308
proc67 167.738
proc37 172.028
proc59 174.919
proc6 182.229
proc13 183.920
proc1 192.480
proc44 198.991
proc48 201.632
proc56 206.042
proc35 208.652
proc40 216.073
proc26 220.594
proc33 228.404
proc74 236.615
proc2 244.876
proc54 252.446
proc16 256.767
proc27 265.497
proc21 270.438
proc12 275.108
proc52 283.648
proc72 287.279
proc3 289.680
proc39 298.380
proc70 306.990
proc38 314.761
proc36 323.001
proc42 331.302
proc19 339.522
proc58 343.772
proc49 343.983
proc30 347.334
proc22 348.824
proc69 357.524
proc23 363.905
proc55 366.056
proc57 374.916
proc51 375.146
proc60 380.617
0
