proc69 5.682
proc33 11.732
proc36 19.883
proc44 23.193
proc46 32.334
proc34 37.475
proc22 44.215
proc65 51.405
proc51 56.556
proc40 60.676
proc57 69.127
proc53 76.738
proc8 83.068
proc47 85.849
proc28 93.619
proc29 98.850
proc30 107.040
proc43 109.660
proc68 118.030
proc52 123.030
proc20 132.541
proc17 134.602
proc12 136.522
proc37 143.233
proc7 153.124
proc41 156.545
proc11 159.315
proc16 167.726
proc66 174.776
proc26 184.066
proc74 192.427
proc14 196.848
proc63 201.238
proc15 201.339
proc18 205.289
proc35 208.800
proc4 218.000
proc50 219.330
proc5 226.320
proc10 233.091
proc71 234.411
proc62 237.222
proc1 244.742
proc64 245.543
proc60 254.464
proc55 260.364
proc48 262.125
proc54 270.105
proc0 279.746
proc3 281.597
proc59 284.857
proc70 286.768
proc67 295.308
proc19 299.028
proc45 307.818
proc21 311.309
proc13 320.199
proc39 321.790
proc6 329.431
proc25 334.371
proc73 336.472
proc49 336.512
proc27 338.982
proc32 346.043
proc38 355.123
proc23 360.134
proc24 369.904
proc2 375.475
proc31 381.765
proc61 381.765
proc72 389.055
proc9 398.925
proc58 403.775
proc42 406.056
proc56 412.346
0
