proc49 6.631
proc6 15.812
proc36 22.152
proc0 30.902
proc48 34.423
proc50 41.743
proc40 50.063
proc53 52.374
proc45 61.234
proc46 70.425
proc26 74.425
proc7 81.255
proc72 85.466
proc32 92.666
proc62 92.906
proc13 98.667
proc29 99.987
proc39 100.107
proc28 104.278
proc16 104.909
proc2 113.399
proc44 118.430
proc3 120.330
proc18 126.671
proc60 131.892
proc21 139.682
proc67 145.582
proc54 150.612
proc25 151.923
proc65 153.623
proc35 158.483
proc68 163.204
proc8 169.215
proc1 176.056
proc24 181.466
proc56 189.416
proc5 198.156
proc47 204.827
proc14 210.077
proc20 219.857
proc59 224.208
proc15 224.679
proc42 224.919
proc63 226.550
proc52 229.450
proc9 235.110
proc55 241.581
proc10 247.691
proc38 255.242
proc71 257.263
proc33 264.253
proc19 267.203
proc22 274.474
proc17 276.714
proc64 281.734
proc37 286.705
proc34 288.025
proc11 288.306
proc30 295.336
proc61 299.166
proc69 299.736
proc51 306.727
proc27 307.927
proc66 314.478
proc58 318.678
proc70 322.238
proc57 325.699
proc43 332.939
proc12 335.939
proc4 340.610
proc73 340.980
proc41 349.251
proc74 357.001
proc23 366.802
proc31 366.842
0
