proc43 7.831
proc13 14.691
proc36 20.752
proc30 24.093
proc22 29.163
proc0 30.813
proc74 37.144
proc28 40.474
proc55 48.764
proc53 53.284
proc68 56.595
proc31 63.335
proc57 66.256
proc11 75.026
proc42 76.737
proc39 83.538
proc47 90.368
proc32 97.698
proc6 104.769
proc26 111.539
proc46 118.760
proc23 124.260
proc70 127.891
proc73 130.141
proc60 132.911
proc63 139.512
proc2 144.412
proc21 144.963
proc29 154.373
proc66 157.604
proc20 166.084
proc1 173.774
proc64 177.515
proc44 178.175
proc34 186.226
proc9 190.236
proc7 190.727
proc12 192.847
proc3 196.207
proc33 206.188
proc50 209.378
proc52 213.549
proc15 215.939
proc65 220.680
proc25 227.980
proc4 230.051
proc19 230.091
proc35 233.722
proc40 241.012
proc14 243.683
proc27 249.753
proc61 259.523
proc8 267.964
proc49 274.895
proc51 276.985
proc54 285.626
proc59 293.156
proc18 298.887
proc48 303.707
proc38 306.888
proc58 307.608
proc24 309.389
proc10 314.089
proc56 314.890
proc69 315.380
proc41 324.710
proc62 329.980
proc72 338.971
proc67 344.251
proc17 353.481
proc16 358.271
proc37 360.692
proc45 367.453
proc5 376.804
proc71 376.824
0
