proc6 8.581
proc65 12.531
proc72 16.111
proc14 22.981
proc52 29.332
proc29 32.082
proc8 34.503
proc63 41.583
proc62 42.913
proc19 51.943
proc73 56.313
proc50 57.484
proc55 58.765
proc37 63.375
proc48 71.896
proc7 75.336
proc24 79.156
proc70 85.606
proc34 91.597
proc1 101.597
proc57 108.217
proc9 115.688
proc28 117.408
proc56 124.349
proc32 125.869
proc2 132.500
proc23 136.030
proc22 141.570
proc45 149.341
proc64 151.961
proc26 153.521
proc35 158.742
proc44 163.083
proc18 170.113
proc39 177.184
proc66 183.454
proc60 187.854
proc49 190.705
proc54 198.796
proc46 206.526
proc53 210.907
proc71 213.678
proc42 219.178
proc27 226.968
proc58 235.068
proc17 241.519
proc20 248.499
proc61 249.439
proc30 258.430
proc74 266.120
proc51 266.581
proc4 275.632
proc33 280.072
proc59 283.183
proc67 291.413
proc10 298.874
proc13 298.954
proc5 305.454
proc43 308.005
proc3 316.665
proc40 320.086
proc16 325.036
proc11 334.316
proc68 338.737
proc69 340.208
proc15 345.108
proc25 348.079
proc41 351.220
proc38 357.840
proc21 363.471
proc47 372.631
proc31 381.211
proc12 383.231
proc36 391.862
proc0 399.993
0
