proc11 9.671
proc63 19.642
proc7 29.022
proc1 35.333
proc67 36.413
proc19 45.243
proc52 50.153
proc26 57.233
proc8 60.054
proc28 67.194
proc68 71.095
proc46 80.436
proc27 84.916
proc3 93.377
proc38 93.768
proc36 101.908
proc12 106.259
proc43 106.669
proc56 113.430
proc18 119.210
proc49 119.421
proc58 128.312
proc70 137.392
proc45 145.032
proc9 145.643
proc33 148.563
proc41 157.204
proc29 164.885
proc35 172.075
proc66 175.166
proc34 176.576
proc4 179.587
proc51 180.067
proc74 187.368
proc23 193.079
proc37 202.500
proc42 209.671
proc20 214.081
proc39 217.962
proc62 221.372
proc54 224.162
proc55 229.883
proc2 235.613
proc10 244.034
proc44 248.125
proc25 248.976
proc48 254.296
proc71 260.106
proc65 260.617
proc6 265.777
proc64 270.978
proc16 275.408
proc47 279.028
proc53 286.139
proc30 288.279
proc61 290.870
proc69 292.811
proc40 293.301
proc15 301.571
proc60 310.352
proc50 317.482
proc17 322.312
proc0 332.183
proc57 335.173
proc59 336.764
proc14 346.214
proc31 346.604
proc73 347.735
proc21 352.376
proc22 359.066
proc24 362.847
proc32 371.587
proc5 379.447
proc13 385.147
proc72 385.918
0
