proc39 5.561
proc21 8.551
proc69 11.741
proc65 12.481
proc22 14.202
proc1 14.503
proc15 23.373
proc51 30.453
proc60 31.023
proc71 33.994
proc72 34.765
proc14 37.365
proc29 39.666
proc41 42.066
proc40 44.847
proc47 45.627
proc7 47.917
proc8 52.067
proc38 55.518
proc37 62.608
proc57 69.879
proc66 74.959
proc44 78.060
proc10 84.550
proc73 94.391
proc67 102.201
proc46 110.622
proc56 115.822
proc18 123.673
proc6 124.184
proc42 126.054
proc27 134.104
proc11 141.835
proc34 150.445
proc68 156.485
proc33 159.136
proc24 159.956
proc26 161.587
proc53 162.627
proc5 169.657
proc3 177.588
proc0 177.688
proc9 177.849
proc28 180.359
proc17 186.000
proc74 193.990
proc49 197.141
proc52 198.931
proc59 201.471
proc35 207.541
proc45 207.882
proc13 210.782
proc25 212.853
proc30 215.113
proc54 219.054
proc62 227.984
proc55 229.285
proc50 234.485
proc36 236.546
proc64 239.286
proc58 244.826
proc48 247.896
proc70 252.477
proc61 254.347
proc12 260.947
proc2 269.008
proc63 274.008
proc43 281.818
proc23 290.919
proc32 294.169
proc16 297.640
proc31 300.110
proc4 305.061
proc19 309.261
proc20 317.111
0
