proc65 9.601
proc31 19.431
proc25 23.221
proc30 24.421
proc59 30.601
proc50 39.341
proc26 48.482
proc35 56.042
proc29 60.612
proc56 61.482
proc12 62.803
proc64 71.343
proc60 78.713
proc48 88.343
proc54 96.804
proc58 98.524
proc53 100.184
proc39 102.704
proc24 109.204
proc37 114.625
proc74 115.885
proc17 121.865
proc4 121.925
proc42 123.156
proc8 131.126
proc66 140.056
proc36 149.017
proc33 152.497
proc70 161.978
proc49 164.538
proc41 168.998
proc57 178.398
proc72 180.989
proc67 184.479
proc43 189.709
proc45 194.070
proc3 195.160
proc28 203.521
proc23 203.811
proc2 210.781
proc16 217.461
proc1 225.261
proc11 231.332
proc18 240.822
proc62 244.142
proc40 247.712
proc14 257.653
proc19 266.253
proc27 268.773
proc10 269.443
proc63 275.624
proc20 280.714
proc32 288.974
proc44 291.935
proc52 298.625
proc61 305.095
proc46 313.365
proc15 322.206
proc68 328.246
proc13 334.756
proc34 341.316
proc6 346.006
proc71 352.467
proc73 361.578
proc0 363.168
proc38 363.788
proc55 367.388
proc22 370.028
proc47 371.389
proc21 371.949
proc5 374.409
proc51 377.670
proc9 380.120
proc7 383.780
proc69 390.980
0
