proc5 2.472
proc32 10.933
proc16 17.183
proc60 17.233
proc25 17.384
proc6 22.685
proc1 25.975
proc71 33.945
proc45 42.586
proc62 49.526
proc7 57.816
proc57 60.207
proc28 62.657
proc59 67.397
proc74 73.738
proc10 78.629
proc0 81.100
proc43 81.330
proc66 81.700
proc53 84.431
proc67 86.051
proc29 93.161
proc54 94.332
proc12 94.713
proc40 104.304
proc18 110.814
proc39 113.765
proc23 115.305
proc51 118.525
proc49 120.016
proc55 122.156
proc52 122.747
proc46 126.558
proc27 135.868
proc69 145.629
proc15 151.539
proc68 159.520
proc26 159.770
proc19 163.410
proc2 170.280
proc14 176.171
proc56 181.972
proc33 183.732
proc70 193.623
proc36 198.594
proc50 203.194
proc31 205.435
proc13 214.625
proc65 220.086
proc21 223.326
proc22 229.326
proc58 230.547
proc47 231.728
proc30 237.938
proc4 244.389
proc38 244.679
proc9 247.509
proc37 256.279
proc42 261.470
proc11 267.170
proc64 269.110
proc61 272.480
proc44 281.891
proc24 288.121
proc41 293.222
proc3 301.402
proc48 309.643
proc8 313.083
proc17 320.573
proc20 326.244
proc34 326.564
proc35 327.155
proc63 336.355
proc73 344.846
proc72 353.956
0
