proc9 1.601
proc61 6.541
proc66 15.222
proc47 19.732
proc48 24.003
proc34 31.764
proc36 37.484
proc63 46.625
proc59 49.455
proc60 50.166
proc23 52.227
proc46 56.777
proc10 64.698
proc62 65.419
proc44 65.630
proc70 68.551
proc25 77.961
proc58 83.182
proc20 83.782
proc33 86.203
proc15 90.224
proc32 91.314
proc54 96.715
proc35 97.346
proc1 98.006
proc43 107.696
proc41 110.917
proc14 116.527
proc51 118.928
proc69 120.618
proc11 122.148
proc31 127.359
proc16 129.479
proc26 133.860
proc24 140.121
proc52 149.531
proc40 158.312
proc22 161.842
proc18 170.662
proc19 179.503
proc55 182.214
proc0 191.214
proc17 191.774
proc30 197.865
proc42 204.506
proc67 212.116
proc3 220.677
proc45 224.497
proc73 230.317
proc29 233.397
proc49 236.048
proc65 244.979
proc4 248.509
proc50 256.999
proc6 258.770
proc8 266.380
proc39 268.150
proc5 272.831
proc53 275.892
proc7 282.292
proc12 282.942
proc13 290.793
proc68 291.304
proc72 296.354
proc57 301.145
proc27 302.415
proc2 311.096
proc21 316.136
proc74 321.106
proc64 323.737
proc28 330.908
proc71 333.879
proc56 338.249
proc38 342.539
proc37 347.350
0
