proc57 3.861
proc65 9.911
proc54 12.881
proc22 22.131
proc48 31.412
proc70 38.892
proc8 46.652
proc31 54.103
proc52 58.063
proc74 60.283
proc36 61.383
proc3 62.563
proc67 62.833
proc23 69.164
proc0 69.884
proc45 72.614
proc40 79.674
proc25 81.475
proc44 89.585
proc17 96.265
proc60 102.545
proc46 106.216
proc12 113.846
proc5 118.116
proc1 125.256
proc51 132.207
proc66 132.297
proc56 140.347
proc21 146.147
proc62 147.118
proc73 149.928
proc24 153.498
proc50 153.768
proc35 160.158
proc61 160.298
proc11 169.059
proc26 169.789
proc29 178.319
proc20 179.479
proc47 179.780
proc32 187.710
proc30 191.070
proc69 195.541
proc53 196.061
proc58 199.821
proc71 201.911
proc9 205.281
proc19 208.801
proc43 209.051
proc37 218.501
proc63 225.192
proc41 233.062
proc42 236.122
proc13 244.782
proc33 254.513
proc14 260.603
proc7 266.283
proc4 271.854
proc10 277.024
proc28 279.254
proc34 283.274
proc72 289.455
proc49 297.545
proc15 307.125
proc27 310.535
proc59 312.476
proc39 314.336
proc68 320.356
proc18 327.826
proc2 332.747
proc16 342.087
proc38 349.197
proc55 354.078
proc64 361.128
proc6 362.428
0
