proc42 4.790
proc32 8.360
proc65 10.031
proc7 12.821
proc71 19.331
proc44 19.721
proc66 24.531
proc36 30.752
proc50 33.332
proc58 37.742
proc51 38.492
proc29 44.302
proc52 45.052
proc13 51.062
proc6 59.053
proc1 60.563
proc19 64.553
proc18 70.474
proc34 75.784
proc17 83.554
proc16 90.904
proc27 92.454
proc5 93.594
proc56 103.105
proc33 111.345
proc72 117.845
proc28 121.695
proc68 125.525
proc22 127.286
proc43 135.336
proc35 136.266
proc10 146.066
proc64 152.876
proc11 154.497
proc30 159.057
proc15 164.667
proc23 168.097
proc55 172.688
proc46 177.948
proc74 186.288
proc26 195.468
proc49 199.929
proc0 209.809
proc21 211.599
proc53 215.959
proc48 224.479
proc37 233.670
proc25 240.030
proc39 244.181
proc31 254.151
proc4 260.291
proc67 262.761
proc61 265.031
proc3 266.352
proc24 268.282
proc73 272.702
proc54 277.702
proc2 280.603
proc57 289.533
proc59 299.333
proc38 301.953
proc63 311.283
proc9 315.684
proc40 323.864
proc8 331.504
proc41 336.015
proc60 336.905
proc70 346.595
proc14 349.085
proc69 350.605
proc20 358.476
proc47 359.236
proc45 363.486
proc12 372.596
proc62 376.486
0
