proc16 7.880
proc20 8.170
proc52 15.931
proc31 16.701
proc13 22.051
proc14 26.912
proc64 31.622
proc17 35.942
proc21 38.533
proc57 41.773
proc30 51.273
proc37 57.374
proc65 66.474
proc9 72.704
proc19 76.774
proc70 83.905
proc43 85.755
proc11 92.775
proc71 93.815
proc23 99.745
proc12 101.485
proc56 104.735
proc25 107.656
proc1 112.836
proc60 119.256
proc18 121.327
proc45 123.987
proc3 125.477
proc33 126.507
proc61 127.627
proc38 131.498
proc53 141.488
proc36 151.348
proc35 154.678
proc55 162.678
proc59 169.198
proc44 177.579
proc49 178.479
proc51 180.419
proc2 189.210
proc41 191.360
proc72 199.141
proc46 206.011
proc73 211.591
proc74 217.881
proc6 224.081
proc42 232.301
proc66 234.381
proc58 236.302
proc32 244.652
proc10 248.452
proc27 252.393
proc40 254.273
proc15 256.453
proc68 265.953
proc29 275.323
proc7 277.144
proc34 277.454
proc26 280.404
proc62 281.794
proc67 285.304
proc5 295.064
proc0 298.195
proc22 303.545
proc8 310.755
proc28 318.005
proc63 323.585
proc39 323.976
proc48 326.776
proc69 330.687
proc54 335.237
proc24 341.777
proc4 348.937
proc50 356.127
proc47 364.938
0
