proc55 3.291
proc27 4.761
proc50 12.472
proc13 20.032
proc23 22.632
proc60 28.472
proc22 30.933
proc17 31.093
proc44 40.883
proc56 45.014
proc46 45.494
proc43 48.694
proc33 56.794
proc26 57.645
proc11 62.415
proc24 71.835
proc18 77.075
proc72 83.365
proc61 91.586
proc74 92.137
proc67 96.177
proc29 97.077
proc52 98.427
proc62 98.587
proc51 105.828
proc21 114.048
proc15 117.068
proc36 124.188
proc49 128.749
proc47 136.929
proc38 141.579
proc40 146.729
proc32 154.530
proc2 156.280
proc39 162.860
proc31 170.150
proc68 178.270
proc59 184.000
proc20 190.661
proc9 192.851
proc58 195.911
proc42 197.931
proc70 200.251
proc12 208.352
proc63 217.812
proc54 221.142
proc8 228.172
proc65 232.422
proc73 233.103
proc25 235.073
proc48 236.203
proc0 238.473
proc1 248.003
proc34 257.804
proc69 259.824
proc14 265.904
proc5 267.494
proc10 275.834
proc28 279.025
proc6 281.875
proc37 289.055
proc19 298.286
proc35 303.906
proc66 309.056
proc4 311.756
proc30 316.597
proc16 317.167
proc57 324.087
proc53 326.607
proc71 330.778
proc3 332.388
proc41 341.099
proc7 349.979
proc64 354.209
proc45 362.090
0
