proc12 9.820
proc3 16.460
proc20 17.621
proc26 25.041
proc64 25.641
proc21 32.171
proc56 33.432
proc45 42.082
proc5 45.402
proc40 51.133
proc16 58.673
proc2 63.323
proc74 68.394
proc27 69.714
proc47 78.564
proc4 81.704
proc7 87.484
proc53 88.915
proc48 96.765
proc51 100.025
proc43 103.025
proc15 106.215
proc65 113.846
proc46 116.296
proc29 117.526
proc66 126.177
proc18 133.347
proc60 141.547
proc52 150.357
proc54 157.238
proc36 158.568
proc17 158.579
proc73 162.920
proc23 168.700
proc6 178.061
proc50 186.101
proc31 188.812
proc0 195.172
proc70 205.152
proc58 211.133
proc41 211.264
proc22 217.994
proc11 225.205
proc44 235.096
proc42 241.276
proc9 244.217
proc32 252.217
proc57 255.617
proc19 258.487
proc37 261.878
proc59 265.719
proc61 266.529
proc67 271.529
proc33 273.779
proc34 275.880
proc55 284.101
proc8 290.781
proc14 292.562
proc72 298.332
proc49 304.952
proc10 312.593
proc69 319.043
proc63 325.924
proc25 331.734
proc68 331.785
proc35 332.466
proc39 338.246
proc38 340.896
proc13 350.227
proc28 355.077
proc62 359.438
proc1 363.268
proc71 369.648
proc24 372.688
proc30 374.419
0
