proc49 9.041
proc7 11.852
proc52 13.922
proc30 15.422
proc59 25.343
proc3 27.083
proc63 31.794
proc4 40.454
proc50 41.435
proc69 50.185
proc12 50.605
proc21 57.696
proc66 58.106
proc42 58.547
proc9 62.407
proc68 70.088
proc1 78.259
proc47 88.060
proc40 95.680
proc46 96.950
proc58 106.591
proc44 113.981
proc38 123.252
proc15 132.232
proc43 140.013
proc73 149.163
proc54 158.403
proc72 166.114
proc20 173.585
proc57 176.896
proc51 186.866
proc39 193.667
proc62 200.037
proc35 200.928
proc55 208.398
proc26 213.529
proc27 217.140
proc16 222.420
proc2 225.030
proc60 226.491
proc25 236.202
proc64 245.062
proc5 245.203
proc31 248.703
proc6 249.684
proc71 252.704
proc48 256.324
proc23 263.685
proc32 265.165
proc56 265.615
proc18 270.905
proc19 278.886
proc24 284.696
proc33 292.757
proc67 297.417
proc29 304.747
proc65 308.537
proc22 317.298
proc28 317.759
proc45 319.989
proc0 320.489
proc53 326.529
proc61 332.310
proc14 335.271
proc70 339.921
proc17 345.722
proc37 346.862
proc13 348.362
proc41 352.223
proc36 358.173
proc8 364.644
proc10 366.794
proc34 371.774
proc11 376.695
proc74 381.826
0
