proc39 5.844
proc146 9.875
proc102 13.865
proc111 19.496
proc8 26.527
proc85 30.318
proc66 34.629
proc114 44.221
proc74 46.012
proc45 49.312
proc79 59.273
proc16 59.695
proc131 67.297
proc27 72.877
proc104 78.117
proc41 87.309
proc126 92.270
proc82 94.441
proc116 102.303
proc100 105.824
proc30 110.955
proc47 118.615
proc132 122.926
proc33 128.107
proc93 128.768
proc31 129.799
proc32 138.330
proc11 148.070
proc56 154.182
proc5 159.332
proc64 165.883
proc57 173.645
proc112 179.365
proc115 184.115
proc128 191.877
proc109 196.549
proc121 198.879
proc29 206.039
proc103 211.840
proc48 217.861
proc90 223.002
proc106 231.992
proc73 241.562
proc108 246.533
proc134 254.324
proc127 263.535
proc149 266.596
proc43 269.496
proc92 271.326
proc52 271.857
proc6 278.508
proc140 283.520
proc50 285.381
proc117 292.992
proc88 298.953
proc59 304.645
proc35 312.246
proc137 322.076
proc24 325.617
proc3 334.479
proc65 336.660
proc123 337.400
proc89 344.242
proc76 351.473
proc96 355.533
proc37 360.064
proc49 366.105
proc17 374.127
proc139 383.338
proc18 391.549
proc105 395.660
proc10 397.172
proc141 403.094
proc44 411.945
proc81 414.586
proc68 417.986
proc55 418.158
proc144 427.068
proc130 432.059
proc40 439.340
proc21 440.791
proc9 445.143
proc46 447.904
proc34 457.746
proc26 458.338
proc145 465.100
proc15 471.611
proc113 480.213
proc70 485.564
proc84 491.625
proc19 495.756
proc71 499.137
proc23 505.217
proc86 513.889
proc122 518.480
proc91 519.182
proc54 528.553
proc129 534.764
proc58 535.475
proc143 541.186
proc13 545.646
proc0 552.047
proc87 558.848
proc136 565.449
proc148 573.430
proc14 577.711
proc22 586.883
proc60 596.725
proc7 599.246
proc42 600.418
proc62 602.549
proc53 606.549
proc12 616.250
proc75 622.830
proc25 632.521
proc125 636.252
proc135 641.832
proc98 647.434
proc69 655.215
proc20 664.625
proc61 672.936
proc97 674.217
proc133 683.328
proc77 689.840
proc1 693.531
proc80 699.723
proc28 700.443
proc38 703.324
proc119 706.686
proc51 709.557
proc63 719.377
proc118 720.168
proc124 721.629
proc120 723.789
proc142 731.369
proc110 737.529
proc83 742.840
proc95 750.240
proc147 758.801
proc78 760.881
proc67 767.422
proc138 769.803
proc94 776.793
proc36 780.404
proc101 780.654
proc72 781.715
proc99 782.137
proc107 789.238
proc4 794.330
proc2 801.871
0
