proc143 0.922
proc136 4.184
proc123 13.664
proc141 19.955
proc75 25.986
proc21 30.518
proc87 40.479
proc93 43.879
proc10 46.020
proc4 50.781
proc69 59.092
proc29 64.562
proc57 65.654
proc115 66.275
proc25 74.637
proc37 80.367
proc116 87.039
proc24 95.561
proc56 101.861
proc22 111.592
proc138 119.842
proc63 127.242
proc88 130.023
proc97 132.094
proc120 133.004
proc92 140.525
proc70 147.127
proc14 157.107
proc110 157.607
proc41 159.607
proc30 162.299
proc26 163.990
proc53 165.611
proc3 175.322
proc18 181.004
proc135 185.914
proc146 194.695
proc38 198.127
proc42 207.918
proc80 212.809
proc78 214.760
proc43 221.410
proc35 225.381
proc117 228.342
proc148 232.982
proc125 239.543
proc100 247.975
proc98 251.705
proc16 256.576
proc67 263.467
proc9 271.197
proc112 274.059
proc84 277.859
proc140 279.400
proc17 289.252
proc96 290.764
proc129 293.365
proc137 295.377
proc0 298.947
proc66 304.768
proc142 306.568
proc119 315.479
proc11 324.670
proc101 331.031
proc131 333.191
proc47 338.842
proc49 346.812
proc34 349.693
proc7 350.494
proc144 356.824
proc59 358.756
proc12 365.406
proc82 374.547
proc31 377.738
proc134 379.369
proc145 388.119
proc45 392.801
proc132 394.752
proc94 401.992
proc8 407.193
proc77 411.064
proc83 417.055
proc48 425.336
proc40 431.977
proc114 432.668
proc89 442.219
proc106 447.561
proc128 455.592
proc107 462.672
proc6 468.912
proc86 473.033
proc58 480.014
proc108 480.395
proc23 486.986
proc51 492.918
proc71 497.639
proc111 502.811
proc79 505.771
proc95 510.953
proc99 520.703
proc73 527.014
proc33 528.395
proc13 537.436
proc118 546.887
proc1 554.637
proc52 563.238
proc20 573.100
proc149 575.980
proc147 579.072
proc2 583.164
proc72 587.865
proc19 597.047
proc121 604.697
proc102 612.988
proc28 620.949
proc32 625.680
proc74 631.900
proc85 636.072
proc91 638.254
proc104 642.734
proc68 645.975
proc61 654.055
proc113 656.756
proc55 663.787
proc139 666.148
proc60 667.549
proc126 675.459
proc5 676.971
proc90 679.191
proc54 680.783
proc127 681.824
proc133 683.965
proc130 688.465
proc46 692.865
proc109 700.076
proc50 703.977
proc124 709.447
proc27 715.027
proc39 719.518
proc36 725.699
proc122 727.041
proc65 731.342
proc15 739.912
proc103 748.803
proc64 754.953
proc105 756.244
proc76 756.695
proc81 758.336
proc44 759.957
proc62 765.139
0
