proc71 5.283
proc129 11.145
proc82 17.375
proc0 23.375
proc87 26.775
proc94 36.176
proc120 43.287
proc111 52.068
proc135 52.719
proc28 59.039
proc148 60.199
proc58 68.520
proc140 71.740
proc102 73.900
proc36 78.852
proc81 87.873
proc139 94.475
proc29 99.906
proc39 102.078
proc54 107.068
proc26 108.139
proc44 109.459
proc69 109.930
proc53 113.561
proc95 115.871
proc145 125.143
proc60 127.953
proc1 128.764
proc97 129.744
proc6 130.926
proc136 136.607
proc62 139.969
proc124 140.160
proc133 141.070
proc30 149.951
proc51 154.143
proc5 156.174
proc76 161.365
proc142 164.906
proc103 165.447
proc83 166.799
proc99 172.340
proc18 172.920
proc118 181.301
proc121 188.912
proc61 194.133
proc92 201.414
proc134 204.586
proc17 212.297
proc64 218.408
proc43 224.738
proc8 229.439
proc85 230.680
proc108 231.371
proc75 238.031
proc2 241.021
proc15 247.322
proc20 256.812
proc119 259.523
proc112 269.375
proc21 276.355
proc107 279.957
proc47 283.158
proc91 290.309
proc127 299.939
proc122 301.291
proc138 307.803
proc31 310.453
proc115 314.064
proc132 317.035
proc113 319.355
proc109 322.547
proc56 330.547
proc110 333.447
proc40 337.969
proc147 344.949
proc114 352.520
proc35 356.121
proc22 362.793
proc34 367.623
proc126 368.344
proc27 372.145
proc73 378.445
proc49 381.217
proc59 384.688
proc104 385.588
proc46 392.939
proc137 402.711
proc13 408.521
proc14 412.373
proc37 412.434
proc101 421.885
proc105 424.215
proc131 433.016
proc55 435.727
proc116 437.398
proc48 438.879
proc79 440.689
proc88 442.971
proc42 450.393
proc130 456.643
proc74 465.744
proc128 467.916
proc67 472.146
proc41 480.908
proc98 488.439
proc70 490.561
proc72 497.502
proc80 506.443
proc125 510.895
proc11 513.406
proc65 515.578
proc146 517.090
proc57 519.031
proc45 525.252
proc123 530.883
proc141 540.154
proc89 548.826
proc4 550.207
proc106 551.707
proc52 552.498
proc24 560.359
proc38 561.260
proc143 567.141
proc86 570.832
proc68 576.062
proc93 585.834
proc66 592.395
proc32 599.965
proc25 601.166
proc78 601.598
proc33 608.209
proc117 613.680
proc23 615.941
proc19 616.053
proc96 616.703
proc7 618.684
proc50 625.865
proc63 630.656
proc10 631.486
proc9 632.127
proc149 634.549
proc84 642.580
proc12 648.422
proc77 650.473
proc100 655.943
proc144 664.545
proc16 673.045
proc90 679.066
proc3 684.117
0
