proc74 9.652
proc79 13.482
proc6 22.873
proc100 27.734
proc64 34.326
proc148 36.457
proc16 41.268
proc105 41.398
proc13 44.469
proc120 54.209
proc149 54.770
proc7 59.520
proc86 64.201
proc108 69.191
proc62 72.312
proc63 77.293
proc126 82.543
proc54 89.344
proc90 89.674
proc78 98.975
proc131 101.105
proc82 109.236
proc53 110.188
proc93 119.059
proc89 125.100
proc119 129.781
proc26 133.172
proc17 138.973
proc9 143.404
proc130 151.275
proc101 160.775
proc87 165.066
proc117 173.447
proc138 180.268
proc12 184.309
proc37 192.340
proc67 194.781
proc47 202.252
proc59 207.982
proc20 209.324
proc43 217.746
proc107 227.316
proc116 232.488
proc42 234.869
proc71 241.561
proc61 248.441
proc55 250.271
proc1 256.662
proc144 263.812
proc65 273.793
proc35 283.334
proc14 290.324
proc4 291.064
proc142 300.805
proc123 308.977
proc125 310.998
proc129 318.068
proc145 321.699
proc97 326.240
proc121 331.320
proc48 334.352
proc80 342.502
proc85 347.473
proc70 350.883
proc92 352.623
proc127 360.645
proc147 369.996
proc69 374.357
proc91 384.299
proc132 393.650
proc56 402.801
proc22 404.881
proc45 413.572
proc110 414.623
proc109 415.494
proc28 419.225
proc96 421.025
proc8 425.686
proc111 429.357
proc41 433.029
proc50 442.180
proc95 442.791
proc31 442.941
proc98 444.203
proc115 449.844
proc38 452.984
proc112 453.145
proc51 457.645
proc44 462.506
proc99 465.756
proc21 475.006
proc36 476.756
proc66 481.438
proc33 485.568
proc52 493.309
proc27 498.939
proc34 500.961
proc104 505.682
proc135 509.822
proc102 513.684
proc30 517.945
proc0 524.756
proc15 529.467
proc146 532.107
proc124 538.639
proc137 538.699
proc40 546.961
proc72 554.842
proc88 560.783
proc128 565.664
proc118 575.234
proc83 581.256
proc68 582.537
proc122 583.178
proc46 587.799
proc19 591.240
proc84 597.271
proc25 600.373
proc113 609.004
proc5 614.074
proc57 616.205
proc133 619.605
proc73 628.967
proc24 635.508
proc10 636.488
proc11 640.889
proc18 642.029
proc114 647.150
proc139 648.111
proc103 653.922
proc29 654.973
proc32 660.094
proc140 663.445
proc141 668.496
proc58 674.918
proc94 681.209
proc75 684.490
proc23 687.162
proc136 692.854
proc3 697.705
proc60 698.836
proc49 701.277
proc39 703.018
proc106 708.348
proc134 708.439
proc81 709.861
proc77 711.982
proc2 716.934
proc76 726.205
proc143 733.756
0
