proc140 4.523
proc4 12.414
proc132 18.496
proc73 24.539
proc74 25.320
proc26 30.922
proc59 31.133
proc16 37.504
proc129 43.695
proc61 46.367
proc32 46.898
proc34 52.289
proc43 60.590
proc143 67.602
proc1 71.402
proc24 80.273
proc149 89.566
proc91 90.750
proc98 92.910
proc53 99.383
proc139 107.926
proc42 116.309
proc93 124.211
proc125 126.992
proc55 130.176
proc89 139.227
proc101 140.090
proc88 140.340
proc70 146.871
proc147 150.254
proc29 157.105
proc100 166.168
proc82 175.500
proc137 177.184
proc136 183.824
proc97 193.027
proc49 193.629
proc124 201.910
proc23 202.082
proc83 211.812
proc138 219.703
proc144 220.484
proc62 221.688
proc65 227.699
proc134 236.512
proc12 241.172
proc85 247.855
proc87 248.199
proc90 255.141
proc81 257.602
proc37 260.492
proc69 261.836
proc35 264.477
proc145 271.168
proc115 276.488
proc120 285.090
proc131 285.523
proc8 294.523
proc64 297.707
proc94 302.660
proc96 307.992
proc11 313.516
proc126 315.168
proc127 315.379
proc63 318.750
proc102 326.434
proc60 333.684
proc9 342.004
proc51 344.586
proc112 346.438
proc17 351.121
proc122 352.305
proc130 353.055
proc41 360.516
proc22 361.848
proc76 362.941
proc135 364.555
proc0 367.926
proc68 368.719
proc15 377.129
proc36 380.270
proc128 387.941
proc5 395.375
proc141 404.258
proc40 405.129
proc18 414.520
proc75 419.070
proc66 423.582
proc103 424.055
proc86 426.586
proc31 431.316
proc48 432.617
proc92 437.059
proc72 438.020
proc28 445.613
proc50 452.457
proc84 452.598
proc45 456.348
proc38 466.219
proc111 472.992
proc106 480.773
proc25 485.797
proc57 485.930
proc99 490.930
proc118 499.762
proc47 503.965
proc3 504.266
proc95 513.016
proc107 514.176
proc104 519.438
proc30 524.211
proc10 528.461
proc77 528.781
proc133 534.172
proc80 537.953
proc20 540.504
proc6 546.484
proc146 546.555
proc142 555.738
proc113 564.160
proc7 572.160
proc56 574.812
proc119 583.426
proc52 588.770
proc117 588.980
proc148 595.824
proc108 599.117
proc71 606.379
proc14 608.582
proc79 609.305
proc13 611.457
proc116 613.938
proc114 620.129
proc58 626.922
proc105 629.773
proc2 631.586
proc67 633.398
proc19 638.141
proc39 641.234
proc123 650.637
proc46 660.547
proc44 669.898
proc121 675.621
proc27 676.781
proc109 677.395
proc54 683.527
proc78 689.961
proc33 693.953
proc21 701.484
proc110 705.328
0
