proc44 8.402
proc19 17.203
proc14 27.016
proc79 33.098
proc132 42.309
proc137 48.559
proc34 54.230
proc123 60.742
proc36 69.715
proc102 73.828
proc23 75.070
proc56 81.480
proc47 86.883
proc11 87.016
proc75 96.426
proc136 106.148
proc88 115.789
proc72 120.402
proc117 122.996
proc40 126.246
proc68 129.508
proc114 133.789
proc52 141.082
proc15 147.582
proc26 150.184
proc115 160.016
proc7 160.238
proc49 165.309
proc126 171.000
proc25 173.730
proc32 179.293
proc66 188.445
proc57 195.578
proc94 202.898
proc58 203.941
proc138 207.691
proc146 217.344
proc41 220.125
proc13 225.809
proc87 226.090
proc89 235.863
proc71 241.344
proc130 249.938
proc124 257.668
proc60 264.410
proc20 268.582
proc70 274.402
proc74 277.812
proc33 284.023
proc63 290.547
proc92 292.500
proc54 293.523
proc80 302.676
proc134 305.246
proc43 313.246
proc93 323.078
proc111 332.930
proc95 337.430
proc81 339.340
proc12 348.281
proc67 349.422
proc48 350.492
proc39 356.484
proc51 365.105
proc50 371.309
proc4 374.840
proc142 378.160
proc133 387.754
proc18 389.855
proc53 390.867
proc148 392.910
proc139 396.473
proc82 399.426
proc8 401.039
proc96 410.859
proc103 418.703
proc121 421.996
proc147 431.906
proc112 432.379
proc120 441.891
proc98 445.301
proc145 453.961
proc86 454.613
proc0 458.395
proc10 462.086
proc125 471.379
proc64 471.441
proc105 475.145
proc122 483.445
proc38 490.758
proc106 499.410
proc65 507.852
proc116 513.574
proc1 515.086
proc127 521.836
proc73 529.758
proc131 533.340
proc5 540.684
proc9 549.055
proc3 555.348
proc107 561.461
proc76 562.832
proc140 569.324
proc35 576.805
proc85 580.438
proc90 583.809
proc30 591.430
proc135 599.473
proc97 601.875
proc84 604.676
proc128 609.539
proc91 616.730
proc45 622.203
proc144 623.445
proc143 630.996
proc17 638.270
proc46 644.230
proc83 653.812
proc118 654.543
proc22 663.344
proc108 664.688
proc113 670.109
proc55 678.691
proc28 683.273
proc119 693.055
proc42 697.777
proc29 702.371
proc149 709.133
proc2 713.355
proc104 723.258
proc141 726.379
proc109 727.191
proc6 735.895
proc62 738.047
proc101 738.840
proc78 745.312
proc37 754.156
proc24 755.418
proc99 761.512
proc31 768.945
proc59 771.656
proc69 774.488
proc77 779.750
proc61 780.492
proc110 781.086
proc100 784.367
proc129 787.820
proc21 792.781
proc27 793.094
proc16 798.715
0
