proc31 1.312
proc11 9.285
proc72 16.977
proc130 21.957
proc48 31.938
proc131 40.961
proc39 46.492
proc85 46.793
proc84 47.875
proc64 49.406
proc91 52.508
proc19 61.828
proc129 63.961
proc6 64.344
proc103 65.496
proc30 70.219
proc106 72.570
proc42 76.191
proc57 80.312
proc66 86.734
proc40 93.406
proc133 98.520
proc109 102.352
proc142 104.383
proc45 112.746
proc98 117.770
proc63 126.051
proc65 134.051
proc113 134.293
proc93 141.594
proc82 151.504
proc13 159.535
proc20 165.496
proc145 175.059
proc83 183.000
proc8 189.492
proc112 198.625
proc26 200.117
proc124 204.609
proc3 211.031
proc119 218.562
proc125 226.633
proc69 227.816
proc18 228.398
proc120 232.281
proc87 237.094
proc136 246.957
proc74 247.051
proc102 256.281
proc54 257.254
proc61 262.047
proc148 268.469
proc53 275.660
proc115 276.832
proc71 278.812
proc144 279.016
proc51 279.137
proc44 281.469
proc16 285.090
proc0 288.023
proc105 294.734
proc121 296.367
proc47 297.551
proc67 305.332
proc138 309.633
proc140 315.094
proc1 320.977
proc7 323.297
proc97 333.230
proc99 338.203
proc58 342.586
proc36 343.578
proc88 347.680
proc101 349.422
proc25 357.062
proc12 362.473
proc128 371.973
proc29 374.605
proc96 381.617
proc62 386.348
proc139 391.578
proc43 394.398
proc94 402.301
proc80 408.473
proc90 414.953
proc35 423.695
proc132 429.688
proc21 435.758
proc5 444.961
proc14 451.164
proc110 451.938
proc22 453.410
proc79 462.332
proc55 464.984
proc149 467.168
proc77 474.859
proc81 484.652
proc10 487.965
proc107 495.168
proc134 502.711
proc116 505.082
proc32 512.484
proc100 513.457
proc122 517.328
proc104 524.281
proc108 533.234
proc117 542.305
proc46 545.738
proc70 554.449
proc141 560.199
proc118 566.293
proc24 576.176
proc2 578.387
proc17 586.770
proc92 591.891
proc60 592.934
proc37 593.555
proc111 599.496
proc15 602.027
proc76 605.348
proc73 614.801
proc49 615.223
proc4 624.316
proc41 631.027
proc56 640.910
proc59 643.391
proc86 651.641
proc68 654.352
proc50 656.164
proc146 658.855
proc23 662.418
proc9 671.809
proc114 679.039
proc38 689.020
proc127 691.121
proc123 696.844
proc33 702.945
proc75 704.867
proc137 713.688
proc78 719.930
proc28 721.762
proc135 721.984
proc34 725.496
proc27 734.477
proc126 739.418
proc95 747.891
proc143 751.332
proc52 752.754
proc89 753.254
proc147 755.215
0
