proc85 7.344
proc17 12.867
proc142 21.648
proc19 31.180
proc98 33.492
proc33 38.703
proc56 41.387
proc124 42.957
proc18 51.527
proc54 53.309
proc9 59.020
proc137 61.191
proc88 65.965
proc125 67.078
proc77 67.109
proc66 69.242
proc78 78.195
proc118 86.258
proc45 88.238
proc47 92.211
proc27 97.363
proc146 104.363
proc70 109.066
proc128 109.949
proc55 113.402
proc69 122.996
proc14 124.559
proc23 128.832
proc96 130.863
proc53 133.176
proc42 134.957
proc139 142.129
proc62 148.520
proc148 149.621
proc114 157.973
proc147 166.316
proc32 169.328
proc82 174.672
proc119 180.195
proc75 185.457
proc7 189.680
proc71 193.453
proc143 200.105
proc138 204.348
proc127 213.621
proc50 214.332
proc94 222.703
proc49 229.344
proc34 231.938
proc129 235.410
proc117 244.012
proc5 250.965
proc74 259.105
proc2 264.516
proc8 271.848
proc149 275.211
proc67 282.191
proc141 286.191
proc86 287.914
proc120 289.055
proc90 294.898
proc99 304.852
proc38 311.664
proc113 314.484
proc43 316.746
proc29 323.129
proc134 326.422
proc30 331.984
proc40 336.578
proc91 337.730
proc3 338.781
proc144 339.215
proc25 344.598
proc0 346.020
proc64 355.492
proc126 361.836
proc31 366.770
proc112 372.953
proc132 377.676
proc57 382.047
proc95 390.590
proc101 398.160
proc60 407.480
proc73 410.953
proc116 413.324
proc81 419.098
proc36 425.000
proc79 426.113
proc104 433.863
proc110 436.766
proc41 446.059
proc80 449.199
proc76 455.992
proc59 462.504
proc106 467.336
proc83 467.789
proc107 468.941
proc97 469.902
proc103 474.836
proc37 482.547
proc35 489.719
proc1 498.250
proc58 501.910
proc10 502.211
proc65 503.805
proc4 505.836
proc140 511.969
proc63 520.570
proc24 527.012
proc109 532.164
proc145 540.656
proc89 540.816
proc100 544.289
proc123 553.449
proc105 556.082
proc131 560.945
proc133 563.496
proc121 564.258
proc135 568.941
proc22 573.844
proc102 579.867
proc51 586.230
proc6 595.152
proc11 602.324
proc84 605.746
proc92 609.457
proc136 618.828
proc26 623.711
proc52 632.312
proc93 642.223
proc68 646.094
proc87 649.277
proc15 653.801
proc130 660.773
proc39 661.305
proc61 668.938
proc28 674.910
proc20 681.492
proc46 688.773
proc48 696.344
proc21 701.344
proc13 705.766
proc108 707.367
proc44 712.508
proc16 715.418
proc115 721.609
proc72 727.711
proc111 735.703
proc122 741.246
proc12 741.430
0
