proc129 4.613
proc11 11.414
proc31 21.207
proc56 26.078
proc139 26.922
proc19 31.664
proc86 33.285
proc70 36.926
proc90 43.836
proc1 53.688
proc81 63.270
proc141 67.922
proc2 72.445
proc30 78.789
proc73 82.750
proc37 87.703
proc85 96.094
proc35 105.754
proc121 109.977
proc7 115.168
proc117 116.102
proc17 125.285
proc140 128.098
proc131 137.168
proc135 140.121
proc49 141.965
proc132 147.785
proc25 157.246
proc130 164.840
proc77 167.152
proc123 167.664
proc15 170.746
proc9 174.648
proc112 181.629
proc26 188.430
proc101 195.793
proc137 197.465
proc87 201.086
proc0 209.246
proc55 219.008
proc64 219.320
proc92 226.273
proc114 232.855
proc115 235.059
proc20 244.570
proc59 246.461
proc78 253.293
proc66 256.363
proc27 264.855
proc72 273.879
proc144 276.359
proc76 283.953
proc51 285.535
proc118 294.809
proc143 300.211
proc127 303.344
proc21 312.957
proc8 315.738
proc120 323.051
proc79 326.383
proc142 332.906
proc44 340.828
proc60 342.109
proc22 348.883
proc38 353.125
proc58 353.156
proc103 362.137
proc113 363.320
proc106 364.762
proc53 370.914
proc107 378.625
proc68 385.527
proc6 386.230
proc54 386.242
proc67 389.016
proc10 395.348
proc18 398.020
proc63 403.781
proc24 411.184
proc14 415.477
proc46 422.328
proc84 431.371
proc74 437.883
proc146 441.035
proc126 442.508
proc43 452.020
proc104 460.203
proc91 467.824
proc13 472.984
proc116 479.438
proc105 483.559
proc99 485.180
proc147 490.582
proc71 492.773
proc95 495.645
proc32 499.418
proc97 504.961
proc124 508.145
proc145 512.477
proc69 522.188
proc138 522.961
proc80 526.613
proc122 532.914
proc102 532.945
proc62 534.379
proc52 535.152
proc111 535.305
proc134 539.477
proc100 541.430
proc12 549.031
proc88 555.531
proc47 563.602
proc96 566.785
proc16 574.406
proc36 576.227
proc98 578.949
proc3 579.820
proc119 587.793
proc48 589.965
proc65 592.828
proc29 596.398
proc108 601.660
proc34 609.434
proc61 613.965
proc109 614.867
proc125 620.750
proc5 624.082
proc136 632.383
proc133 640.246
proc89 640.547
proc93 646.891
proc23 649.191
proc128 655.602
proc4 656.602
proc42 666.422
proc94 667.973
proc28 671.285
proc82 673.996
proc110 681.988
proc75 686.602
proc148 688.613
proc149 690.855
proc50 692.656
proc83 696.477
proc39 698.930
proc33 701.742
proc57 703.875
proc45 713.219
proc41 716.902
proc40 720.395
0
