proc9 8.473
proc35 12.723
proc148 21.836
proc60 28.418
proc83 31.289
proc103 35.762
proc67 39.723
proc47 41.066
proc138 47.887
proc12 49.027
proc62 55.141
proc100 56.152
proc11 65.125
proc33 72.219
proc145 77.422
proc147 85.992
proc95 92.195
proc107 92.746
proc13 95.590
proc37 101.750
proc8 104.660
proc61 111.203
proc98 117.504
proc130 120.867
proc121 124.027
proc75 132.129
proc34 142.012
proc3 147.762
proc93 152.523
proc59 154.645
proc135 162.605
proc106 167.949
proc63 173.660
proc2 175.211
proc134 184.145
proc26 188.098
proc143 189.191
proc6 198.223
proc29 200.715
proc127 203.266
proc24 207.688
proc139 209.199
proc57 216.480
proc46 216.672
proc115 223.773
proc32 224.195
proc116 233.258
proc16 242.941
proc55 246.805
proc0 250.828
proc14 258.762
proc105 258.824
proc146 262.766
proc20 270.707
proc122 272.430
proc25 272.801
proc132 281.961
proc50 285.074
proc137 294.035
proc38 294.867
proc94 296.090
proc28 303.750
proc65 309.883
proc129 318.227
proc68 319.129
proc19 328.512
proc56 335.285
proc85 336.477
proc120 344.578
proc111 353.391
proc88 357.461
proc4 362.914
proc69 365.656
proc142 371.277
proc77 377.320
proc97 378.531
proc96 384.363
proc87 390.707
proc91 395.160
proc133 404.203
proc72 409.203
proc49 412.656
proc81 413.188
proc89 414.039
proc71 418.301
proc109 428.074
proc36 434.734
proc44 439.008
proc15 446.102
proc110 446.625
proc92 451.035
proc118 457.387
proc64 459.809
proc22 469.289
proc108 471.039
proc102 473.672
proc31 477.785
proc84 487.508
proc113 493.121
proc18 502.422
proc23 502.902
proc54 507.523
proc79 513.457
proc73 520.598
proc74 524.020
proc58 530.531
proc43 533.262
proc140 536.074
proc17 544.234
proc1 549.727
proc104 558.867
proc39 562.461
proc66 563.555
proc21 572.336
proc78 573.168
proc128 581.898
proc80 586.691
proc99 588.672
proc144 591.953
proc126 595.465
proc149 597.367
proc101 603.848
proc131 608.648
proc7 616.750
proc10 618.473
proc112 623.633
proc42 625.465
proc30 632.105
proc136 638.309
proc70 641.402
proc90 650.184
proc125 650.566
proc117 650.598
proc114 653.609
proc5 660.090
proc48 666.082
proc45 670.473
proc27 671.586
proc52 673.168
proc141 674.410
proc53 683.070
proc119 685.164
proc86 686.305
proc40 688.637
proc41 697.387
proc123 705.590
proc124 712.941
proc76 718.523
proc82 724.555
proc51 727.445
0
