proc17 8.844
proc68 13.707
proc85 16.309
proc9 19.199
proc138 26.723
proc65 32.773
proc82 34.445
proc2 35.848
proc53 45.469
proc60 48.551
proc47 56.312
proc88 56.926
proc69 65.586
proc89 74.438
proc62 83.090
proc3 84.441
proc130 92.984
proc26 97.727
proc50 104.590
proc73 111.512
proc41 119.844
proc146 123.074
proc127 131.785
proc49 136.508
proc131 141.781
proc61 148.613
proc96 157.957
proc52 159.789
proc108 162.109
proc48 167.621
proc106 176.223
proc45 180.605
proc25 182.668
proc149 191.168
proc40 195.609
proc145 201.359
proc44 202.242
proc19 203.703
proc5 204.445
proc142 205.047
proc27 209.848
proc137 210.461
proc105 217.504
proc20 223.688
proc139 226.000
proc123 227.531
proc21 230.922
proc16 240.402
proc33 249.605
proc8 251.797
proc74 256.047
proc124 261.367
proc18 262.660
proc34 265.672
proc1 267.953
proc35 273.035
proc147 278.695
proc42 283.637
proc51 291.738
proc114 301.582
proc59 303.492
proc24 308.863
proc78 315.895
proc126 319.098
proc31 324.598
proc46 324.781
proc81 327.504
proc94 329.426
proc30 332.289
proc98 337.410
proc29 337.684
proc76 339.645
proc103 346.938
proc80 351.090
proc119 351.473
proc111 355.254
proc10 364.965
proc56 372.848
proc129 373.660
proc148 379.531
proc67 387.062
proc125 392.254
proc14 401.984
proc22 403.547
proc83 406.410
proc87 413.211
proc4 416.402
proc63 425.426
proc140 428.797
proc104 430.230
proc117 433.051
proc95 435.121
proc132 439.871
proc109 448.273
proc100 454.137
proc36 460.297
proc99 466.309
proc102 466.691
proc70 475.805
proc32 476.285
proc92 483.977
proc15 486.020
proc75 490.492
proc121 494.074
proc57 502.535
proc135 507.938
proc0 517.680
proc93 520.531
proc128 526.734
proc141 531.617
proc11 534.680
proc86 541.633
proc28 549.656
proc64 556.809
proc58 557.270
proc6 559.613
proc136 568.875
proc66 569.668
proc118 574.309
proc37 582.902
proc120 591.785
proc38 597.656
proc43 605.297
proc91 612.730
proc116 617.031
proc54 618.895
proc12 622.285
proc144 631.227
proc79 639.098
proc112 649.051
proc134 649.512
proc110 653.684
proc107 661.746
proc71 662.387
proc23 662.789
proc13 667.230
proc55 671.152
proc7 674.652
proc72 676.254
proc84 682.137
proc39 682.328
proc97 686.840
proc122 688.730
proc143 689.242
proc101 693.016
proc113 697.367
proc77 704.258
proc90 707.691
proc115 709.984
proc133 717.375
0
