proc46 0.812
proc132 7.844
proc129 8.414
proc43 14.484
proc134 18.875
proc140 27.387
proc149 32.008
proc31 41.238
proc87 48.371
proc123 49.633
proc76 53.734
proc9 59.156
proc94 63.379
proc83 66.031
proc144 73.395
proc98 82.688
proc62 85.020
proc20 92.812
proc2 93.004
proc52 95.234
proc110 95.418
proc18 104.520
proc80 109.910
proc67 110.504
proc47 117.285
proc55 123.957
proc23 124.840
proc58 128.723
proc128 131.363
proc51 137.656
proc50 138.078
proc130 142.340
proc127 146.551
proc4 151.203
proc17 155.734
proc84 163.977
proc114 171.109
proc115 173.703
proc54 181.434
proc0 183.527
proc112 191.758
proc38 193.148
proc16 194.820
proc26 195.141
proc7 204.562
proc1 204.812
proc81 208.355
proc85 211.418
proc40 215.012
proc6 222.074
proc77 227.695
proc135 230.156
proc25 237.668
proc49 245.102
proc103 249.262
proc120 251.773
proc101 255.367
proc34 256.039
proc141 258.691
proc86 262.465
proc53 264.875
proc73 267.535
proc131 276.078
proc121 278.000
proc92 278.820
proc133 286.402
proc78 286.754
proc102 294.664
proc22 298.836
proc8 305.207
proc147 311.008
proc68 313.391
proc75 322.414
proc56 329.176
proc30 330.719
proc99 336.980
proc72 343.371
proc109 346.934
proc36 353.977
proc66 359.387
proc28 363.328
proc33 368.750
proc35 372.934
proc57 381.246
proc24 389.746
proc44 399.668
proc104 404.668
proc105 405.340
proc107 412.973
proc48 422.473
proc74 422.703
proc95 429.914
proc82 438.477
proc41 442.527
proc42 443.438
proc137 447.961
proc5 449.031
proc145 449.793
proc93 451.535
proc148 456.848
proc63 463.281
proc60 472.613
proc19 482.496
proc100 487.328
proc37 493.629
proc113 495.391
proc13 495.793
proc61 497.023
proc124 500.773
proc32 504.574
proc12 506.477
proc89 507.117
proc29 507.590
proc146 517.434
proc69 519.594
proc97 521.336
proc88 522.797
proc64 531.738
proc70 540.359
proc14 542.980
proc21 550.191
proc10 558.133
proc39 566.816
proc119 568.117
proc125 574.379
proc71 579.723
proc117 586.414
proc118 592.656
proc122 597.219
proc3 603.781
proc90 605.832
proc106 606.004
proc91 611.035
proc65 611.578
proc45 616.660
proc15 625.242
proc136 627.695
proc79 635.496
proc27 638.047
proc139 644.508
proc111 648.398
proc11 649.230
proc96 650.473
proc138 656.785
proc142 659.547
proc108 668.188
proc143 675.258
proc116 676.441
proc59 683.832
proc126 689.832
0
