proc88 9.740
proc105 13.691
proc107 13.873
proc61 21.965
proc14 24.525
proc65 30.207
proc25 36.777
proc99 41.678
proc63 50.289
proc102 51.439
proc2 52.811
proc133 60.482
proc5 61.043
proc84 61.994
proc118 68.625
proc19 71.916
proc57 77.406
proc90 86.816
proc34 94.328
proc53 94.828
proc130 96.709
proc16 99.830
proc127 102.121
proc56 107.781
proc70 116.582
proc21 117.793
proc119 118.404
proc12 121.904
proc7 125.455
proc95 128.047
proc49 130.627
proc37 132.268
proc77 137.109
proc20 138.961
proc4 140.582
proc110 149.844
proc76 152.555
proc86 152.865
proc101 161.186
proc8 162.527
proc87 164.588
proc79 172.469
proc67 180.350
proc98 186.850
proc17 191.590
proc58 201.041
proc91 209.832
proc145 217.912
proc146 223.062
proc1 229.754
proc92 237.285
proc51 245.615
proc41 254.127
proc40 259.248
proc0 268.020
proc131 268.391
proc66 275.291
proc74 284.633
proc31 292.373
proc32 297.715
proc55 307.576
proc18 314.248
proc54 314.568
proc104 316.898
proc126 322.350
proc69 326.611
proc48 334.453
proc59 335.613
proc109 338.344
proc42 340.254
proc50 345.715
proc71 354.736
proc26 362.486
proc62 369.918
proc135 374.260
proc94 378.291
proc60 383.531
proc140 391.473
proc39 400.453
proc13 401.203
proc106 403.545
proc141 404.525
proc112 406.336
proc143 414.217
proc23 421.947
proc114 425.748
proc72 429.180
proc64 431.371
proc83 439.213
proc134 444.693
proc46 450.924
proc148 454.084
proc115 458.016
proc132 466.596
proc30 472.986
proc100 478.896
proc9 485.947
proc93 489.027
proc139 495.777
proc117 504.938
proc142 511.969
proc33 512.529
proc24 520.490
proc149 530.381
proc120 532.791
proc136 541.002
proc78 544.953
proc3 549.064
proc108 551.395
proc75 561.016
proc22 563.826
proc124 564.188
proc97 570.619
proc35 578.439
proc147 582.230
proc43 591.041
proc80 600.262
proc122 606.773
proc103 614.615
proc36 616.656
proc96 621.078
proc89 622.389
proc121 623.840
proc28 627.461
proc85 635.951
proc10 645.883
proc129 650.703
proc15 654.203
proc113 654.283
proc144 657.914
proc137 667.336
proc128 670.586
proc82 679.416
proc29 684.027
proc125 690.309
proc73 694.250
proc111 695.400
proc123 700.521
proc68 700.803
proc116 709.744
proc52 712.154
proc11 714.895
proc138 723.055
proc81 726.486
proc45 734.428
proc27 734.539
proc6 736.010
proc44 745.980
proc47 753.932
proc38 754.104
0
