proc107 9.242
proc13 12.963
proc70 21.684
proc137 26.914
proc46 29.305
proc35 38.195
proc37 45.256
proc64 47.006
proc43 52.566
proc140 61.918
proc5 64.488
proc124 74.398
proc15 79.840
proc75 82.201
proc4 89.502
proc1 90.633
proc77 96.924
proc147 100.744
proc84 104.814
proc116 111.855
proc74 121.777
proc85 126.777
proc127 135.949
proc47 138.990
proc133 141.641
proc119 147.691
proc6 151.012
proc27 153.512
proc55 157.123
proc36 162.334
proc42 164.805
proc100 166.816
proc23 171.066
proc60 171.717
proc58 172.398
proc73 181.639
proc103 187.660
proc14 192.361
proc146 195.793
proc65 199.404
proc126 199.936
proc62 209.357
proc141 216.219
proc113 219.330
proc83 221.980
proc71 229.641
proc33 229.922
proc28 236.223
proc51 240.123
proc111 242.443
proc45 242.895
proc31 246.836
proc44 256.826
proc19 262.617
proc18 269.398
proc138 274.330
proc89 275.861
proc78 279.072
proc136 282.793
proc76 289.814
proc109 295.166
proc145 304.588
proc25 312.139
proc11 318.150
proc22 322.121
proc69 328.672
proc34 333.434
proc24 340.084
proc66 349.834
proc110 357.275
proc135 358.557
proc97 362.258
proc144 366.979
proc101 367.539
proc108 375.910
proc50 382.531
proc49 391.402
proc48 401.014
proc86 410.045
proc10 414.955
proc106 419.326
proc95 429.188
proc143 436.818
proc32 444.939
proc52 450.850
proc57 456.430
proc21 461.641
proc53 468.281
proc29 468.373
proc112 469.113
proc56 473.164
proc81 473.904
proc149 480.785
proc129 481.297
proc26 485.229
proc16 492.469
proc80 500.160
proc54 500.480
proc94 508.881
proc96 513.932
proc123 516.963
proc0 519.953
proc38 520.234
proc90 528.215
proc114 530.295
proc68 537.846
proc99 542.977
proc134 546.508
proc30 554.818
proc41 561.799
proc79 569.189
proc88 573.361
proc131 581.252
proc93 588.312
proc125 597.443
proc40 601.045
proc92 605.125
proc130 614.676
proc20 615.717
proc122 615.797
proc3 620.148
proc121 624.148
proc102 632.600
proc91 636.791
proc17 643.992
proc117 651.053
proc87 651.283
proc12 656.773
proc63 662.045
proc61 665.967
proc104 668.479
proc59 674.160
proc9 682.521
proc120 683.252
proc142 689.293
proc132 695.404
proc115 697.135
proc139 698.326
proc98 699.547
proc39 705.889
proc67 711.270
proc148 718.900
proc2 728.342
proc118 730.354
proc8 731.814
proc105 739.656
proc72 739.998
proc128 748.760
proc82 749.182
proc7 755.033
0
