proc28 2.221
proc0 9.262
proc5 13.473
proc44 18.764
proc57 22.555
proc103 28.025
proc135 36.156
proc61 37.156
proc9 41.078
proc80 41.170
proc87 45.660
proc15 45.701
proc144 51.701
proc115 54.842
proc46 56.643
proc31 61.273
proc81 64.734
proc17 70.955
proc72 75.416
proc19 78.666
proc99 87.816
proc84 93.297
proc51 102.428
proc105 106.398
proc125 112.709
proc95 118.730
proc92 119.902
proc97 129.312
proc131 129.344
proc82 134.154
proc14 144.076
proc56 153.957
proc89 161.559
proc36 163.250
proc139 172.980
proc21 174.801
proc11 177.982
proc146 181.764
proc108 184.514
proc93 184.965
proc86 192.945
proc98 199.646
proc137 206.777
proc76 212.979
proc38 214.320
proc104 216.311
proc71 222.982
proc143 232.553
proc124 238.193
proc16 246.725
proc118 254.736
proc145 261.088
proc50 263.299
proc142 269.080
proc78 276.801
proc133 279.631
proc138 281.602
proc141 288.303
proc96 297.174
proc47 298.686
proc35 303.457
proc45 312.697
proc85 317.639
proc126 323.180
proc148 323.711
proc70 329.982
proc48 334.553
proc127 336.764
proc18 339.494
proc65 345.916
proc52 352.246
proc128 357.967
proc130 360.508
proc54 365.648
proc68 374.070
proc74 375.832
proc24 378.203
proc106 386.064
proc34 391.936
proc91 400.906
proc73 403.758
proc100 408.799
proc10 412.770
proc122 422.680
proc90 430.801
proc55 439.922
proc29 443.443
proc140 448.094
proc134 454.324
proc77 457.105
proc8 463.057
proc94 465.088
proc30 467.088
proc67 476.148
proc117 481.420
proc33 482.191
proc107 492.053
proc26 498.434
proc123 505.955
proc41 510.977
proc109 515.227
proc119 520.178
proc149 523.328
proc22 524.529
proc42 527.721
proc49 531.441
proc88 539.703
proc136 542.174
proc147 548.924
proc121 551.275
proc112 558.936
proc113 566.877
proc7 574.508
proc102 577.148
proc129 579.930
proc62 585.680
proc69 593.951
proc2 601.232
proc60 610.393
proc114 611.674
proc32 613.475
proc63 618.676
proc6 623.396
proc20 632.508
proc40 636.748
proc111 646.680
proc43 656.602
proc110 666.543
proc13 666.645
proc25 669.576
proc64 669.717
proc3 674.037
proc23 674.037
proc132 679.959
proc39 687.631
proc1 688.012
proc116 696.492
proc83 696.982
proc79 702.562
proc58 710.883
proc12 712.043
proc53 717.043
proc75 723.504
proc27 730.965
proc37 732.295
proc66 741.137
proc120 744.828
proc4 752.500
proc59 758.102
proc101 758.752
0
