proc56 6.723
proc65 16.094
proc137 16.625
proc28 18.717
proc131 24.928
proc75 26.369
proc85 33.971
proc118 40.881
proc1 50.021
proc26 58.312
proc139 59.553
proc133 67.453
proc117 76.564
proc36 84.016
proc46 85.637
proc120 87.648
proc149 94.340
proc34 103.320
proc8 109.191
proc23 116.512
proc101 121.152
proc112 126.273
proc147 135.154
proc21 141.186
proc11 150.367
proc50 153.488
proc52 159.199
proc16 164.600
proc79 168.441
proc27 172.992
proc66 182.414
proc78 188.375
proc35 195.047
proc136 197.748
proc20 202.139
proc71 210.699
proc123 212.020
proc80 214.531
proc94 219.842
proc111 226.402
proc132 231.604
proc54 241.604
proc4 245.465
proc72 252.846
proc129 260.057
proc31 270.027
proc106 276.709
proc41 283.689
proc13 283.961
proc15 291.771
proc33 293.102
proc10 301.572
proc19 302.303
proc103 303.824
proc40 307.484
proc83 314.836
proc86 318.646
proc38 328.377
proc130 336.809
proc91 342.230
proc48 343.092
proc98 347.883
proc29 353.725
proc115 354.965
proc96 364.826
proc107 366.137
proc5 369.168
proc97 375.719
proc9 376.891
proc113 385.771
proc49 395.123
proc141 400.764
proc119 403.174
proc45 403.686
proc63 411.906
proc37 421.387
proc2 424.678
proc148 430.588
proc47 437.498
proc14 440.789
proc109 446.400
proc61 455.992
proc44 464.193
proc3 468.824
proc67 477.615
proc105 479.855
proc76 483.506
proc32 493.377
proc17 497.838
proc81 502.918
proc104 507.248
proc68 514.219
proc84 521.391
proc87 523.562
proc59 524.533
proc89 530.934
proc53 535.344
proc51 541.914
proc140 547.285
proc114 552.477
proc138 560.637
proc0 561.018
proc145 567.219
proc134 573.061
proc143 582.432
proc125 585.213
proc18 591.113
proc6 599.295
proc128 601.365
proc24 604.096
proc25 610.438
proc116 615.039
proc121 619.900
proc108 625.531
proc12 630.031
proc127 631.463
proc92 636.225
proc69 639.906
proc95 645.828
proc124 654.180
proc142 662.781
proc58 668.691
proc55 673.893
proc144 680.734
proc88 685.125
proc77 694.637
proc39 698.707
proc102 701.219
proc64 702.420
proc70 705.410
proc43 712.281
proc62 713.742
proc90 722.902
proc122 729.283
proc93 737.943
proc7 744.904
proc42 748.125
proc146 756.807
proc73 759.479
proc60 762.229
proc126 762.750
proc82 770.871
proc135 774.232
proc57 775.963
proc100 776.463
proc30 784.805
proc110 789.885
proc74 791.176
proc22 795.037
proc99 796.588
0
