proc56 138.000
proc27 159.000
proc31 171.000
proc41 177.000
proc21 180.000
proc38 186.000
proc36 201.000
proc52 204.000
proc6 217.000
proc62 225.000
proc12 228.000
proc18 231.000
proc72 249.000
proc47 251.000
proc1 256.000
proc2 289.000
proc74 296.000
proc45 301.000
proc13 318.000
proc60 338.000
proc49 348.000
proc33 352.000
proc5 370.000
proc4 372.000
proc15 387.000
proc73 393.000
proc14 395.000
proc19 397.000
proc50 408.000
proc8 412.000
proc35 436.000
proc11 447.000
proc59 450.000
proc66 452.000
proc55 455.000
proc65 462.000
proc23 465.000
proc46 474.000
proc3 490.000
proc37 494.000
proc28 507.000
proc58 508.000
proc10 510.000
proc24 514.000
proc9 515.000
proc0 516.000
proc67 518.000
proc61 519.000
proc71 519.000
proc63 520.000
proc17 521.000
proc70 522.000
proc29 525.000
proc57 526.000
proc30 528.000
proc32 533.000
proc48 533.000
proc43 534.000
proc25 537.000
proc42 539.000
proc34 540.000
proc68 543.000
proc53 546.000
proc69 546.000
proc7 547.000
proc26 550.000
proc22 551.000
proc16 556.000
proc44 556.000
proc51 557.000
proc64 558.000
proc54 559.000
proc40 561.000
proc39 562.000
proc20 562.000
166
