proc41 139.000
proc27 161.000
proc29 167.000
proc28 173.000
proc51 182.000
proc36 194.000
proc50 205.000
proc46 208.000
proc54 224.000
proc61 227.000
proc3 232.000
proc14 237.000
proc25 245.000
proc64 255.000
proc44 263.000
proc23 280.000
proc57 293.000
proc68 302.000
proc42 307.000
proc35 314.000
proc32 318.000
proc0 320.000
proc21 325.000
proc1 332.000
proc30 334.000
proc60 337.000
proc69 339.000
proc62 345.000
proc53 346.000
proc4 351.000
proc65 353.000
proc38 355.000
proc34 358.000
proc73 362.000
proc58 366.000
proc17 372.000
proc59 376.000
proc55 380.000
proc15 396.000
proc37 410.000
proc31 419.000
proc12 421.000
proc2 437.000
proc66 443.000
proc70 454.000
proc19 470.000
proc6 470.000
proc10 471.000
proc8 474.000
proc47 475.000
proc13 477.000
proc45 481.000
proc20 483.000
proc67 485.000
proc56 487.000
proc74 489.000
proc72 491.000
proc40 491.000
proc48 494.000
proc43 495.000
proc7 498.000
proc39 500.000
proc33 505.000
proc52 509.000
proc71 513.000
proc11 515.000
proc22 519.000
proc5 523.000
proc9 527.000
proc16 531.000
proc49 532.000
proc18 535.000
proc24 537.000
proc63 541.000
proc26 546.000
165
