proc42 9.000
proc38 139.000
proc31 151.000
proc30 157.000
proc15 177.000
proc1 183.000
proc64 194.000
proc24 219.000
proc4 224.000
proc3 227.000
proc9 230.000
proc23 237.000
proc5 256.000
proc56 263.000
proc22 268.000
proc33 271.000
proc2 275.000
proc8 278.000
proc18 285.000
proc0 312.000
proc67 321.000
proc73 323.000
proc21 329.000
proc27 341.000
proc47 343.000
proc57 345.000
proc34 357.000
proc17 357.000
proc13 358.000
proc11 360.000
proc70 364.000
proc37 375.000
proc46 380.000
proc19 385.000
proc74 390.000
proc72 394.000
proc59 403.000
proc26 409.000
proc49 412.000
proc20 422.000
proc28 433.000
proc63 434.000
proc6 445.000
proc39 447.000
proc65 450.000
proc62 451.000
proc10 451.000
proc68 453.000
proc45 459.000
proc50 461.000
proc60 463.000
proc36 468.000
proc61 469.000
proc43 470.000
proc53 472.000
proc14 472.000
proc44 475.000
proc58 476.000
proc55 479.000
proc41 481.000
proc29 482.000
proc69 483.000
proc25 486.000
proc52 489.000
proc32 492.000
proc7 497.000
proc35 502.000
proc71 505.000
proc51 506.000
proc12 510.000
proc48 512.000
proc16 515.000
proc66 519.000
proc54 524.000
proc40 525.000
157
