proc58 13.000
proc22 113.000
proc51 123.000
proc12 147.000
proc3 152.000
proc19 157.000
proc17 159.000
proc20 199.000
proc56 201.000
proc43 204.000
proc59 222.000
proc53 224.000
proc64 242.000
proc11 249.000
proc9 252.000
proc1 254.000
proc35 259.000
proc61 282.000
proc28 288.000
proc68 293.000
proc18 301.000
proc74 308.000
proc39 308.000
proc0 310.000
proc27 314.000
proc73 316.000
proc8 322.000
proc32 349.000
proc69 355.000
proc16 359.000
proc31 374.000
proc57 377.000
proc23 384.000
proc15 386.000
proc6 388.000
proc52 394.000
proc41 397.000
proc65 399.000
proc34 403.000
proc30 405.000
proc48 412.000
proc63 414.000
proc10 430.000
proc13 433.000
proc50 436.000
proc36 446.000
proc67 454.000
proc55 457.000
proc21 460.000
proc70 461.000
proc5 465.000
proc24 468.000
proc29 469.000
proc26 471.000
proc4 472.000
proc71 475.000
proc33 477.000
proc60 483.000
proc46 484.000
proc66 487.000
proc7 490.000
proc72 491.000
proc42 494.000
proc14 495.000
proc38 498.000
proc54 503.000
proc37 505.000
proc44 509.000
proc25 511.000
proc45 514.000
proc40 519.000
proc2 520.000
proc47 521.000
proc62 524.000
proc49 524.000
167
