proc15 33.375
proc64 43.250
proc49 60.375
proc61 67.375
proc47 100.250
proc43 107.750
proc17 114.750
proc12 115.625
proc50 142.000
proc71 146.500
proc62 148.375
proc48 155.250
proc3 160.000
proc70 163.125
proc39 173.750
proc73 178.750
proc27 180.375
proc42 199.625
proc69 204.250
proc44 210.500
proc34 215.500
proc51 223.875
proc40 225.000
proc29 239.250
proc52 247.125
proc41 256.500
proc11 256.625
proc14 270.125
proc63 271.500
proc18 272.625
proc35 273.375
proc55 291.250
proc59 297.625
proc19 301.250
proc21 304.875
proc25 312.750
proc23 320.875
proc2 326.500
proc58 337.500
proc33 340.750
proc36 343.000
proc46 346.125
proc22 346.750
proc65 347.875
proc57 350.625
proc53 352.500
proc8 353.000
proc28 355.000
proc30 357.125
proc68 359.750
proc20 363.375
proc37 364.000
proc7 367.875
proc16 370.500
proc66 371.625
proc26 374.875
proc74 377.000
proc4 380.625
proc5 382.000
proc10 382.875
proc1 384.750
proc60 387.875
proc54 390.000
proc0 393.750
proc67 396.500
proc45 399.750
proc13 402.625
proc6 404.625
proc32 405.875
proc38 409.000
proc24 413.000
proc31 413.500
proc72 415.000
proc9 418.750
proc56 419.250
165
