proc13 9.125
proc26 9.375
proc69 15.000
proc1 39.625
proc60 47.125
proc10 69.500
proc73 84.625
proc34 93.125
proc22 104.000
proc52 106.875
proc57 117.625
proc58 118.875
proc38 128.375
proc16 135.000
proc9 138.750
proc53 165.875
proc28 172.375
proc15 177.750
proc20 181.500
proc40 187.500
proc23 195.875
proc43 197.250
proc48 198.625
proc37 215.250
proc71 217.375
proc4 220.375
proc66 222.500
proc14 228.625
proc31 232.375
proc8 235.125
proc25 249.125
proc21 265.500
proc51 270.000
proc41 271.875
proc17 276.375
proc68 277.000
proc35 282.625
proc64 291.500
proc42 292.500
proc12 295.375
proc19 311.250
proc45 327.000
proc33 330.750
proc55 333.375
proc72 335.750
proc11 336.000
proc50 338.625
proc7 338.750
proc63 340.250
proc62 344.125
proc74 346.250
proc36 348.000
proc30 350.250
proc24 350.875
proc3 352.125
proc29 355.875
proc67 359.500
proc18 361.375
proc39 363.000
proc47 366.875
proc49 370.375
proc44 371.375
proc27 372.375
proc59 374.875
proc61 375.375
proc0 376.625
proc46 378.375
proc65 378.875
proc70 380.625
proc54 383.500
proc56 383.750
proc6 385.250
proc32 386.125
proc5 387.875
proc2 391.625
157
