proc59 11.000
proc29 130.000
proc17 136.000
proc68 145.000
proc67 168.000
proc16 179.000
proc39 188.000
proc36 191.000
proc58 194.000
proc38 202.000
proc5 210.000
proc56 233.000
proc21 243.000
proc52 246.000
proc63 270.000
proc44 293.000
proc40 298.000
proc49 312.000
proc0 319.000
proc30 323.000
proc60 326.000
proc61 328.000
proc10 332.000
proc53 341.000
proc7 345.000
proc54 351.000
proc15 353.000
proc45 364.000
proc33 368.000
proc37 374.000
proc47 399.000
proc48 402.000
proc72 416.000
proc66 430.000
proc43 438.000
proc31 450.000
proc28 459.000
proc64 462.000
proc73 463.000
proc19 477.000
proc34 481.000
proc13 489.000
proc70 499.000
proc32 500.000
proc1 503.000
proc27 505.000
proc42 509.000
proc35 511.000
proc46 514.000
proc71 515.000
proc18 517.000
proc4 522.000
proc22 527.000
proc26 531.000
proc50 534.000
proc25 535.000
proc55 537.000
proc20 538.000
proc69 540.000
proc14 545.000
proc6 548.000
proc12 549.000
proc74 555.000
proc24 555.000
proc8 558.000
proc2 558.000
proc11 560.000
proc57 561.000
proc9 563.000
proc23 565.000
proc62 569.000
proc51 571.000
proc65 574.000
proc41 575.000
proc3 577.000
168
