proc53 14.000
proc25 22.000
proc69 122.000
proc64 127.000
proc13 146.000
proc73 153.000
proc41 160.000
proc51 171.000
proc4 220.000
proc67 226.000
proc21 228.000
proc20 235.000
proc34 250.000
proc37 266.000
proc30 284.000
proc11 286.000
proc6 294.000
proc8 302.000
proc17 309.000
proc59 330.000
proc23 337.000
proc19 348.000
proc46 360.000
proc40 362.000
proc60 365.000
proc55 368.000
proc45 394.000
proc0 398.000
proc74 408.000
proc31 413.000
proc39 417.000
proc44 431.000
proc32 435.000
proc26 442.000
proc72 445.000
proc1 458.000
proc47 460.000
proc5 463.000
proc36 464.000
proc35 467.000
proc52 477.000
proc61 479.000
proc50 481.000
proc66 485.000
proc22 489.000
proc42 494.000
proc54 497.000
proc56 502.000
proc24 503.000
proc57 504.000
proc2 506.000
proc12 509.000
proc16 514.000
proc15 518.000
proc38 519.000
proc28 520.000
proc68 524.000
proc58 527.000
proc3 530.000
proc10 531.000
proc49 531.000
proc7 535.000
proc63 539.000
proc43 539.000
proc33 541.000
proc27 542.000
proc9 545.000
proc71 546.000
proc29 550.000
proc18 551.000
proc65 553.000
proc62 555.000
proc14 559.000
proc70 561.000
proc48 563.000
173
