proc8 4.000
proc29 5.750
proc9 9.125
proc46 10.250
proc34 13.500
proc65 14.625
proc64 23.375
proc49 62.625
proc51 68.875
proc71 85.875
proc53 91.125
proc62 96.625
proc20 96.750
proc5 100.625
proc28 104.000
proc45 121.125
proc13 130.000
proc48 135.625
proc35 139.250
proc3 164.750
proc22 181.375
proc55 186.750
proc73 195.375
proc68 196.125
proc63 203.875
proc61 215.375
proc10 222.250
proc66 227.750
proc43 231.625
proc47 239.500
proc67 248.000
proc37 249.375
proc59 249.375
proc56 260.000
proc26 264.750
proc16 278.125
proc21 283.125
proc12 285.000
proc72 288.875
proc58 308.000
proc30 308.250
proc60 319.875
proc31 323.875
proc32 326.625
proc15 330.000
proc14 330.375
proc7 331.500
proc24 333.125
proc25 335.875
proc50 335.875
proc0 339.750
proc18 340.875
proc11 343.750
proc17 344.000
proc41 345.750
proc4 347.500
proc6 349.000
proc1 351.875
proc44 352.750
proc40 354.250
proc33 356.500
proc74 358.500
proc2 361.000
proc54 362.875
proc27 365.750
proc52 368.625
proc39 371.500
proc70 374.000
proc38 375.875
proc36 378.250
proc42 380.625
proc19 382.875
proc69 385.750
proc23 386.250
proc57 389.250
152
