proc14 133.000
proc30 136.000
proc69 142.000
proc3 148.000
proc22 160.000
proc47 177.000
proc54 186.000
proc61 191.000
proc29 211.000
proc17 232.000
proc36 243.000
proc68 245.000
proc4 253.000
proc2 279.000
proc40 302.000
proc20 319.000
proc0 326.000
proc60 341.000
proc10 343.000
proc1 362.000
proc64 362.000
proc42 364.000
proc16 368.000
proc51 373.000
proc46 375.000
proc55 381.000
proc65 383.000
proc56 387.000
proc7 391.000
proc27 400.000
proc72 404.000
proc58 410.000
proc11 413.000
proc12 415.000
proc34 418.000
proc53 420.000
proc70 423.000
proc13 426.000
proc21 439.000
proc24 442.000
proc25 445.000
proc43 453.000
proc6 463.000
proc41 465.000
proc39 492.000
proc62 494.000
proc33 500.000
proc15 504.000
proc35 509.000
proc28 510.000
proc31 510.000
proc59 513.000
proc45 518.000
proc26 522.000
proc19 524.000
proc66 528.000
proc52 530.000
proc48 533.000
proc18 536.000
proc49 540.000
proc57 543.000
proc44 543.000
proc37 543.000
proc71 545.000
proc23 546.000
proc8 547.000
proc38 548.000
proc50 549.000
proc5 550.000
proc32 553.000
proc74 557.000
proc67 557.000
proc63 562.000
proc9 563.000
proc73 564.000
166
