proc39 19.000
proc53 154.000
proc62 175.000
proc29 181.000
proc3 195.000
proc25 213.000
proc65 216.000
proc68 221.000
proc15 243.000
proc42 245.000
proc63 247.000
proc11 276.000
proc69 282.000
proc73 302.000
proc31 310.000
proc49 314.000
proc36 321.000
proc0 325.000
proc48 326.000
proc50 330.000
proc26 343.000
proc72 348.000
proc13 354.000
proc28 356.000
proc16 356.000
proc44 363.000
proc18 366.000
proc67 374.000
proc54 377.000
proc35 380.000
proc59 407.000
proc52 408.000
proc71 421.000
proc19 425.000
proc17 430.000
proc64 433.000
proc37 436.000
proc34 436.000
proc61 441.000
proc51 445.000
proc27 447.000
proc70 456.000
proc57 458.000
proc12 462.000
proc6 477.000
proc40 478.000
proc45 480.000
proc46 484.000
proc7 485.000
proc32 486.000
proc2 488.000
proc60 489.000
proc21 491.000
proc8 492.000
proc1 493.000
proc24 493.000
proc56 496.000
proc5 500.000
proc47 501.000
proc14 502.000
proc20 507.000
proc9 508.000
proc55 510.000
proc10 512.000
proc38 515.000
proc33 517.000
proc22 520.000
proc30 523.000
proc66 523.000
proc58 525.000
proc43 528.000
proc4 528.000
proc41 533.000
proc74 536.000
proc23 541.000
171
