proc9 113.000
proc60 135.000
proc23 137.000
proc44 147.000
proc20 156.000
proc33 159.000
proc32 163.000
proc35 167.000
proc1 169.000
proc69 181.000
proc11 183.000
proc16 187.000
proc17 208.000
proc6 239.000
proc39 243.000
proc12 253.000
proc68 257.000
proc27 264.000
proc71 278.000
proc61 288.000
proc47 294.000
proc48 296.000
proc36 303.000
proc59 309.000
proc46 313.000
proc10 317.000
proc62 317.000
proc70 319.000
proc58 327.000
proc15 328.000
proc54 332.000
proc41 337.000
proc14 341.000
proc51 342.000
proc26 349.000
proc22 361.000
proc55 369.000
proc45 386.000
proc29 390.000
proc49 390.000
proc4 396.000
proc5 404.000
proc53 406.000
proc72 416.000
proc57 419.000
proc21 425.000
proc74 428.000
proc64 429.000
proc38 437.000
proc37 439.000
proc66 440.000
proc34 443.000
proc63 445.000
proc25 448.000
proc43 452.000
proc31 454.000
proc24 455.000
proc52 460.000
proc40 465.000
proc18 468.000
proc19 471.000
proc0 472.000
proc30 473.000
proc42 475.000
proc67 477.000
proc3 480.000
proc73 481.000
proc65 484.000
proc50 488.000
proc8 490.000
proc7 491.000
proc13 491.000
proc2 494.000
proc28 495.000
proc56 496.000
160
