proc70 13.000
proc64 25.000
proc3 140.000
proc69 146.000
proc5 163.000
proc53 172.000
proc20 177.000
proc12 186.000
proc50 194.000
proc68 199.000
proc48 210.000
proc55 213.000
proc43 231.000
proc31 239.000
proc40 262.000
proc63 265.000
proc13 267.000
proc44 271.000
proc60 283.000
proc54 288.000
proc67 292.000
proc7 294.000
proc35 296.000
proc65 312.000
proc51 316.000
proc2 322.000
proc42 324.000
proc66 328.000
proc14 336.000
proc74 339.000
proc56 343.000
proc16 347.000
proc25 354.000
proc49 356.000
proc17 365.000
proc0 372.000
proc1 373.000
proc73 378.000
proc30 381.000
proc57 420.000
proc32 425.000
proc6 427.000
proc52 437.000
proc33 443.000
proc61 443.000
proc29 460.000
proc45 462.000
proc59 463.000
proc34 465.000
proc18 468.000
proc39 470.000
proc71 473.000
proc10 474.000
proc22 478.000
proc8 482.000
proc19 487.000
proc21 488.000
proc38 491.000
proc41 494.000
proc24 497.000
proc15 499.000
proc46 503.000
proc4 507.000
proc36 510.000
proc11 514.000
proc62 518.000
proc47 520.000
proc37 522.000
proc23 524.000
proc26 525.000
proc27 529.000
proc9 530.000
proc58 531.000
proc28 535.000
proc72 537.000
161
