proc0 131.000
proc57 149.000
proc42 154.000
proc60 177.000
proc21 184.000
proc44 199.000
proc7 206.000
proc12 208.000
proc15 219.000
proc19 228.000
proc38 256.000
proc58 258.000
proc24 260.000
proc56 264.000
proc69 266.000
proc71 285.000
proc43 289.000
proc13 293.000
proc36 297.000
proc30 299.000
proc22 303.000
proc28 308.000
proc53 315.000
proc68 317.000
proc6 337.000
proc70 350.000
proc73 351.000
proc2 359.000
proc66 365.000
proc1 372.000
proc64 374.000
proc9 379.000
proc3 381.000
proc50 386.000
proc52 388.000
proc65 391.000
proc4 396.000
proc35 397.000
proc14 402.000
proc51 415.000
proc48 427.000
proc10 429.000
proc67 443.000
proc16 449.000
proc37 451.000
proc74 457.000
proc55 461.000
proc31 464.000
proc11 465.000
proc39 466.000
proc47 468.000
proc32 471.000
proc26 471.000
proc46 472.000
proc23 472.000
proc63 473.000
proc29 477.000
proc20 480.000
proc34 484.000
proc33 489.000
proc25 492.000
proc40 495.000
proc27 497.000
proc61 501.000
proc8 505.000
proc49 507.000
proc54 510.000
proc59 513.000
proc18 514.000
proc41 519.000
proc62 521.000
proc72 524.000
proc17 530.000
proc45 532.000
proc5 538.000
172
