proc38 16.000
proc67 145.000
proc8 158.000
proc43 181.000
proc49 190.000
proc9 201.000
proc33 204.000
proc34 218.000
proc51 224.000
proc25 259.000
proc65 267.000
proc61 286.000
proc69 289.000
proc40 291.000
proc57 307.000
proc59 309.000
proc31 314.000
proc73 316.000
proc72 333.000
proc1 347.000
proc52 354.000
proc28 361.000
proc68 363.000
proc27 369.000
proc12 380.000
proc56 384.000
proc18 388.000
proc58 392.000
proc66 414.000
proc4 416.000
proc23 423.000
proc20 432.000
proc39 434.000
proc62 436.000
proc54 437.000
proc55 441.000
proc2 444.000
proc44 449.000
proc48 452.000
proc6 458.000
proc64 461.000
proc16 464.000
proc47 465.000
proc30 469.000
proc17 480.000
proc21 488.000
proc24 493.000
proc11 504.000
proc63 506.000
proc7 509.000
proc19 510.000
proc26 511.000
proc46 514.000
proc3 515.000
proc36 516.000
proc70 517.000
proc45 518.000
proc41 521.000
proc29 522.000
proc35 522.000
proc74 525.000
proc37 528.000
proc42 529.000
proc10 531.000
proc71 533.000
proc53 534.000
proc15 536.000
proc60 539.000
proc50 542.000
proc0 546.000
proc14 551.000
proc22 552.000
proc32 554.000
proc5 557.000
proc13 557.000
161
