proc51 50.750
proc13 55.875
proc29 85.500
proc8 87.000
proc62 89.375
proc50 93.625
proc55 94.125
proc28 112.750
proc32 115.250
proc64 124.750
proc26 125.500
proc49 139.375
proc71 147.375
proc61 157.375
proc43 175.000
proc69 185.625
proc25 189.625
proc12 200.625
proc65 208.500
proc72 209.250
proc73 222.750
proc37 224.500
proc7 228.000
proc24 228.875
proc34 234.750
proc23 250.500
proc22 253.250
proc35 258.750
proc44 260.250
proc60 270.875
proc53 278.250
proc42 280.875
proc33 303.375
proc59 303.500
proc40 316.000
proc16 318.125
proc68 322.750
proc15 324.500
proc41 324.750
proc21 330.375
proc6 344.875
proc14 345.750
proc52 346.375
proc63 347.375
proc19 350.625
proc48 353.375
proc70 353.875
proc1 358.125
proc57 358.625
proc9 360.250
proc56 361.375
proc2 362.250
proc45 364.000
proc18 365.250
proc39 366.375
proc66 366.875
proc54 369.000
proc46 370.875
proc27 372.875
proc58 374.875
proc17 375.375
proc20 376.500
proc30 379.625
proc74 381.500
proc4 384.500
proc67 386.875
proc10 388.250
proc5 389.000
proc3 391.875
proc11 395.500
proc38 396.125
proc47 399.375
proc31 402.125
proc36 405.000
proc0 407.125
166
