proc60 3.250
proc25 3.500
proc43 15.750
proc66 16.125
proc12 20.625
proc52 28.250
proc26 33.500
proc38 50.875
proc34 65.250
proc35 65.875
proc5 70.375
proc57 87.875
proc28 89.500
proc0 97.000
proc53 98.875
proc67 99.625
proc54 101.750
proc39 107.625
proc23 108.250
proc49 110.750
proc55 112.125
proc33 131.000
proc31 138.125
proc58 146.250
proc47 146.625
proc9 152.500
proc64 159.500
proc6 191.750
proc1 192.125
proc59 205.875
proc10 210.875
proc51 220.250
proc46 221.250
proc15 230.000
proc19 233.750
proc56 242.625
proc36 247.500
proc50 249.250
proc65 254.500
proc21 255.000
proc42 269.125
proc11 271.875
proc61 272.375
proc41 280.375
proc8 286.750
proc20 292.750
proc32 304.125
proc16 304.500
proc71 306.500
proc45 309.375
proc62 310.375
proc7 313.000
proc74 313.375
proc29 314.500
proc40 318.000
proc18 318.750
proc27 322.000
proc69 326.000
proc68 328.250
proc2 329.250
proc14 329.375
proc70 333.375
proc13 337.000
proc22 337.250
proc30 337.500
proc4 337.875
proc37 341.125
proc44 344.625
proc24 344.750
proc3 347.125
proc48 349.500
proc17 351.125
proc63 354.250
proc73 356.875
proc72 360.000
142
