proc56 12.625
proc4 24.750
proc23 40.125
proc10 50.875
proc38 66.500
proc21 70.125
proc30 81.250
proc12 91.625
proc58 100.375
proc53 101.250
proc39 102.875
proc74 107.250
proc42 109.500
proc49 121.125
proc72 126.625
proc3 132.750
proc27 154.375
proc44 162.250
proc0 183.000
proc22 186.750
proc47 187.000
proc5 188.500
proc9 192.000
proc25 202.750
proc29 216.375
proc37 233.875
proc17 236.750
proc33 246.250
proc41 250.750
proc67 254.250
proc43 256.625
proc45 257.875
proc11 272.750
proc62 276.250
proc40 276.875
proc20 288.000
proc6 313.500
proc55 320.125
proc51 320.500
proc7 321.250
proc65 325.000
proc31 329.125
proc59 329.375
proc50 332.250
proc26 335.625
proc35 337.250
proc64 339.875
proc60 341.500
proc48 345.250
proc54 347.750
proc24 348.375
proc8 350.500
proc66 353.250
proc36 356.375
proc70 359.750
proc57 363.500
proc28 365.750
proc2 367.000
proc16 367.500
proc1 369.250
proc18 372.875
proc14 376.875
proc19 379.500
proc63 379.750
proc32 382.375
proc52 383.250
proc61 383.875
proc46 386.500
proc15 389.250
proc68 389.375
proc13 390.125
proc34 390.875
proc71 391.625
proc73 394.750
proc69 396.125
158
