proc65 5.000
proc60 10.000
proc72 12.000
proc47 17.000
proc21 129.000
proc22 135.000
proc1 138.000
proc71 146.000
proc29 152.000
proc41 154.000
proc44 176.000
proc6 194.000
proc42 196.000
proc24 211.000
proc26 214.000
proc53 216.000
proc0 223.000
proc9 226.000
proc52 237.000
proc45 244.000
proc55 258.000
proc61 273.000
proc39 299.000
proc69 302.000
proc14 312.000
proc40 312.000
proc7 314.000
proc8 316.000
proc38 318.000
proc66 329.000
proc10 333.000
proc68 366.000
proc33 369.000
proc28 378.000
proc49 387.000
proc59 388.000
proc35 392.000
proc13 395.000
proc25 396.000
proc30 398.000
proc54 399.000
proc36 406.000
proc64 408.000
proc58 411.000
proc48 413.000
proc70 416.000
proc63 425.000
proc32 434.000
proc16 435.000
proc31 437.000
proc4 438.000
proc19 440.000
proc15 444.000
proc51 445.000
proc37 446.000
proc57 448.000
proc73 451.000
proc67 452.000
proc46 456.000
proc56 456.000
proc18 457.000
proc27 459.000
proc11 462.000
proc34 463.000
proc5 466.000
proc3 468.000
proc17 469.000
proc74 470.000
proc62 474.000
proc50 475.000
proc12 478.000
proc2 481.000
proc43 483.000
proc23 488.000
proc20 490.000
149
