proc23 29.500
proc0 31.250
proc49 35.375
proc31 47.750
proc63 49.250
proc33 64.625
proc73 76.500
proc52 79.125
proc41 79.500
proc36 92.875
proc57 102.375
proc60 113.000
proc64 113.500
proc58 134.625
proc4 138.250
proc53 151.625
proc1 160.500
proc24 170.000
proc26 182.625
proc28 198.375
proc74 200.000
proc35 203.875
proc19 211.125
proc9 221.875
proc2 228.000
proc56 228.500
proc14 229.000
proc29 234.500
proc51 235.375
proc72 238.250
proc40 241.000
proc5 249.875
proc39 252.625
proc55 260.625
proc18 263.750
proc50 267.000
proc69 269.125
proc65 272.125
proc25 273.000
proc68 277.500
proc22 283.125
proc37 295.500
proc62 297.250
proc17 301.500
proc8 304.500
proc47 307.375
proc48 316.125
proc38 319.500
proc61 320.750
proc3 323.375
proc43 325.750
proc27 329.500
proc59 330.000
proc54 330.000
proc11 330.125
proc15 332.000
proc20 334.750
proc67 338.625
proc21 342.375
proc44 342.875
proc70 344.500
proc10 347.500
proc13 350.500
proc66 352.375
proc12 354.750
proc71 356.250
proc7 357.750
proc16 358.625
proc42 362.125
proc34 364.375
proc32 365.500
proc46 367.500
proc45 368.750
proc6 371.375
proc30 372.500
151
