proc5 6.000
proc19 11.000
proc44 133.000
proc67 151.000
proc72 159.000
proc36 171.000
proc58 202.000
proc48 211.000
proc35 225.000
proc24 233.000
proc28 241.000
proc63 246.000
proc64 251.000
proc46 269.000
proc21 276.000
proc20 279.000
proc4 283.000
proc29 290.000
proc38 295.000
proc7 297.000
proc50 312.000
proc66 323.000
proc9 327.000
proc54 334.000
proc32 336.000
proc69 358.000
proc16 366.000
proc27 372.000
proc70 374.000
proc51 376.000
proc47 383.000
proc52 385.000
proc15 388.000
proc37 392.000
proc34 394.000
proc62 395.000
proc23 397.000
proc49 402.000
proc68 404.000
proc17 404.000
proc56 408.000
proc40 433.000
proc3 458.000
proc11 473.000
proc74 483.000
proc45 489.000
proc26 491.000
proc10 492.000
proc59 493.000
proc61 496.000
proc73 503.000
proc31 504.000
proc39 506.000
proc43 509.000
proc41 513.000
proc71 515.000
proc2 517.000
proc18 521.000
proc22 521.000
proc13 523.000
proc12 528.000
proc8 530.000
proc57 532.000
proc30 536.000
proc55 537.000
proc1 540.000
proc25 541.000
proc53 543.000
proc60 545.000
proc0 547.000
proc6 550.000
proc33 554.000
proc14 554.000
proc65 558.000
proc42 562.000
163
