proc36 149.000
proc43 152.000
proc22 179.000
proc49 209.000
proc25 212.000
proc58 224.000
proc17 251.000
proc34 262.000
proc23 269.000
proc66 275.000
proc30 284.000
proc54 292.000
proc16 301.000
proc42 303.000
proc32 307.000
proc10 319.000
proc33 331.000
proc69 334.000
proc15 352.000
proc2 355.000
proc9 370.000
proc1 393.000
proc0 402.000
proc68 407.000
proc57 421.000
proc48 428.000
proc45 439.000
proc6 453.000
proc3 461.000
proc14 470.000
proc27 473.000
proc74 474.000
proc41 487.000
proc47 491.000
proc62 494.000
proc28 501.000
proc7 503.000
proc29 505.000
proc5 506.000
proc50 508.000
proc72 511.000
proc24 513.000
proc59 514.000
proc53 515.000
proc61 516.000
proc38 518.000
proc55 520.000
proc20 524.000
proc56 524.000
proc44 526.000
proc65 529.000
proc8 532.000
proc67 534.000
proc12 536.000
proc26 539.000
proc19 544.000
proc71 548.000
proc31 549.000
proc73 551.000
proc52 553.000
proc21 557.000
proc39 562.000
proc35 563.000
proc37 567.000
proc64 568.000
proc13 569.000
proc63 572.000
proc18 573.000
proc40 575.000
proc70 577.000
proc46 577.000
proc4 578.000
proc11 579.000
proc60 584.000
proc51 589.000
180
