proc70 166.000
proc13 184.000
proc11 193.000
proc69 205.000
proc0 208.000
proc39 217.000
proc29 231.000
proc47 242.000
proc65 262.000
proc25 264.000
proc71 270.000
proc37 280.000
proc16 288.000
proc30 293.000
proc60 306.000
proc54 343.000
proc49 346.000
proc22 350.000
proc52 356.000
proc34 358.000
proc45 359.000
proc12 363.000
proc35 365.000
proc74 368.000
proc42 372.000
proc18 373.000
proc61 376.000
proc58 378.000
proc55 391.000
proc59 399.000
proc27 400.000
proc7 407.000
proc48 413.000
proc15 421.000
proc21 423.000
proc51 430.000
proc19 438.000
proc2 444.000
proc56 445.000
proc41 460.000
proc5 463.000
proc73 487.000
proc9 488.000
proc46 492.000
proc20 501.000
proc64 506.000
proc53 509.000
proc38 514.000
proc68 517.000
proc62 518.000
proc43 518.000
proc3 520.000
proc44 521.000
proc72 526.000
proc1 528.000
proc67 529.000
proc17 531.000
proc28 533.000
proc4 537.000
proc14 539.000
proc31 540.000
proc6 541.000
proc50 541.000
proc26 543.000
proc36 545.000
proc8 548.000
proc24 550.000
proc57 553.000
proc66 557.000
proc32 558.000
proc33 560.000
proc10 561.000
proc40 565.000
proc63 569.000
proc23 574.000
170
