proc54 133.000
proc74 150.000
proc36 152.000
proc3 155.000
proc67 157.000
proc0 162.000
proc45 164.000
proc25 168.000
proc66 188.000
proc50 201.000
proc61 206.000
proc26 210.000
proc20 214.000
proc47 216.000
proc53 225.000
proc43 235.000
proc27 267.000
proc59 269.000
proc6 288.000
proc57 290.000
proc70 305.000
proc52 313.000
proc46 333.000
proc5 340.000
proc21 353.000
proc62 355.000
proc73 356.000
proc24 358.000
proc30 374.000
proc69 377.000
proc58 378.000
proc71 379.000
proc9 381.000
proc19 384.000
proc42 396.000
proc7 410.000
proc4 413.000
proc28 418.000
proc34 421.000
proc39 432.000
proc55 450.000
proc65 454.000
proc22 460.000
proc48 464.000
proc8 465.000
proc31 466.000
proc23 468.000
proc40 470.000
proc44 472.000
proc17 474.000
proc60 476.000
proc12 478.000
proc1 480.000
proc51 481.000
proc56 485.000
proc35 485.000
proc11 488.000
proc29 490.000
proc32 494.000
proc37 496.000
proc63 497.000
proc41 500.000
proc13 503.000
proc33 509.000
proc14 509.000
proc10 510.000
proc72 512.000
proc49 514.000
proc15 519.000
proc68 520.000
proc18 523.000
proc2 524.000
proc16 527.000
proc38 530.000
proc64 533.000
170
