proc44 7.000
proc32 136.000
proc65 139.000
proc7 141.000
proc50 153.000
proc51 159.000
proc52 165.000
proc1 173.000
proc27 190.000
proc5 193.000
proc35 214.000
proc11 222.000
proc21 248.000
proc61 271.000
proc3 274.000
proc24 276.000
proc2 283.000
proc38 290.000
proc60 304.000
proc69 311.000
proc47 316.000
proc42 324.000
proc71 329.000
proc66 331.000
proc36 335.000
proc58 337.000
proc29 341.000
proc6 349.000
proc19 351.000
proc34 358.000
proc28 378.000
proc68 379.000
proc22 379.000
proc30 393.000
proc15 397.000
proc23 398.000
proc55 400.000
proc46 403.000
proc49 412.000
proc53 418.000
proc25 429.000
proc39 433.000
proc4 440.000
proc67 441.000
proc73 445.000
proc54 448.000
proc9 460.000
proc41 469.000
proc14 475.000
proc45 480.000
proc62 486.000
proc13 486.000
proc18 487.000
proc17 489.000
proc16 490.000
proc56 493.000
proc33 496.000
proc72 496.000
proc43 499.000
proc10 503.000
proc64 505.000
proc74 507.000
proc26 514.000
proc0 518.000
proc48 520.000
proc37 525.000
proc31 530.000
proc57 533.000
proc59 538.000
proc63 543.000
proc40 545.000
proc8 548.000
proc70 554.000
proc20 556.000
proc12 560.000
164
