proc2 12.000
proc8 134.000
proc61 140.000
proc70 143.000
proc39 166.000
proc74 169.000
proc43 192.000
proc73 198.000
proc37 206.000
proc27 209.000
proc46 227.000
proc30 246.000
proc22 253.000
proc4 263.000
proc12 273.000
proc49 276.000
proc42 319.000
proc60 324.000
proc33 335.000
proc25 338.000
proc69 340.000
proc13 344.000
proc57 349.000
proc56 362.000
proc64 375.000
proc7 393.000
proc67 397.000
proc28 409.000
proc14 419.000
proc9 427.000
proc1 430.000
proc59 432.000
proc18 437.000
proc38 444.000
proc15 448.000
proc21 451.000
proc23 453.000
proc17 461.000
proc65 462.000
proc26 472.000
proc3 479.000
proc47 484.000
proc71 487.000
proc0 492.000
proc32 494.000
proc55 496.000
proc44 501.000
proc41 502.000
proc34 507.000
proc58 511.000
proc16 514.000
proc20 516.000
proc19 517.000
proc63 520.000
proc72 522.000
proc68 523.000
proc24 525.000
proc53 527.000
proc5 528.000
proc36 530.000
proc6 533.000
proc48 537.000
proc35 540.000
proc45 542.000
proc52 544.000
proc62 545.000
proc40 546.000
proc54 549.000
proc29 553.000
proc50 555.000
proc31 556.000
proc11 562.000
proc51 564.000
proc66 565.000
proc10 565.000
163
