proc20 116.000
proc31 120.000
proc21 133.000
proc43 152.000
proc71 156.000
proc12 161.000
proc3 177.000
proc33 179.000
proc61 182.000
proc49 199.000
proc51 201.000
proc66 220.000
proc58 222.000
proc40 231.000
proc7 239.000
proc34 241.000
proc62 245.000
proc39 263.000
proc16 284.000
proc13 292.000
proc14 294.000
proc64 298.000
proc17 301.000
proc57 303.000
proc19 320.000
proc23 332.000
proc56 334.000
proc25 336.000
proc1 340.000
proc60 344.000
proc18 346.000
proc45 347.000
proc38 351.000
proc35 360.000
proc41 375.000
proc10 400.000
proc27 401.000
proc15 403.000
proc26 411.000
proc67 413.000
proc0 418.000
proc22 419.000
proc48 429.000
proc69 430.000
proc54 433.000
proc52 451.000
proc30 456.000
proc37 457.000
proc65 458.000
proc9 459.000
proc70 460.000
proc11 462.000
proc53 467.000
proc36 470.000
proc55 472.000
proc59 473.000
proc44 477.000
proc2 480.000
proc72 483.000
proc46 485.000
proc73 486.000
proc74 487.000
proc6 487.000
proc42 491.000
proc32 495.000
proc68 500.000
proc29 504.000
proc5 509.000
proc8 512.000
proc28 516.000
proc63 517.000
proc24 518.000
proc4 520.000
proc50 524.000
proc47 527.000
170
