proc46 12.000
proc74 21.000
proc62 25.000
proc22 145.000
proc17 145.000
proc26 159.000
proc29 179.000
proc52 182.000
proc2 209.000
proc9 225.000
proc70 233.000
proc73 249.000
proc25 251.000
proc48 254.000
proc5 268.000
proc4 287.000
proc16 292.000
proc53 297.000
proc3 301.000
proc55 313.000
proc27 313.000
proc50 317.000
proc13 321.000
proc23 323.000
proc60 325.000
proc56 331.000
proc43 333.000
proc11 339.000
proc18 346.000
proc72 350.000
proc67 356.000
proc15 365.000
proc38 379.000
proc40 382.000
proc59 399.000
proc58 404.000
proc42 405.000
proc54 413.000
proc65 418.000
proc0 418.000
proc69 425.000
proc28 432.000
proc6 434.000
proc35 445.000
proc66 448.000
proc30 451.000
proc71 457.000
proc64 466.000
proc44 472.000
proc33 473.000
proc24 476.000
proc61 478.000
proc51 480.000
proc21 482.000
proc36 484.000
proc49 486.000
proc47 490.000
proc32 493.000
proc39 493.000
proc31 495.000
proc68 497.000
proc20 497.000
proc12 500.000
proc63 504.000
proc8 506.000
proc1 511.000
proc34 515.000
proc14 517.000
proc10 519.000
proc37 520.000
proc19 522.000
proc57 524.000
proc41 526.000
proc7 530.000
proc45 534.000
157
