proc20 141.000
proc64 147.000
proc56 153.000
proc5 159.000
proc27 173.000
proc4 179.000
proc53 185.000
proc43 193.000
proc46 202.000
proc29 205.000
proc36 221.000
proc17 224.000
proc41 247.000
proc9 260.000
proc61 275.000
proc34 282.000
proc14 290.000
proc68 307.000
proc35 309.000
proc38 313.000
proc30 330.000
proc26 341.000
proc21 343.000
proc40 350.000
proc2 356.000
proc74 360.000
proc7 367.000
proc51 372.000
proc15 374.000
proc54 396.000
proc73 399.000
proc31 409.000
proc57 436.000
proc19 438.000
proc37 439.000
proc59 440.000
proc67 443.000
proc33 444.000
proc28 482.000
proc62 484.000
proc1 486.000
proc71 488.000
proc24 490.000
proc12 492.000
proc3 493.000
proc45 499.000
proc16 500.000
proc47 503.000
proc48 504.000
proc65 507.000
proc66 509.000
proc18 511.000
proc60 514.000
proc52 517.000
proc23 518.000
proc6 522.000
proc50 525.000
proc0 526.000
proc70 530.000
proc58 532.000
proc22 533.000
proc11 536.000
proc44 540.000
proc42 542.000
proc32 543.000
proc55 546.000
proc8 547.000
proc72 548.000
proc49 550.000
proc10 551.000
proc69 552.000
proc63 553.000
proc25 553.000
proc39 554.000
proc13 560.000
165
