proc50 11.000
proc12 13.000
proc42 16.000
proc7 110.000
proc52 112.000
proc30 115.000
proc66 131.000
proc46 147.000
proc35 185.000
proc60 201.000
proc5 209.000
proc6 214.000
proc32 224.000
proc56 227.000
proc28 249.000
proc45 252.000
proc0 254.000
proc14 261.000
proc37 268.000
proc13 270.000
proc10 279.000
proc3 295.000
proc63 299.000
proc9 314.000
proc20 363.000
proc57 365.000
proc39 373.000
proc26 385.000
proc27 387.000
proc16 391.000
proc2 392.000
proc31 401.000
proc71 403.000
proc48 404.000
proc18 411.000
proc67 424.000
proc65 429.000
proc61 438.000
proc70 440.000
proc41 444.000
proc34 453.000
proc11 454.000
proc74 458.000
proc49 459.000
proc59 463.000
proc4 464.000
proc69 466.000
proc21 467.000
proc68 468.000
proc1 472.000
proc47 476.000
proc40 477.000
proc58 479.000
proc44 481.000
proc38 483.000
proc15 485.000
proc43 486.000
proc73 490.000
proc54 491.000
proc72 493.000
proc51 496.000
proc62 496.000
proc55 498.000
proc25 502.000
proc64 505.000
proc23 507.000
proc19 509.000
proc24 510.000
proc33 513.000
proc29 514.000
proc22 517.000
proc53 519.000
proc17 519.000
proc36 520.000
proc8 521.000
160
