proc44 6.000
proc40 11.000
proc12 15.000
proc17 17.000
proc15 21.000
proc43 21.000
proc71 24.000
proc64 25.000
proc50 26.000
proc48 28.000
proc3 30.000
proc49 33.000
proc39 35.000
proc61 35.000
proc70 37.000
proc73 40.000
proc42 43.000
proc27 46.000
proc11 49.000
proc47 52.000
proc62 55.000
proc59 59.000
proc41 63.000
proc21 67.000
proc35 71.000
proc19 75.000
proc18 79.000
proc63 84.000
proc14 89.000
proc69 94.000
proc58 99.000
proc25 104.000
proc52 109.000
proc23 115.000
proc34 121.000
proc51 127.000
proc29 133.000
proc2 139.000
proc55 145.000
proc33 152.000
proc31 159.000
proc56 166.000
proc8 173.000
proc37 180.000
proc22 187.000
proc10 194.000
proc5 201.000
proc66 209.000
proc32 217.000
proc65 225.000
proc72 233.000
proc1 241.000
proc53 249.000
proc6 257.000
proc28 265.000
proc54 273.000
proc36 282.000
proc30 291.000
proc74 300.000
proc68 309.000
proc16 318.000
proc57 327.000
proc67 336.000
proc45 345.000
proc13 354.000
proc60 363.000
proc38 373.000
proc46 383.000
proc4 393.000
proc26 403.000
proc20 413.000
proc0 423.000
proc24 433.000
proc9 443.000
proc7 453.000
9
