proc56 4.000
proc27 6.000
proc21 11.000
proc41 13.000
proc31 15.000
proc6 16.000
proc62 17.000
proc36 19.000
proc38 21.000
proc49 24.000
proc72 26.000
proc1 29.000
proc45 32.000
proc12 34.000
proc13 36.000
proc37 39.000
proc52 42.000
proc47 45.000
proc3 48.000
proc74 51.000
proc18 54.000
proc19 58.000
proc20 62.000
proc4 66.000
proc35 70.000
proc50 74.000
proc46 78.000
proc44 82.000
proc14 86.000
proc23 90.000
proc58 94.000
proc73 99.000
proc2 104.000
proc11 109.000
proc59 114.000
proc55 119.000
proc65 124.000
proc8 129.000
proc66 134.000
proc39 139.000
proc48 145.000
proc22 151.000
proc69 157.000
proc28 163.000
proc70 169.000
proc51 175.000
proc15 182.000
proc7 189.000
proc54 196.000
proc42 203.000
proc5 210.000
proc43 217.000
proc64 224.000
proc24 232.000
proc9 240.000
proc33 248.000
proc71 256.000
proc34 264.000
proc0 272.000
proc17 280.000
proc10 288.000
proc61 296.000
proc53 304.000
proc63 313.000
proc26 322.000
proc68 331.000
proc67 340.000
proc57 349.000
proc40 358.000
proc30 367.000
proc60 377.000
proc32 387.000
proc29 397.000
proc16 407.000
proc25 417.000
3
