proc23 5.000
proc73 7.000
proc13 8.000
proc26 9.000
proc34 11.000
proc69 12.000
proc52 15.000
proc22 17.000
proc57 19.000
proc16 22.000
proc1 23.000
proc58 25.000
proc60 26.000
proc38 29.000
proc53 32.000
proc28 34.000
proc40 36.000
proc10 37.000
proc15 40.000
proc9 43.000
proc20 46.000
proc14 49.000
proc31 53.000
proc19 57.000
proc68 61.000
proc45 65.000
proc42 69.000
proc17 74.000
proc48 79.000
proc21 84.000
proc43 89.000
proc37 94.000
proc51 99.000
proc25 104.000
proc41 109.000
proc71 114.000
proc66 120.000
proc35 126.000
proc8 132.000
proc4 138.000
proc64 144.000
proc12 150.000
proc11 156.000
proc7 162.000
proc56 169.000
proc61 176.000
proc65 183.000
proc24 190.000
proc27 197.000
proc32 204.000
proc44 211.000
proc33 218.000
proc0 226.000
proc39 234.000
proc3 242.000
proc70 250.000
proc63 258.000
proc5 266.000
proc46 274.000
proc6 282.000
proc36 290.000
proc18 298.000
proc74 307.000
proc30 316.000
proc72 325.000
proc59 334.000
proc55 343.000
proc50 352.000
proc54 361.000
proc67 371.000
proc49 381.000
proc2 391.000
proc47 401.000
proc29 411.000
proc62 421.000
6
