proc14 2.000
proc30 5.000
proc22 8.000
proc3 9.000
proc47 11.000
proc54 12.000
proc61 13.000
proc69 16.000
proc29 18.000
proc68 21.000
proc17 22.000
proc4 24.000
proc36 27.000
proc2 28.000
proc64 31.000
proc55 34.000
proc20 37.000
proc0 38.000
proc40 40.000
proc39 43.000
proc27 47.000
proc58 51.000
proc34 55.000
proc43 59.000
proc42 63.000
proc70 67.000
proc12 71.000
proc10 76.000
proc53 81.000
proc41 86.000
proc9 91.000
proc46 96.000
proc13 101.000
proc62 106.000
proc21 111.000
proc7 117.000
proc73 123.000
proc8 129.000
proc51 135.000
proc23 141.000
proc24 147.000
proc25 153.000
proc67 159.000
proc6 165.000
proc56 171.000
proc72 177.000
proc5 184.000
proc65 191.000
proc11 198.000
proc71 205.000
proc37 212.000
proc16 219.000
proc33 226.000
proc60 234.000
proc31 242.000
proc74 250.000
proc50 258.000
proc52 266.000
proc15 274.000
proc26 283.000
proc38 292.000
proc57 301.000
proc44 310.000
proc19 319.000
proc28 328.000
proc59 337.000
proc49 346.000
proc18 355.000
proc32 365.000
proc45 375.000
proc1 385.000
proc35 395.000
proc48 405.000
proc66 415.000
proc63 425.000
7
