proc51 5.000
proc22 6.000
proc39 8.000
proc58 10.000
proc12 12.000
proc74 15.000
proc17 17.000
proc3 20.000
proc57 23.000
proc15 26.000
proc23 27.000
proc59 28.000
proc20 30.000
proc9 33.000
proc35 35.000
proc11 37.000
proc61 38.000
proc53 40.000
proc43 42.000
proc64 45.000
proc30 48.000
proc56 51.000
proc27 53.000
proc19 56.000
proc48 59.000
proc1 62.000
proc34 65.000
proc50 69.000
proc10 73.000
proc65 77.000
proc0 81.000
proc69 85.000
proc13 89.000
proc6 93.000
proc28 98.000
proc67 103.000
proc31 108.000
proc41 113.000
proc32 118.000
proc18 123.000
proc49 128.000
proc63 133.000
proc73 138.000
proc8 143.000
proc36 148.000
proc25 154.000
proc47 160.000
proc52 166.000
proc2 173.000
proc68 180.000
proc16 187.000
proc72 194.000
proc29 202.000
proc71 210.000
proc62 218.000
proc14 226.000
proc37 234.000
proc70 242.000
proc46 250.000
proc4 258.000
proc45 267.000
proc38 276.000
proc42 285.000
proc55 294.000
proc24 303.000
proc66 312.000
proc7 322.000
proc40 332.000
proc60 342.000
proc44 352.000
proc26 362.000
proc21 372.000
proc54 382.000
proc5 392.000
proc33 402.000
8
