proc29 3.000
proc59 6.000
proc17 7.000
proc16 12.000
proc67 13.000
proc61 16.000
proc58 18.000
proc5 19.000
proc38 22.000
proc52 23.000
proc39 25.000
proc63 27.000
proc44 30.000
proc56 32.000
proc40 34.000
proc49 35.000
proc36 37.000
proc34 40.000
proc47 43.000
proc73 46.000
proc0 49.000
proc43 52.000
proc21 55.000
proc64 59.000
proc31 63.000
proc66 67.000
proc28 71.000
proc15 76.000
proc24 81.000
proc2 86.000
proc37 91.000
proc54 96.000
proc13 102.000
proc68 108.000
proc60 114.000
proc45 120.000
proc19 126.000
proc12 132.000
proc33 138.000
proc72 144.000
proc3 151.000
proc20 158.000
proc25 165.000
proc57 172.000
proc69 179.000
proc10 186.000
proc48 193.000
proc70 200.000
proc9 207.000
proc7 214.000
proc53 222.000
proc71 230.000
proc35 238.000
proc55 246.000
proc51 254.000
proc30 262.000
proc41 270.000
proc18 279.000
proc23 288.000
proc32 297.000
proc6 306.000
proc50 315.000
proc65 324.000
proc8 333.000
proc1 342.000
proc11 351.000
proc46 361.000
proc26 371.000
proc22 381.000
proc74 391.000
proc27 401.000
proc14 411.000
proc4 421.000
proc42 431.000
proc62 441.000
5
