proc48 7.000
proc62 10.000
proc39 11.000
proc53 11.000
proc16 12.000
proc29 14.000
proc25 16.000
proc65 18.000
proc3 20.000
proc42 23.000
proc15 24.000
proc63 26.000
proc26 28.000
proc11 31.000
proc34 33.000
proc69 34.000
proc27 36.000
proc31 38.000
proc73 39.000
proc71 42.000
proc17 45.000
proc52 48.000
proc19 51.000
proc12 54.000
proc57 58.000
proc70 62.000
proc61 66.000
proc28 71.000
proc58 76.000
proc72 81.000
proc59 86.000
proc4 91.000
proc68 96.000
proc35 101.000
proc37 106.000
proc64 112.000
proc44 118.000
proc54 124.000
proc49 130.000
proc60 136.000
proc14 142.000
proc24 148.000
proc9 154.000
proc13 160.000
proc67 166.000
proc8 173.000
proc10 180.000
proc36 187.000
proc18 194.000
proc55 201.000
proc66 208.000
proc47 215.000
proc7 222.000
proc1 229.000
proc33 236.000
proc51 243.000
proc30 251.000
proc32 259.000
proc43 267.000
proc22 275.000
proc50 283.000
proc38 291.000
proc74 299.000
proc21 307.000
proc56 315.000
proc41 324.000
proc40 333.000
proc2 342.000
proc5 351.000
proc0 360.000
proc45 369.000
proc6 379.000
proc46 389.000
proc20 399.000
proc23 409.000
7
