proc8 4.000
proc29 5.000
proc9 7.000
proc46 10.000
proc34 11.000
proc65 12.000
proc68 12.000
proc20 13.000
proc64 15.000
proc71 16.000
proc53 19.000
proc13 21.000
proc45 24.000
proc62 27.000
proc28 30.000
proc49 33.000
proc3 35.000
proc22 37.000
proc51 38.000
proc55 41.000
proc35 44.000
proc48 47.000
proc5 50.000
proc59 53.000
proc30 57.000
proc72 61.000
proc10 65.000
proc43 70.000
proc58 75.000
proc37 80.000
proc16 85.000
proc56 90.000
proc26 95.000
proc12 100.000
proc73 105.000
proc63 110.000
proc47 115.000
proc21 120.000
proc61 126.000
proc67 132.000
proc60 138.000
proc66 144.000
proc50 150.000
proc17 157.000
proc14 164.000
proc23 171.000
proc44 178.000
proc18 185.000
proc7 193.000
proc4 201.000
proc6 209.000
proc40 217.000
proc24 225.000
proc54 233.000
proc41 241.000
proc38 249.000
proc33 257.000
proc74 266.000
proc19 275.000
proc36 284.000
proc2 293.000
proc42 302.000
proc25 311.000
proc32 320.000
proc52 329.000
proc1 338.000
proc70 347.000
proc39 356.000
proc69 365.000
proc27 374.000
proc57 383.000
proc11 392.000
proc0 402.000
proc15 412.000
proc31 422.000
7
