proc69 3.000
proc64 6.000
proc53 8.000
proc13 9.000
proc73 12.000
proc25 14.000
proc41 16.000
proc51 18.000
proc46 22.000
proc59 26.000
proc21 29.000
proc20 30.000
proc4 32.000
proc34 34.000
proc37 35.000
proc47 38.000
proc74 41.000
proc67 44.000
proc36 48.000
proc52 52.000
proc11 56.000
proc45 60.000
proc31 64.000
proc39 69.000
proc6 74.000
proc55 79.000
proc40 84.000
proc49 89.000
proc5 94.000
proc60 99.000
proc44 104.000
proc19 109.000
proc1 114.000
proc35 119.000
proc10 125.000
proc28 131.000
proc26 137.000
proc22 143.000
proc32 149.000
proc8 155.000
proc72 161.000
proc17 167.000
proc70 173.000
proc38 179.000
proc0 186.000
proc24 193.000
proc43 200.000
proc27 207.000
proc23 214.000
proc30 221.000
proc71 228.000
proc48 235.000
proc18 243.000
proc65 251.000
proc3 259.000
proc2 267.000
proc12 275.000
proc58 283.000
proc62 291.000
proc57 299.000
proc61 307.000
proc68 316.000
proc7 325.000
proc54 334.000
proc15 343.000
proc9 352.000
proc33 361.000
proc56 371.000
proc50 381.000
proc29 391.000
proc63 401.000
proc66 411.000
proc14 421.000
proc42 431.000
proc16 441.000
6
