proc38 2.000
proc42 6.000
proc31 8.000
proc30 10.000
proc1 12.000
proc64 14.000
proc4 15.000
proc15 17.000
proc9 19.000
proc5 20.000
proc22 24.000
proc56 25.000
proc18 27.000
proc8 29.000
proc2 31.000
proc10 32.000
proc33 34.000
proc3 36.000
proc67 38.000
proc73 40.000
proc20 43.000
proc62 46.000
proc63 49.000
proc21 52.000
proc0 55.000
proc23 58.000
proc60 62.000
proc28 66.000
proc50 70.000
proc36 74.000
proc11 78.000
proc46 82.000
proc13 86.000
proc57 90.000
proc17 94.000
proc65 98.000
proc19 102.000
proc39 106.000
proc45 111.000
proc49 116.000
proc68 121.000
proc59 126.000
proc26 131.000
proc37 136.000
proc74 141.000
proc24 146.000
proc72 152.000
proc34 158.000
proc40 164.000
proc6 170.000
proc47 177.000
proc51 184.000
proc48 191.000
proc27 198.000
proc29 205.000
proc14 212.000
proc41 219.000
proc70 226.000
proc71 234.000
proc43 242.000
proc25 250.000
proc52 258.000
proc53 266.000
proc69 274.000
proc32 283.000
proc61 292.000
proc55 301.000
proc16 310.000
proc7 320.000
proc35 330.000
proc44 340.000
proc66 350.000
proc12 360.000
proc54 370.000
proc58 380.000
6
