proc41 4.000
proc29 9.000
proc51 11.000
proc28 12.000
proc50 13.000
proc69 15.000
proc54 17.000
proc61 18.000
proc14 19.000
proc36 21.000
proc44 23.000
proc46 25.000
proc66 28.000
proc68 30.000
proc57 31.000
proc25 33.000
proc32 36.000
proc42 38.000
proc1 40.000
proc35 42.000
proc0 44.000
proc2 47.000
proc64 50.000
proc27 53.000
proc3 56.000
proc23 59.000
proc37 63.000
proc21 67.000
proc70 71.000
proc4 75.000
proc74 80.000
proc12 85.000
proc55 90.000
proc31 95.000
proc17 100.000
proc53 105.000
proc59 110.000
proc19 115.000
proc30 120.000
proc38 125.000
proc49 131.000
proc65 137.000
proc58 144.000
proc20 151.000
proc34 158.000
proc62 165.000
proc39 172.000
proc40 179.000
proc47 186.000
proc18 194.000
proc6 202.000
proc11 210.000
proc10 218.000
proc15 226.000
proc24 234.000
proc67 242.000
proc33 250.000
proc56 258.000
proc60 266.000
proc43 274.000
proc71 283.000
proc63 292.000
proc7 301.000
proc16 310.000
proc9 319.000
proc5 328.000
proc73 337.000
proc13 346.000
proc45 355.000
proc52 364.000
proc48 373.000
proc72 383.000
proc22 393.000
proc8 403.000
proc26 413.000
9
