proc36 5.000
proc43 7.000
proc33 11.000
proc22 17.000
proc25 19.000
proc49 21.000
proc58 24.000
proc23 26.000
proc34 26.000
proc17 28.000
proc6 31.000
proc16 33.000
proc30 35.000
proc32 37.000
proc10 38.000
proc42 40.000
proc47 43.000
proc41 46.000
proc28 49.000
proc54 52.000
proc66 55.000
proc3 59.000
proc74 63.000
proc15 67.000
proc68 71.000
proc14 75.000
proc62 79.000
proc0 84.000
proc1 89.000
proc45 94.000
proc27 99.000
proc13 105.000
proc64 111.000
proc35 117.000
proc11 123.000
proc4 129.000
proc48 135.000
proc46 141.000
proc18 147.000
proc2 154.000
proc9 161.000
proc70 168.000
proc57 175.000
proc69 182.000
proc73 189.000
proc59 196.000
proc40 203.000
proc63 211.000
proc56 219.000
proc52 227.000
proc31 235.000
proc12 243.000
proc29 251.000
proc61 259.000
proc60 268.000
proc38 277.000
proc44 286.000
proc24 295.000
proc37 304.000
proc21 313.000
proc67 322.000
proc53 331.000
proc65 340.000
proc5 349.000
proc55 358.000
proc8 367.000
proc20 376.000
proc26 386.000
proc51 396.000
proc39 406.000
proc19 416.000
proc7 426.000
proc72 436.000
proc71 446.000
proc50 456.000
6
