proc70 4.000
proc3 6.000
proc5 8.000
proc12 10.000
proc64 11.000
proc69 13.000
proc50 15.000
proc20 17.000
proc55 19.000
proc48 20.000
proc68 22.000
proc31 24.000
proc53 27.000
proc57 30.000
proc13 31.000
proc7 35.000
proc54 36.000
proc35 37.000
proc63 38.000
proc60 40.000
proc61 42.000
proc40 44.000
proc67 47.000
proc45 50.000
proc43 53.000
proc73 57.000
proc44 61.000
proc49 65.000
proc33 69.000
proc6 73.000
proc29 77.000
proc25 82.000
proc2 87.000
proc9 92.000
proc42 97.000
proc17 102.000
proc26 108.000
proc65 114.000
proc32 120.000
proc72 126.000
proc74 132.000
proc16 138.000
proc56 144.000
proc1 150.000
proc0 156.000
proc30 162.000
proc66 169.000
proc14 176.000
proc47 183.000
proc51 190.000
proc58 197.000
proc52 204.000
proc10 211.000
proc41 219.000
proc27 227.000
proc39 235.000
proc21 243.000
proc38 251.000
proc37 259.000
proc23 267.000
proc15 276.000
proc46 285.000
proc59 294.000
proc24 303.000
proc34 312.000
proc36 321.000
proc28 331.000
proc19 341.000
proc71 351.000
proc8 361.000
proc4 371.000
proc18 381.000
proc62 391.000
proc22 401.000
proc11 411.000
8
