proc67 4.000
proc38 8.000
proc8 9.000
proc43 10.000
proc49 12.000
proc9 13.000
proc51 16.000
proc34 18.000
proc68 20.000
proc65 24.000
proc25 25.000
proc40 27.000
proc54 28.000
proc69 30.000
proc31 32.000
proc59 32.000
proc73 34.000
proc30 37.000
proc72 38.000
proc61 41.000
proc33 44.000
proc57 47.000
proc4 51.000
proc66 55.000
proc62 59.000
proc47 63.000
proc24 67.000
proc39 71.000
proc44 76.000
proc12 81.000
proc20 86.000
proc16 91.000
proc27 96.000
proc21 101.000
proc17 106.000
proc52 111.000
proc6 117.000
proc64 123.000
proc48 129.000
proc13 135.000
proc23 141.000
proc55 147.000
proc2 153.000
proc18 159.000
proc71 165.000
proc1 172.000
proc22 179.000
proc56 186.000
proc26 194.000
proc53 202.000
proc50 210.000
proc28 218.000
proc42 226.000
proc35 234.000
proc74 242.000
proc45 250.000
proc29 258.000
proc5 266.000
proc36 275.000
proc15 284.000
proc10 293.000
proc3 302.000
proc41 311.000
proc32 320.000
proc60 329.000
proc19 338.000
proc11 347.000
proc58 356.000
proc70 366.000
proc46 376.000
proc7 386.000
proc37 396.000
proc14 406.000
proc0 416.000
proc63 426.000
10
