proc62 5.000
proc50 7.000
proc55 9.000
proc32 11.000
proc28 13.000
proc26 15.000
proc8 18.000
proc64 21.000
proc29 24.000
proc51 26.000
proc61 26.000
proc71 29.000
proc13 31.000
proc43 34.000
proc69 36.000
proc49 38.000
proc12 41.000
proc65 44.000
proc25 47.000
proc59 51.000
proc41 55.000
proc40 59.000
proc7 63.000
proc23 67.000
proc72 71.000
proc24 75.000
proc44 80.000
proc73 85.000
proc53 90.000
proc60 95.000
proc68 100.000
proc33 105.000
proc37 110.000
proc15 115.000
proc16 120.000
proc35 126.000
proc42 132.000
proc22 138.000
proc21 144.000
proc34 150.000
proc66 157.000
proc52 164.000
proc70 171.000
proc17 178.000
proc5 185.000
proc57 192.000
proc38 199.000
proc2 206.000
proc14 213.000
proc56 220.000
proc20 227.000
proc18 235.000
proc39 243.000
proc63 251.000
proc10 259.000
proc9 267.000
proc74 275.000
proc46 283.000
proc45 291.000
proc27 299.000
proc54 308.000
proc58 317.000
proc0 326.000
proc67 335.000
proc6 344.000
proc48 353.000
proc31 362.000
proc36 371.000
proc3 380.000
proc30 389.000
proc19 399.000
proc4 409.000
proc47 419.000
proc11 429.000
proc1 439.000
4
