proc9 3.000
proc60 6.000
proc23 9.000
proc44 10.000
proc62 11.000
proc20 13.000
proc35 15.000
proc1 16.000
proc32 18.000
proc11 20.000
proc69 22.000
proc59 24.000
proc16 27.000
proc17 28.000
proc51 31.000
proc68 33.000
proc12 34.000
proc6 35.000
proc27 37.000
proc39 39.000
proc33 42.000
proc64 45.000
proc49 48.000
proc55 51.000
proc70 54.000
proc71 57.000
proc53 61.000
proc29 65.000
proc41 69.000
proc48 72.000
proc22 76.000
proc4 80.000
proc45 84.000
proc15 89.000
proc38 94.000
proc56 99.000
proc26 104.000
proc47 109.000
proc46 114.000
proc5 119.000
proc57 124.000
proc37 129.000
proc61 134.000
proc74 139.000
proc21 145.000
proc72 151.000
proc31 157.000
proc58 163.000
proc54 169.000
proc14 175.000
proc36 181.000
proc73 187.000
proc30 194.000
proc24 201.000
proc7 208.000
proc42 215.000
proc28 223.000
proc67 231.000
proc8 239.000
proc34 247.000
proc13 255.000
proc10 263.000
proc50 272.000
proc3 281.000
proc66 290.000
proc2 299.000
proc40 308.000
proc18 317.000
proc19 326.000
proc65 335.000
proc0 344.000
proc63 354.000
proc25 364.000
proc52 374.000
proc43 384.000
5
