proc44 4.000
proc19 5.000
proc5 6.000
proc72 8.000
proc67 11.000
proc36 14.000
proc48 17.000
proc58 19.000
proc35 22.000
proc28 24.000
proc63 26.000
proc46 28.000
proc21 29.000
proc4 31.000
proc38 33.000
proc7 35.000
proc50 37.000
proc20 39.000
proc64 41.000
proc29 44.000
proc17 47.000
proc24 50.000
proc3 54.000
proc62 57.000
proc0 61.000
proc11 65.000
proc23 69.000
proc32 73.000
proc47 77.000
proc34 81.000
proc52 85.000
proc49 90.000
proc51 95.000
proc16 100.000
proc74 105.000
proc27 110.000
proc66 116.000
proc56 122.000
proc37 128.000
proc14 134.000
proc70 140.000
proc68 146.000
proc10 152.000
proc15 158.000
proc40 165.000
proc25 172.000
proc60 179.000
proc53 187.000
proc22 195.000
proc69 203.000
proc9 211.000
proc31 219.000
proc54 227.000
proc71 235.000
proc59 243.000
proc13 251.000
proc55 259.000
proc45 267.000
proc73 276.000
proc57 285.000
proc33 294.000
proc43 303.000
proc6 312.000
proc41 321.000
proc8 330.000
proc2 339.000
proc1 349.000
proc26 359.000
proc65 369.000
proc39 379.000
proc12 389.000
proc42 399.000
proc30 409.000
proc61 419.000
proc18 429.000
5
