proc30 6.000
proc56 9.000
proc12 11.000
proc4 14.000
proc53 15.000
proc42 17.000
proc74 19.000
proc23 21.000
proc58 21.000
proc3 23.000
proc39 26.000
proc10 27.000
proc27 30.000
proc21 33.000
proc38 34.000
proc47 36.000
proc49 37.000
proc0 39.000
proc9 42.000
proc5 45.000
proc72 48.000
proc22 51.000
proc25 54.000
proc44 57.000
proc51 61.000
proc62 65.000
proc33 69.000
proc67 73.000
proc40 77.000
proc55 81.000
proc7 85.000
proc45 90.000
proc41 95.000
proc29 100.000
proc6 105.000
proc20 111.000
proc43 117.000
proc37 123.000
proc65 129.000
proc17 135.000
proc68 142.000
proc11 149.000
proc59 156.000
proc63 163.000
proc71 170.000
proc61 177.000
proc24 184.000
proc13 191.000
proc34 198.000
proc16 205.000
proc52 212.000
proc2 219.000
proc69 227.000
proc60 235.000
proc35 243.000
proc1 251.000
proc8 259.000
proc32 268.000
proc46 277.000
proc28 286.000
proc54 295.000
proc64 304.000
proc19 313.000
proc50 322.000
proc15 331.000
proc66 340.000
proc36 349.000
proc73 359.000
proc26 369.000
proc57 379.000
proc70 389.000
proc18 399.000
proc48 409.000
proc31 419.000
proc14 429.000
6
