proc65 3.000
proc22 5.000
proc1 6.000
proc60 7.000
proc72 8.000
proc47 9.000
proc7 12.000
proc29 15.000
proc41 18.000
proc6 19.000
proc42 21.000
proc0 25.000
proc9 26.000
proc14 27.000
proc24 28.000
proc45 29.000
proc53 31.000
proc55 33.000
proc26 35.000
proc52 37.000
proc61 39.000
proc36 42.000
proc25 45.000
proc30 48.000
proc31 51.000
proc28 54.000
proc59 57.000
proc33 60.000
proc64 63.000
proc40 66.000
proc13 69.000
proc71 72.000
proc21 75.000
proc48 79.000
proc44 83.000
proc49 87.000
proc69 91.000
proc32 95.000
proc38 99.000
proc16 103.000
proc54 107.000
proc8 112.000
proc19 117.000
proc70 122.000
proc4 127.000
proc63 132.000
proc66 138.000
proc56 144.000
proc50 150.000
proc39 156.000
proc58 162.000
proc17 168.000
proc68 175.000
proc35 182.000
proc10 189.000
proc12 196.000
proc5 204.000
proc51 212.000
proc37 220.000
proc57 228.000
proc11 236.000
proc67 244.000
proc43 252.000
proc18 260.000
proc20 268.000
proc3 276.000
proc74 284.000
proc27 293.000
proc2 302.000
proc46 311.000
proc34 320.000
proc15 329.000
proc62 338.000
proc23 348.000
proc73 358.000
6
