proc73 4.000
proc41 6.000
proc52 8.000
proc64 12.000
proc23 13.000
proc36 15.000
proc60 17.000
proc49 18.000
proc0 19.000
proc58 22.000
proc31 23.000
proc63 25.000
proc53 28.000
proc1 30.000
proc24 33.000
proc33 34.000
proc26 36.000
proc4 39.000
proc57 42.000
proc2 45.000
proc18 49.000
proc8 53.000
proc50 57.000
proc37 61.000
proc38 65.000
proc14 69.000
proc56 73.000
proc25 77.000
proc35 81.000
proc51 85.000
proc19 90.000
proc61 95.000
proc68 100.000
proc17 105.000
proc74 109.000
proc28 114.000
proc9 119.000
proc62 124.000
proc69 130.000
proc55 136.000
proc40 142.000
proc29 148.000
proc22 154.000
proc39 160.000
proc48 166.000
proc72 172.000
proc65 178.000
proc54 184.000
proc47 190.000
proc5 197.000
proc11 204.000
proc44 211.000
proc59 218.000
proc16 225.000
proc45 232.000
proc30 240.000
proc32 248.000
proc7 256.000
proc71 264.000
proc15 272.000
proc70 280.000
proc46 288.000
proc66 296.000
proc12 305.000
proc43 314.000
proc34 323.000
proc3 332.000
proc6 341.000
proc13 350.000
proc20 359.000
proc10 368.000
proc42 378.000
proc67 388.000
proc27 398.000
proc21 408.000
4
