proc60 2.000
proc25 3.000
proc5 6.000
proc43 9.000
proc66 10.000
proc57 11.000
proc12 12.000
proc54 14.000
proc52 15.000
proc26 18.000
proc49 19.000
proc23 21.000
proc67 23.000
proc33 25.000
proc47 27.000
proc38 28.000
proc58 30.000
proc64 32.000
proc34 35.000
proc35 36.000
proc55 37.000
proc31 40.000
proc28 43.000
proc0 46.000
proc53 49.000
proc9 52.000
proc39 55.000
proc51 59.000
proc21 63.000
proc1 67.000
proc61 71.000
proc8 75.000
proc19 79.000
proc46 83.000
proc50 88.000
proc59 93.000
proc10 98.000
proc36 103.000
proc41 109.000
proc42 115.000
proc6 121.000
proc65 127.000
proc20 133.000
proc11 139.000
proc56 145.000
proc14 151.000
proc15 157.000
proc22 163.000
proc30 170.000
proc24 177.000
proc16 184.000
proc74 191.000
proc4 198.000
proc18 205.000
proc2 212.000
proc62 219.000
proc29 227.000
proc17 235.000
proc71 243.000
proc68 251.000
proc3 260.000
proc48 269.000
proc7 278.000
proc32 287.000
proc73 296.000
proc45 305.000
proc37 314.000
proc72 324.000
proc13 334.000
proc63 344.000
proc27 354.000
proc44 364.000
proc40 374.000
proc69 384.000
proc70 394.000
6
