proc0 5.000
proc30 8.000
proc42 10.000
proc73 13.000
proc21 14.000
proc7 18.000
proc44 19.000
proc60 21.000
proc19 24.000
proc4 26.000
proc51 29.000
proc58 31.000
proc12 33.000
proc69 34.000
proc56 35.000
proc24 37.000
proc71 38.000
proc15 41.000
proc37 44.000
proc14 47.000
proc57 50.000
proc38 54.000
proc50 58.000
proc66 62.000
proc68 66.000
proc28 70.000
proc3 74.000
proc70 78.000
proc35 82.000
proc64 86.000
proc9 91.000
proc52 96.000
proc53 101.000
proc10 106.000
proc65 111.000
proc16 116.000
proc48 121.000
proc2 126.000
proc22 132.000
proc62 138.000
proc67 144.000
proc23 150.000
proc18 156.000
proc36 163.000
proc27 170.000
proc74 177.000
proc43 184.000
proc63 191.000
proc31 198.000
proc45 205.000
proc26 212.000
proc39 219.000
proc47 226.000
proc13 233.000
proc49 240.000
proc6 248.000
proc46 256.000
proc40 264.000
proc25 272.000
proc32 280.000
proc59 288.000
proc1 296.000
proc34 305.000
proc55 314.000
proc8 323.000
proc20 332.000
proc54 341.000
proc11 350.000
proc72 359.000
proc17 369.000
proc41 379.000
proc5 389.000
proc29 399.000
proc61 409.000
proc33 419.000
6
