proc36 6.000
proc67 7.000
proc0 8.000
proc3 10.000
proc25 12.000
proc54 14.000
proc66 16.000
proc61 19.000
proc50 20.000
proc47 21.000
proc26 21.000
proc53 23.000
proc62 24.000
proc43 26.000
proc20 28.000
proc74 30.000
proc71 33.000
proc39 35.000
proc59 37.000
proc6 39.000
proc28 42.000
proc45 45.000
proc73 48.000
proc42 52.000
proc57 55.000
proc30 59.000
proc9 63.000
proc27 67.000
proc19 71.000
proc24 75.000
proc46 79.000
proc58 83.000
proc52 87.000
proc34 92.000
proc5 97.000
proc69 102.000
proc55 107.000
proc2 112.000
proc10 118.000
proc4 124.000
proc7 130.000
proc21 136.000
proc68 143.000
proc65 150.000
proc14 157.000
proc72 164.000
proc60 171.000
proc23 178.000
proc35 185.000
proc17 192.000
proc63 199.000
proc51 206.000
proc64 214.000
proc40 222.000
proc38 230.000
proc1 238.000
proc31 246.000
proc18 254.000
proc70 262.000
proc12 270.000
proc8 278.000
proc41 286.000
proc32 294.000
proc56 303.000
proc49 312.000
proc44 321.000
proc29 330.000
proc13 339.000
proc11 348.000
proc22 358.000
proc48 368.000
proc16 378.000
proc37 388.000
proc15 398.000
proc33 408.000
10
