proc54 5.000
proc70 8.000
proc35 9.000
proc13 12.000
proc11 15.000
proc0 18.000
proc29 20.000
proc47 21.000
proc25 24.000
proc69 25.000
proc65 27.000
proc37 30.000
proc60 31.000
proc30 33.000
proc71 36.000
proc39 39.000
proc16 42.000
proc20 46.000
proc5 50.000
proc58 54.000
proc48 58.000
proc56 62.000
proc9 66.000
proc59 70.000
proc27 74.000
proc34 78.000
proc51 82.000
proc19 87.000
proc43 92.000
proc46 97.000
proc55 102.000
proc2 107.000
proc73 112.000
proc74 117.000
proc6 123.000
proc18 129.000
proc72 135.000
proc44 141.000
proc42 147.000
proc7 153.000
proc28 159.000
proc52 165.000
proc15 171.000
proc24 177.000
proc21 183.000
proc50 190.000
proc61 197.000
proc33 204.000
proc31 211.000
proc67 218.000
proc45 225.000
proc32 232.000
proc62 239.000
proc41 246.000
proc10 254.000
proc22 262.000
proc17 270.000
proc8 278.000
proc49 286.000
proc38 294.000
proc14 303.000
proc26 312.000
proc36 321.000
proc66 330.000
proc12 339.000
proc57 348.000
proc68 357.000
proc3 366.000
proc53 375.000
proc63 384.000
proc64 394.000
proc1 404.000
proc23 414.000
proc4 424.000
proc40 434.000
4
