proc44 4.000
proc65 6.000
proc51 7.000
proc52 8.000
proc1 10.000
proc27 13.000
proc5 15.000
proc35 16.000
proc11 18.000
proc22 20.000
proc21 23.000
proc50 26.000
proc3 28.000
proc24 30.000
proc60 32.000
proc61 34.000
proc69 36.000
proc47 37.000
proc67 40.000
proc14 43.000
proc38 46.000
proc7 49.000
proc2 52.000
proc23 56.000
proc32 60.000
proc68 64.000
proc28 68.000
proc62 72.000
proc19 76.000
proc39 81.000
proc45 86.000
proc53 91.000
proc9 96.000
proc58 101.000
proc73 106.000
proc49 111.000
proc41 116.000
proc30 121.000
proc55 126.000
proc42 131.000
proc66 136.000
proc54 141.000
proc46 147.000
proc34 153.000
proc15 159.000
proc29 165.000
proc18 171.000
proc13 178.000
proc4 185.000
proc36 192.000
proc25 199.000
proc72 206.000
proc71 213.000
proc64 220.000
proc16 228.000
proc8 236.000
proc17 244.000
proc20 252.000
proc6 260.000
proc43 269.000
proc40 278.000
proc33 287.000
proc74 296.000
proc48 305.000
proc57 314.000
proc12 324.000
proc26 334.000
proc37 344.000
proc63 354.000
proc56 364.000
proc70 374.000
proc10 384.000
proc59 394.000
proc0 404.000
proc31 414.000
7
