proc61 5.000
proc2 6.000
proc39 7.000
proc8 9.000
proc37 12.000
proc73 14.000
proc27 16.000
proc46 18.000
proc30 20.000
proc4 23.000
proc12 25.000
proc49 27.000
proc70 29.000
proc69 32.000
proc32 35.000
proc22 36.000
proc42 39.000
proc60 42.000
proc55 44.000
proc17 48.000
proc74 52.000
proc43 56.000
proc41 60.000
proc14 64.000
proc18 68.000
proc71 72.000
proc25 76.000
proc65 80.000
proc0 84.000
proc23 88.000
proc38 93.000
proc44 98.000
proc10 103.000
proc47 108.000
proc64 113.000
proc7 118.000
proc57 123.000
proc59 128.000
proc26 134.000
proc9 140.000
proc66 146.000
proc31 152.000
proc62 158.000
proc1 164.000
proc40 170.000
proc15 177.000
proc52 184.000
proc33 191.000
proc3 198.000
proc21 205.000
proc28 212.000
proc56 219.000
proc67 226.000
proc51 233.000
proc36 241.000
proc50 249.000
proc68 257.000
proc5 265.000
proc13 273.000
proc54 282.000
proc45 291.000
proc63 300.000
proc24 309.000
proc29 318.000
proc20 327.000
proc19 336.000
proc58 345.000
proc53 354.000
proc34 363.000
proc72 372.000
proc11 382.000
proc6 392.000
proc35 402.000
proc16 412.000
proc48 422.000
9
