proc20 2.000
proc31 3.000
proc21 8.000
proc43 11.000
proc71 13.000
proc12 15.000
proc33 17.000
proc49 19.000
proc61 21.000
proc3 23.000
proc58 25.000
proc34 26.000
proc62 28.000
proc7 30.000
proc39 31.000
proc40 33.000
proc51 35.000
proc18 38.000
proc66 41.000
proc41 44.000
proc15 47.000
proc45 50.000
proc64 53.000
proc48 56.000
proc25 59.000
proc26 62.000
proc0 66.000
proc57 70.000
proc56 74.000
proc35 78.000
proc67 82.000
proc10 86.000
proc38 90.000
proc69 94.000
proc27 98.000
proc19 103.000
proc17 108.000
proc54 113.000
proc14 118.000
proc1 124.000
proc13 130.000
proc22 136.000
proc73 142.000
proc63 148.000
proc23 154.000
proc37 161.000
proc6 168.000
proc9 175.000
proc74 182.000
proc60 189.000
proc59 196.000
proc24 203.000
proc46 210.000
proc11 218.000
proc70 226.000
proc4 234.000
proc50 242.000
proc8 250.000
proc28 258.000
proc52 265.000
proc72 273.000
proc16 281.000
proc55 289.000
proc42 298.000
proc32 307.000
proc44 316.000
proc2 325.000
proc47 334.000
proc65 344.000
proc29 354.000
proc30 364.000
proc68 374.000
proc5 384.000
proc36 394.000
proc53 404.000
6
