proc27 3.000
proc17 4.000
proc46 5.000
proc22 7.000
proc74 8.000
proc62 9.000
proc26 10.000
proc29 11.000
proc52 13.000
proc2 15.000
proc9 18.000
proc42 21.000
proc73 22.000
proc25 24.000
proc48 26.000
proc5 28.000
proc69 31.000
proc16 34.000
proc0 36.000
proc3 38.000
proc70 41.000
proc53 44.000
proc23 47.000
proc4 50.000
proc6 53.000
proc15 57.000
proc58 61.000
proc28 65.000
proc43 69.000
proc55 73.000
proc54 77.000
proc67 82.000
proc56 87.000
proc71 92.000
proc64 97.000
proc65 102.000
proc49 107.000
proc38 112.000
proc11 117.000
proc30 122.000
proc40 128.000
proc66 134.000
proc18 140.000
proc35 146.000
proc59 152.000
proc60 158.000
proc14 165.000
proc72 172.000
proc39 179.000
proc20 186.000
proc57 193.000
proc8 201.000
proc36 209.000
proc37 217.000
proc51 225.000
proc31 233.000
proc13 241.000
proc50 249.000
proc32 257.000
proc45 265.000
proc33 274.000
proc12 283.000
proc68 292.000
proc47 301.000
proc61 310.000
proc21 319.000
proc10 328.000
proc41 337.000
proc7 346.000
proc19 356.000
proc24 366.000
proc63 376.000
proc1 386.000
proc44 396.000
proc34 406.000
8
