proc64 4.000
proc20 5.000
proc56 7.000
proc27 10.000
proc53 12.000
proc29 14.000
proc17 16.000
proc5 17.000
proc36 19.000
proc41 21.000
proc46 24.000
proc61 25.000
proc34 29.000
proc14 31.000
proc68 34.000
proc35 35.000
proc33 37.000
proc30 39.000
proc38 42.000
proc31 45.000
proc19 48.000
proc9 51.000
proc43 54.000
proc24 58.000
proc4 62.000
proc15 66.000
proc51 70.000
proc37 74.000
proc57 78.000
proc1 82.000
proc59 86.000
proc73 91.000
proc62 96.000
proc2 101.000
proc28 106.000
proc67 111.000
proc74 117.000
proc3 123.000
proc40 129.000
proc72 135.000
proc7 141.000
proc23 147.000
proc39 153.000
proc25 159.000
proc58 165.000
proc42 172.000
proc0 179.000
proc71 186.000
proc69 193.000
proc21 200.000
proc49 207.000
proc8 214.000
proc22 221.000
proc54 228.000
proc63 235.000
proc18 243.000
proc11 251.000
proc26 259.000
proc16 267.000
proc65 275.000
proc10 283.000
proc48 291.000
proc32 299.000
proc50 308.000
proc60 317.000
proc55 326.000
proc45 335.000
proc66 344.000
proc52 353.000
proc47 362.000
proc12 372.000
proc13 382.000
proc6 392.000
proc44 402.000
proc70 412.000
8
