proc30 6.000
proc66 9.000
proc12 10.000
proc42 11.000
proc50 12.000
proc46 14.000
proc3 16.000
proc7 18.000
proc35 19.000
proc52 22.000
proc5 24.000
proc60 25.000
proc56 26.000
proc6 27.000
proc32 29.000
proc28 32.000
proc0 33.000
proc37 35.000
proc13 37.000
proc2 39.000
proc10 42.000
proc45 45.000
proc14 48.000
proc71 52.000
proc57 56.000
proc31 60.000
proc27 64.000
proc48 68.000
proc65 72.000
proc9 76.000
proc41 80.000
proc70 85.000
proc67 90.000
proc63 95.000
proc11 100.000
proc34 105.000
proc26 111.000
proc74 117.000
proc16 123.000
proc18 129.000
proc61 135.000
proc17 141.000
proc24 147.000
proc36 153.000
proc53 160.000
proc62 167.000
proc8 174.000
proc39 181.000
proc21 189.000
proc29 197.000
proc23 205.000
proc44 213.000
proc20 221.000
proc55 229.000
proc40 237.000
proc68 245.000
proc72 253.000
proc43 261.000
proc19 269.000
proc49 278.000
proc33 287.000
proc1 296.000
proc4 305.000
proc69 314.000
proc22 323.000
proc64 332.000
proc15 341.000
proc73 351.000
proc54 361.000
proc38 371.000
proc58 381.000
proc25 391.000
proc47 401.000
proc59 411.000
proc51 421.000
7
