proc75 2.625
proc135 5.625
proc10 6.625
proc27 8.125
proc61 9.125
proc89 12.000
proc48 13.250
proc71 14.250
proc91 15.250
proc114 17.375
proc149 19.375
proc92 20.875
proc45 22.125
proc18 22.875
proc86 25.000
proc101 26.125
proc11 27.250
proc0 29.000
proc112 29.750
proc138 30.625
proc81 31.750
proc9 32.625
proc146 34.625
proc17 36.125
proc137 38.750
proc57 41.250
proc70 42.250
proc130 43.750
proc87 44.625
proc107 47.750
proc80 49.625
proc53 50.500
proc2 51.625
proc105 53.875
proc110 54.125
proc23 55.500
proc65 57.625
proc52 60.000
proc15 62.500
proc16 62.750
proc43 64.875
proc69 65.375
proc32 66.125
proc1 68.375
proc49 70.625
proc143 70.875
proc54 72.000
proc122 73.500
proc96 76.125
proc128 79.000
proc29 82.000
proc28 85.000
proc59 88.125
proc68 91.500
proc127 94.875
proc60 98.250
proc120 101.750
proc39 105.250
proc74 108.750
proc111 112.250
proc33 115.875
proc142 119.625
proc55 123.375
proc102 127.125
proc113 130.875
proc51 134.625
proc82 138.375
proc58 142.125
proc140 146.000
proc42 149.875
proc34 153.750
proc4 157.750
proc84 161.875
proc6 166.250
proc85 170.625
proc77 175.125
proc144 179.625
proc73 184.125
proc79 188.875
proc117 193.625
proc14 198.375
proc134 203.375
proc36 208.375
proc103 213.375
proc19 218.500
proc145 223.625
proc67 228.750
proc41 234.000
proc132 239.250
proc125 244.500
proc20 249.750
proc22 255.125
proc56 260.750
proc3 266.375
proc26 272.000
proc35 277.625
proc147 283.375
proc129 289.250
proc64 295.125
proc38 301.125
proc37 307.125
proc123 313.125
proc78 319.250
proc5 325.375
proc119 331.625
proc44 338.125
proc63 344.625
proc13 351.250
proc97 358.125
proc136 365.000
proc131 371.875
proc7 379.000
proc124 386.375
proc12 393.875
proc108 401.375
proc47 408.875
proc25 416.375
proc72 424.000
proc118 431.625
proc98 439.250
proc83 446.875
proc141 454.750
proc93 462.625
proc30 470.625
proc139 478.750
proc46 486.875
proc88 495.125
proc99 503.500
proc109 511.875
proc121 520.250
proc76 528.750
proc8 537.500
proc21 546.250
proc106 555.000
proc40 563.750
proc94 572.750
proc115 582.000
proc50 591.250
proc24 600.500
proc90 609.875
proc116 619.250
proc104 628.750
proc100 638.250
proc133 647.875
proc126 657.625
proc31 667.375
proc148 677.125
proc62 687.000
proc66 697.000
proc95 707.000
21
