proc65 4.375
proc90 7.875
proc149 9.750
proc51 10.000
proc50 10.875
proc14 11.375
proc147 11.875
proc101 12.625
proc80 13.500
proc48 14.500
proc23 16.250
proc78 18.875
proc57 20.375
proc117 22.250
proc114 23.750
proc64 27.000
proc6 28.250
proc70 28.625
proc71 29.500
proc72 31.875
proc24 34.750
proc25 36.875
proc89 37.500
proc3 38.125
proc66 39.250
proc58 39.750
proc34 41.750
proc123 44.625
proc99 47.875
proc91 51.250
proc13 52.000
proc49 55.000
proc68 55.625
proc84 56.250
proc95 57.500
proc40 59.375
proc17 60.625
proc135 63.125
proc15 64.500
proc94 65.000
proc43 65.750
proc107 67.125
proc26 68.125
proc83 68.875
proc148 71.875
proc42 73.250
proc76 74.625
proc2 75.375
proc5 78.250
proc133 81.500
proc105 84.875
proc126 88.250
proc47 91.875
proc69 95.500
proc73 99.375
proc16 103.375
proc139 107.375
proc100 111.375
proc116 115.625
proc127 119.875
proc81 124.375
proc41 129.000
proc121 133.625
proc20 138.375
proc140 143.125
proc39 148.000
proc96 152.875
proc63 157.750
proc102 162.625
proc67 167.625
proc136 172.625
proc38 177.750
proc30 182.875
proc46 188.125
proc130 193.375
proc36 198.750
proc93 204.125
proc115 209.625
proc86 215.125
proc31 220.625
proc97 226.125
proc77 231.750
proc124 237.500
proc0 243.250
proc87 249.125
proc44 255.000
proc104 261.000
proc9 267.000
proc119 273.125
proc85 279.250
proc113 285.500
proc92 291.875
proc32 298.250
proc110 304.750
proc62 311.250
proc108 317.875
proc56 324.500
proc35 331.250
proc74 338.000
proc141 344.750
proc128 351.625
proc75 358.500
proc1 365.375
proc143 372.250
proc146 379.250
proc21 386.250
proc79 393.375
proc59 400.500
proc137 407.750
proc45 415.000
proc88 422.250
proc54 429.500
proc122 437.125
proc120 444.750
proc10 452.500
proc106 460.250
proc18 468.000
proc145 475.875
proc142 483.875
proc82 491.875
proc118 499.875
proc138 507.875
proc111 515.875
proc53 524.125
proc98 532.375
proc131 540.750
proc33 549.125
proc8 557.500
proc12 566.000
proc29 574.500
proc11 583.000
proc60 591.500
proc134 600.000
proc112 608.625
proc19 617.375
proc37 626.125
proc103 634.875
proc125 643.750
proc7 652.875
proc132 662.250
proc129 671.625
proc4 681.125
proc52 690.750
proc22 700.375
proc109 710.000
proc55 719.625
proc144 729.375
proc28 739.125
proc61 749.000
proc27 759.000
17
