proc74 4.000
proc59 4.375
proc140 6.125
proc32 7.625
proc61 9.500
proc1 13.500
proc91 14.875
proc98 18.250
proc88 22.750
proc34 23.000
proc101 23.875
proc23 26.250
proc49 26.875
proc137 27.875
proc144 28.875
proc87 29.375
proc62 30.625
proc125 32.625
proc69 34.000
proc131 35.250
proc81 37.000
proc127 38.125
proc126 39.750
proc35 41.875
proc130 43.750
proc122 44.625
proc76 45.750
proc68 46.750
proc112 47.750
proc40 48.750
proc103 49.750
proc22 50.625
proc48 52.125
proc84 53.125
proc72 53.250
proc57 55.000
proc135 55.250
proc3 56.750
proc86 58.500
proc77 59.000
proc146 60.250
proc107 60.375
proc20 63.000
proc117 64.625
proc51 66.375
proc79 67.125
proc13 69.500
proc2 71.625
proc67 73.500
proc109 74.125
proc27 75.500
proc14 77.875
proc116 80.375
proc56 83.250
proc105 86.250
proc37 89.250
proc39 92.500
proc36 95.875
proc55 99.250
proc64 102.500
proc108 105.875
proc63 109.500
proc0 112.875
proc147 116.375
proc45 120.250
proc80 124.125
proc110 128.250
proc33 132.375
proc47 136.750
proc10 141.000
proc92 145.625
proc66 150.375
proc75 155.000
proc12 159.875
proc17 164.625
proc31 169.500
proc19 174.375
proc30 179.375
proc94 184.500
proc99 189.625
proc25 194.750
proc104 200.125
proc115 205.500
proc96 211.000
proc52 216.625
proc133 222.125
proc11 227.875
proc26 233.500
proc121 239.250
proc6 245.250
proc65 251.625
proc73 257.750
proc132 263.875
proc54 270.125
proc129 276.375
proc114 282.625
proc16 289.125
proc78 295.750
proc53 302.250
proc70 309.125
proc136 315.875
proc85 322.750
proc145 329.500
proc111 336.500
proc58 343.500
proc50 350.375
proc148 357.375
proc29 364.375
proc90 371.375
proc143 378.625
proc60 386.000
proc71 393.375
proc5 401.125
proc41 408.750
proc21 416.375
proc28 424.125
proc128 431.875
proc102 439.750
proc106 447.625
proc4 455.625
proc138 463.875
proc93 471.875
proc7 479.875
proc124 488.250
proc43 496.750
proc9 505.125
proc42 513.750
proc15 522.250
proc113 530.875
proc139 539.625
proc120 548.250
proc119 556.875
proc95 565.875
proc134 574.750
proc118 583.750
proc24 592.625
proc141 601.750
proc8 610.750
proc89 620.000
proc100 629.125
proc142 638.375
proc97 647.750
proc149 657.250
proc82 666.625
proc44 676.250
proc18 685.750
proc123 695.250
proc83 705.125
proc38 715.000
proc46 725.000
24
