proc55 3.000
proc96 3.375
proc112 4.250
proc148 7.750
proc122 9.625
proc63 12.125
proc59 13.375
proc48 15.125
proc14 16.000
proc33 16.500
proc79 20.750
proc64 21.750
proc39 25.000
proc120 27.500
proc28 28.875
proc121 30.500
proc82 32.750
proc133 34.125
proc72 36.000
proc114 37.875
proc135 39.000
proc32 41.375
proc30 43.000
proc73 45.875
proc17 49.000
proc3 49.625
proc149 51.500
proc147 53.875
proc132 55.000
proc34 58.250
proc97 59.375
proc43 61.500
proc108 63.875
proc144 64.500
proc9 67.000
proc139 68.000
proc65 69.125
proc93 71.375
proc15 73.500
proc131 75.625
proc111 78.125
proc123 80.375
proc128 83.500
proc19 86.625
proc36 90.125
proc141 93.375
proc127 96.750
proc26 100.500
proc53 104.500
proc143 108.625
proc29 112.750
proc94 117.125
proc75 121.375
proc49 126.125
proc134 130.625
proc140 135.375
proc13 140.000
proc90 144.875
proc41 149.625
proc31 154.750
proc138 160.000
proc18 165.375
proc125 170.750
proc44 176.000
proc85 181.500
proc35 187.000
proc74 192.375
proc129 198.000
proc124 203.625
proc5 209.250
proc113 215.000
proc88 220.750
proc118 226.625
proc84 232.500
proc91 238.500
proc7 244.500
proc70 250.500
proc23 256.500
proc52 262.625
proc66 268.750
proc37 275.125
proc60 281.500
proc57 288.000
proc54 294.750
proc95 301.375
proc89 308.250
proc68 315.125
proc62 322.125
proc83 329.125
proc51 336.125
proc104 343.125
proc101 350.375
proc86 357.500
proc22 364.625
proc80 371.875
proc145 379.250
proc107 386.375
proc56 393.750
proc146 401.250
proc117 408.750
proc4 416.250
proc81 423.875
proc110 431.375
proc25 439.000
proc11 446.500
proc126 454.250
proc116 462.250
proc16 470.125
proc47 478.125
proc69 486.000
proc137 493.875
proc58 501.875
proc24 509.875
proc12 518.125
proc40 526.250
proc46 534.625
proc98 543.125
proc77 551.500
proc87 559.875
proc119 568.375
proc99 576.875
proc115 585.500
proc130 594.250
proc71 603.125
proc136 612.000
proc2 620.875
proc103 629.750
proc27 638.875
proc105 647.875
proc8 657.000
proc76 666.125
proc61 675.625
proc109 684.875
proc67 694.250
proc0 703.500
proc6 712.750
proc92 722.125
proc106 731.500
proc142 741.000
proc1 750.750
proc100 760.250
proc10 769.875
proc20 779.750
proc78 789.375
proc50 799.250
proc38 809.000
proc102 818.875
proc42 828.875
proc45 838.875
proc21 849.000
13
