proc127 2.125
proc13 5.250
proc64 7.500
proc49 8.875
proc109 11.375
proc11 13.250
proc69 14.000
proc132 16.875
proc18 17.250
proc4 19.500
proc117 21.125
proc101 23.750
proc110 26.875
proc86 27.625
proc42 29.375
proc123 30.500
proc75 31.750
proc29 32.625
proc85 34.000
proc24 34.750
proc129 36.125
proc31 37.750
proc92 40.125
proc143 41.750
proc78 42.375
proc79 44.625
proc59 44.875
proc15 47.125
proc104 47.500
proc90 48.125
proc139 50.250
proc99 51.000
proc54 53.000
proc27 54.000
proc94 54.750
proc111 57.500
proc120 59.875
proc30 62.625
proc28 64.000
proc81 65.875
proc112 66.375
proc51 67.500
proc55 69.500
proc19 70.500
proc149 73.500
proc45 76.875
proc47 80.500
proc147 84.375
proc26 88.250
proc134 92.125
proc70 96.000
proc5 100.000
proc97 103.875
proc80 107.750
proc32 111.875
proc116 116.125
proc133 120.250
proc73 124.250
proc7 128.625
proc144 133.125
proc66 137.375
proc52 141.875
proc114 146.500
proc44 151.000
proc38 155.625
proc82 160.375
proc53 164.875
proc8 169.625
proc74 174.375
proc33 179.250
proc103 184.500
proc57 189.625
proc140 194.750
proc68 200.125
proc72 205.375
proc25 210.750
proc63 216.125
proc40 221.500
proc88 226.750
proc146 232.250
proc14 237.500
proc0 242.750
proc1 248.250
proc3 253.625
proc10 259.125
proc50 264.750
proc20 271.000
proc115 277.250
proc2 283.375
proc37 289.750
proc108 296.125
proc141 302.625
proc56 309.250
proc16 315.875
proc124 322.375
proc100 329.125
proc95 335.750
proc76 342.500
proc9 349.375
proc125 356.625
proc148 363.625
proc102 370.750
proc84 378.000
proc131 385.250
proc12 392.500
proc138 400.125
proc46 407.875
proc67 415.875
proc105 423.500
proc21 431.500
proc61 439.375
proc122 447.375
proc6 455.250
proc136 463.250
proc107 471.375
proc106 479.625
proc137 487.625
proc113 496.000
proc118 504.125
proc130 512.625
proc93 521.125
proc83 529.625
proc142 538.250
proc62 547.000
proc128 555.500
proc39 564.125
proc77 573.125
proc65 582.000
proc17 590.750
proc126 599.500
proc89 608.375
proc71 617.500
proc22 626.625
proc119 635.875
proc60 645.000
proc43 654.000
proc23 663.375
proc58 672.625
proc121 681.875
proc91 691.125
proc135 700.500
proc36 709.750
proc34 719.000
proc96 728.375
proc41 738.000
proc35 747.625
proc87 757.500
proc48 767.750
proc98 777.750
proc145 787.875
16
