proc143 1.125
proc136 4.500
proc10 7.500
proc115 8.875
proc57 9.875
proc93 12.125
proc97 15.250
proc110 15.750
proc120 16.750
proc53 18.375
proc26 20.125
proc41 22.125
proc78 24.125
proc88 26.375
proc30 29.125
proc140 30.750
proc96 32.375
proc137 34.500
proc142 36.375
proc7 38.250
proc131 39.500
proc59 41.500
proc134 43.250
proc132 45.250
proc114 46.000
proc129 48.625
proc108 49.250
proc112 52.000
proc33 53.500
proc34 56.500
proc149 59.500
proc91 61.875
proc60 63.625
proc139 65.750
proc127 66.875
proc5 68.500
proc54 70.125
proc133 72.375
proc90 74.625
proc76 75.250
proc105 76.500
proc122 77.875
proc44 79.500
proc81 81.250
proc113 84.000
proc117 86.875
proc79 89.875
proc147 93.000
proc31 96.250
proc68 99.500
proc38 103.000
proc0 106.625
proc98 110.375
proc84 114.250
proc77 118.125
proc50 122.125
proc35 126.125
proc21 130.250
proc2 134.375
proc86 138.500
proc85 142.750
proc65 147.125
proc46 151.625
proc104 156.125
proc39 160.625
proc130 165.125
proc148 169.875
proc45 174.625
proc72 179.375
proc71 184.125
proc32 188.875
proc4 193.750
proc16 198.625
proc80 203.625
proc135 208.625
proc111 213.875
proc95 219.125
proc62 224.375
proc8 229.625
proc106 235.000
proc29 240.500
proc124 246.000
proc27 251.625
proc47 257.375
proc18 263.125
proc37 268.875
proc66 274.750
proc51 280.750
proc83 286.750
proc75 292.875
proc64 299.125
proc36 305.375
proc74 311.625
proc6 317.875
proc141 324.250
proc56 330.625
proc73 337.000
proc144 343.375
proc101 349.750
proc125 356.375
proc23 363.000
proc70 369.625
proc40 376.375
proc43 383.125
proc12 389.875
proc116 396.625
proc67 403.625
proc58 410.625
proc55 417.750
proc107 424.875
proc109 432.125
proc94 439.375
proc63 446.875
proc92 454.500
proc121 462.250
proc9 470.000
proc1 477.750
proc126 485.750
proc28 493.750
proc49 501.750
proc128 509.875
proc61 518.000
proc138 526.250
proc48 534.625
proc102 543.000
proc69 551.375
proc25 559.750
proc100 568.250
proc24 576.875
proc15 585.500
proc52 594.125
proc145 602.875
proc146 611.750
proc103 620.750
proc119 629.750
proc13 638.875
proc82 648.125
proc19 657.375
proc11 666.625
proc118 676.125
proc123 685.625
proc89 695.250
proc3 705.000
proc22 714.750
proc99 724.500
proc42 734.375
proc17 744.250
proc20 754.125
proc87 764.125
proc14 774.125
11
