proc148 3.875
proc105 4.250
proc149 7.125
proc79 7.875
proc13 11.000
proc90 12.500
proc62 14.500
proc53 15.500
proc131 17.750
proc26 21.250
proc67 23.875
proc20 25.500
proc55 27.375
proc42 29.875
proc4 30.625
proc125 32.750
proc92 34.500
proc48 37.625
proc110 39.125
proc109 40.000
proc31 40.875
proc95 41.500
proc112 42.000
proc22 42.875
proc98 44.250
proc96 46.125
proc36 47.875
proc34 50.500
proc137 50.625
proc38 53.375
proc122 55.000
proc68 56.000
proc146 58.250
proc10 60.250
proc57 61.500
proc18 62.750
proc139 64.250
proc29 65.750
proc25 68.000
proc60 69.250
proc23 72.000
proc134 72.125
proc81 73.625
proc39 75.375
proc77 77.500
proc49 80.000
proc99 83.250
proc75 86.625
proc140 90.000
proc133 93.500
proc70 97.000
proc19 100.500
proc145 104.250
proc12 108.000
proc111 111.750
proc41 115.500
proc28 119.250
proc102 123.125
proc33 127.375
proc135 131.625
proc30 136.000
proc87 140.375
proc69 144.750
proc11 149.250
proc9 153.750
proc51 158.250
proc97 162.875
proc46 167.500
proc8 172.250
proc86 177.000
proc119 181.750
proc66 186.500
proc15 191.250
proc104 196.000
proc7 200.750
proc16 205.625
proc3 210.500
proc100 215.375
proc44 220.250
proc128 225.250
proc2 230.250
proc85 235.250
proc63 240.250
proc108 245.250
proc141 250.375
proc5 255.500
proc121 260.625
proc114 265.750
proc32 270.875
proc116 276.125
proc126 281.375
proc106 286.750
proc27 292.500
proc115 298.250
proc136 304.000
proc59 309.750
proc17 315.625
proc103 321.500
proc88 327.500
proc83 333.625
proc84 339.750
proc89 345.875
proc94 352.250
proc1 358.750
proc58 365.250
proc124 371.875
proc24 378.500
proc64 385.125
proc71 391.875
proc54 398.750
proc0 405.625
proc138 412.500
proc61 419.500
proc14 426.500
proc129 433.625
proc144 440.875
proc47 448.375
proc143 456.000
proc52 463.750
proc130 471.625
proc72 479.625
proc127 487.750
proc37 495.875
proc82 504.125
proc80 512.375
proc123 520.625
proc40 529.000
proc117 537.500
proc43 546.000
proc113 554.750
proc45 563.500
proc74 572.500
proc93 581.500
proc56 591.000
proc50 600.625
proc21 610.000
proc76 619.500
proc78 629.125
proc147 638.625
proc132 648.250
proc73 657.750
proc6 667.500
proc101 677.250
proc35 687.000
proc107 696.875
proc118 706.625
proc120 716.625
proc142 726.625
proc91 736.750
proc65 746.875
17
