proc146 4.750
proc16 7.250
proc74 8.125
proc82 10.750
proc85 13.250
proc93 14.375
proc31 15.625
proc45 18.500
proc121 22.000
proc100 24.500
proc149 27.625
proc52 29.250
proc92 30.625
proc43 33.125
proc50 35.000
proc123 36.750
proc65 39.000
proc10 41.250
proc55 42.500
proc24 43.500
proc21 45.750
proc26 46.375
proc81 48.375
proc46 51.250
proc91 52.000
proc58 52.750
proc71 56.250
proc42 58.750
proc7 60.875
proc97 62.375
proc28 63.375
proc118 65.125
proc62 66.125
proc124 67.625
proc120 69.875
proc101 71.375
proc78 72.250
proc99 73.250
proc72 73.875
proc138 76.375
proc68 79.125
proc51 82.000
proc38 85.000
proc119 88.375
proc36 92.000
proc1 95.750
proc125 99.500
proc102 103.500
proc53 107.500
proc96 111.625
proc105 115.750
proc19 120.000
proc14 124.375
proc66 128.750
proc132 133.125
proc9 137.500
proc13 142.000
proc37 146.625
proc122 151.250
proc109 156.000
proc115 160.750
proc126 165.750
proc108 170.750
proc130 175.750
proc140 180.875
proc4 186.000
proc30 191.250
proc90 196.500
proc5 201.750
proc33 207.000
proc104 212.250
proc39 217.625
proc83 223.000
proc70 228.375
proc27 234.000
proc135 239.625
proc98 245.250
proc111 251.000
proc59 256.750
proc143 262.500
proc112 268.250
proc103 274.125
proc141 280.125
proc88 286.125
proc48 292.250
proc49 298.375
proc84 304.500
proc23 310.625
proc56 316.750
proc110 323.000
proc80 329.250
proc129 335.500
proc0 342.000
proc15 348.625
proc77 355.250
proc67 361.875
proc64 368.500
proc75 375.125
proc136 381.750
proc6 388.500
proc145 395.375
proc87 402.250
proc89 409.125
proc94 416.125
proc8 423.250
proc107 430.375
proc29 437.625
proc76 444.875
proc40 452.250
proc95 459.750
proc2 467.375
proc142 475.000
proc131 482.625
proc35 490.250
proc117 497.875
proc47 505.625
proc57 513.500
proc128 521.375
proc69 529.250
proc134 537.125
proc116 545.000
proc148 553.000
proc17 561.125
proc18 569.375
proc61 577.750
proc32 586.375
proc147 595.000
proc113 603.625
proc86 612.375
proc44 621.250
proc3 630.125
proc144 639.125
proc106 648.125
proc133 657.250
proc22 666.500
proc41 675.750
proc127 685.000
proc139 694.250
proc54 703.625
proc20 713.125
proc73 722.750
proc114 732.375
proc25 742.125
proc12 751.875
proc11 761.625
proc63 771.500
proc137 781.375
proc34 791.250
proc60 801.125
proc79 811.125
20
