proc75 5.000
proc23 6.875
proc117 8.625
proc136 10.500
proc34 12.375
proc89 14.375
proc111 16.125
proc114 17.875
proc119 20.500
proc79 23.125
proc3 25.875
proc83 26.625
proc145 28.000
proc146 29.875
proc32 31.750
proc103 34.625
proc108 36.625
proc17 38.625
proc72 39.500
proc18 42.125
proc60 44.500
proc141 47.375
proc7 48.000
proc109 49.000
proc52 50.500
proc95 52.625
proc88 55.000
proc53 55.750
proc112 57.625
proc35 58.875
proc122 60.250
proc143 62.125
proc24 64.250
proc29 65.750
proc40 68.000
proc27 71.125
proc0 74.000
proc123 77.000
proc21 80.125
proc131 83.250
proc46 86.375
proc39 89.625
proc65 92.875
proc81 96.125
proc11 99.625
proc120 103.000
proc100 106.375
proc63 109.875
proc33 113.500
proc149 117.125
proc4 120.625
proc14 124.125
proc59 127.750
proc71 131.375
proc25 135.250
proc102 138.875
proc73 142.750
proc10 146.750
proc8 150.750
proc20 154.625
proc113 158.625
proc45 162.750
proc115 167.000
proc37 171.125
proc16 175.500
proc106 179.750
proc148 184.125
proc15 188.500
proc69 192.875
proc5 197.375
proc9 202.000
proc91 206.500
proc107 211.125
proc105 215.875
proc68 220.750
proc124 225.625
proc2 230.500
proc134 235.500
proc54 240.500
proc74 245.500
proc125 250.500
proc78 255.750
proc38 261.000
proc64 266.250
proc139 271.625
proc110 277.000
proc128 282.375
proc140 287.750
proc98 293.250
proc121 298.625
proc58 304.000
proc57 309.750
proc99 315.500
proc126 321.250
proc55 327.000
proc43 333.000
proc50 338.875
proc51 345.000
proc12 351.250
proc62 357.375
proc118 363.625
proc36 369.875
proc44 376.375
proc77 382.750
proc127 389.250
proc94 395.750
proc90 402.375
proc41 408.875
proc56 415.750
proc80 422.750
proc92 429.750
proc138 436.875
proc116 444.125
proc142 451.500
proc133 458.875
proc28 466.500
proc129 474.125
proc6 481.750
proc76 489.500
proc132 497.250
proc47 505.000
proc84 512.875
proc67 520.750
proc26 528.625
proc49 536.625
proc104 544.625
proc82 552.750
proc135 560.875
proc1 569.125
proc97 577.375
proc85 585.625
proc22 593.875
proc101 602.250
proc48 610.750
proc30 619.375
proc144 628.125
proc66 636.875
proc42 645.875
proc147 654.875
proc87 663.875
proc130 672.875
proc31 682.250
proc13 691.750
proc96 701.500
proc93 711.250
proc86 721.000
proc70 730.875
proc137 740.750
proc19 750.625
proc61 760.625
17
