proc71 5.625
proc135 6.500
proc148 8.625
proc69 11.125
proc102 12.000
proc26 13.250
proc1 14.250
proc44 15.875
proc97 17.125
proc124 17.625
proc133 18.875
proc103 19.750
proc18 20.625
proc6 22.000
proc108 22.875
proc85 24.375
proc83 26.000
proc5 28.500
proc39 30.875
proc122 32.750
proc95 35.000
proc113 37.500
proc126 38.625
proc104 40.750
proc31 42.500
proc37 44.125
proc119 46.000
proc105 48.625
proc48 50.375
proc116 52.375
proc79 54.375
proc70 56.625
proc146 58.875
proc128 61.000
proc52 62.125
proc38 63.250
proc4 64.750
proc106 66.500
proc78 67.375
proc19 68.750
proc25 68.875
proc96 69.750
proc10 71.500
proc9 72.250
proc57 73.875
proc7 76.125
proc77 78.375
proc65 80.750
proc23 83.250
proc88 85.750
proc149 88.500
proc11 91.500
proc55 94.500
proc49 97.500
proc60 100.500
proc87 103.500
proc110 106.625
proc132 109.750
proc2 113.125
proc134 116.625
proc109 120.000
proc47 123.500
proc140 126.875
proc62 130.375
proc59 134.125
proc142 138.000
proc107 141.875
proc35 145.625
proc115 149.500
proc53 153.375
proc86 157.375
proc27 161.625
proc14 165.750
proc51 170.000
proc67 174.500
proc125 179.250
proc40 184.000
proc8 188.875
proc63 193.875
proc34 199.000
proc36 204.250
proc54 209.500
proc3 214.750
proc76 220.250
proc61 225.875
proc68 231.250
proc29 237.000
proc117 242.625
proc100 248.250
proc99 254.125
proc123 260.125
proc136 266.125
proc13 272.250
proc12 278.375
proc129 284.375
proc143 290.500
proc0 296.625
proc90 302.875
proc64 309.125
proc45 315.625
proc82 322.000
proc130 328.375
proc15 335.000
proc73 341.500
proc28 348.125
proc43 354.750
proc138 361.500
proc66 368.250
proc139 375.000
proc33 381.750
proc75 388.750
proc22 395.500
proc72 402.625
proc21 409.750
proc147 416.875
proc120 424.125
proc91 431.625
proc50 439.000
proc92 446.500
proc46 454.125
proc42 461.875
proc98 469.625
proc114 477.375
proc32 485.125
proc121 492.875
proc17 500.750
proc24 508.875
proc56 516.875
proc84 525.125
proc58 533.750
proc118 542.500
proc16 551.125
proc144 559.750
proc89 568.750
proc41 577.750
proc111 586.875
proc131 596.000
proc30 605.250
proc80 614.250
proc81 623.750
proc74 633.000
proc145 642.500
proc141 651.875
proc94 661.625
proc101 671.375
proc20 681.000
proc127 690.875
proc137 701.000
proc93 711.000
proc112 721.000
12
