proc86 2.000
proc132 4.875
proc103 5.500
proc43 6.125
proc69 8.250
proc127 9.000
proc122 10.000
proc63 10.375
proc2 12.500
proc144 16.375
proc131 16.875
proc77 17.125
proc39 18.375
proc138 19.875
proc85 20.875
proc56 22.375
proc71 24.500
proc98 25.000
proc59 27.250
proc22 28.000
proc16 30.250
proc125 31.750
proc73 34.125
proc38 36.875
proc126 39.125
proc7 40.375
proc92 41.875
proc72 42.375
proc108 44.875
proc88 47.000
proc13 48.000
proc149 49.000
proc35 50.750
proc93 53.250
proc33 55.000
proc45 57.750
proc14 60.500
proc104 61.000
proc37 62.250
proc140 64.375
proc99 66.750
proc100 69.000
proc67 71.000
proc90 71.250
proc28 73.250
proc4 74.625
proc117 75.125
proc123 76.125
proc87 79.375
proc18 82.625
proc42 86.125
proc29 89.750
proc114 93.500
proc19 97.250
proc139 101.125
proc111 105.125
proc121 109.125
proc141 113.125
proc75 117.250
proc82 121.375
proc120 125.500
proc47 129.625
proc74 133.875
proc102 138.125
proc21 142.375
proc142 146.875
proc41 151.500
proc76 156.125
proc55 160.750
proc50 165.625
proc106 170.500
proc3 175.375
proc24 180.250
proc119 185.250
proc145 190.250
proc8 195.250
proc31 200.250
proc97 205.250
proc112 210.250
proc124 215.375
proc116 220.500
proc136 225.750
proc17 231.000
proc78 236.250
proc60 241.625
proc20 247.125
proc94 252.625
proc113 258.250
proc25 263.875
proc27 269.500
proc91 275.250
proc1 281.125
proc80 287.000
proc40 292.875
proc61 298.875
proc147 305.000
proc134 311.125
proc128 317.375
proc118 323.625
proc52 329.875
proc137 336.125
proc79 342.500
proc10 349.125
proc133 355.750
proc44 362.375
proc115 369.125
proc11 375.875
proc105 382.750
proc48 389.625
proc23 396.625
proc53 403.625
proc36 410.625
proc84 418.125
proc26 425.625
proc58 433.125
proc65 440.750
proc89 448.375
proc0 456.125
proc57 464.000
proc12 471.875
proc46 479.750
proc6 487.625
proc129 495.625
proc83 503.625
proc143 511.625
proc68 519.750
proc54 527.875
proc95 536.000
proc148 544.250
proc96 552.500
proc5 560.875
proc110 569.375
proc146 577.875
proc32 586.375
proc9 595.000
proc130 603.625
proc107 612.250
proc101 621.000
proc81 629.750
proc62 638.750
proc30 647.750
proc15 656.875
proc51 666.000
proc49 675.250
proc64 684.500
proc34 693.875
proc66 703.375
proc109 713.000
proc70 722.875
proc135 732.875
16
