proc47 5.250
proc12 6.500
proc100 7.625
proc107 8.250
proc35 9.625
proc13 12.500
proc83 15.375
proc59 17.500
proc2 19.125
proc143 20.250
proc46 22.125
proc139 22.875
proc32 23.750
proc8 25.625
proc29 28.125
proc127 30.750
proc105 30.875
proc25 33.125
proc121 34.500
proc38 35.875
proc68 37.000
proc122 38.125
proc85 39.375
proc97 40.625
proc94 41.875
proc81 43.250
proc89 44.250
proc110 45.750
proc69 46.875
proc108 49.250
proc23 50.625
proc64 51.875
proc102 54.625
proc66 57.250
proc43 58.500
proc78 59.375
proc99 62.125
proc149 64.125
proc10 66.000
proc42 67.875
proc117 68.000
proc125 68.500
proc140 70.500
proc27 72.375
proc86 73.625
proc141 74.875
proc52 76.500
proc119 78.625
proc50 80.750
proc40 83.125
proc51 86.125
proc114 89.250
proc70 92.375
proc144 95.750
proc130 99.125
proc74 102.625
proc49 106.125
proc126 109.750
proc39 113.375
proc55 117.250
proc146 121.250
proc26 125.250
proc67 129.250
proc0 133.375
proc88 137.500
proc31 141.625
proc71 146.000
proc44 150.375
proc45 154.875
proc92 159.375
proc24 163.875
proc91 168.375
proc103 172.875
proc54 177.500
proc93 182.375
proc80 187.250
proc131 192.125
proc72 197.125
proc112 202.375
proc145 207.625
proc106 213.000
proc4 218.500
proc1 224.000
proc76 229.625
proc113 235.250
proc142 240.875
proc63 246.625
proc3 252.375
proc96 258.250
proc79 264.250
proc48 270.250
proc82 276.375
proc77 282.500
proc62 288.625
proc65 294.875
proc37 301.125
proc95 307.375
proc136 313.625
proc98 320.000
proc87 326.375
proc118 332.750
proc101 339.250
proc5 345.750
proc58 352.375
proc61 359.000
proc60 365.625
proc30 372.375
proc36 379.125
proc56 386.000
proc138 392.875
proc33 400.000
proc15 407.125
proc115 414.250
proc73 421.500
proc57 428.875
proc124 436.250
proc9 443.875
proc28 451.625
proc14 459.625
proc20 467.625
proc135 475.625
proc75 483.750
proc120 491.875
proc7 500.000
proc17 508.250
proc123 516.500
proc129 524.875
proc147 533.500
proc53 542.250
proc128 551.000
proc41 559.750
proc21 568.625
proc90 577.500
proc111 586.375
proc134 595.375
proc137 604.375
proc11 613.375
proc6 622.500
proc133 631.625
proc116 640.750
proc148 649.875
proc104 659.125
proc132 668.375
proc18 677.750
proc19 687.250
proc22 696.750
proc16 706.500
proc84 716.250
proc109 726.125
proc34 736.125
17
