proc46 1.000
proc129 1.750
proc123 5.625
proc134 8.125
proc2 8.375
proc110 9.375
proc52 10.875
proc67 12.125
proc23 13.250
proc62 14.875
proc50 15.375
proc128 18.125
proc83 20.875
proc26 21.875
proc1 22.125
proc38 23.000
proc16 24.750
proc0 26.875
proc135 29.375
proc34 30.125
proc120 32.750
proc78 33.125
proc92 34.000
proc121 36.000
proc68 38.500
proc30 40.125
proc105 41.750
proc74 42.250
proc53 43.625
proc42 45.625
proc145 46.500
proc5 47.625
proc115 49.250
proc13 51.000
proc93 51.500
proc61 52.750
proc89 53.500
proc29 55.250
proc113 55.875
proc97 57.750
proc88 59.250
proc119 60.875
proc12 62.500
proc69 64.750
proc106 65.000
proc65 66.625
proc90 67.750
proc14 70.375
proc11 71.625
proc96 72.875
proc116 74.375
proc136 76.250
proc27 78.875
proc141 81.625
proc73 84.375
proc142 87.250
proc85 90.375
proc81 94.000
proc109 97.625
proc40 101.250
proc101 104.875
proc124 108.625
proc86 112.500
proc32 116.375
proc58 120.375
proc111 124.375
proc28 128.375
proc41 132.500
proc76 136.625
proc103 140.875
proc22 145.125
proc35 149.375
proc127 153.625
proc94 157.875
proc130 162.250
proc137 166.875
proc17 171.500
proc122 176.125
proc149 180.750
proc4 185.500
proc100 190.375
proc104 195.375
proc91 200.500
proc45 205.625
proc148 211.000
proc71 216.375
proc80 221.875
proc66 227.375
proc9 232.875
proc33 238.375
proc43 244.000
proc77 249.625
proc147 255.500
proc126 261.500
proc118 267.750
proc99 274.125
proc125 280.500
proc51 286.875
proc37 293.250
proc138 299.625
proc8 306.000
proc72 312.500
proc63 319.000
proc139 325.500
proc3 332.125
proc55 338.875
proc117 345.625
proc56 352.500
proc47 359.375
proc132 366.375
proc36 373.500
proc6 380.625
proc143 387.750
proc87 395.000
proc114 402.250
proc95 409.500
proc21 416.750
proc144 424.125
proc59 431.625
proc49 439.125
proc25 446.750
proc133 454.375
proc107 462.125
proc54 469.875
proc20 477.750
proc79 485.625
proc102 493.625
proc10 501.625
proc112 509.875
proc84 518.125
proc57 526.500
proc24 535.000
proc140 543.625
proc131 552.250
proc82 560.875
proc15 569.500
proc70 578.125
proc108 586.875
proc39 595.625
proc64 604.625
proc75 613.750
proc18 622.875
proc31 632.125
proc98 641.500
proc60 650.875
proc7 660.375
proc48 669.875
proc146 679.750
proc19 689.750
proc44 699.750
17
