proc113 4.500
proc103 5.375
proc39 8.375
proc74 11.875
proc13 12.875
proc63 14.250
proc38 15.750
proc133 16.625
proc97 18.125
proc55 18.500
proc135 19.000
proc10 21.375
proc90 23.125
proc32 25.250
proc112 27.250
proc45 28.750
proc138 30.375
proc25 32.875
proc85 33.375
proc87 36.000
proc131 37.875
proc70 39.125
proc15 39.750
proc83 41.750
proc130 44.500
proc6 47.000
proc92 48.375
proc65 49.500
proc98 50.375
proc20 51.750
proc30 52.250
proc11 53.375
proc57 55.375
proc33 58.125
proc110 59.000
proc124 59.500
proc105 61.375
proc14 62.625
proc40 64.375
proc59 65.500
proc27 67.250
proc78 68.375
proc146 71.375
proc66 71.625
proc88 74.250
proc52 76.250
proc8 79.500
proc89 82.875
proc149 86.375
proc79 90.000
proc126 93.750
proc111 97.500
proc108 101.250
proc125 105.125
proc147 109.125
proc29 113.125
proc129 117.250
proc28 121.375
proc43 125.500
proc140 129.750
proc121 134.000
proc72 138.375
proc95 142.875
proc69 147.375
proc84 152.000
proc41 156.625
proc5 161.375
proc73 166.250
proc93 171.125
proc34 176.000
proc0 181.000
proc12 186.000
proc62 191.000
proc44 196.125
proc99 201.250
proc106 206.375
proc81 211.625
proc91 217.000
proc71 222.375
proc102 228.125
proc3 233.875
proc26 239.625
proc117 245.500
proc116 251.375
proc51 257.375
proc137 263.375
proc7 269.500
proc1 275.750
proc77 282.000
proc120 288.375
proc18 294.875
proc47 301.625
proc115 308.375
proc54 315.125
proc76 321.875
proc67 328.875
proc53 335.875
proc9 343.000
proc16 350.125
proc109 357.250
proc46 364.375
proc144 371.625
proc142 378.875
proc107 386.125
proc61 393.375
proc75 400.750
proc50 408.125
proc24 415.625
proc31 423.125
proc148 430.625
proc128 438.125
proc17 445.750
proc42 453.375
proc64 461.000
proc122 468.750
proc37 476.500
proc127 484.375
proc68 492.250
proc100 500.125
proc22 508.125
proc136 516.250
proc123 524.375
proc96 532.625
proc132 540.875
proc58 549.250
proc48 557.750
proc134 566.375
proc21 575.000
proc2 583.625
proc139 592.375
proc119 601.125
proc35 609.875
proc114 618.625
proc104 627.375
proc80 636.250
proc36 645.125
proc49 654.000
proc82 663.000
proc60 672.000
proc141 681.250
proc56 690.625
proc143 700.000
proc23 709.500
proc19 719.125
proc101 728.750
proc145 738.375
proc118 748.125
proc86 758.000
proc4 768.000
proc94 778.000
19
