proc98 5.875
proc124 7.500
proc54 9.375
proc77 11.125
proc125 11.750
proc56 13.375
proc45 15.375
proc128 16.500
proc14 18.125
proc148 19.250
proc42 21.125
proc50 21.875
proc66 24.000
proc96 26.125
proc120 27.625
proc86 29.250
proc137 31.375
proc91 32.625
proc144 33.375
proc3 34.250
proc0 36.000
proc43 38.125
proc53 40.500
proc79 41.625
proc116 44.000
proc34 46.625
proc83 47.125
proc107 48.375
proc97 49.375
proc113 52.250
proc10 53.250
proc65 55.000
proc4 57.125
proc89 57.625
proc110 59.625
proc121 60.500
proc133 63.125
proc105 65.875
proc39 68.750
proc32 69.625
proc108 72.625
proc80 74.500
proc12 74.750
proc16 77.750
proc87 81.000
proc134 84.375
proc149 87.750
proc84 91.250
proc55 94.750
proc129 98.250
proc73 101.750
proc100 105.250
proc58 109.000
proc92 112.750
proc71 116.625
proc68 120.500
proc85 124.500
proc47 128.500
proc141 132.500
proc7 136.750
proc138 141.000
proc23 145.375
proc57 149.750
proc13 154.250
proc15 158.875
proc40 163.500
proc135 168.250
proc70 173.000
proc132 177.750
proc88 182.625
proc106 187.500
proc131 192.375
proc26 197.375
proc22 202.375
proc31 207.375
proc103 212.375
proc21 217.375
proc44 222.625
proc27 227.875
proc109 233.125
proc33 238.375
proc75 243.750
proc82 249.125
proc25 254.625
proc2 260.125
proc17 265.750
proc119 271.375
proc122 277.000
proc30 282.625
proc9 288.375
proc81 294.250
proc90 300.125
proc36 306.125
proc28 312.125
proc102 318.250
proc72 324.375
proc140 330.625
proc112 336.875
proc115 343.125
proc126 349.500
proc51 355.875
proc29 362.375
proc62 368.875
proc24 375.375
proc59 382.000
proc20 388.625
proc49 395.375
proc143 402.125
proc76 409.000
proc38 415.875
proc5 422.875
proc130 429.875
proc67 436.875
proc146 443.875
proc139 451.125
proc35 458.375
proc11 465.625
proc46 473.000
proc8 480.375
proc101 488.000
proc48 495.625
proc61 503.375
proc37 511.125
proc104 518.875
proc111 526.875
proc118 535.000
proc74 543.250
proc147 551.625
proc114 560.000
proc94 568.375
proc145 576.875
proc1 585.500
proc95 594.125
proc18 602.750
proc117 611.375
proc63 620.000
proc52 628.625
proc142 637.500
proc6 646.500
proc78 655.500
proc123 664.750
proc127 674.125
proc41 683.500
proc60 692.875
proc136 702.250
proc64 711.750
proc19 721.375
proc69 731.000
proc93 741.000
proc99 751.000
13
