proc29 4.250
proc86 5.375
proc104 5.625
proc65 6.875
proc72 8.750
proc132 11.000
proc91 14.625
proc148 15.250
proc46 17.375
proc84 19.625
proc42 21.500
proc41 24.125
proc3 26.000
proc39 27.000
proc82 29.000
proc73 29.750
proc147 32.125
proc2 35.125
proc79 37.375
proc49 40.000
proc70 41.875
proc144 42.375
proc10 43.250
proc105 45.250
proc8 47.500
proc93 49.375
proc6 51.625
proc137 54.125
proc135 55.625
proc28 56.625
proc51 58.375
proc113 60.625
proc5 62.250
proc62 63.250
proc138 64.375
proc47 66.000
proc38 67.500
proc24 69.125
proc89 71.000
proc53 73.125
proc149 74.750
proc102 75.875
proc117 78.750
proc32 81.625
proc58 84.625
proc21 87.750
proc114 90.875
proc15 94.125
proc54 97.375
proc67 100.750
proc77 104.125
proc31 107.500
proc12 111.125
proc45 114.875
proc83 118.750
proc136 122.625
proc74 126.625
proc94 130.625
proc52 134.625
proc25 138.750
proc20 142.875
proc75 147.125
proc64 151.375
proc37 155.750
proc130 160.250
proc107 164.750
proc97 169.375
proc18 174.000
proc112 178.625
proc139 183.375
proc109 188.125
proc143 193.125
proc14 198.125
proc121 203.125
proc108 208.125
proc78 213.375
proc40 218.625
proc34 224.125
proc146 229.750
proc134 235.375
proc71 241.125
proc131 246.875
proc30 252.750
proc23 258.625
proc123 264.500
proc110 270.500
proc111 276.500
proc35 282.500
proc99 288.625
proc120 294.750
proc133 300.875
proc22 307.250
proc59 313.625
proc4 320.125
proc61 326.625
proc33 333.250
proc76 340.000
proc44 346.750
proc13 353.625
proc98 360.625
proc119 367.750
proc7 374.875
proc141 382.125
proc88 389.375
proc0 396.750
proc55 404.125
proc80 411.625
proc127 419.375
proc43 427.125
proc57 434.875
proc145 442.750
proc106 450.625
proc142 458.625
proc87 466.625
proc69 474.625
proc140 482.750
proc90 490.875
proc103 499.125
proc36 507.375
proc124 515.625
proc128 524.000
proc116 532.500
proc19 541.000
proc129 549.625
proc92 558.375
proc122 567.125
proc85 576.000
proc115 584.875
proc50 593.750
proc60 602.750
proc17 611.750
proc66 620.875
proc56 630.000
proc68 639.125
proc101 648.375
proc1 657.625
proc95 666.875
proc11 676.125
proc26 685.500
proc63 695.000
proc16 704.625
proc9 714.250
proc27 724.000
proc126 733.750
proc96 743.500
proc81 753.250
proc100 763.000
proc125 772.875
proc48 782.875
proc118 792.875
12
