proc73 2.750
proc87 3.375
proc31 5.125
proc50 6.250
proc146 6.750
proc42 8.875
proc148 9.875
proc138 11.125
proc13 12.625
proc89 15.125
proc129 17.125
proc15 18.375
proc36 20.500
proc9 21.250
proc55 21.625
proc60 22.375
proc23 23.125
proc40 24.625
proc85 25.750
proc2 27.250
proc76 28.875
proc25 30.500
proc92 32.625
proc107 35.250
proc101 37.875
proc132 38.375
proc57 40.250
proc45 43.250
proc113 43.875
proc72 46.125
proc21 47.000
proc51 48.375
proc10 49.375
proc11 51.750
proc1 54.875
proc119 56.125
proc8 58.000
proc41 60.375
proc37 63.500
proc70 65.375
proc32 66.250
proc142 67.375
proc48 68.875
proc22 69.125
proc112 71.125
proc58 71.625
proc137 72.250
proc66 74.500
proc122 77.000
proc33 80.125
proc130 83.375
proc149 86.625
proc78 90.000
proc110 93.375
proc139 96.750
proc44 100.125
proc121 103.625
proc88 107.125
proc117 110.750
proc34 114.375
proc131 118.000
proc86 121.750
proc128 125.500
proc96 129.250
proc100 133.125
proc52 137.000
proc75 141.000
proc3 145.000
proc102 149.000
proc97 153.125
proc80 157.375
proc74 161.750
proc134 166.125
proc140 170.500
proc104 175.000
proc7 179.625
proc127 184.250
proc133 189.000
proc43 193.875
proc94 198.750
proc53 203.625
proc93 208.625
proc106 213.625
proc27 218.625
proc20 223.625
proc30 228.750
proc103 233.875
proc14 239.250
proc84 244.750
proc46 250.375
proc0 256.000
proc108 261.625
proc124 267.250
proc4 272.875
proc61 278.625
proc18 284.500
proc26 290.500
proc115 296.500
proc12 302.500
proc98 308.500
proc82 314.500
proc79 320.500
proc77 326.750
proc135 333.000
proc83 339.250
proc99 345.625
proc64 352.000
proc105 358.500
proc68 365.125
proc136 371.875
proc144 378.625
proc5 385.625
proc56 392.750
proc67 399.875
proc109 407.125
proc35 414.375
proc63 421.625
proc54 429.000
proc143 436.500
proc141 444.125
proc90 452.000
proc28 459.875
proc39 467.750
proc126 475.750
proc16 483.750
proc71 491.750
proc62 499.875
proc95 508.000
proc38 516.250
proc123 524.500
proc6 532.750
proc111 541.125
proc17 549.625
proc19 558.375
proc69 567.375
proc65 576.375
proc47 585.375
proc91 594.500
proc145 603.625
proc29 612.875
proc120 622.125
proc116 631.375
proc118 640.875
proc125 650.375
proc24 660.125
proc59 670.000
proc147 680.000
proc81 690.000
proc49 700.000
proc114 710.000
17
