proc23 6.125
proc11 6.375
proc79 8.625
proc117 11.375
proc7 12.750
proc26 14.250
proc25 17.000
proc58 18.125
proc87 19.875
proc41 21.500
proc40 24.625
proc92 27.000
proc54 28.125
proc67 30.500
proc48 31.625
proc81 33.000
proc53 34.125
proc148 36.250
proc8 37.875
proc112 38.375
proc134 40.500
proc86 41.250
proc64 41.375
proc18 43.500
proc68 46.500
proc82 49.500
proc1 51.125
proc76 54.125
proc121 55.875
proc144 58.250
proc97 59.750
proc118 61.625
proc108 63.000
proc84 64.750
proc142 68.000
proc109 68.875
proc101 70.375
proc62 72.000
proc61 73.250
proc110 73.875
proc27 74.500
proc24 75.125
proc59 77.875
proc69 80.750
proc141 83.875
proc100 87.250
proc90 90.625
proc74 94.125
proc98 97.625
proc129 101.125
proc4 104.750
proc139 108.375
proc131 112.000
proc85 115.750
proc10 119.500
proc105 123.250
proc138 127.000
proc0 130.875
proc102 135.000
proc20 139.250
proc2 143.500
proc114 147.875
proc95 152.375
proc28 157.000
proc29 161.625
proc72 166.250
proc42 171.000
proc128 175.875
proc21 180.875
proc49 186.000
proc77 191.375
proc47 196.875
proc113 202.375
proc45 207.875
proc71 213.375
proc32 219.000
proc16 224.625
proc34 230.375
proc13 236.125
proc126 241.875
proc116 247.625
proc70 253.500
proc46 259.500
proc39 265.500
proc99 271.625
proc107 277.750
proc50 284.000
proc33 290.250
proc137 296.500
proc3 302.875
proc56 309.375
proc78 315.875
proc140 322.375
proc15 328.875
proc123 335.500
proc63 342.125
proc60 348.875
proc127 355.625
proc149 362.500
proc57 369.750
proc91 377.000
proc17 384.375
proc52 391.750
proc38 399.125
proc94 406.500
proc5 413.875
proc31 421.375
proc44 428.875
proc35 436.375
proc143 444.000
proc30 451.625
proc124 459.375
proc103 467.250
proc73 475.250
proc43 483.250
proc135 491.375
proc122 499.750
proc9 508.125
proc65 516.625
proc55 525.250
proc130 533.875
proc51 542.500
proc106 551.250
proc145 560.000
proc6 568.750
proc19 577.625
proc22 586.500
proc37 595.375
proc12 604.375
proc36 613.375
proc66 622.625
proc80 631.875
proc132 641.125
proc125 650.500
proc75 660.000
proc120 669.625
proc83 679.250
proc133 688.875
proc88 698.625
proc146 708.375
proc136 718.125
proc89 728.000
proc119 737.875
proc14 747.750
proc96 757.625
proc115 767.500
proc93 777.375
proc111 787.250
proc104 797.250
proc147 807.250
15
