proc139 2.625
proc86 4.250
proc129 7.250
proc70 11.000
proc117 13.500
proc49 15.875
proc123 16.500
proc73 18.500
proc64 19.625
proc137 20.625
proc115 22.875
proc59 24.875
proc51 26.500
proc77 28.875
proc60 30.875
proc58 31.250
proc113 32.875
proc144 34.125
proc54 34.375
proc6 35.000
proc106 36.500
proc18 39.250
proc126 41.750
proc67 43.625
proc99 45.250
proc71 47.500
proc8 50.375
proc138 51.250
proc102 51.375
proc111 52.125
proc52 53.000
proc62 54.000
proc100 56.000
proc3 57.625
proc36 59.125
proc48 61.625
proc140 63.875
proc109 66.250
proc89 67.125
proc98 68.000
proc4 69.500
proc94 71.125
proc23 73.000
proc50 74.875
proc148 77.000
proc57 79.250
proc149 81.500
proc39 84.000
proc82 86.750
proc33 89.625
proc65 92.500
proc95 95.375
proc135 98.375
proc66 101.500
proc15 104.625
proc127 107.875
proc146 111.125
proc124 114.375
proc96 117.625
proc28 121.000
proc79 124.375
proc5 127.750
proc40 131.250
proc29 134.875
proc87 138.500
proc80 142.250
proc41 146.000
proc32 149.875
proc83 153.750
proc9 157.750
proc105 161.875
proc134 166.125
proc121 170.375
proc38 174.625
proc14 179.000
proc145 183.375
proc2 188.000
proc61 192.625
proc75 197.250
proc141 202.000
proc19 206.750
proc56 211.625
proc37 216.625
proc13 221.875
proc7 227.125
proc108 232.500
proc143 238.000
proc147 243.500
proc97 249.125
proc63 255.000
proc132 260.875
proc125 266.875
proc53 273.125
proc122 279.500
proc10 285.875
proc30 292.250
proc93 298.625
proc128 305.125
proc116 311.625
proc88 318.125
proc74 324.750
proc142 331.375
proc114 338.000
proc22 344.875
proc11 351.750
proc26 358.625
proc78 365.500
proc46 372.375
proc68 379.375
proc90 386.375
proc92 393.375
proc112 400.375
proc120 407.750
proc101 415.125
proc24 422.625
proc130 430.250
proc76 437.875
proc12 445.500
proc91 453.125
proc16 460.750
proc107 468.500
proc34 476.375
proc133 484.250
proc44 492.250
proc119 500.250
proc110 508.250
proc47 516.375
proc0 524.625
proc104 532.875
proc136 541.250
proc85 549.750
proc27 558.250
proc103 567.250
proc72 576.375
proc84 585.500
proc131 594.625
proc17 603.875
proc118 613.250
proc45 622.625
proc25 632.125
proc20 641.750
proc43 651.375
proc81 661.000
proc21 670.625
proc35 680.375
proc69 690.125
proc55 700.000
proc31 709.875
proc42 719.750
proc1 729.625
16
