proc31 1.500
proc85 4.750
proc84 5.875
proc64 7.500
proc6 8.750
proc103 10.000
proc129 11.500
proc106 13.875
proc113 14.250
proc142 16.250
proc26 18.375
proc130 20.125
proc69 21.500
proc18 22.125
proc74 23.750
proc91 25.250
proc54 26.250
proc115 28.125
proc51 28.250
proc144 28.500
proc71 30.500
proc121 32.250
proc47 33.500
proc44 35.875
proc7 38.250
proc36 39.250
proc101 41.000
proc0 44.000
proc29 46.750
proc110 48.625
proc22 50.125
proc43 52.000
proc100 53.125
proc149 55.250
proc116 57.625
proc60 58.750
proc37 59.375
proc49 61.250
proc2 62.125
proc15 64.750
proc50 66.625
proc59 69.125
proc135 70.500
proc75 71.500
proc28 73.375
proc89 75.250
proc127 75.875
proc52 77.375
proc147 79.375
proc55 82.125
proc146 84.875
proc68 87.625
proc42 90.625
proc10 94.000
proc76 97.375
proc46 100.875
proc143 104.375
proc34 108.000
proc23 111.625
proc16 115.250
proc109 119.125
proc122 123.000
proc120 127.000
proc88 131.125
proc57 135.250
proc138 139.625
proc58 144.125
proc124 148.625
proc30 153.375
proc62 158.125
proc61 163.000
proc87 167.875
proc126 172.875
proc99 177.875
proc98 183.000
proc133 188.125
proc92 193.250
proc139 198.500
proc12 204.000
proc140 209.500
proc39 215.125
proc123 220.875
proc141 226.625
proc1 232.625
proc111 238.625
proc20 244.625
proc132 250.625
proc21 256.750
proc118 262.875
proc33 269.000
proc80 275.250
proc14 281.500
proc78 287.750
proc66 294.250
proc3 300.750
proc148 307.250
proc90 313.750
proc8 320.250
proc40 327.000
proc105 333.750
proc41 340.500
proc104 347.500
proc96 354.625
proc53 361.875
proc107 369.125
proc114 376.375
proc93 383.750
proc32 391.250
proc72 398.750
proc119 406.375
proc134 414.000
proc25 421.750
proc77 429.500
proc67 437.375
proc94 445.375
proc83 453.375
proc11 461.375
proc65 469.375
proc13 477.500
proc125 485.625
proc86 493.875
proc63 502.250
proc45 510.625
proc17 519.125
proc95 527.625
proc70 536.375
proc35 545.125
proc137 554.000
proc79 563.000
proc108 572.000
proc27 581.000
proc131 590.125
proc117 599.250
proc4 608.375
proc112 617.625
proc5 626.875
proc102 636.125
proc19 645.500
proc9 655.000
proc73 664.500
proc128 674.000
proc145 683.625
proc81 693.500
proc136 703.375
proc24 713.375
proc56 723.375
proc82 733.375
proc97 743.375
proc48 753.375
proc38 763.375
14
