proc1 3.500
proc8 5.750
proc44 7.750
proc138 9.250
proc147 10.625
proc52 12.250
proc60 13.500
proc119 15.250
proc122 16.250
proc51 18.500
proc103 21.250
proc9 23.125
proc38 23.625
proc92 26.250
proc127 27.000
proc18 28.500
proc59 30.625
proc96 33.250
proc82 34.625
proc87 37.000
proc25 39.375
proc73 41.750
proc112 42.750
proc14 44.500
proc58 46.500
proc71 48.125
proc114 49.625
proc101 50.875
proc45 51.375
proc146 51.750
proc33 52.250
proc64 52.875
proc148 54.625
proc113 56.500
proc68 58.125
proc61 60.625
proc90 61.625
proc102 63.875
proc106 65.625
proc39 66.375
proc55 67.000
proc4 69.625
proc22 70.750
proc142 71.625
proc17 72.875
proc75 73.125
proc126 75.750
proc29 78.375
proc111 81.125
proc34 84.000
proc108 87.000
proc100 90.000
proc97 93.125
proc95 96.375
proc36 99.625
proc63 102.875
proc53 106.500
proc116 110.125
proc80 113.875
proc136 117.625
proc62 121.500
proc124 125.500
proc109 129.500
proc134 133.625
proc143 137.875
proc27 142.125
proc30 146.375
proc54 150.625
proc107 155.000
proc19 159.375
proc57 164.000
proc41 168.625
proc23 173.375
proc10 178.250
proc99 183.250
proc11 188.250
proc141 193.250
proc21 198.250
proc26 203.375
proc118 208.500
proc47 213.625
proc69 218.875
proc15 224.250
proc128 229.625
proc140 235.125
proc37 240.625
proc67 246.125
proc121 251.750
proc6 257.375
proc0 263.000
proc16 268.625
proc43 274.375
proc78 280.125
proc131 286.000
proc50 291.875
proc104 297.750
proc110 303.875
proc56 310.000
proc3 316.250
proc46 322.500
proc7 328.750
proc83 335.125
proc133 341.500
proc86 348.000
proc85 354.500
proc129 361.000
proc12 367.625
proc66 374.250
proc115 380.875
proc13 387.500
proc144 394.250
proc70 401.000
proc84 407.750
proc40 414.500
proc135 421.375
proc49 428.375
proc81 435.500
proc137 442.750
proc20 450.250
proc35 457.875
proc32 465.500
proc28 473.125
proc24 480.875
proc149 488.625
proc123 496.375
proc132 504.250
proc125 512.125
proc74 520.125
proc72 528.250
proc94 536.500
proc48 544.750
proc91 553.000
proc76 561.250
proc93 569.500
proc31 577.875
proc2 586.250
proc77 594.625
proc79 603.125
proc89 611.750
proc120 620.500
proc42 629.250
proc5 638.125
proc117 647.000
proc130 656.000
proc105 665.125
proc65 674.625
proc139 684.250
proc145 694.125
proc88 704.000
proc98 714.000
10
