proc82 3.750
proc2 5.250
proc88 5.875
proc85 7.625
proc3 9.250
proc9 12.000
proc60 15.125
proc52 17.000
proc44 18.000
proc142 18.625
proc137 19.250
proc5 20.000
proc19 21.500
proc123 23.125
proc25 25.250
proc18 26.625
proc8 28.875
proc46 30.000
proc59 31.125
proc29 32.875
proc94 33.500
proc119 35.125
proc76 36.000
proc129 36.875
proc22 39.000
proc1 40.875
proc104 42.750
proc139 44.750
proc102 46.875
proc95 47.375
proc108 49.750
proc32 50.250
proc15 52.375
proc81 55.125
proc58 55.625
proc66 57.250
proc6 59.250
proc117 61.875
proc54 63.750
proc134 64.250
proc71 65.125
proc23 66.000
proc93 68.375
proc39 69.375
proc72 70.250
proc143 71.875
proc30 73.750
proc122 75.750
proc115 78.125
proc83 81.000
proc34 84.125
proc11 87.250
proc4 90.500
proc126 93.750
proc146 97.000
proc140 100.375
proc21 103.875
proc12 107.375
proc90 110.875
proc7 114.375
proc121 118.000
proc101 121.875
proc111 125.750
proc55 129.750
proc80 134.000
proc110 138.250
proc74 142.500
proc116 146.875
proc113 151.250
proc45 155.750
proc40 160.250
proc13 164.750
proc75 169.250
proc97 173.875
proc118 178.625
proc49 183.375
proc26 188.125
proc132 192.875
proc27 197.750
proc68 202.625
proc141 207.625
proc42 212.625
proc35 217.750
proc98 222.875
proc125 228.125
proc131 233.500
proc124 238.875
proc24 244.250
proc135 249.750
proc31 255.250
proc48 260.875
proc147 266.625
proc145 272.375
proc100 278.250
proc148 284.125
proc38 290.000
proc84 296.000
proc99 302.125
proc65 308.250
proc36 314.500
proc20 320.750
proc128 327.000
proc87 333.875
proc61 340.750
proc50 347.625
proc77 354.625
proc73 361.625
proc86 368.625
proc78 375.750
proc105 382.875
proc64 390.125
proc103 397.500
proc133 405.000
proc91 412.500
proc138 420.125
proc67 427.750
proc43 435.500
proc92 443.250
proc47 451.125
proc17 459.000
proc79 466.875
proc56 474.875
proc28 483.000
proc107 491.125
proc51 499.250
proc41 507.625
proc109 516.125
proc57 524.625
proc149 533.125
proc130 541.750
proc37 550.375
proc106 559.000
proc62 567.750
proc69 576.500
proc127 585.250
proc89 594.125
proc120 603.125
proc144 612.125
proc63 621.250
proc70 630.375
proc33 639.625
proc136 649.000
proc96 658.375
proc16 667.875
proc53 677.500
proc10 687.250
proc14 697.000
proc0 706.750
proc114 716.625
proc112 726.625
15
