proc77 2.250
proc29 3.750
proc65 6.125
proc61 6.625
proc24 7.250
proc136 9.000
proc42 10.000
proc138 10.750
proc108 12.500
proc13 14.625
proc31 17.375
proc67 19.125
proc109 21.375
proc81 24.000
proc15 26.750
proc60 27.000
proc7 28.625
proc72 29.375
proc131 31.000
proc141 32.750
proc68 33.000
proc128 33.875
proc55 34.625
proc94 35.375
proc85 37.375
proc2 39.750
proc56 42.625
proc50 44.000
proc97 44.625
proc22 46.250
proc105 48.000
proc41 49.875
proc124 50.375
proc44 50.625
proc26 52.625
proc84 55.625
proc10 56.625
proc149 57.375
proc79 58.625
proc116 60.000
proc36 61.000
proc115 62.500
proc100 64.250
proc43 66.000
proc23 68.250
proc71 69.750
proc14 71.375
proc88 73.125
proc120 74.125
proc102 74.375
proc9 75.125
proc103 77.125
proc80 80.500
proc54 84.000
proc117 87.625
proc83 91.375
proc93 95.125
proc145 99.000
proc49 103.000
proc146 107.250
proc25 111.500
proc90 116.000
proc0 120.750
proc59 125.500
proc6 130.375
proc99 135.375
proc107 140.375
proc46 145.375
proc78 150.375
proc11 155.500
proc134 160.625
proc118 165.750
proc27 171.000
proc95 176.250
proc35 181.625
proc16 187.125
proc64 192.750
proc66 198.375
proc30 204.000
proc142 209.625
proc135 215.375
proc144 221.125
proc126 226.875
proc28 232.750
proc33 238.625
proc113 244.500
proc20 250.500
proc4 256.625
proc69 262.875
proc21 269.125
proc82 275.625
proc34 282.125
proc8 288.750
proc137 295.375
proc96 302.000
proc63 308.625
proc53 315.375
proc86 322.250
proc62 329.125
proc114 336.125
proc123 343.125
proc139 350.125
proc87 357.250
proc140 364.375
proc45 371.500
proc91 378.750
proc32 386.000
proc12 393.250
proc112 400.500
proc111 407.875
proc1 415.250
proc104 422.750
proc51 430.250
proc119 438.000
proc122 445.875
proc92 453.875
proc125 462.000
proc147 470.250
proc37 478.500
proc130 486.750
proc121 495.125
proc58 503.500
proc132 512.000
proc133 520.500
proc19 529.000
proc143 537.625
proc38 546.375
proc5 555.125
proc76 564.000
proc18 572.875
proc52 581.750
proc39 590.625
proc129 599.500
proc3 608.500
proc17 617.625
proc74 626.750
proc106 635.875
proc57 645.125
proc89 654.500
proc73 663.875
proc47 673.375
proc48 682.875
proc148 692.375
proc40 702.125
proc70 711.875
proc127 721.750
proc110 731.625
proc101 741.625
proc75 751.625
proc98 761.625
21
