proc43 2.750
proc105 4.125
proc72 4.875
proc85 6.000
proc104 7.000
proc81 8.375
proc40 9.125
proc4 9.875
proc30 11.000
proc134 13.125
proc109 15.500
proc19 16.000
proc44 16.750
proc1 21.375
proc123 24.625
proc112 26.125
proc63 28.625
proc110 29.250
proc124 29.875
proc32 32.875
proc128 34.375
proc3 34.875
proc48 36.375
proc147 37.625
proc62 40.375
proc38 43.250
proc64 45.375
proc7 46.875
proc50 48.250
proc56 48.750
proc25 51.125
proc121 52.750
proc33 53.875
proc27 54.875
proc96 58.125
proc122 61.625
proc65 62.500
proc136 64.125
proc82 65.125
proc92 67.625
proc107 70.375
proc59 73.125
proc93 74.125
proc12 75.125
proc41 78.000
proc90 81.750
proc132 85.500
proc126 89.250
proc79 93.125
proc87 97.125
proc89 101.125
proc139 105.125
proc140 109.125
proc26 113.250
proc37 117.375
proc34 121.625
proc103 125.875
proc99 130.250
proc137 134.625
proc73 139.125
proc58 143.625
proc135 148.125
proc91 152.750
proc20 157.500
proc113 162.250
proc117 167.000
proc102 172.000
proc146 177.250
proc118 182.625
proc69 188.125
proc70 193.625
proc119 199.250
proc114 204.875
proc28 210.625
proc127 216.375
proc149 222.125
proc17 227.875
proc42 233.750
proc68 239.625
proc115 245.625
proc52 251.625
proc53 257.625
proc31 263.750
proc61 269.875
proc142 276.000
proc106 282.125
proc131 288.250
proc83 294.375
proc111 300.625
proc8 306.875
proc0 313.125
proc116 319.375
proc101 325.750
proc71 332.125
proc9 338.625
proc129 345.250
proc145 352.000
proc78 358.875
proc36 365.750
proc133 372.750
proc22 379.750
proc66 386.750
proc125 393.750
proc47 400.875
proc24 408.125
proc67 415.500
proc97 423.000
proc60 430.500
proc10 438.125
proc88 445.875
proc18 453.625
proc29 461.375
proc13 469.125
proc5 477.125
proc143 485.125
proc54 493.125
proc75 501.250
proc86 509.500
proc2 517.750
proc76 526.000
proc100 534.250
proc23 542.625
proc46 551.000
proc21 559.500
proc94 568.000
proc11 576.750
proc6 585.500
proc77 594.250
proc80 603.000
proc138 612.000
proc49 621.000
proc14 630.125
proc55 639.250
proc95 648.500
proc130 657.750
proc98 667.000
proc141 676.375
proc120 685.875
proc39 695.375
proc45 704.875
proc144 714.500
proc15 724.250
proc84 734.000
proc51 743.750
proc148 753.500
proc16 763.250
proc35 773.125
proc57 783.000
proc108 792.875
proc74 802.875
18
