proc107 1.875
proc14 4.500
proc102 6.250
proc2 7.625
proc5 8.250
proc84 9.250
proc53 9.750
proc21 11.375
proc119 12.375
proc130 13.625
proc86 14.125
proc4 15.625
proc8 17.000
proc37 18.750
proc20 20.625
proc87 22.750
proc131 23.250
proc127 25.500
proc54 27.250
proc49 28.500
proc104 30.875
proc59 32.125
proc42 34.125
proc95 36.750
proc13 37.625
proc141 39.000
proc112 40.875
proc106 42.875
proc64 45.125
proc76 47.750
proc109 50.500
proc33 52.500
proc105 54.000
proc120 56.500
proc108 58.875
proc124 59.250
proc22 62.125
proc36 64.375
proc113 64.750
proc89 65.875
proc121 67.375
proc68 68.750
proc111 69.500
proc93 72.000
proc27 72.125
proc6 73.750
proc38 74.500
proc52 76.375
proc11 79.125
proc16 82.250
proc148 85.500
proc128 88.750
proc19 92.125
proc72 95.625
proc81 99.125
proc12 102.625
proc15 106.125
proc7 109.750
proc28 113.375
proc144 117.125
proc147 121.000
proc114 124.875
proc115 128.875
proc73 132.875
proc78 136.875
proc94 141.000
proc3 145.125
proc69 149.500
proc135 153.875
proc96 158.375
proc29 163.000
proc17 167.750
proc129 172.625
proc77 177.500
proc99 182.500
proc40 187.625
proc123 192.750
proc146 198.000
proc60 203.250
proc32 208.625
proc126 214.125
proc50 219.625
proc134 225.125
proc57 230.625
proc56 236.375
proc65 242.125
proc100 248.125
proc46 254.375
proc125 260.750
proc30 267.250
proc97 273.750
proc98 280.250
proc122 286.875
proc25 293.500
proc118 300.250
proc18 307.000
proc1 313.750
proc139 320.500
proc66 327.500
proc142 334.625
proc9 341.750
proc62 349.250
proc34 356.875
proc92 364.500
proc133 372.250
proc23 380.000
proc31 387.750
proc26 395.500
proc35 403.375
proc48 411.250
proc83 419.125
proc103 427.000
proc79 435.000
proc67 443.000
proc143 451.000
proc140 459.000
proc45 467.000
proc47 475.000
proc24 483.000
proc145 491.125
proc61 499.250
proc138 507.500
proc136 515.750
proc101 524.125
proc51 532.500
proc85 541.000
proc41 549.625
proc132 558.250
proc63 566.875
proc88 575.625
proc0 584.500
proc91 593.375
proc70 602.250
proc43 611.125
proc82 620.000
proc116 629.000
proc39 638.000
proc71 647.125
proc117 656.375
proc80 665.625
proc110 675.000
proc74 684.375
proc90 693.875
proc137 703.375
proc58 712.875
proc75 722.500
proc55 732.375
proc149 742.375
proc10 752.375
proc44 762.375
17
