proc46 5.875
proc64 7.625
proc1 9.625
proc75 11.250
proc13 13.750
proc5 16.375
proc60 17.125
proc58 17.875
proc126 19.000
proc100 20.625
proc42 23.125
proc33 23.625
proc45 25.250
proc27 26.500
proc111 28.875
proc89 31.125
proc133 33.250
proc83 36.000
proc135 37.375
proc101 38.000
proc47 41.125
proc113 44.250
proc29 45.625
proc112 46.375
proc81 47.375
proc129 48.000
proc54 49.000
proc38 49.625
proc78 50.625
proc0 53.625
proc114 55.750
proc123 58.875
proc122 61.750
proc6 62.375
proc20 63.500
proc87 65.250
proc146 67.250
proc120 68.625
proc139 70.625
proc98 71.875
proc72 73.000
proc104 73.625
proc82 74.750
proc8 75.625
proc115 77.375
proc118 79.500
proc134 83.000
proc40 86.625
proc55 90.250
proc65 93.875
proc97 97.625
proc136 101.375
proc147 105.250
proc51 109.250
proc61 113.250
proc26 117.250
proc31 121.250
proc22 125.250
proc121 129.250
proc56 133.375
proc84 137.500
proc92 141.625
proc88 145.875
proc91 150.125
proc23 154.375
proc3 158.750
proc106 163.125
proc14 167.875
proc144 172.625
proc34 177.500
proc10 182.500
proc138 187.500
proc85 192.500
proc96 197.625
proc99 202.875
proc36 208.125
proc21 213.375
proc137 218.625
proc63 224.000
proc109 229.375
proc67 234.875
proc15 240.375
proc12 245.875
proc43 251.500
proc57 257.125
proc59 262.875
proc19 268.750
proc7 274.625
proc52 280.625
proc11 286.750
proc103 292.875
proc142 299.000
proc119 305.125
proc132 311.250
proc77 317.625
proc28 324.000
proc39 330.375
proc69 337.000
proc50 343.625
proc53 350.375
proc24 357.125
proc18 364.000
proc141 370.875
proc149 377.875
proc41 384.875
proc76 392.000
proc116 399.125
proc37 406.250
proc93 413.375
proc117 420.500
proc107 427.625
proc17 434.875
proc16 442.125
proc4 449.500
proc79 457.000
proc110 464.500
proc25 472.125
proc68 479.750
proc143 487.500
proc148 495.250
proc71 503.000
proc80 510.750
proc105 518.625
proc131 526.625
proc90 534.625
proc32 542.750
proc30 551.125
proc9 559.500
proc108 567.875
proc94 576.375
proc102 584.875
proc70 593.625
proc128 602.500
proc49 611.375
proc35 620.375
proc86 629.500
proc125 638.750
proc127 648.000
proc73 657.250
proc140 666.625
proc62 676.125
proc145 685.625
proc2 695.125
proc130 704.750
proc48 714.375
proc66 724.125
proc95 734.000
proc124 744.000
proc74 754.000
proc44 764.000
18
