proc28 2.375
proc61 4.000
proc80 4.125
proc15 4.375
proc57 7.500
proc46 9.375
proc115 12.625
proc131 15.500
proc19 16.000
proc92 17.250
proc81 20.750
proc93 21.750
proc36 23.000
proc38 24.375
proc21 26.250
proc104 28.250
proc50 30.500
proc47 32.125
proc148 33.750
proc138 34.750
proc127 37.250
proc74 39.375
proc108 41.625
proc24 44.000
proc130 46.625
proc18 49.375
proc33 51.375
proc30 52.250
proc94 54.375
proc22 55.625
proc136 58.250
proc121 60.625
proc114 62.375
proc32 64.250
proc13 66.125
proc102 66.750
proc64 67.125
proc23 67.375
proc1 69.625
proc83 70.125
proc77 70.750
proc12 72.000
proc37 74.250
proc101 75.625
proc129 77.000
proc133 79.875
proc73 82.750
proc25 85.750
proc149 89.000
proc11 92.250
proc42 95.500
proc29 99.125
proc120 102.875
proc49 106.625
proc146 110.500
proc9 114.500
proc105 118.500
proc10 122.500
proc5 126.750
proc40 131.000
proc109 135.250
proc3 139.625
proc72 144.125
proc87 148.625
proc48 153.250
proc31 158.000
proc140 162.750
proc6 167.500
proc35 172.375
proc82 177.250
proc85 182.250
proc119 187.250
proc53 192.250
proc41 197.375
proc100 202.500
proc54 207.750
proc63 213.000
proc117 218.375
proc44 223.750
proc103 229.250
proc84 234.750
proc126 240.375
proc79 246.000
proc59 251.625
proc124 257.375
proc128 263.125
proc62 268.875
proc142 274.750
proc34 280.625
proc132 286.625
proc8 292.625
proc144 298.625
proc95 304.750
proc76 311.000
proc17 317.250
proc134 323.500
proc70 329.875
proc125 336.250
proc52 342.625
proc145 349.000
proc26 355.500
proc65 362.000
proc75 368.500
proc71 375.250
proc98 382.000
proc141 388.750
proc147 395.500
proc0 402.625
proc137 409.875
proc2 417.250
proc27 424.750
proc123 432.375
proc89 440.000
proc7 447.750
proc112 455.500
proc39 463.250
proc4 471.000
proc78 478.750
proc106 486.625
proc113 494.625
proc86 502.625
proc118 510.750
proc90 518.875
proc135 527.125
proc88 535.500
proc69 543.875
proc58 552.250
proc68 560.750
proc116 569.250
proc16 577.875
proc66 586.750
proc96 595.625
proc91 604.625
proc67 613.750
proc20 622.875
proc55 632.000
proc51 641.250
proc99 650.500
proc60 659.750
proc45 669.000
proc97 678.500
proc143 688.125
proc139 697.875
proc107 707.750
proc56 717.750
proc122 727.750
proc14 737.750
proc43 747.750
proc111 757.750
proc110 767.750
16
