proc145 3.375
proc128 3.875
proc52 6.375
proc140 9.250
proc102 10.375
proc111 11.375
proc47 13.750
proc60 15.750
proc146 17.625
proc136 20.125
proc116 20.875
proc122 22.375
proc16 24.500
proc48 26.500
proc134 28.750
proc77 31.375
proc56 32.750
proc144 35.500
proc5 37.500
proc57 39.000
proc29 40.625
proc95 43.125
proc81 45.750
proc148 47.000
proc125 49.000
proc68 49.625
proc127 52.625
proc147 54.625
proc65 56.750
proc130 57.750
proc85 59.750
proc104 62.000
proc119 63.750
proc101 65.750
proc0 67.000
proc143 68.250
proc96 68.875
proc42 69.500
proc14 70.750
proc54 71.125
proc115 72.625
proc71 74.125
proc86 76.125
proc131 78.625
proc39 81.500
proc80 84.625
proc112 87.750
proc110 91.125
proc24 94.625
proc51 98.125
proc117 101.625
proc73 105.250
proc50 108.875
proc83 112.500
proc10 116.250
proc124 120.000
proc90 123.875
proc28 127.750
proc33 131.625
proc132 135.500
proc114 139.375
proc149 143.375
proc76 147.375
proc100 151.500
proc137 155.750
proc46 160.125
proc23 164.500
proc21 169.000
proc138 173.500
proc108 178.000
proc61 182.500
proc107 187.000
proc3 191.500
proc62 196.125
proc84 200.875
proc59 205.625
proc1 210.375
proc7 215.250
proc94 220.125
proc66 225.000
proc27 230.000
proc9 235.125
proc99 240.250
proc88 245.375
proc133 250.625
proc92 255.875
proc75 261.125
proc109 266.500
proc2 271.875
proc40 277.250
proc69 282.625
proc118 288.125
proc139 293.750
proc123 299.375
proc87 305.000
proc22 310.625
proc126 316.250
proc44 322.000
proc37 327.750
proc58 333.500
proc25 339.250
proc103 345.125
proc8 351.125
proc32 357.125
proc113 363.125
proc35 369.375
proc11 375.625
proc106 382.000
proc89 388.375
proc43 394.750
proc79 401.250
proc55 407.750
proc6 414.250
proc15 420.750
proc97 427.500
proc53 434.375
proc64 441.375
proc72 448.375
proc18 455.500
proc20 462.625
proc70 470.000
proc105 477.375
proc63 485.000
proc142 492.750
proc13 500.500
proc98 508.250
proc74 516.125
proc34 524.000
proc12 531.875
proc17 539.875
proc38 547.875
proc93 556.000
proc4 564.250
proc120 572.750
proc82 581.375
proc49 590.000
proc26 598.625
proc91 607.250
proc135 616.000
proc41 625.000
proc78 634.125
proc45 643.625
proc121 653.125
proc67 662.750
proc141 672.375
proc31 682.125
proc19 691.875
proc30 701.750
proc36 711.750
proc129 721.750
16
