proc137 2.250
proc28 4.500
proc75 6.000
proc139 7.250
proc46 10.250
proc120 12.375
proc56 16.250
proc50 19.375
proc123 21.750
proc136 23.500
proc80 26.125
proc13 26.500
proc33 28.750
proc19 29.500
proc103 31.125
proc48 32.250
proc115 34.500
proc107 35.875
proc9 37.500
proc79 38.875
proc45 39.625
proc119 42.000
proc5 45.125
proc105 47.625
proc2 50.750
proc59 51.750
proc87 54.000
proc0 55.250
proc14 57.875
proc128 60.000
proc127 61.500
proc24 64.250
proc64 66.000
proc62 67.750
proc102 69.625
proc126 70.625
proc100 71.625
proc57 72.875
proc74 75.125
proc73 76.625
proc99 78.250
proc60 81.000
proc125 83.875
proc70 86.875
proc42 90.125
proc135 93.500
proc76 97.250
proc40 101.000
proc69 104.750
proc86 108.625
proc4 112.500
proc22 116.375
proc39 120.500
proc104 124.875
proc20 129.375
proc88 133.875
proc53 138.375
proc17 142.875
proc12 147.375
proc27 152.000
proc116 156.625
proc3 161.375
proc101 166.125
proc92 171.000
proc98 175.875
proc121 180.750
proc81 185.875
proc110 191.000
proc112 196.125
proc114 201.375
proc132 206.625
proc55 211.875
proc94 217.250
proc140 222.625
proc16 228.125
proc91 233.625
proc109 239.250
proc108 245.000
proc141 250.750
proc52 256.500
proc29 262.375
proc134 268.250
proc8 274.125
proc18 280.125
proc148 286.125
proc58 292.125
proc95 298.125
proc78 304.125
proc21 310.250
proc145 316.500
proc131 322.750
proc25 329.125
proc122 335.625
proc89 342.125
proc97 348.750
proc111 355.375
proc51 362.000
proc35 368.750
proc106 375.500
proc149 382.250
proc144 389.125
proc43 396.000
proc118 403.000
proc47 410.000
proc7 417.000
proc68 424.000
proc41 431.000
proc84 438.250
proc129 445.500
proc23 452.875
proc83 460.250
proc72 467.750
proc36 475.250
proc85 482.875
proc15 490.750
proc133 498.750
proc82 506.875
proc138 515.125
proc6 523.375
proc44 531.625
proc63 539.875
proc26 548.250
proc30 556.625
proc124 565.000
proc130 573.500
proc10 582.000
proc71 590.625
proc142 599.250
proc93 608.000
proc146 616.750
proc67 625.625
proc147 634.625
proc113 643.625
proc34 652.625
proc117 661.750
proc1 671.000
proc90 680.250
proc11 689.500
proc49 698.875
proc65 708.250
proc143 717.625
proc66 727.125
proc37 736.625
proc77 746.250
proc61 755.875
proc38 765.625
proc96 775.500
proc32 785.375
proc31 795.375
proc54 805.375
15
