proc107 4.750
proc11 6.250
proc80 8.125
proc117 9.750
proc50 11.250
proc48 13.250
proc95 16.125
proc98 17.000
proc60 18.625
proc132 22.625
proc40 23.625
proc78 25.250
proc63 26.625
proc8 27.250
proc137 28.875
proc92 29.500
proc12 29.625
proc102 30.000
proc52 31.000
proc30 32.750
proc116 33.125
proc26 34.875
proc121 37.000
proc45 38.250
proc143 39.750
proc25 40.875
proc97 42.625
proc58 44.750
proc83 46.000
proc24 47.750
proc126 48.875
proc110 50.000
proc142 50.875
proc104 52.750
proc59 55.000
proc37 57.000
proc31 59.500
proc88 61.375
proc43 62.500
proc127 64.875
proc2 67.625
proc38 69.125
proc133 70.500
proc15 72.750
proc81 75.250
proc10 77.875
proc18 80.625
proc128 84.000
proc136 87.625
proc36 91.250
proc34 95.000
proc20 98.875
proc67 102.750
proc111 106.750
proc114 110.875
proc144 115.125
proc19 119.375
proc105 123.625
proc96 127.875
proc4 132.125
proc146 136.500
proc21 140.875
proc74 145.250
proc134 149.750
proc85 154.250
proc66 158.750
proc0 163.250
proc56 167.750
proc130 172.375
proc6 177.000
proc54 181.750
proc71 186.500
proc109 191.250
proc138 196.000
proc69 200.875
proc51 205.750
proc61 210.750
proc124 215.750
proc28 220.750
proc120 225.750
proc129 230.875
proc108 236.000
proc123 241.250
proc82 246.625
proc27 252.000
proc64 257.500
proc103 263.125
proc23 268.875
proc140 274.750
proc32 280.625
proc93 286.625
proc47 292.625
proc118 298.625
proc86 304.625
proc44 310.875
proc70 317.250
proc101 323.750
proc145 330.375
proc75 337.125
proc125 343.875
proc9 350.750
proc115 357.625
proc41 364.500
proc42 371.375
proc13 378.250
proc91 385.125
proc100 392.125
proc39 399.125
proc72 406.125
proc89 413.250
proc99 420.500
proc16 427.750
proc77 435.000
proc135 442.250
proc148 449.625
proc113 457.125
proc90 464.750
proc94 472.500
proc29 480.250
proc147 488.000
proc139 495.875
proc33 503.875
proc112 511.875
proc76 520.000
proc22 528.250
proc119 536.625
proc1 545.125
proc79 553.625
proc106 562.125
proc87 570.625
proc131 579.375
proc46 588.125
proc7 597.000
proc14 605.875
proc141 614.750
proc62 623.750
proc35 632.875
proc53 642.000
proc17 651.125
proc149 660.375
proc49 669.750
proc84 679.250
proc65 688.750
proc55 698.375
proc3 708.000
proc68 717.750
proc5 727.500
proc73 737.375
proc57 747.250
proc122 757.250
16
