proc16 11.750
proc93 24.500
proc52 49.125
proc123 60.875
proc55 75.125
proc26 82.750
proc91 93.500
proc58 96.250
proc28 124.000
proc118 128.875
proc101 141.250
proc99 142.750
proc74 162.500
proc82 177.750
proc31 190.000
proc121 211.250
proc92 234.125
proc50 239.000
proc65 254.125
proc10 272.625
proc81 278.375
proc21 286.875
proc46 290.625
proc7 336.125
proc42 336.500
proc62 337.750
proc97 358.000
proc51 371.875
proc124 374.625
proc120 375.875
proc78 387.125
proc138 390.625
proc72 394.875
proc39 403.500
proc146 404.625
proc102 405.500
proc111 408.500
proc85 412.250
proc66 413.375
proc45 416.625
proc27 425.250
proc104 427.625
proc126 432.625
proc100 436.250
proc30 438.750
proc132 443.125
proc33 445.375
proc5 456.875
proc112 465.625
proc115 467.500
proc109 472.500
proc103 478.375
proc48 481.250
proc90 483.500
proc108 491.500
proc149 497.750
proc43 498.000
proc140 503.000
proc88 508.875
proc59 511.625
proc24 518.125
proc96 528.250
proc37 530.000
proc105 543.000
proc141 545.875
proc68 549.250
proc130 554.250
proc9 558.625
proc70 572.875
proc19 577.000
proc71 577.750
proc122 585.250
proc143 594.000
proc13 595.500
proc14 608.750
proc53 615.750
proc125 625.625
proc135 628.250
proc98 631.125
proc1 646.625
proc38 649.625
proc119 650.250
proc83 661.500
proc36 674.250
proc4 679.500
proc8 683.750
proc114 687.500
proc79 691.375
proc131 693.000
proc41 696.375
proc116 698.250
proc47 700.000
proc32 702.625
proc11 706.375
proc56 706.500
proc64 707.125
proc57 709.250
proc128 711.375
proc29 712.750
proc106 715.750
proc73 719.375
proc134 721.375
proc127 724.500
proc6 725.375
proc117 727.125
proc35 728.625
proc137 732.125
proc3 735.125
proc89 736.125
proc76 737.500
proc49 737.500
proc17 739.875
proc139 743.000
proc18 745.125
proc44 748.000
proc144 751.125
proc40 752.625
proc34 756.750
proc145 757.250
proc15 757.875
proc113 760.500
proc84 760.750
proc23 761.000
proc86 763.875
proc54 767.375
proc129 767.500
proc0 768.375
proc87 769.125
proc136 769.875
proc148 771.875
proc22 775.375
proc60 779.250
proc12 783.000
proc75 783.750
proc25 787.625
proc69 789.375
proc20 792.625
proc61 795.000
proc133 798.375
proc77 798.875
proc80 799.250
proc63 803.125
proc142 804.625
proc110 804.875
proc95 806.375
proc147 809.000
proc67 809.750
proc94 811.000
proc107 812.125
proc2 813.875
321
