proc149 21.250
proc51 22.375
proc147 23.375
proc50 24.625
proc14 25.125
proc101 28.875
proc80 31.750
proc57 43.000
proc6 61.875
proc70 65.000
proc89 77.250
proc3 77.875
proc58 80.375
proc91 95.125
proc84 103.125
proc68 106.375
proc15 117.750
proc43 118.500
proc107 124.750
proc83 127.500
proc2 140.250
proc90 166.250
proc78 188.250
proc23 196.625
proc114 227.000
proc72 240.375
proc71 244.875
proc24 248.750
proc123 256.500
proc66 271.625
proc25 272.000
proc34 277.000
proc40 319.750
proc94 321.500
proc95 323.875
proc17 326.250
proc135 334.500
proc26 341.750
proc76 366.000
proc42 366.375
proc38 381.000
proc65 384.500
proc48 388.000
proc77 393.750
proc102 398.750
proc87 401.625
proc130 406.750
proc16 407.875
proc117 408.125
proc63 434.125
proc0 439.875
proc13 440.250
proc127 447.500
proc97 456.250
proc31 468.000
proc73 471.625
proc64 477.625
proc99 483.875
proc121 485.625
proc115 488.125
proc86 496.750
proc47 497.625
proc126 498.000
proc93 503.250
proc105 503.875
proc69 507.625
proc67 512.500
proc96 514.375
proc116 515.625
proc124 530.125
proc49 554.250
proc20 556.125
proc100 563.125
proc46 568.250
proc30 576.500
proc148 582.500
proc36 584.750
proc139 586.000
proc81 608.500
proc133 611.750
proc136 616.625
proc44 622.375
proc39 627.375
proc41 638.125
proc5 638.125
proc140 639.875
proc145 641.875
proc55 645.250
proc74 646.125
proc21 647.000
proc62 647.625
proc128 648.625
proc1 649.625
proc22 653.000
proc9 653.250
proc122 654.750
proc132 658.000
proc61 662.000
proc35 662.875
proc110 663.625
proc131 666.000
proc138 668.000
proc11 670.750
proc45 671.875
proc118 673.875
proc119 674.125
proc12 676.625
proc88 677.875
proc125 680.750
proc134 683.625
proc112 686.625
proc79 687.875
proc27 692.125
proc59 693.375
proc142 695.625
proc137 697.000
proc92 697.500
proc108 698.250
proc75 699.250
proc113 699.750
proc104 699.750
proc143 700.875
proc82 702.875
proc120 704.375
proc129 707.750
proc10 709.500
proc98 711.625
proc8 714.375
proc60 716.875
proc52 720.625
proc32 720.875
proc111 723.125
proc4 726.750
proc28 730.500
proc7 733.500
proc103 736.250
proc109 740.000
proc54 741.250
proc37 744.250
proc53 746.625
proc85 746.750
proc106 748.625
proc19 751.375
proc56 752.125
proc146 753.000
proc29 755.625
proc33 758.125
proc141 759.125
proc18 760.875
proc144 764.625
305
