proc74 5.250
proc59 6.500
proc32 10.125
proc101 26.625
proc88 26.875
proc49 35.500
proc23 36.750
proc144 39.625
proc87 45.000
proc131 53.500
proc127 59.750
proc130 68.500
proc68 74.375
proc40 80.250
proc103 83.750
proc84 91.000
proc57 96.250
proc3 99.625
proc77 105.000
proc146 109.125
proc117 115.375
proc79 120.125
proc109 134.750
proc61 155.500
proc91 167.750
proc98 169.000
proc125 179.000
proc137 193.750
proc62 204.000
proc81 215.500
proc37 217.500
proc69 217.875
proc35 219.625
proc126 236.500
proc51 246.125
proc112 247.125
proc122 249.375
proc22 251.750
proc76 251.875
proc135 252.500
proc86 272.250
proc48 274.500
proc72 276.625
proc107 299.000
proc20 310.625
proc56 320.375
proc14 331.500
proc13 332.750
proc116 334.250
proc105 340.000
proc2 340.750
proc67 341.625
proc39 345.625
proc27 353.750
proc140 364.125
proc73 373.125
proc26 375.875
proc34 384.375
proc1 391.000
proc55 409.500
proc147 416.000
proc12 447.625
proc115 458.750
proc64 465.000
proc94 466.875
proc96 469.125
proc11 471.875
proc63 472.375
proc17 483.250
proc0 486.750
proc36 489.875
proc75 503.250
proc66 505.125
proc31 507.125
proc92 508.750
proc45 515.625
proc25 526.625
proc99 528.625
proc47 533.125
proc104 538.500
proc30 540.500
proc10 541.750
proc133 544.500
proc80 545.500
proc52 563.000
proc108 566.250
proc19 576.875
proc121 588.500
proc33 595.625
proc110 599.500
proc4 601.500
proc132 601.750
proc16 602.250
proc129 602.375
proc43 604.875
proc143 605.875
proc24 608.750
proc149 612.125
proc53 612.875
proc139 615.625
proc42 618.250
proc93 620.250
proc89 623.500
proc70 623.875
proc29 624.875
proc100 628.250
proc82 631.625
proc136 632.250
proc97 635.500
proc124 637.625
proc83 641.375
proc138 643.250
proc65 643.375
proc134 646.500
proc85 647.375
proc90 648.375
proc145 649.250
proc120 651.875
proc8 654.875
proc102 656.625
proc60 657.875
proc9 660.125
proc41 661.625
proc15 664.000
proc128 665.750
proc5 667.250
proc141 670.250
proc18 673.625
proc28 675.500
proc50 676.250
proc38 680.000
proc111 680.875
proc106 682.875
proc118 685.750
proc95 688.750
proc6 689.125
proc142 692.500
proc113 695.125
proc7 697.125
proc119 700.000
proc148 701.125
proc71 702.750
proc114 703.250
proc58 703.875
proc123 707.500
proc46 711.375
proc44 714.625
proc54 714.875
proc78 715.500
proc21 717.000
284
