proc111 31.625
proc3 44.125
proc145 47.875
proc17 69.500
proc7 85.625
proc53 97.250
proc75 162.875
proc34 163.625
proc23 164.125
proc117 166.750
proc136 181.375
proc79 185.000
proc114 200.250
proc119 205.625
proc32 209.250
proc83 215.000
proc103 216.875
proc146 231.500
proc108 252.250
proc18 255.750
proc122 261.625
proc72 262.625
proc141 272.125
proc60 287.375
proc52 294.000
proc109 294.250
proc95 299.375
proc88 310.000
proc112 322.125
proc35 324.500
proc40 331.750
proc143 332.625
proc29 335.750
proc24 348.375
proc0 392.125
proc123 400.000
proc102 418.250
proc89 418.375
proc115 422.500
proc38 427.750
proc5 429.250
proc21 429.375
proc45 430.375
proc46 430.500
proc110 432.750
proc64 438.000
proc120 438.375
proc148 442.750
proc105 444.250
proc54 446.250
proc63 446.750
proc8 450.625
proc15 452.000
proc78 457.250
proc2 459.250
proc106 460.625
proc125 462.625
proc126 474.375
proc121 479.875
proc10 480.750
proc100 481.250
proc4 484.875
proc16 495.250
proc107 496.875
proc73 500.875
proc37 502.250
proc91 506.625
proc74 508.625
proc140 528.875
proc20 541.875
proc71 542.625
proc65 543.000
proc134 548.000
proc33 548.625
proc58 551.125
proc128 553.625
proc98 555.875
proc131 556.125
proc9 557.750
proc124 562.375
proc69 563.750
proc27 572.875
proc81 573.125
proc55 576.000
proc50 605.875
proc68 607.500
proc149 614.250
proc57 619.750
proc43 622.250
proc11 625.500
proc139 627.750
proc99 633.500
proc39 633.875
proc25 637.250
proc59 643.750
proc14 647.375
proc113 648.375
proc130 654.375
proc142 656.250
proc41 656.750
proc97 659.125
proc116 660.500
proc28 662.250
proc76 664.125
proc135 666.500
proc82 669.000
proc13 672.500
proc22 675.000
proc80 675.750
proc61 680.125
proc133 681.625
proc70 685.500
proc31 689.000
proc44 689.500
proc19 693.375
proc26 695.250
proc94 695.375
proc12 695.625
proc132 697.500
proc138 698.625
proc56 699.375
proc101 701.750
proc42 705.000
proc85 707.250
proc92 708.000
proc66 710.625
proc84 712.625
proc137 716.625
proc51 716.750
proc86 720.500
proc90 721.250
proc129 722.750
proc127 723.375
proc49 725.250
proc62 725.500
proc144 728.125
proc104 730.125
proc87 733.125
proc67 734.875
proc93 738.625
proc118 739.000
proc47 740.500
proc36 740.750
proc30 743.500
proc77 744.000
proc1 746.500
proc147 749.500
proc96 753.375
proc48 756.000
proc6 757.625
313
