proc135 9.375
proc69 22.875
proc1 27.750
proc124 32.000
proc133 33.000
proc103 38.625
proc18 41.250
proc108 52.000
proc126 78.750
proc104 83.750
proc37 87.875
proc52 117.750
proc38 119.750
proc78 127.250
proc19 130.375
proc96 131.125
proc10 135.000
proc9 135.750
proc148 163.000
proc102 168.375
proc39 177.750
proc26 179.875
proc44 180.375
proc95 183.750
proc60 187.750
proc97 187.875
proc6 188.250
proc5 197.500
proc83 201.875
proc85 222.000
proc119 231.875
proc122 244.375
proc31 248.250
proc132 252.125
proc113 253.500
proc110 259.375
proc49 277.250
proc105 290.500
proc55 294.125
proc116 294.875
proc48 295.375
proc79 296.250
proc88 297.625
proc128 304.875
proc70 312.000
proc11 319.625
proc65 321.000
proc146 321.625
proc57 322.750
proc4 331.250
proc106 331.625
proc25 345.750
proc23 351.000
proc7 352.125
proc149 357.625
proc77 362.750
proc71 374.375
proc129 377.375
proc0 383.250
proc87 383.875
proc140 399.000
proc36 400.875
proc29 409.125
proc54 411.125
proc53 412.000
proc136 417.875
proc62 418.000
proc51 422.000
proc76 424.125
proc142 424.875
proc99 427.750
proc61 436.125
proc134 439.250
proc8 450.500
proc2 453.500
proc107 466.250
proc47 466.625
proc115 476.500
proc109 476.750
proc40 481.375
proc35 488.125
proc34 493.000
proc27 493.875
proc59 497.250
proc14 507.125
proc67 523.500
proc125 536.875
proc123 542.750
proc143 554.625
proc86 555.125
proc68 557.375
proc117 572.000
proc63 576.875
proc100 585.250
proc3 596.375
proc82 596.500
proc94 600.250
proc120 601.125
proc111 604.000
proc28 604.375
proc58 606.875
proc81 610.250
proc139 611.000
proc145 614.375
proc30 617.625
proc118 620.000
proc121 621.500
proc92 622.875
proc17 624.375
proc64 624.375
proc43 624.750
proc75 625.625
proc15 625.875
proc20 629.250
proc112 633.375
proc21 634.375
proc91 635.750
proc127 639.500
proc138 640.125
proc56 642.500
proc147 643.625
proc114 645.250
proc22 646.250
proc73 646.875
proc46 648.250
proc137 652.000
proc13 652.125
proc101 655.750
proc131 658.875
proc42 660.500
proc130 660.625
proc74 663.750
proc41 666.875
proc98 668.625
proc72 669.875
proc80 672.875
proc45 673.125
proc141 676.625
proc89 679.500
proc24 681.500
proc93 685.375
proc66 686.000
proc32 687.500
proc33 688.125
proc50 689.375
proc84 691.625
proc12 691.625
proc144 694.500
proc16 697.000
proc90 697.375
282
