proc105 7.375
proc149 10.000
proc90 17.375
proc4 51.125
proc109 73.000
proc95 79.625
proc31 79.875
proc112 83.125
proc137 101.250
proc122 109.000
proc139 124.000
proc134 139.125
proc148 155.250
proc131 178.500
proc53 180.500
proc67 208.000
proc20 212.375
proc42 220.125
proc55 224.875
proc125 240.000
proc92 256.750
proc22 269.875
proc110 272.000
proc96 274.750
proc98 283.000
proc36 295.750
proc34 304.875
proc146 318.625
proc68 333.000
proc57 346.125
proc10 352.125
proc18 354.375
proc29 358.500
proc23 372.250
proc60 376.500
proc49 378.000
proc39 378.875
proc81 381.500
proc77 382.625
proc79 392.375
proc100 397.000
proc16 401.750
proc13 401.875
proc7 406.375
proc86 408.125
proc108 410.125
proc62 410.125
proc63 412.500
proc126 414.625
proc119 431.250
proc26 431.750
proc17 434.625
proc9 436.000
proc87 443.625
proc12 450.750
proc59 459.625
proc116 467.875
proc145 498.500
proc97 500.250
proc121 502.500
proc48 502.750
proc85 507.500
proc70 507.875
proc69 515.250
proc28 527.750
proc8 529.625
proc111 530.375
proc41 531.375
proc115 537.125
proc38 537.625
proc51 539.000
proc44 541.125
proc99 541.625
proc66 546.375
proc33 547.625
proc27 553.375
proc104 555.125
proc135 556.250
proc102 557.125
proc30 558.750
proc15 563.625
proc128 577.625
proc46 585.250
proc19 585.750
proc84 588.625
proc25 588.750
proc5 593.750
proc133 594.250
proc11 601.625
proc114 603.750
proc103 606.500
proc32 608.625
proc140 609.000
proc141 610.875
proc75 617.250
proc136 620.125
proc3 622.125
proc106 624.625
proc2 626.625
proc74 636.375
proc6 639.625
proc64 640.000
proc120 644.000
proc54 644.750
proc78 648.125
proc82 650.375
proc93 653.375
proc89 653.625
proc130 655.875
proc101 659.500
proc117 662.250
proc138 663.250
proc37 665.375
proc47 666.875
proc43 669.625
proc107 673.250
proc71 674.375
proc61 675.375
proc1 676.000
proc144 677.125
proc65 681.125
proc35 684.750
proc14 685.875
proc142 689.625
proc123 692.125
proc129 693.375
proc80 695.750
proc127 698.000
proc147 701.375
proc91 705.500
proc132 709.125
proc56 712.500
proc45 715.125
proc50 718.500
proc21 721.625
proc52 723.500
proc0 724.250
proc124 725.000
proc40 727.125
proc72 729.250
proc88 729.375
proc118 733.125
proc83 733.500
proc113 736.250
proc73 739.750
proc24 740.625
proc58 741.250
proc94 741.500
proc76 744.750
proc143 746.750
302
