proc103 7.500
proc43 10.125
proc69 12.625
proc127 14.250
proc122 17.500
proc144 29.875
proc131 30.125
proc39 35.875
proc85 41.375
proc98 52.875
proc22 54.625
proc126 70.250
proc92 78.500
proc13 91.500
proc104 116.625
proc90 132.875
proc28 136.875
proc117 141.375
proc4 141.750
proc86 141.875
proc132 146.250
proc63 148.125
proc2 159.250
proc16 178.500
proc56 181.500
proc138 186.500
proc59 197.750
proc38 205.625
proc71 210.875
proc7 214.875
proc73 238.250
proc125 238.750
proc72 259.375
proc88 269.000
proc108 279.750
proc35 288.500
proc149 296.500
proc93 298.125
proc45 305.875
proc33 312.625
proc99 324.250
proc14 326.375
proc140 343.125
proc100 350.250
proc67 355.250
proc120 392.375
proc102 396.375
proc76 404.000
proc77 404.625
proc142 406.250
proc121 410.250
proc119 412.375
proc114 422.000
proc25 436.625
proc80 442.625
proc19 443.250
proc139 444.250
proc113 447.000
proc75 457.500
proc50 459.375
proc3 464.375
proc136 469.750
proc97 474.875
proc145 480.125
proc41 481.625
proc82 482.750
proc123 497.750
proc18 504.000
proc20 506.500
proc40 518.375
proc47 528.500
proc21 529.625
proc27 532.375
proc112 540.250
proc37 540.250
proc91 545.875
proc87 555.250
proc42 555.875
proc24 566.625
proc141 573.750
proc8 578.750
proc29 579.375
proc17 584.625
proc55 586.250
proc106 588.000
proc31 590.125
proc116 601.125
proc60 606.250
proc74 607.500
proc78 609.875
proc94 612.250
proc124 614.375
proc111 627.250
proc1 628.375
proc9 631.125
proc66 634.625
proc51 638.000
proc15 641.125
proc44 641.625
proc147 641.750
proc68 644.125
proc10 644.875
proc64 648.000
proc129 650.250
proc89 651.875
proc61 652.125
proc134 652.250
proc83 654.250
proc57 656.250
proc84 657.625
proc52 658.000
proc105 658.875
proc6 660.750
proc23 661.625
proc133 662.375
proc53 663.375
proc135 667.375
proc49 670.625
proc79 670.875
proc36 671.875
proc30 674.875
proc26 676.375
proc143 678.250
proc107 681.000
proc101 683.875
proc81 686.625
proc118 687.125
proc128 687.375
proc148 689.625
proc58 691.125
proc34 694.375
proc54 696.625
proc115 697.375
proc12 699.375
proc95 701.750
proc146 704.000
proc46 705.875
proc137 706.375
proc130 709.250
proc0 711.250
proc96 713.500
proc5 716.125
proc109 719.875
proc11 720.750
proc32 723.000
proc110 725.750
proc70 729.625
proc62 732.750
proc48 733.875
proc65 735.500
296
