proc96 7.250
proc63 20.750
proc33 23.500
proc14 24.000
proc64 37.875
proc133 65.625
proc135 73.500
proc3 95.750
proc147 98.000
proc108 124.625
proc139 128.500
proc65 129.500
proc55 147.375
proc112 155.375
proc122 163.875
proc48 180.250
proc114 234.250
proc120 237.500
proc121 244.000
proc28 244.250
proc82 245.250
proc72 257.500
proc73 267.000
proc30 274.125
proc32 278.625
proc17 280.375
proc132 298.250
proc149 301.625
proc97 335.625
proc123 337.125
proc43 338.125
proc144 351.375
proc9 352.750
proc131 365.750
proc93 376.750
proc111 378.000
proc15 389.125
proc148 397.500
proc113 418.125
proc90 422.875
proc79 424.250
proc59 427.625
proc5 436.250
proc84 445.000
proc18 456.125
proc85 464.250
proc44 475.125
proc70 477.875
proc19 484.000
proc39 490.000
proc140 500.375
proc138 502.375
proc34 505.625
proc29 506.625
proc53 513.375
proc124 518.625
proc35 532.750
proc7 544.625
proc49 552.375
proc129 567.000
proc125 581.125
proc143 582.125
proc31 583.875
proc128 592.875
proc41 594.500
proc88 600.000
proc91 614.875
proc26 621.500
proc94 622.750
proc134 639.375
proc36 639.750
proc13 647.250
proc74 649.750
proc127 650.000
proc23 664.875
proc75 666.125
proc141 666.500
proc118 678.375
proc136 681.250
proc89 682.000
proc71 684.625
proc54 685.000
proc11 686.625
proc2 689.500
proc87 691.750
proc81 693.000
proc68 693.750
proc77 696.250
proc76 699.625
proc95 700.125
proc24 702.375
proc8 705.500
proc119 707.875
proc62 708.625
proc25 710.250
proc116 711.875
proc21 716.125
proc83 717.000
proc109 720.500
proc92 723.875
proc27 726.875
proc61 730.125
proc51 731.000
proc137 733.125
proc50 737.000
proc57 737.250
proc98 739.375
proc130 742.125
proc86 743.375
proc110 744.750
proc38 748.375
proc103 751.250
proc69 753.125
proc101 754.500
proc66 754.625
proc56 756.000
proc145 757.125
proc40 759.250
proc45 763.500
proc46 765.875
proc105 769.000
proc117 770.625
proc6 774.000
proc4 775.250
proc16 777.250
proc10 780.875
proc22 782.000
proc12 784.125
proc142 787.375
proc78 791.125
proc104 792.125
proc0 795.375
proc146 796.750
proc58 798.750
proc52 798.875
proc80 800.125
proc1 803.875
proc60 804.125
proc126 805.625
proc20 809.375
proc100 812.875
proc99 815.500
proc102 819.375
proc42 823.500
proc47 825.375
proc106 828.875
proc67 832.000
proc115 834.625
proc37 834.750
proc107 835.625
326
