proc115 13.750
proc110 28.250
proc7 68.125
proc114 83.875
proc108 91.375
proc76 144.875
proc143 147.875
proc10 163.125
proc57 169.125
proc88 187.000
proc97 188.250
proc120 188.375
proc41 195.500
proc30 197.250
proc26 198.125
proc53 198.625
proc78 213.625
proc112 235.500
proc140 238.125
proc96 240.625
proc129 242.250
proc137 243.375
proc142 248.125
proc131 255.250
proc34 261.125
proc59 264.125
proc134 270.750
proc132 275.875
proc33 318.375
proc91 351.750
proc113 359.625
proc139 363.000
proc60 363.625
proc5 366.125
proc90 367.375
proc54 368.000
proc127 368.125
proc133 369.375
proc122 385.875
proc105 394.375
proc81 395.250
proc44 396.000
proc136 398.250
proc21 408.875
proc93 412.375
proc4 414.375
proc29 419.625
proc37 425.375
proc18 458.375
proc135 460.625
proc38 464.000
proc80 468.875
proc35 472.750
proc117 472.875
proc148 474.750
proc98 481.375
proc16 483.250
proc84 490.000
proc0 493.625
proc66 496.500
proc47 508.375
proc31 520.625
proc45 525.375
proc8 530.750
proc77 531.625
proc106 546.000
proc86 556.250
proc71 566.875
proc111 569.125
proc79 569.375
proc95 571.625
proc149 592.625
proc147 592.750
proc2 594.000
proc72 595.875
proc32 609.750
proc85 613.875
proc104 615.375
proc68 615.500
proc130 626.000
proc46 627.375
proc50 631.375
proc124 634.125
proc27 636.750
proc39 638.375
proc65 642.750
proc62 654.000
proc123 657.375
proc141 657.875
proc75 658.125
proc87 662.000
proc69 664.500
proc25 667.125
proc116 667.875
proc24 670.750
proc56 671.500
proc22 675.000
proc138 677.250
proc63 679.000
proc92 680.625
proc70 681.500
proc14 685.625
proc3 689.375
proc146 692.250
proc42 696.125
proc43 697.125
proc125 697.625
proc100 700.125
proc67 701.250
proc9 703.250
proc17 707.125
proc119 710.375
proc11 714.000
proc101 714.250
proc49 716.250
proc144 716.750
proc12 717.500
proc82 720.875
proc145 723.750
proc94 725.000
proc83 725.250
proc48 727.750
proc40 728.375
proc89 731.750
proc128 733.750
proc107 734.875
proc6 735.000
proc58 736.125
proc23 736.875
proc51 736.875
proc99 740.875
proc73 741.375
proc13 744.500
proc118 748.125
proc1 750.000
proc52 752.375
proc20 756.375
proc19 759.625
proc121 761.625
proc102 764.000
proc28 765.750
proc74 766.125
proc61 768.250
proc55 769.500
proc126 771.500
proc109 773.125
proc36 773.375
proc15 776.375
proc103 779.250
proc64 779.625
318
