proc49 14.500
proc69 18.500
proc11 20.750
proc132 32.875
proc110 49.250
proc29 58.000
proc24 64.625
proc129 66.500
proc78 81.000
proc59 86.125
proc104 92.375
proc90 92.875
proc99 103.125
proc54 104.625
proc27 105.375
proc112 131.625
proc51 134.500
proc19 136.875
proc127 144.875
proc64 158.000
proc109 161.750
proc4 190.625
proc101 196.000
proc117 204.375
proc42 226.750
proc79 230.125
proc123 232.125
proc75 232.250
proc85 234.375
proc31 239.125
proc15 244.375
proc92 245.500
proc143 258.000
proc94 261.375
proc139 292.500
proc30 302.000
proc55 305.875
proc111 313.375
proc120 326.875
proc28 349.375
proc81 355.375
proc97 381.000
proc13 381.125
proc25 383.250
proc115 395.125
proc18 399.125
proc52 403.375
proc147 413.000
proc80 413.875
proc14 416.250
proc70 417.000
proc116 424.000
proc68 425.875
proc32 435.875
proc45 436.125
proc7 437.250
proc134 440.875
proc86 441.000
proc82 454.250
proc133 455.250
proc72 460.375
proc57 462.250
proc73 466.375
proc1 486.500
proc40 491.750
proc8 493.250
proc88 501.375
proc66 511.500
proc114 516.000
proc10 518.500
proc3 523.625
proc44 528.125
proc38 541.750
proc144 552.125
proc53 553.875
proc5 560.625
proc33 568.000
proc140 588.000
proc103 589.750
proc149 599.000
proc47 599.625
proc146 607.625
proc74 609.375
proc50 611.625
proc0 613.875
proc63 625.000
proc26 634.625
proc43 637.500
proc89 640.125
proc96 643.250
proc39 645.875
proc23 649.250
proc12 650.750
proc131 652.000
proc105 653.375
proc20 653.625
proc141 654.000
proc67 655.625
proc22 658.500
proc76 659.375
proc119 662.500
proc130 664.875
proc60 668.000
proc122 670.000
proc113 672.000
proc138 673.375
proc46 675.250
proc84 676.250
proc48 680.250
proc6 682.250
proc145 686.250
proc36 689.375
proc142 691.750
proc61 693.750
proc136 695.750
proc87 699.125
proc41 702.625
proc125 703.625
proc56 704.000
proc34 707.500
proc148 708.750
proc135 711.875
proc91 714.875
proc37 715.250
proc83 717.750
proc62 720.125
proc77 722.750
proc65 725.250
proc9 726.000
proc108 726.250
proc2 726.500
proc17 729.250
proc71 732.125
proc95 732.500
proc118 734.750
proc58 737.875
proc100 738.375
proc107 740.625
proc102 741.625
proc93 743.750
proc106 745.875
proc98 749.750
proc137 751.750
proc16 752.250
proc126 754.875
proc35 758.500
proc121 761.750
proc128 764.375
proc21 766.000
proc124 766.375
306
