proc75 4.375
proc135 9.000
proc27 17.125
proc71 27.875
proc92 37.750
proc18 40.500
proc112 52.625
proc138 53.125
proc9 56.375
proc70 75.500
proc130 79.250
proc80 89.625
proc53 91.125
proc105 97.500
proc110 97.750
proc15 117.000
proc69 120.500
proc32 122.250
proc49 135.375
proc61 152.750
proc89 156.375
proc114 175.375
proc48 175.625
proc91 175.875
proc81 188.875
proc149 191.875
proc146 195.375
proc45 196.125
proc86 197.250
proc0 204.000
proc101 206.125
proc137 207.625
proc11 207.750
proc87 223.500
proc17 240.000
proc57 249.250
proc2 283.125
proc65 306.000
proc52 307.500
proc29 309.500
proc1 319.000
proc128 324.875
proc16 325.875
proc43 327.125
proc96 338.875
proc122 340.375
proc143 354.875
proc54 365.125
proc28 375.000
proc10 377.375
proc77 387.625
proc142 391.375
proc22 399.750
proc85 404.000
proc84 405.250
proc68 411.750
proc6 425.250
proc23 431.500
proc134 439.625
proc117 441.375
proc103 443.375
proc113 444.000
proc144 445.750
proc38 448.625
proc73 450.125
proc123 459.125
proc34 463.125
proc41 471.375
proc79 473.250
proc120 476.500
proc111 477.125
proc20 479.500
proc107 482.625
proc35 488.375
proc145 493.375
proc125 495.500
proc127 496.125
proc132 501.500
proc55 502.375
proc67 504.625
proc14 506.375
proc36 514.375
proc74 517.875
proc102 518.500
proc140 525.500
proc59 534.750
proc4 557.000
proc56 559.625
proc33 560.500
proc58 561.125
proc42 565.000
proc39 568.500
proc51 572.125
proc3 577.500
proc147 580.250
proc26 583.000
proc60 598.375
proc82 599.125
proc19 601.500
proc50 604.750
proc106 607.375
proc24 610.625
proc44 611.250
proc88 613.500
proc99 615.875
proc95 619.875
proc90 623.375
proc93 625.250
proc72 626.875
proc21 629.625
proc25 631.125
proc46 633.125
proc100 636.375
proc139 638.375
proc108 640.000
proc119 640.375
proc131 641.250
proc97 642.250
proc94 645.375
proc116 648.875
proc98 650.625
proc141 652.750
proc30 654.875
proc124 656.375
proc5 656.625
proc78 656.750
proc121 659.500
proc126 663.125
proc31 667.000
proc47 668.500
proc12 670.000
proc62 673.750
proc63 674.250
proc83 675.875
proc136 676.750
proc66 680.875
proc76 683.500
proc133 687.125
proc129 687.125
proc13 687.875
proc115 691.125
proc104 694.500
proc109 696.875
proc64 696.875
proc40 699.750
proc148 703.500
proc8 706.375
proc37 706.375
proc7 707.625
proc118 709.250
285
