proc77 15.500
proc50 46.250
proc144 71.750
proc83 95.250
proc10 102.625
proc89 109.875
proc121 115.750
proc39 132.375
proc12 146.625
proc98 155.875
proc56 159.500
proc124 160.125
proc54 163.000
proc137 166.125
proc125 168.125
proc66 169.375
proc45 174.500
proc128 182.625
proc14 187.250
proc96 190.375
proc53 191.875
proc42 192.750
proc148 197.000
proc34 224.625
proc86 243.500
proc120 243.750
proc113 251.625
proc43 253.000
proc91 261.125
proc3 261.375
proc0 263.750
proc116 285.125
proc79 289.250
proc110 293.125
proc107 303.250
proc97 303.375
proc65 314.000
proc4 315.000
proc105 330.750
proc133 334.375
proc108 380.875
proc16 384.875
proc17 398.500
proc33 406.500
proc9 412.250
proc88 414.250
proc47 421.375
proc27 423.625
proc70 428.375
proc55 428.875
proc23 433.125
proc32 445.375
proc82 447.625
proc119 450.375
proc75 452.875
proc7 453.875
proc71 454.875
proc138 459.250
proc129 468.750
proc2 480.375
proc149 483.625
proc141 487.500
proc90 490.375
proc134 499.625
proc30 502.250
proc40 503.875
proc25 506.500
proc31 514.625
proc132 519.500
proc57 521.000
proc73 530.625
proc81 533.500
proc80 542.625
proc106 550.500
proc103 552.500
proc58 562.125
proc109 573.375
proc100 577.000
proc131 581.875
proc135 583.625
proc22 585.625
proc84 598.125
proc92 599.000
proc26 604.125
proc68 611.000
proc87 611.250
proc15 612.750
proc28 621.625
proc21 632.750
proc13 634.375
proc44 636.625
proc72 642.500
proc122 648.000
proc85 648.125
proc142 651.250
proc19 654.875
proc18 657.750
proc78 660.750
proc118 663.000
proc146 664.250
proc69 668.000
proc139 669.375
proc62 669.875
proc114 672.375
proc147 674.750
proc143 675.750
proc127 679.500
proc94 682.000
proc49 682.875
proc117 685.625
proc5 686.500
proc74 688.750
proc8 690.250
proc67 691.250
proc99 695.500
proc38 696.250
proc29 697.000
proc64 700.625
proc126 701.250
proc112 701.375
proc95 704.125
proc101 705.750
proc60 709.250
proc36 709.250
proc104 711.125
proc41 714.625
proc76 715.500
proc59 716.000
proc37 718.000
proc35 719.375
proc1 722.250
proc140 722.875
proc63 725.750
proc24 726.250
proc145 728.875
proc123 732.250
proc102 732.375
proc51 732.750
proc6 736.000
proc11 737.125
proc136 740.250
proc52 743.250
proc93 747.250
proc130 748.375
proc61 750.125
proc20 750.875
proc46 752.375
proc48 754.000
proc115 754.625
proc111 756.875
308
