proc46 1.000
proc129 2.625
proc2 17.875
proc110 19.125
proc67 21.750
proc50 28.250
proc26 40.625
proc1 41.875
proc34 53.625
proc92 60.500
proc78 61.875
proc105 82.625
proc74 84.875
proc145 91.750
proc13 100.250
proc89 105.000
proc29 105.500
proc106 123.750
proc65 125.375
proc11 133.250
proc123 155.500
proc83 163.125
proc62 168.625
proc52 171.875
proc23 179.875
proc128 183.500
proc115 199.000
proc0 202.125
proc38 204.625
proc16 205.500
proc135 218.875
proc120 226.625
proc141 230.500
proc53 234.000
proc73 235.875
proc121 239.000
proc68 250.500
proc30 255.000
proc42 289.125
proc5 291.125
proc93 292.000
proc113 304.750
proc61 305.125
proc12 310.125
proc69 313.375
proc97 314.250
proc88 314.875
proc14 320.625
proc119 326.875
proc90 340.000
proc136 347.375
proc27 351.000
proc96 355.500
proc142 359.375
proc116 363.625
proc134 375.250
proc149 379.750
proc76 387.125
proc9 389.375
proc94 390.750
proc80 405.250
proc58 412.375
proc130 416.750
proc127 418.000
proc4 419.750
proc17 421.500
proc81 437.000
proc85 437.125
proc40 438.125
proc77 443.625
proc103 450.875
proc101 451.625
proc86 452.750
proc22 462.875
proc147 468.750
proc109 481.500
proc66 487.000
proc28 487.875
proc33 490.375
proc35 491.500
proc104 502.625
proc41 515.625
proc137 517.250
proc148 519.500
proc100 530.625
proc124 534.500
proc32 535.250
proc71 558.500
proc122 566.125
proc91 571.500
proc45 573.625
proc111 583.500
proc126 598.375
proc132 599.375
proc43 599.375
proc140 602.000
proc31 605.250
proc87 606.625
proc144 608.250
proc98 611.750
proc20 613.500
proc18 616.500
proc47 617.500
proc55 618.375
proc51 618.875
proc84 621.250
proc114 622.625
proc54 624.500
proc112 627.000
proc7 630.750
proc6 632.000
proc25 633.750
proc49 635.375
proc131 638.000
proc133 639.750
proc102 641.875
proc8 642.250
proc75 645.250
proc56 646.250
proc99 646.750
proc72 647.250
proc36 648.500
proc57 650.875
proc24 653.500
proc44 657.625
proc107 659.500
proc48 662.875
proc95 664.375
proc82 666.875
proc63 667.625
proc60 670.750
proc19 674.875
proc37 675.500
proc146 679.625
proc64 682.625
proc70 685.500
proc21 686.875
proc10 688.625
proc39 691.750
proc125 691.875
proc117 692.875
proc118 693.125
proc3 693.875
proc15 696.625
proc79 698.625
proc139 699.250
proc138 699.875
proc108 702.375
proc143 703.625
proc59 705.375
285
