proc85 7.750
proc6 13.250
proc113 27.500
proc18 42.125
proc74 45.250
proc144 52.500
proc51 52.625
proc36 67.625
proc110 86.500
proc37 112.125
proc49 116.625
proc135 135.875
proc89 142.375
proc31 143.375
proc84 155.375
proc64 156.000
proc129 161.125
proc103 161.375
proc106 164.625
proc142 177.750
proc26 202.250
proc69 210.500
proc54 218.625
proc115 224.750
proc71 225.750
proc44 227.125
proc121 233.875
proc47 234.125
proc7 243.625
proc101 252.375
proc29 260.125
proc43 268.000
proc22 284.375
proc55 288.125
proc149 289.250
proc116 300.625
proc100 302.625
proc2 321.875
proc60 325.875
proc15 329.375
proc59 341.000
proc68 344.625
proc50 345.500
proc146 347.250
proc127 356.375
proc75 361.375
proc28 366.375
proc52 377.000
proc147 378.000
proc130 385.750
proc39 394.250
proc91 394.500
proc30 399.250
proc42 400.000
proc57 401.375
proc133 409.625
proc109 410.625
proc98 415.875
proc124 447.500
proc120 457.500
proc87 459.625
proc61 467.625
proc16 474.250
proc0 474.375
proc138 481.625
proc140 484.250
proc1 487.250
proc99 492.250
proc58 493.750
proc88 494.625
proc12 500.250
proc62 508.125
proc139 510.500
proc10 544.000
proc122 554.000
proc46 563.750
proc141 569.625
proc92 580.750
proc76 584.250
proc23 599.875
proc123 611.750
proc34 621.500
proc126 626.625
proc143 629.875
proc11 632.000
proc72 633.875
proc48 638.125
proc131 641.375
proc19 644.750
proc66 645.375
proc40 646.125
proc45 648.250
proc63 650.750
proc65 652.750
proc93 654.250
proc82 658.375
proc13 660.375
proc20 660.500
proc145 664.000
proc83 666.250
proc8 666.750
proc112 670.000
proc3 670.500
proc119 672.125
proc125 674.375
proc136 678.250
proc102 681.500
proc148 682.000
proc53 683.375
proc105 684.125
proc67 686.250
proc97 690.250
proc25 692.000
proc128 695.375
proc96 696.375
proc94 698.625
proc80 698.875
proc90 699.250
proc35 701.875
proc132 701.875
proc21 702.000
proc5 705.250
proc14 705.375
proc79 708.250
proc77 709.875
proc81 713.875
proc107 715.125
proc134 716.625
proc32 718.000
proc104 719.125
proc108 722.125
proc117 725.250
proc70 728.000
proc118 728.375
proc24 732.375
proc17 735.000
proc111 735.125
proc73 738.750
proc4 742.000
proc41 742.750
proc56 747.000
proc86 749.250
proc9 752.625
proc114 754.000
proc38 758.250
proc33 758.500
proc137 761.500
proc78 761.875
proc27 765.000
proc95 767.750
309
