proc139 5.500
proc123 31.125
proc64 40.500
proc58 64.625
proc6 71.375
proc54 71.500
proc138 98.375
proc102 100.500
proc52 102.375
proc111 102.625
proc3 112.500
proc89 124.875
proc4 128.875
proc86 155.500
proc117 181.625
proc140 185.500
proc49 190.375
proc77 197.750
proc15 199.750
proc137 208.500
proc115 219.750
proc59 222.750
proc144 232.125
proc51 234.875
proc60 253.125
proc113 259.500
proc106 260.250
proc67 268.125
proc18 271.875
proc126 286.250
proc99 298.875
proc71 302.250
proc95 304.125
proc62 318.500
proc100 321.500
proc36 332.500
proc98 334.250
proc48 337.375
proc65 339.250
proc109 347.250
proc23 358.500
proc94 363.125
proc82 366.750
proc148 371.875
proc149 373.125
proc50 374.000
proc39 377.625
proc33 379.500
proc57 380.625
proc129 387.500
proc56 395.375
proc19 397.000
proc70 397.875
proc141 408.375
proc2 410.000
proc73 413.875
proc37 416.125
proc121 423.375
proc7 425.750
proc135 432.000
proc132 435.000
proc9 442.125
proc87 451.875
proc66 470.000
proc143 484.500
proc127 484.750
proc8 487.875
proc79 491.125
proc38 501.375
proc14 523.500
proc146 532.750
proc13 543.875
proc105 548.000
proc147 550.500
proc32 551.375
proc97 554.125
proc124 554.625
proc145 555.875
proc80 559.625
proc134 563.875
proc96 573.125
proc29 579.875
proc108 582.375
proc61 586.875
proc5 590.250
proc28 605.750
proc75 610.375
proc83 611.500
proc41 615.500
proc40 616.125
proc11 617.000
proc31 620.750
proc90 621.625
proc1 625.750
proc81 629.500
proc30 630.000
proc85 632.625
proc35 636.375
proc17 639.500
proc131 642.750
proc25 646.375
proc130 647.875
proc112 649.000
proc26 649.875
proc101 651.125
proc0 653.625
proc55 657.625
proc92 658.500
proc114 659.250
proc20 662.875
proc78 663.750
proc27 666.500
proc72 669.750
proc76 671.625
proc118 674.750
proc21 678.250
proc120 679.500
proc142 680.250
proc44 682.375
proc22 683.125
proc103 686.000
proc53 686.125
proc107 687.875
proc68 688.875
proc10 689.125
proc63 689.125
proc24 691.000
proc46 691.875
proc84 695.000
proc74 695.750
proc43 699.625
proc104 701.750
proc91 703.250
proc116 703.625
proc69 707.500
proc122 707.875
proc12 709.750
proc88 710.250
proc47 712.375
proc16 714.000
proc119 716.375
proc34 718.375
proc125 718.625
proc136 721.000
proc133 722.875
proc93 723.375
proc128 723.875
proc42 727.750
proc110 729.875
proc45 733.375
300
