proc38 44.125
proc127 54.875
proc82 62.875
proc58 87.625
proc101 100.500
proc64 102.375
proc45 102.875
proc146 104.125
proc33 107.500
proc90 120.500
proc55 129.500
proc39 130.875
proc142 138.750
proc75 143.000
proc1 147.750
proc8 153.000
proc87 160.625
proc92 162.625
proc44 163.625
proc138 164.125
proc103 166.000
proc147 168.250
proc119 169.500
proc51 172.875
proc52 179.000
proc60 181.375
proc122 187.375
proc9 216.250
proc14 218.000
proc18 232.500
proc71 234.375
proc96 236.000
proc59 239.000
proc25 254.500
proc73 276.875
proc112 277.000
proc148 292.000
proc61 293.500
proc4 297.000
proc114 299.500
proc108 301.500
proc34 303.375
proc113 314.250
proc126 317.750
proc111 319.625
proc106 323.125
proc68 331.625
proc102 350.000
proc17 370.250
proc22 370.250
proc29 379.875
proc67 389.250
proc6 392.000
proc136 392.625
proc99 397.750
proc143 411.125
proc97 417.500
proc100 417.625
proc27 422.000
proc80 422.875
proc43 425.500
proc134 429.750
proc140 438.125
proc16 440.750
proc69 446.125
proc23 447.750
proc10 449.750
proc0 455.375
proc63 455.625
proc95 456.125
proc21 473.250
proc128 478.500
proc15 481.000
proc118 483.250
proc116 483.875
proc19 488.250
proc107 507.750
proc62 508.875
proc26 520.000
proc36 523.250
proc41 539.875
proc30 541.250
proc121 547.125
proc109 551.250
proc78 557.000
proc11 562.250
proc54 563.500
proc124 564.625
proc141 581.750
proc47 586.750
proc37 604.375
proc57 606.125
proc53 609.875
proc104 618.750
proc3 625.125
proc74 627.250
proc137 628.750
proc93 630.875
proc144 631.500
proc49 632.625
proc2 635.375
proc20 636.875
proc65 640.250
proc24 642.250
proc120 645.000
proc5 648.125
proc125 650.125
proc135 651.500
proc94 653.875
proc133 654.375
proc13 655.125
proc72 657.250
proc115 657.875
proc32 659.500
proc89 662.250
proc28 664.000
proc85 664.750
proc46 665.000
proc105 668.375
proc70 669.375
proc145 673.250
proc83 673.750
proc139 677.250
proc7 677.500
proc130 680.625
proc132 682.375
proc12 683.000
proc48 685.250
proc77 687.625
proc149 689.375
proc110 689.625
proc88 693.500
proc56 693.750
proc81 694.875
proc31 697.375
proc91 699.500
proc66 700.250
proc129 700.875
proc117 703.750
proc35 705.250
proc123 707.125
proc98 711.125
proc79 713.625
proc40 714.500
proc42 717.000
proc50 717.125
proc86 717.625
proc131 717.750
proc84 718.750
proc76 721.125
291
