proc107 18.250
proc46 43.500
proc32 45.000
proc105 50.125
proc25 53.500
proc38 57.375
proc81 80.000
proc89 80.875
proc110 86.500
proc23 97.000
proc78 110.875
proc125 127.375
proc117 127.500
proc83 154.250
proc47 158.625
proc12 160.875
proc100 163.125
proc13 175.000
proc59 196.250
proc2 202.875
proc143 207.125
proc29 210.625
proc127 212.125
proc139 214.625
proc122 233.250
proc94 239.625
proc68 245.625
proc85 250.000
proc69 259.625
proc97 263.875
proc64 291.250
proc108 293.875
proc102 295.625
proc43 315.500
proc140 317.375
proc66 325.375
proc99 332.375
proc149 337.375
proc10 344.000
proc42 346.875
proc27 363.000
proc52 363.500
proc141 363.750
proc119 366.750
proc86 367.000
proc40 368.375
proc51 380.250
proc35 384.500
proc103 391.875
proc67 392.750
proc145 406.750
proc8 415.750
proc130 422.000
proc121 422.000
proc3 430.625
proc93 432.375
proc106 437.875
proc63 440.500
proc26 444.625
proc24 449.375
proc55 462.125
proc0 463.500
proc146 467.500
proc50 473.625
proc88 498.875
proc4 501.500
proc142 504.250
proc77 507.250
proc91 514.625
proc72 519.875
proc49 520.375
proc71 521.750
proc44 529.000
proc92 533.375
proc31 540.500
proc113 546.000
proc54 550.375
proc74 556.750
proc1 565.125
proc39 568.625
proc80 576.250
proc144 576.625
proc126 577.250
proc131 582.375
proc112 587.625
proc70 593.875
proc114 597.000
proc45 604.375
proc76 619.125
proc9 624.000
proc148 626.875
proc60 627.625
proc138 628.625
proc62 628.750
proc11 631.875
proc33 633.250
proc147 636.125
proc95 636.375
proc37 636.750
proc61 637.250
proc98 637.750
proc75 639.875
proc34 644.250
proc135 646.125
proc134 649.000
proc6 652.375
proc57 654.000
proc115 655.125
proc116 658.125
proc16 661.875
proc14 664.000
proc20 666.000
proc132 669.125
proc137 672.250
proc28 674.000
proc65 674.250
proc129 676.625
proc19 680.250
proc56 681.125
proc120 683.125
proc111 686.125
proc96 686.250
proc87 686.500
proc133 689.500
proc109 693.500
proc36 694.250
proc15 695.500
proc118 696.000
proc22 699.500
proc84 703.250
proc18 706.875
proc79 707.125
proc73 708.625
proc58 709.500
proc17 711.750
proc104 715.125
proc21 718.250
proc128 721.250
proc101 721.875
proc7 724.125
proc30 724.875
proc136 725.375
proc90 728.250
proc5 728.875
proc48 729.000
proc53 732.000
proc41 735.000
proc123 737.125
proc124 738.625
proc82 738.875
302
