proc103 8.500
proc74 16.250
proc13 17.125
proc133 25.875
proc135 27.750
proc55 28.875
proc85 65.000
proc131 69.750
proc70 74.125
proc65 93.250
proc30 98.500
proc110 108.375
proc124 110.625
proc40 123.000
proc27 125.500
proc66 132.750
proc113 147.500
proc38 173.875
proc97 182.500
proc10 186.000
proc90 192.625
proc32 199.750
proc87 205.750
proc45 207.000
proc112 211.250
proc138 213.875
proc25 237.375
proc15 261.875
proc130 271.375
proc6 274.875
proc92 287.375
proc20 290.375
proc98 296.625
proc33 302.500
proc59 304.375
proc11 304.625
proc57 305.750
proc14 330.625
proc105 332.875
proc78 346.250
proc88 372.625
proc39 391.000
proc63 392.375
proc137 401.375
proc34 406.000
proc69 413.375
proc149 417.250
proc91 419.500
proc29 420.500
proc79 421.375
proc125 422.250
proc95 429.625
proc146 435.875
proc77 444.875
proc99 450.125
proc83 453.250
proc81 458.500
proc72 469.000
proc43 479.250
proc28 480.500
proc108 481.375
proc89 484.625
proc117 487.375
proc73 489.250
proc93 503.375
proc84 514.000
proc0 516.125
proc3 527.750
proc71 551.125
proc129 561.250
proc140 568.500
proc102 574.250
proc126 575.000
proc52 578.250
proc111 585.000
proc147 589.000
proc121 590.375
proc51 593.250
proc41 603.625
proc8 603.875
proc62 605.875
proc106 613.750
proc12 621.750
proc5 629.625
proc44 637.875
proc26 648.625
proc56 652.000
proc7 652.125
proc23 655.625
proc58 658.375
proc4 662.375
proc148 664.000
proc145 667.625
proc114 670.500
proc24 672.250
proc123 674.375
proc47 675.125
proc101 678.750
proc17 680.250
proc9 681.375
proc54 682.375
proc2 685.250
proc136 687.375
proc144 689.000
proc18 689.625
proc100 691.500
proc115 692.000
proc86 696.125
proc96 698.500
proc31 700.000
proc49 703.000
proc22 705.000
proc141 708.375
proc36 711.375
proc16 712.375
proc61 713.875
proc75 715.000
proc128 716.500
proc60 719.500
proc64 721.375
proc82 724.375
proc139 727.125
proc143 730.375
proc68 732.250
proc50 733.625
proc48 736.125
proc119 739.125
proc142 740.500
proc104 743.500
proc35 746.250
proc42 747.750
proc21 750.625
proc122 752.500
proc134 755.250
proc127 757.125
proc132 759.375
proc94 763.500
proc80 766.500
proc120 766.750
proc109 767.875
proc1 768.375
proc46 769.625
proc53 770.625
proc67 771.750
proc37 773.625
proc76 774.375
proc118 778.375
proc116 778.500
proc19 782.250
proc107 783.375
311
