proc88 12.125
proc5 39.000
proc142 39.625
proc137 41.250
proc46 64.500
proc29 68.875
proc119 72.375
proc129 76.250
proc102 94.750
proc32 96.250
proc58 110.750
proc66 113.625
proc134 126.125
proc71 128.875
proc23 129.500
proc39 134.750
proc143 137.375
proc85 148.875
proc9 150.750
proc82 155.375
proc2 155.875
proc3 168.250
proc52 191.000
proc108 192.500
proc25 199.625
proc44 205.625
proc19 206.250
proc139 213.625
proc123 214.125
proc8 221.250
proc18 225.750
proc1 229.000
proc59 240.000
proc81 249.750
proc94 250.875
proc30 252.750
proc76 255.750
proc22 274.250
proc83 276.125
proc104 284.750
proc117 286.625
proc95 287.750
proc15 302.875
proc93 314.750
proc6 328.125
proc54 345.000
proc72 363.625
proc122 368.625
proc115 378.000
proc68 384.875
proc60 394.000
proc26 410.750
proc146 420.000
proc49 424.750
proc131 427.125
proc48 435.750
proc45 440.375
proc40 445.125
proc145 448.000
proc27 449.875
proc21 456.375
proc74 463.625
proc124 466.125
proc34 466.375
proc35 468.750
proc147 471.625
proc42 473.625
proc24 482.000
proc126 485.375
proc31 488.000
proc98 490.250
proc80 494.625
proc111 495.375
proc148 504.250
proc125 509.500
proc4 516.000
proc140 519.375
proc132 521.250
proc100 527.000
proc75 540.625
proc121 541.125
proc135 546.625
proc141 554.750
proc11 554.875
proc118 568.500
proc38 577.250
proc116 584.750
proc12 585.250
proc110 595.500
proc13 600.000
proc55 601.000
proc7 601.750
proc97 606.375
proc101 607.500
proc113 609.000
proc90 612.250
proc17 617.750
proc138 619.375
proc65 619.625
proc53 623.250
proc47 625.375
proc69 628.125
proc89 630.750
proc62 633.625
proc130 636.500
proc50 637.500
proc73 638.625
proc41 640.875
proc127 643.750
proc61 644.750
proc96 648.125
proc106 650.875
proc149 653.375
proc105 654.625
proc20 654.875
proc16 658.500
proc33 661.750
proc51 664.000
proc114 667.875
proc78 668.875
proc103 670.375
proc10 674.125
proc56 676.000
proc67 677.625
proc14 681.375
proc87 682.375
proc63 685.250
proc109 687.875
proc36 688.125
proc99 688.375
proc70 691.375
proc92 693.125
proc57 695.875
proc0 699.750
proc128 700.000
proc86 701.125
proc28 703.625
proc64 704.750
proc136 708.125
proc37 711.000
proc120 714.125
proc43 716.125
proc91 717.500
proc144 720.625
proc79 722.625
proc112 726.875
proc107 729.125
proc84 729.375
proc77 730.625
proc133 732.125
289
