proc104 13.625
proc148 25.250
proc3 48.250
proc82 56.875
proc144 73.375
proc10 76.000
proc135 106.875
proc5 115.000
proc149 144.625
proc65 157.875
proc29 159.875
proc86 159.875
proc132 169.125
proc72 170.000
proc46 181.250
proc84 192.375
proc147 201.625
proc42 210.375
proc41 213.750
proc39 218.625
proc73 225.750
proc49 229.750
proc2 253.125
proc79 256.500
proc70 265.250
proc8 274.750
proc105 277.750
proc58 281.625
proc93 290.375
proc62 293.875
proc6 297.125
proc137 306.500
proc28 321.125
proc53 322.750
proc113 324.250
proc51 330.875
proc117 338.750
proc138 344.875
proc47 357.000
proc102 358.125
proc38 358.625
proc24 361.125
proc89 371.875
proc32 389.750
proc91 400.625
proc146 412.250
proc25 413.375
proc121 430.500
proc143 432.500
proc64 442.500
proc94 443.625
proc18 445.375
proc71 457.250
proc114 457.375
proc15 463.750
proc83 473.625
proc12 477.250
proc130 481.750
proc23 487.500
proc112 489.000
proc123 503.750
proc45 504.375
proc107 508.875
proc54 509.125
proc20 510.375
proc134 527.875
proc14 529.750
proc40 532.125
proc120 538.000
proc52 542.250
proc97 553.000
proc67 553.500
proc75 554.500
proc31 557.750
proc77 558.125
proc108 572.375
proc109 574.250
proc21 574.375
proc136 578.125
proc74 591.250
proc34 620.625
proc37 622.125
proc131 625.000
proc78 627.375
proc99 648.375
proc139 650.375
proc101 657.250
proc63 660.625
proc119 661.625
proc17 664.625
proc98 665.750
proc44 666.625
proc118 670.875
proc0 672.125
proc100 676.000
proc115 679.000
proc95 682.500
proc68 685.500
proc92 688.375
proc26 691.625
proc76 692.125
proc88 693.375
proc66 696.500
proc50 699.375
proc142 701.375
proc126 704.875
proc141 706.125
proc30 706.250
proc129 708.750
proc90 710.750
proc60 714.000
proc9 717.375
proc61 718.000
proc57 719.750
proc87 721.750
proc48 725.750
proc125 729.625
proc85 732.500
proc16 736.000
proc96 739.875
proc33 740.625
proc27 744.500
proc80 745.750
proc122 748.500
proc81 752.375
proc56 755.750
proc133 755.875
proc69 757.625
proc35 757.875
proc103 760.250
proc55 761.625
proc4 762.375
proc145 764.125
proc36 766.375
proc140 768.375
proc127 770.000
proc128 772.250
proc43 774.125
proc1 777.250
proc59 777.625
proc111 777.750
proc11 781.125
proc110 781.250
proc19 784.000
proc22 784.250
proc7 785.625
proc124 787.750
proc106 789.625
proc13 790.625
proc116 793.250
312
