proc11 13.375
proc7 25.625
proc87 38.000
proc112 76.500
proc86 80.250
proc64 83.375
proc118 115.125
proc109 128.000
proc101 130.875
proc61 139.625
proc110 140.250
proc27 143.625
proc23 164.875
proc117 178.500
proc26 190.125
proc25 197.875
proc58 206.125
proc41 212.000
proc92 234.875
proc54 235.000
proc134 238.625
proc81 247.625
proc67 249.875
proc48 250.125
proc18 263.250
proc53 263.375
proc148 264.500
proc82 268.375
proc8 269.125
proc1 301.750
proc76 316.125
proc97 329.500
proc144 337.625
proc108 347.875
proc62 371.125
proc24 375.500
proc59 381.250
proc69 383.125
proc79 405.000
proc34 413.625
proc102 420.750
proc47 426.375
proc72 437.125
proc40 437.500
proc68 438.000
proc114 439.250
proc49 450.125
proc126 453.000
proc32 455.750
proc138 465.750
proc13 471.625
proc71 477.125
proc20 487.250
proc74 490.750
proc95 510.250
proc39 516.250
proc4 522.875
proc142 523.250
proc139 526.750
proc121 533.000
proc98 539.750
proc0 543.500
proc10 544.125
proc105 547.750
proc116 562.625
proc131 569.250
proc85 587.875
proc90 588.250
proc84 594.250
proc128 596.000
proc45 601.500
proc113 619.000
proc28 623.500
proc42 628.125
proc29 629.750
proc2 633.875
proc141 636.875
proc77 654.125
proc100 654.500
proc129 655.000
proc21 657.000
proc16 659.625
proc44 662.000
proc19 665.000
proc14 669.000
proc132 672.375
proc137 672.500
proc123 673.125
proc36 676.125
proc56 676.500
proc75 680.000
proc136 683.750
proc88 687.625
proc52 689.125
proc15 689.500
proc115 693.500
proc66 696.500
proc57 697.875
proc94 698.875
proc146 702.625
proc89 706.750
proc130 709.250
proc124 711.000
proc60 711.625
proc70 711.750
proc33 712.000
proc63 712.625
proc80 715.750
proc43 718.000
proc93 721.875
proc111 725.875
proc12 729.000
proc51 731.625
proc50 731.875
proc133 735.375
proc96 739.375
proc103 741.375
proc147 745.500
proc120 749.000
proc145 751.875
proc125 755.500
proc122 757.750
proc38 759.250
proc106 762.250
proc65 764.750
proc127 765.375
proc73 767.375
proc5 768.875
proc9 771.125
proc3 771.500
proc107 771.625
proc140 772.375
proc35 774.125
proc30 776.000
proc135 778.000
proc91 779.375
proc143 781.250
proc17 782.875
proc46 783.000
proc83 786.500
proc22 789.625
proc55 792.375
proc119 796.250
proc149 797.250
proc104 801.375
proc6 804.250
proc78 805.000
proc37 808.000
proc99 808.125
proc31 809.875
323
