proc87 4.125
proc146 14.625
proc36 45.625
proc55 46.500
proc9 48.750
proc60 53.875
proc2 65.375
proc101 81.750
proc113 90.375
proc72 95.875
proc10 101.875
proc119 109.375
proc32 123.750
proc22 132.875
proc137 136.750
proc58 138.000
proc50 145.000
proc73 145.000
proc89 146.750
proc31 159.000
proc42 167.750
proc148 173.875
proc138 176.125
proc13 176.625
proc15 191.625
proc40 195.375
proc129 199.375
proc76 215.000
proc23 219.250
proc85 235.250
proc45 245.125
proc92 246.250
proc25 247.000
proc132 248.750
proc107 266.500
proc57 273.250
proc51 289.125
proc21 297.250
proc11 298.750
proc8 321.625
proc70 328.500
proc48 329.500
proc142 343.875
proc66 345.125
proc112 346.250
proc122 359.750
proc128 380.500
proc121 384.000
proc7 394.750
proc0 397.375
proc41 400.500
proc130 404.000
proc43 405.875
proc93 407.875
proc1 416.875
proc88 426.500
proc27 434.500
proc139 435.000
proc52 438.875
proc44 445.250
proc18 457.125
proc33 457.250
proc78 457.500
proc131 464.250
proc106 469.375
proc37 475.500
proc102 476.750
proc140 481.000
proc4 483.500
proc127 488.000
proc30 499.250
proc80 506.500
proc75 510.375
proc3 511.500
proc86 512.375
proc20 520.375
proc108 526.000
proc61 528.875
proc100 529.875
proc46 532.500
proc133 534.250
proc117 537.875
proc149 547.375
proc97 554.500
proc14 559.750
proc96 563.500
proc103 565.625
proc34 566.250
proc110 569.625
proc12 572.625
proc53 586.500
proc74 588.125
proc134 589.750
proc94 591.500
proc104 593.000
proc124 601.500
proc84 610.125
proc144 610.875
proc24 614.750
proc63 615.875
proc126 617.750
proc145 620.875
proc109 622.125
proc81 626.125
proc19 629.000
proc136 629.750
proc99 629.875
proc125 633.375
proc123 635.875
proc95 638.125
proc120 641.250
proc59 645.250
proc135 645.500
proc62 647.625
proc69 650.625
proc83 651.000
proc38 653.375
proc98 653.500
proc82 653.625
proc56 654.500
proc64 654.875
proc67 656.125
proc26 656.375
proc115 656.625
proc16 658.750
proc111 661.125
proc141 662.625
proc47 665.750
proc28 667.875
proc143 669.500
proc71 671.625
proc6 673.875
proc105 674.375
proc91 677.625
proc5 678.625
proc77 679.125
proc68 679.750
proc114 683.875
proc90 685.875
proc39 687.875
proc116 691.250
proc147 695.375
proc118 698.875
proc17 701.250
proc54 702.375
proc79 702.500
proc35 703.875
proc65 706.875
proc49 711.250
proc29 714.500
296
