proc72 9.875
proc85 14.625
proc104 17.875
proc40 25.125
proc4 25.375
proc134 28.875
proc44 36.625
proc19 37.125
proc123 45.750
proc63 49.500
proc110 51.875
proc128 62.125
proc50 92.250
proc121 101.875
proc27 106.875
proc65 118.750
proc136 124.250
proc93 141.500
proc43 143.125
proc105 153.500
proc30 166.875
proc81 169.375
proc124 220.625
proc38 244.500
proc3 245.250
proc62 247.000
proc48 251.625
proc147 257.875
proc64 278.875
proc25 280.375
proc7 288.750
proc56 293.500
proc33 310.750
proc82 339.875
proc107 357.625
proc92 365.000
proc41 384.875
proc59 385.000
proc109 400.500
proc106 406.375
proc1 432.000
proc103 436.625
proc114 454.250
proc117 465.250
proc112 486.875
proc32 487.500
proc90 500.250
proc127 503.125
proc73 507.875
proc87 514.875
proc118 517.375
proc146 519.875
proc99 521.375
proc20 529.250
proc96 532.500
proc70 535.125
proc142 538.125
proc89 542.125
proc126 560.875
proc139 562.000
proc137 563.250
proc79 564.250
proc42 567.000
proc119 569.500
proc149 572.375
proc132 588.375
proc17 591.125
proc69 593.625
proc26 594.750
proc135 596.250
proc113 604.000
proc102 606.000
proc122 612.500
proc53 618.375
proc68 621.125
proc91 622.625
proc34 632.875
proc12 636.250
proc58 640.625
proc37 647.625
proc28 650.375
proc140 663.375
proc130 669.875
proc6 672.625
proc60 674.125
proc66 675.250
proc57 679.375
proc148 683.500
proc67 685.125
proc108 689.125
proc5 691.250
proc61 691.500
proc75 693.750
proc95 697.000
proc111 697.500
proc45 701.000
proc0 701.250
proc54 703.250
proc13 705.125
proc143 707.000
proc16 711.000
proc88 712.875
proc141 716.375
proc133 717.500
proc8 717.750
proc24 719.000
proc120 722.375
proc31 722.500
proc46 725.000
proc9 725.750
proc71 726.250
proc74 730.375
proc21 732.750
proc11 735.250
proc78 736.125
proc86 738.000
proc125 739.125
proc10 740.875
proc115 740.875
proc2 743.000
proc18 744.750
proc129 745.375
proc15 749.000
proc131 749.125
proc94 751.500
proc77 754.500
proc101 755.000
proc100 757.500
proc29 759.000
proc97 760.500
proc52 760.750
proc49 763.750
proc116 763.875
proc22 765.000
proc98 768.250
proc39 771.875
proc76 774.125
proc83 774.500
proc145 775.500
proc47 776.500
proc84 780.250
proc138 783.125
proc51 787.125
proc144 790.875
proc35 794.875
proc55 797.875
proc23 800.250
proc14 803.500
proc36 804.500
proc80 807.500
316
