proc77 5.125
proc65 15.250
proc61 15.750
proc138 23.625
proc42 23.750
proc60 45.000
proc72 51.500
proc141 55.375
proc128 57.250
proc68 57.500
proc94 61.500
proc55 61.875
proc97 75.500
proc124 89.000
proc44 89.250
proc10 102.750
proc36 112.750
proc71 128.375
proc120 138.000
proc102 140.250
proc29 148.000
proc24 164.500
proc108 184.500
proc67 188.375
proc31 189.000
proc109 196.000
proc81 201.750
proc15 203.500
proc7 217.875
proc131 224.625
proc85 233.750
proc56 256.375
proc50 256.875
proc22 257.625
proc26 258.625
proc41 273.500
proc84 295.500
proc79 311.750
proc116 312.250
proc100 317.000
proc115 317.500
proc43 322.375
proc23 337.625
proc14 352.000
proc88 352.750
proc9 359.000
proc11 382.875
proc136 386.125
proc28 388.750
proc13 392.250
proc146 396.625
proc30 402.125
proc118 410.375
proc99 412.375
proc46 414.375
proc2 426.875
proc107 428.875
proc6 430.750
proc93 431.375
proc142 442.875
proc144 463.625
proc117 470.250
proc105 476.250
proc78 481.125
proc80 490.625
proc95 495.875
proc83 496.625
proc149 497.000
proc59 504.625
proc49 517.500
proc90 527.875
proc35 530.375
proc134 538.375
proc27 546.625
proc126 558.250
proc16 570.000
proc135 578.875
proc145 580.000
proc103 589.125
proc25 590.250
proc66 593.000
proc54 593.375
proc0 604.000
proc64 615.750
proc130 630.000
proc38 632.750
proc123 634.000
proc51 635.625
proc92 637.625
proc125 639.500
proc18 642.250
proc82 642.750
proc75 646.875
proc104 648.250
proc86 649.125
proc5 652.000
proc33 652.125
proc70 656.000
proc110 659.750
proc133 662.500
proc114 663.375
proc17 666.625
proc121 669.000
proc127 672.875
proc139 673.875
proc140 675.125
proc20 675.125
proc87 676.125
proc137 676.875
proc37 679.000
proc39 681.875
proc1 683.250
proc132 686.000
proc76 688.875
proc89 692.250
proc12 693.375
proc21 693.750
proc98 697.750
proc19 700.250
proc129 703.125
proc96 703.875
proc69 704.125
proc52 707.375
proc3 710.375
proc122 712.250
proc45 713.375
proc148 717.125
proc73 720.750
proc57 723.875
proc58 726.375
proc40 730.125
proc74 733.375
proc101 737.375
proc47 740.875
proc111 742.375
proc4 742.500
proc119 744.500
proc91 745.875
proc32 747.125
proc34 747.500
proc63 748.500
proc147 750.750
proc48 754.375
proc113 754.375
proc112 755.750
proc8 756.500
proc53 757.375
proc143 759.750
proc62 760.500
proc106 764.000
303
