proc107 2.750
proc5 12.375
proc53 18.875
proc119 25.500
proc86 35.875
proc131 53.250
proc54 59.625
proc13 76.375
proc33 98.000
proc124 107.375
proc113 123.500
proc68 132.875
proc27 139.000
proc38 142.250
proc14 149.750
proc102 157.875
proc2 158.250
proc84 160.500
proc130 171.500
proc127 174.875
proc21 179.125
proc95 184.625
proc49 186.250
proc37 187.125
proc20 190.250
proc4 190.875
proc76 194.625
proc8 196.875
proc87 198.000
proc104 239.250
proc59 245.625
proc109 247.375
proc42 248.500
proc106 268.000
proc141 268.000
proc112 269.000
proc64 278.125
proc120 309.750
proc108 317.250
proc36 336.250
proc89 338.750
proc121 339.250
proc111 363.375
proc52 369.000
proc11 370.875
proc6 377.375
proc105 385.250
proc65 391.250
proc99 396.125
proc19 405.750
proc57 408.250
proc16 414.500
proc12 421.000
proc7 421.625
proc77 423.500
proc17 440.375
proc146 451.625
proc40 465.750
proc32 480.125
proc126 488.750
proc69 490.125
proc50 495.750
proc135 506.250
proc94 507.250
proc60 509.375
proc114 522.500
proc72 523.000
proc134 528.375
proc148 531.500
proc115 532.500
proc93 544.750
proc78 563.875
proc3 565.000
proc22 568.000
proc147 574.875
proc96 588.375
proc28 588.875
proc129 596.875
proc15 597.375
proc144 598.000
proc128 601.375
proc29 606.250
proc73 610.125
proc123 612.125
proc81 618.750
proc88 631.000
proc61 633.250
proc25 633.750
proc63 636.500
proc133 638.500
proc118 639.250
proc90 642.750
proc34 644.500
proc56 644.500
proc70 647.375
proc110 650.750
proc101 653.125
proc79 655.375
proc67 657.125
proc98 657.625
proc58 661.000
proc91 663.875
proc145 666.250
proc1 667.000
proc92 668.750
proc51 671.250
proc41 673.875
proc0 677.000
proc66 677.875
proc74 681.250
proc31 683.250
proc55 686.875
proc18 687.875
proc48 689.625
proc71 692.750
proc26 694.375
proc62 696.000
proc140 698.000
proc39 700.875
proc143 702.875
proc23 704.750
proc83 706.750
proc46 707.125
proc132 709.875
proc30 710.375
proc100 710.500
proc9 711.500
proc139 712.250
proc117 715.500
proc142 716.625
proc24 718.750
proc149 722.625
proc136 724.875
proc75 728.625
proc97 729.125
proc35 731.125
proc43 734.000
proc80 737.125
proc122 737.625
proc103 739.500
proc85 742.250
proc10 746.125
proc137 749.625
proc82 752.500
proc125 752.875
proc116 756.250
proc138 758.625
proc45 760.625
proc44 764.625
proc47 766.375
306
