proc60 34.875
proc58 35.625
proc126 41.250
proc33 46.625
proc45 50.125
proc101 72.750
proc29 86.875
proc112 87.625
proc81 89.375
proc129 91.000
proc54 94.375
proc38 98.750
proc122 114.875
proc87 121.125
proc120 127.875
proc72 140.250
proc82 141.750
proc46 152.125
proc64 156.875
proc5 162.500
proc75 167.875
proc1 170.125
proc133 187.750
proc27 193.250
proc42 198.875
proc100 200.125
proc83 219.875
proc111 227.250
proc89 237.750
proc135 264.000
proc114 317.000
proc20 343.125
proc104 362.625
proc115 371.250
proc139 371.500
proc98 371.750
proc118 380.875
proc8 381.500
proc13 391.250
proc137 396.375
proc43 405.000
proc15 413.500
proc147 420.500
proc84 421.750
proc85 429.500
proc47 432.625
proc6 436.000
proc55 436.750
proc36 439.125
proc23 440.500
proc14 448.375
proc146 449.000
proc65 449.750
proc113 455.875
proc51 463.125
proc31 464.375
proc19 470.125
proc138 475.250
proc78 475.750
proc136 476.625
proc109 482.000
proc22 492.000
proc34 496.750
proc97 506.500
proc144 508.125
proc10 525.125
proc106 526.750
proc57 541.375
proc21 543.625
proc56 547.625
proc26 551.500
proc96 562.500
proc123 562.625
proc0 562.750
proc99 571.000
proc134 571.750
proc88 582.000
proc40 591.625
proc92 592.875
proc3 597.000
proc121 598.125
proc91 602.375
proc12 611.000
proc63 613.375
proc61 614.375
proc59 617.250
proc67 631.500
proc7 646.500
proc107 648.500
proc70 651.250
proc35 654.375
proc37 655.375
proc140 658.750
proc124 662.750
proc4 664.125
proc77 664.500
proc116 665.375
proc74 669.250
proc127 672.750
proc119 673.000
proc73 676.000
proc103 676.125
proc62 679.375
proc141 680.500
proc71 682.500
proc28 683.125
proc44 687.250
proc18 688.250
proc76 689.250
proc145 692.750
proc25 694.375
proc11 694.500
proc69 695.250
proc24 696.000
proc66 699.625
proc110 701.125
proc108 703.625
proc50 703.875
proc49 706.750
proc48 710.125
proc86 713.375
proc95 717.250
proc143 718.875
proc32 721.125
proc52 721.250
proc53 721.875
proc149 723.000
proc16 724.125
proc80 726.000
proc94 728.625
proc90 730.625
proc68 732.125
proc30 734.625
proc41 735.750
proc79 737.250
proc131 739.375
proc93 740.875
proc125 744.125
proc130 747.750
proc102 750.125
proc17 751.625
proc117 752.750
proc9 755.250
proc142 755.250
proc132 755.500
proc39 756.000
proc148 758.000
proc2 761.375
proc105 763.375
proc128 766.375
309
