proc61 8.125
proc80 9.250
proc15 10.375
proc131 26.500
proc93 37.000
proc148 61.625
proc33 92.500
proc13 124.625
proc64 125.875
proc23 126.875
proc1 129.375
proc83 130.875
proc101 142.625
proc28 143.875
proc46 164.875
proc92 187.250
proc36 198.125
proc21 201.125
proc108 206.875
proc38 215.375
proc104 216.500
proc50 229.875
proc133 235.750
proc138 236.750
proc47 241.625
proc127 255.000
proc18 256.750
proc130 264.375
proc74 269.125
proc24 270.500
proc73 278.375
proc77 296.125
proc94 299.250
proc30 300.250
proc22 318.500
proc136 326.125
proc121 329.500
proc102 337.250
proc129 339.250
proc114 347.625
proc32 348.500
proc12 376.750
proc37 383.125
proc5 395.250
proc44 397.625
proc57 398.500
proc103 401.000
proc9 405.000
proc87 406.375
proc115 409.375
proc31 411.125
proc81 411.750
proc72 416.250
proc19 416.500
proc84 422.125
proc105 426.125
proc82 437.000
proc11 449.375
proc146 450.375
proc124 471.125
proc142 483.000
proc35 494.000
proc85 498.875
proc126 501.500
proc48 506.000
proc128 514.625
proc54 516.875
proc34 525.875
proc100 530.875
proc10 532.125
proc29 541.750
proc140 543.375
proc117 554.625
proc41 565.625
proc109 566.875
proc119 569.000
proc149 569.500
proc42 569.875
proc49 570.625
proc62 588.500
proc63 600.000
proc6 601.750
proc40 606.000
proc25 615.250
proc3 616.750
proc79 628.625
proc53 633.500
proc120 643.500
proc59 649.000
proc0 649.875
proc135 652.250
proc144 652.375
proc17 652.625
proc99 655.875
proc51 659.125
proc125 659.500
proc95 659.750
proc97 663.250
proc14 667.125
proc56 671.375
proc89 673.000
proc139 676.625
proc86 678.625
proc98 679.250
proc137 680.625
proc76 680.750
proc71 681.625
proc143 685.625
proc16 688.375
proc118 690.375
proc145 690.750
proc78 692.625
proc141 693.750
proc96 696.625
proc45 699.750
proc70 700.125
proc65 700.875
proc52 701.375
proc68 704.000
proc106 705.750
proc91 708.750
proc122 712.625
proc90 714.875
proc55 718.000
proc134 718.375
proc8 718.375
proc67 721.375
proc107 725.375
proc26 725.750
proc123 727.500
proc88 730.000
proc147 730.625
proc112 732.750
proc113 734.625
proc7 736.375
proc69 739.000
proc2 740.500
proc60 743.750
proc20 746.750
proc111 750.750
proc43 754.750
proc110 758.500
proc132 758.500
proc39 760.375
proc116 762.875
proc58 765.250
proc75 765.875
proc27 767.500
proc66 770.500
proc4 772.000
310
