proc145 4.250
proc102 20.125
proc136 32.625
proc116 33.375
proc148 79.625
proc68 85.125
proc65 103.875
proc143 134.125
proc42 136.250
proc54 138.625
proc52 150.375
proc128 151.375
proc140 155.250
proc146 164.875
proc111 167.625
proc47 181.000
proc60 185.125
proc134 208.875
proc16 214.000
proc48 216.625
proc77 222.250
proc56 244.500
proc57 249.875
proc81 251.500
proc5 251.625
proc29 252.375
proc95 261.875
proc125 277.750
proc131 305.625
proc147 308.125
proc39 310.000
proc130 313.375
proc85 332.250
proc104 339.500
proc119 344.250
proc101 359.250
proc0 361.375
proc96 370.000
proc86 373.000
proc14 377.750
proc115 380.250
proc71 384.750
proc76 396.500
proc66 398.375
proc58 407.000
proc99 409.125
proc122 409.750
proc88 418.125
proc123 430.000
proc2 432.500
proc126 435.125
proc108 436.750
proc28 446.875
proc1 451.500
proc133 453.875
proc9 456.000
proc107 460.375
proc144 460.375
proc83 463.875
proc51 464.375
proc44 467.125
proc127 473.125
proc139 478.875
proc112 485.000
proc24 485.625
proc61 490.250
proc46 494.500
proc59 499.125
proc40 501.500
proc73 501.875
proc87 504.375
proc62 506.000
proc27 514.000
proc7 516.000
proc109 527.375
proc22 530.125
proc50 530.750
proc33 531.625
proc94 536.625
proc110 545.750
proc84 547.250
proc75 558.375
proc69 560.875
proc149 561.875
proc10 562.625
proc117 566.125
proc80 566.375
proc124 567.250
proc23 577.625
proc37 580.375
proc132 581.250
proc100 582.375
proc114 586.250
proc92 591.375
proc25 594.125
proc138 595.750
proc137 602.875
proc118 605.250
proc90 606.125
proc8 612.000
proc21 625.500
proc3 627.000
proc121 636.500
proc142 638.125
proc74 640.250
proc32 640.375
proc129 644.375
proc79 645.000
proc12 646.750
proc113 646.875
proc15 647.125
proc120 649.625
proc30 653.625
proc103 653.750
proc53 654.625
proc31 658.375
proc55 659.000
proc26 661.625
proc35 661.875
proc4 664.125
proc43 664.500
proc64 665.625
proc36 669.625
proc6 670.000
proc93 672.000
proc72 673.000
proc141 676.750
proc45 680.375
proc17 682.375
proc82 684.875
proc63 686.625
proc70 688.250
proc135 690.875
proc67 694.625
proc11 694.875
proc89 695.500
proc105 697.000
proc19 700.750
proc91 703.375
proc97 704.125
proc20 705.500
proc13 707.125
proc18 708.375
proc49 711.375
proc38 713.375
proc106 713.750
proc34 715.875
proc78 719.375
proc41 722.625
proc98 724.375
299
