proc137 3.125
proc13 48.500
proc19 52.250
proc48 60.125
proc45 72.750
proc0 100.250
proc126 138.875
proc100 142.500
proc28 152.625
proc75 155.000
proc139 163.375
proc46 169.875
proc120 171.000
proc136 206.875
proc123 211.250
proc80 213.000
proc33 235.375
proc103 238.000
proc115 254.250
proc107 256.625
proc9 260.875
proc119 268.500
proc105 291.625
proc87 306.750
proc59 306.750
proc125 326.625
proc128 331.750
proc24 333.625
proc127 344.125
proc102 367.750
proc64 368.000
proc70 369.875
proc62 372.375
proc73 386.125
proc60 387.875
proc57 392.500
proc74 396.750
proc99 399.500
proc8 438.375
proc101 443.250
proc112 445.500
proc50 454.500
proc52 457.125
proc16 459.750
proc79 460.750
proc27 462.500
proc20 473.125
proc94 478.625
proc132 484.000
proc4 487.750
proc40 509.375
proc86 513.000
proc91 521.625
proc98 523.500
proc29 526.375
proc5 529.500
proc141 541.250
proc2 547.750
proc14 554.250
proc109 557.000
proc3 564.750
proc76 568.625
proc17 573.000
proc81 575.000
proc104 576.250
proc53 586.750
proc140 592.125
proc114 594.375
proc116 617.000
proc121 619.000
proc108 621.875
proc12 623.500
proc92 625.375
proc69 626.125
proc58 638.000
proc55 640.125
proc88 644.625
proc39 648.750
proc42 664.000
proc135 670.250
proc110 675.625
proc22 676.750
proc56 677.250
proc65 680.625
proc131 680.750
proc85 682.500
proc118 683.500
proc1 686.875
proc26 689.250
proc133 691.125
proc117 694.125
proc36 695.750
proc149 696.750
proc34 699.875
proc23 701.250
proc147 704.250
proc21 704.500
proc11 708.000
proc66 711.625
proc78 711.875
proc35 712.500
proc71 715.250
proc111 715.875
proc54 720.125
proc72 721.875
proc129 723.375
proc31 727.750
proc106 728.375
proc41 729.750
proc15 731.750
proc10 734.250
proc83 735.875
proc38 739.625
proc130 742.000
proc96 745.875
proc97 746.375
proc113 749.375
proc49 753.000
proc63 755.250
proc37 758.750
proc148 759.000
proc47 759.875
proc61 763.750
proc44 766.125
proc67 769.250
proc32 773.250
proc68 774.375
proc84 775.875
proc89 776.500
proc51 777.250
proc138 779.625
proc145 779.875
proc134 780.000
proc143 783.375
proc18 783.500
proc6 785.875
proc25 786.375
proc95 786.375
proc124 788.750
proc142 791.500
proc144 792.125
proc77 796.000
proc43 796.875
proc90 800.125
proc122 800.625
proc93 803.625
proc7 804.750
proc146 807.625
proc82 810.000
proc30 812.750
325
