proc117 13.250
proc95 26.875
proc40 44.625
proc78 48.750
proc8 53.250
proc12 58.625
proc92 58.750
proc102 59.125
proc116 68.500
proc26 71.125
proc143 81.625
proc25 86.375
proc110 105.875
proc133 131.625
proc80 150.375
proc11 152.875
proc50 156.250
proc48 165.375
proc98 187.500
proc137 232.375
proc30 243.500
proc52 247.625
proc45 271.750
proc58 299.750
proc24 302.375
proc83 302.500
proc31 309.875
proc126 312.000
proc104 315.375
proc142 319.500
proc37 324.375
proc88 333.250
proc43 339.250
proc127 342.625
proc2 354.750
proc81 364.250
proc10 371.750
proc18 375.625
proc107 388.875
proc21 393.125
proc23 396.125
proc71 398.125
proc28 400.375
proc51 405.250
proc66 409.750
proc60 410.750
proc4 429.875
proc132 439.875
proc54 441.500
proc140 444.375
proc109 452.375
proc19 459.625
proc105 463.875
proc63 467.125
proc85 471.625
proc128 472.125
proc129 477.125
proc82 479.750
proc146 490.125
proc86 493.000
proc124 495.125
proc134 496.750
proc121 509.000
proc96 513.375
proc20 514.250
proc6 515.750
proc64 518.375
proc97 518.625
proc56 529.125
proc59 535.375
proc34 536.125
proc93 547.875
proc47 550.875
proc108 553.125
proc0 560.875
proc38 567.000
proc123 581.125
proc36 590.750
proc136 591.375
proc130 596.000
proc74 600.375
proc111 601.375
proc27 603.750
proc69 605.625
proc61 607.500
proc15 613.500
proc67 617.375
proc144 618.625
proc120 626.750
proc103 629.500
proc138 634.125
proc114 635.125
proc32 642.125
proc147 643.875
proc118 643.875
proc149 647.125
proc76 649.250
proc9 650.000
proc119 652.250
proc84 655.875
proc115 656.750
proc139 658.750
proc7 661.750
proc49 664.875
proc62 668.000
proc65 671.875
proc135 673.125
proc41 674.250
proc77 675.250
proc72 676.625
proc68 680.500
proc125 681.250
proc131 683.875
proc70 684.250
proc106 686.750
proc101 687.250
proc29 689.000
proc5 692.750
proc55 696.375
proc33 698.250
proc53 701.250
proc17 704.500
proc46 707.375
proc22 709.625
proc35 712.625
proc75 713.250
proc79 715.875
proc113 717.375
proc122 721.625
proc44 722.000
proc100 723.000
proc73 726.875
proc14 730.000
proc42 731.000
proc89 732.250
proc94 733.875
proc3 737.625
proc112 739.625
proc39 740.875
proc13 741.875
proc141 744.625
proc145 745.500
proc87 748.000
proc1 750.625
proc148 752.250
proc57 756.125
proc91 757.125
proc99 758.750
proc90 760.750
proc16 762.250
308
