proc55 2.771
proc148 6.113
proc136 14.904
proc89 21.465
proc71 30.186
proc112 31.127
proc96 31.287
proc54 37.768
proc11 45.238
proc2 54.039
proc113 59.609
proc122 61.221
proc87 69.551
proc90 74.072
proc79 78.424
proc81 85.734
proc59 88.955
proc68 95.516
proc77 103.816
proc5 109.316
proc63 109.688
proc48 111.178
proc76 120.258
proc33 120.979
proc14 121.389
proc95 127.889
proc84 133.590
proc24 141.512
proc8 150.523
proc119 158.975
proc18 164.025
proc62 170.756
proc25 178.178
proc85 183.328
proc116 190.969
proc21 200.949
proc83 207.740
proc44 212.811
proc64 213.621
proc70 219.451
proc109 228.611
proc92 237.893
proc19 241.084
proc27 249.965
proc61 259.115
proc39 262.037
proc51 268.848
proc137 276.678
proc50 286.318
proc140 290.750
proc138 295.740
proc114 298.592
proc57 304.883
proc120 307.033
proc34 309.934
proc29 313.934
proc98 322.225
proc121 323.525
proc28 324.697
proc82 326.629
proc130 335.141
proc53 338.951
proc86 345.912
proc124 351.393
proc110 358.744
proc38 368.395
proc133 369.096
proc72 370.107
proc103 378.949
proc69 386.750
proc35 391.980
proc101 398.912
proc73 401.482
proc66 407.473
proc135 408.244
proc56 415.465
proc7 421.275
proc30 423.426
proc145 430.496
proc40 438.566
proc32 439.967
proc17 442.818
proc49 447.199
proc45 457.080
proc46 465.271
proc105 474.232
proc117 481.494
proc129 486.814
proc6 496.045
proc4 503.326
proc132 506.188
proc16 513.959
proc149 516.170
proc10 525.631
proc125 530.691
proc143 534.504
proc31 539.316
proc3 539.449
proc22 546.422
proc12 554.344
proc147 554.586
proc142 563.969
proc128 567.031
proc41 571.594
proc78 581.156
proc88 586.727
proc104 593.559
proc0 602.762
proc146 610.004
proc58 617.906
proc91 623.617
proc52 629.500
proc97 630.543
proc123 632.906
proc43 634.770
proc80 641.832
proc26 645.414
proc94 649.496
proc1 658.918
proc60 665.168
proc126 672.762
proc144 674.855
proc9 677.027
proc20 686.570
proc100 695.992
proc134 700.383
proc36 703.594
proc108 704.125
proc99 712.605
proc102 722.336
proc131 724.387
proc139 725.188
proc65 726.129
proc13 730.602
proc74 735.863
proc127 739.113
proc42 748.965
proc47 756.746
proc93 758.688
proc111 760.871
proc106 770.234
proc67 779.395
proc23 785.266
proc75 789.406
proc141 792.637
proc15 794.539
proc115 803.031
proc37 809.113
proc107 816.234
proc118 821.906
0
