proc86 1.861
proc1 8.941
proc9 17.492
proc132 18.973
proc63 21.744
proc66 31.205
proc103 31.766
proc51 40.836
proc120 44.896
proc43 45.408
proc15 54.439
proc102 58.621
proc69 59.043
proc2 61.074
proc127 61.605
proc44 68.227
proc147 74.297
proc76 78.857
proc122 79.059
proc77 82.660
proc142 87.041
proc68 95.092
proc121 99.023
proc119 103.904
proc10 110.436
proc16 112.656
proc64 121.848
proc56 123.848
proc129 131.770
proc114 135.400
proc138 137.281
proc144 137.562
proc131 137.754
proc89 145.346
proc61 151.287
proc134 157.367
proc83 165.328
proc25 170.920
proc39 171.670
proc59 173.842
proc57 181.604
proc80 187.455
proc19 191.086
proc38 193.758
proc85 194.209
proc139 198.051
proc113 203.572
proc71 205.664
proc84 213.055
proc7 215.826
proc52 222.047
proc105 228.828
proc75 232.840
proc50 237.611
proc6 245.422
proc3 250.213
proc98 250.645
proc23 257.566
proc22 258.258
proc136 263.389
proc133 269.980
proc97 274.912
proc53 281.834
proc73 284.105
proc125 285.605
proc145 290.496
proc41 295.008
proc82 299.059
proc135 309.059
proc49 318.209
proc79 324.471
proc36 331.441
proc30 340.412
proc123 343.473
proc126 344.094
proc26 351.545
proc72 353.295
proc143 361.275
proc18 364.525
proc20 369.926
proc107 378.486
proc88 381.146
proc101 389.777
proc92 389.969
proc81 398.719
proc40 404.580
proc118 410.791
proc128 416.941
proc108 418.713
proc148 426.854
proc47 430.955
proc21 435.137
proc27 440.748
proc35 442.420
proc58 449.920
proc34 459.271
proc13 460.252
proc112 465.193
proc37 468.234
proc149 469.145
proc93 471.645
proc54 479.736
proc91 485.457
proc115 492.107
proc45 494.818
proc12 502.609
proc95 510.730
proc87 513.932
proc33 515.643
proc42 519.104
proc146 527.584
proc46 535.385
proc137 541.625
proc24 546.477
proc99 549.188
proc130 557.738
proc14 558.639
proc0 566.340
proc141 570.281
proc96 578.422
proc8 583.344
proc29 586.895
proc104 586.945
proc5 595.236
proc17 600.418
proc55 605.010
proc140 606.740
proc106 611.512
proc31 616.434
proc109 626.055
proc100 628.227
proc11 634.977
proc32 643.467
proc67 645.418
proc116 650.449
proc110 658.840
proc60 664.170
proc74 668.311
proc78 673.541
proc90 673.701
proc94 679.123
proc124 684.145
proc70 693.955
proc28 694.926
proc62 703.848
proc48 710.658
proc65 718.180
proc111 722.090
proc117 722.570
proc4 722.820
0
