proc97 4.512
proc13 7.533
proc127 8.523
proc25 13.535
proc43 22.346
proc89 31.018
proc96 40.209
proc115 46.131
proc39 54.672
proc64 56.684
proc18 60.484
proc109 63.314
proc23 72.195
proc52 76.406
proc49 76.758
proc12 83.949
proc131 91.070
proc105 98.592
proc69 99.473
proc147 103.043
proc80 106.914
proc11 107.154
proc14 112.246
proc70 116.047
proc20 121.957
proc141 128.088
proc116 132.039
proc68 136.990
proc67 144.461
proc4 146.352
proc22 155.133
proc76 161.674
proc101 164.135
proc32 168.025
proc132 168.127
proc45 171.287
proc7 175.299
proc119 184.090
proc117 185.580
proc134 189.172
proc86 192.293
proc130 200.453
proc60 209.244
proc122 216.965
proc113 225.016
proc82 229.467
proc133 233.457
proc138 240.758
proc72 245.758
proc57 250.559
proc42 252.020
proc110 252.340
proc46 259.762
proc79 261.893
proc73 265.893
proc123 266.654
proc75 267.676
proc84 274.666
proc85 275.707
proc48 285.518
proc29 286.189
proc6 293.980
proc31 295.791
proc145 305.662
proc36 314.723
proc15 316.883
proc92 319.004
proc24 319.625
proc142 327.955
proc129 328.717
proc1 333.857
proc61 341.518
proc40 346.559
proc8 351.049
proc136 358.891
proc143 360.502
proc87 370.023
proc94 372.404
proc88 377.475
proc41 386.746
proc125 393.518
proc56 399.818
proc66 403.850
proc34 412.990
proc78 413.461
proc114 417.771
proc10 423.123
proc148 430.004
proc3 435.145
proc135 444.176
proc59 444.207
proc44 448.549
proc91 457.520
proc37 463.600
proc83 471.871
proc139 473.852
proc62 482.283
proc104 482.424
proc90 482.805
proc38 487.215
proc77 495.766
proc65 504.336
proc30 506.787
proc9 513.357
proc55 516.059
proc144 520.080
proc53 524.551
proc108 530.631
proc111 533.053
proc99 533.264
proc2 539.195
proc54 539.627
proc27 540.348
proc5 544.189
proc17 552.791
proc71 561.541
proc33 566.162
proc95 572.662
proc120 574.934
proc118 583.014
proc58 591.945
proc100 598.426
proc107 606.367
proc102 613.258
proc140 618.078
proc103 622.869
proc93 631.119
proc106 639.061
proc98 648.891
proc149 651.951
proc28 653.303
proc47 656.744
proc137 664.695
proc16 671.006
proc81 672.057
proc146 677.127
proc74 681.688
proc50 687.049
proc0 692.170
proc112 692.352
proc126 700.953
proc35 710.305
proc51 711.076
proc121 720.008
proc63 725.020
proc19 725.350
proc128 733.791
proc21 741.432
proc124 747.752
proc26 751.332
0
