proc10 4.762
proc50 13.934
proc75 14.785
proc106 23.477
proc24 32.648
proc77 37.059
proc61 39.391
proc135 39.902
proc44 46.324
proc89 49.055
proc142 52.695
proc88 60.887
proc99 69.207
proc22 74.559
proc95 84.512
proc85 88.844
proc27 88.914
proc84 93.016
proc90 102.297
proc93 110.168
proc114 112.180
proc48 113.371
proc91 114.562
proc68 117.863
proc72 125.414
proc21 134.086
proc25 141.559
proc71 142.219
proc46 150.312
proc6 154.574
proc81 156.625
proc100 166.078
proc149 168.051
proc139 176.113
proc146 178.496
proc45 180.238
proc86 182.199
proc92 182.973
proc23 186.176
proc108 193.617
proc18 194.359
proc119 200.582
proc0 202.234
proc134 207.117
proc101 208.141
proc137 210.602
proc11 211.645
proc117 216.316
proc103 221.289
proc113 224.973
proc144 229.395
proc38 235.316
proc73 239.789
proc112 239.832
proc138 240.223
proc131 247.035
proc87 249.547
proc97 256.320
proc9 256.570
proc123 262.562
proc94 271.543
proc34 275.406
proc116 284.777
proc98 292.359
proc41 297.520
proc79 302.180
proc17 303.582
proc141 311.402
proc120 314.793
proc111 318.266
proc20 323.508
proc57 325.699
proc30 333.691
proc107 336.613
proc124 343.926
proc35 349.547
proc5 355.648
proc145 360.719
proc70 360.750
proc125 365.980
proc127 369.281
proc78 375.363
proc130 376.066
proc132 381.289
proc55 384.961
proc67 390.043
proc14 394.746
proc121 403.098
proc126 412.801
proc36 417.703
proc2 420.445
proc31 430.168
proc74 433.602
proc80 433.875
proc102 437.547
proc53 437.949
proc47 445.391
proc12 452.801
proc140 456.582
proc62 466.414
proc63 472.914
proc83 480.527
proc105 480.871
proc110 481.121
proc59 484.262
proc136 491.062
proc65 492.855
proc52 495.176
proc29 498.129
proc66 508.020
proc76 516.500
proc133 526.082
proc129 531.934
proc1 534.445
proc13 541.059
proc115 550.191
proc128 553.023
proc16 555.004
proc43 557.016
proc4 560.977
proc56 566.500
proc33 570.031
proc58 573.781
proc15 573.914
proc104 583.305
proc96 585.898
proc122 588.199
proc69 588.680
proc42 592.473
proc32 593.125
proc109 601.457
proc39 604.879
proc64 610.742
proc51 614.445
proc40 623.168
proc3 628.691
proc143 629.973
proc147 635.676
proc26 641.199
proc148 650.922
proc8 659.574
proc37 665.535
proc54 666.656
proc49 666.750
proc7 673.863
proc118 681.414
proc60 684.758
proc82 688.488
proc28 691.449
proc19 696.500
0
