proc38 5.914
proc145 13.785
proc65 17.238
proc55 26.859
proc48 30.441
proc74 37.113
proc77 42.664
proc21 49.605
proc102 54.477
proc87 60.270
proc62 66.750
proc130 71.961
proc90 73.863
proc16 77.785
proc117 80.836
proc128 87.609
proc1 94.410
proc22 103.980
proc9 109.973
proc122 117.484
proc149 118.457
proc132 127.750
proc51 127.801
proc147 128.742
proc61 138.535
proc50 138.688
proc14 139.070
proc35 145.730
proc78 148.664
proc63 153.527
proc101 154.250
proc110 160.703
proc0 166.453
proc80 167.305
proc13 170.668
proc23 172.020
proc131 180.301
proc138 188.262
proc127 192.453
proc11 200.926
proc45 208.168
proc97 213.668
proc118 221.602
proc119 227.645
proc12 236.035
proc57 236.227
proc31 241.699
proc88 248.941
proc73 252.715
proc125 261.527
proc134 270.008
proc64 273.211
proc114 274.672
proc112 283.242
proc79 290.312
proc99 293.523
proc121 298.074
proc115 303.516
proc27 313.488
proc72 315.750
proc59 322.820
proc86 328.273
proc71 329.754
proc47 333.305
proc6 334.086
proc24 336.848
proc126 340.219
proc142 348.109
proc70 348.230
proc93 353.551
proc123 356.344
proc105 359.707
proc137 366.848
proc69 370.469
proc92 376.770
proc67 381.703
proc96 386.516
proc116 390.668
proc66 392.918
proc25 394.230
proc108 400.754
proc89 401.004
proc3 401.555
proc75 408.336
proc34 410.270
proc58 410.723
proc113 416.895
proc104 422.867
proc124 428.570
proc143 435.383
proc82 443.273
proc120 450.887
proc129 460.258
proc10 467.898
proc98 476.148
proc8 484.441
proc60 492.914
proc49 495.805
proc20 500.496
proc52 510.020
proc91 510.672
proc32 516.984
proc100 520.984
proc111 528.945
proc46 534.129
proc4 543.539
proc28 553.250
proc30 558.363
proc84 559.363
proc40 561.207
proc94 563.777
proc7 572.801
proc68 572.953
proc95 574.203
proc103 582.906
proc17 584.117
proc148 587.090
proc36 592.402
proc139 596.375
proc109 605.957
proc135 607.270
proc54 614.512
proc37 623.172
proc53 631.305
proc15 631.586
proc43 632.238
proc26 634.352
proc85 640.402
proc106 648.043
proc19 656.695
proc81 661.148
proc56 667.719
proc107 667.902
proc133 671.035
proc146 677.957
proc83 678.660
proc136 683.641
proc29 692.082
proc44 697.902
proc33 706.184
proc39 710.965
proc76 712.316
proc42 713.660
proc141 720.391
proc18 728.031
proc144 737.684
proc41 742.215
proc5 745.047
proc2 745.688
proc140 750.430
0
