proc130 9.875
proc142 17.668
proc41 24.109
proc102 28.320
proc89 31.203
proc97 39.395
proc115 43.438
proc75 45.008
proc34 46.738
proc23 48.309
proc116 55.512
proc117 57.055
proc38 62.188
proc5 66.461
proc21 69.484
proc45 73.426
proc46 76.469
proc110 81.672
proc28 89.195
proc136 90.879
proc64 96.020
proc79 98.652
proc120 101.965
proc76 109.637
proc148 113.859
proc105 118.441
proc54 123.352
proc63 126.703
proc135 134.773
proc114 137.125
proc111 137.836
proc8 141.668
proc15 145.930
proc119 148.301
proc82 156.363
proc32 159.086
proc78 164.188
proc2 168.969
proc83 171.672
proc103 174.492
proc106 178.695
proc125 183.668
proc13 193.051
proc3 193.461
proc22 201.703
proc80 208.465
proc126 214.105
proc145 214.656
proc61 224.578
proc146 226.172
proc121 231.492
proc10 235.305
proc100 238.637
proc133 246.000
proc4 249.434
proc70 259.266
proc31 268.637
proc44 274.898
proc16 279.059
proc107 283.570
proc108 285.363
proc19 295.215
proc18 297.746
proc73 301.527
proc37 305.621
proc122 308.473
proc72 310.383
proc26 318.246
proc91 322.688
proc17 323.211
proc74 328.133
proc94 334.484
proc141 337.055
proc12 343.098
proc132 350.801
proc138 357.871
proc56 364.543
proc101 372.895
proc140 378.156
proc42 387.078
proc60 389.289
proc85 397.512
proc92 404.355
proc66 413.027
proc52 414.527
proc109 415.680
proc7 415.742
proc20 419.586
proc71 423.156
proc95 425.109
proc65 428.281
proc84 436.062
proc134 440.895
proc33 444.266
proc58 449.637
proc88 451.219
proc128 456.441
proc98 461.734
proc53 462.355
proc131 465.379
proc9 469.672
proc137 479.516
proc124 484.168
proc112 485.090
proc69 489.352
proc35 490.582
proc51 496.543
proc86 506.273
proc90 512.707
proc40 514.957
proc143 516.809
proc27 519.699
proc29 521.812
proc81 525.062
proc55 530.793
proc129 538.414
proc127 544.734
proc49 552.625
proc62 558.695
proc24 560.078
proc144 568.730
proc104 576.703
proc87 585.695
proc67 593.488
proc93 603.180
proc50 608.953
proc68 613.566
proc118 619.637
proc47 627.359
proc149 630.781
proc36 636.934
proc57 642.527
proc43 648.258
proc30 656.820
proc11 660.102
proc139 665.262
proc77 671.543
proc99 677.137
proc39 680.230
proc1 688.391
proc25 691.973
proc0 694.484
proc147 703.445
proc96 713.117
proc59 716.668
proc123 719.391
proc48 727.883
proc14 731.336
proc113 735.246
proc6 742.867
0
