proc1 3.395
proc3 9.535
proc67 14.988
proc8 17.121
proc6 22.664
proc136 26.375
proc74 34.375
proc87 37.066
proc92 39.738
proc44 41.680
proc138 43.180
proc103 45.812
proc99 50.695
proc147 51.977
proc119 54.148
proc137 61.320
proc51 63.543
proc93 71.793
proc144 78.453
proc49 85.445
proc52 86.527
proc143 90.688
proc60 91.918
proc2 100.270
proc20 107.742
proc97 110.812
proc122 111.812
proc100 114.754
proc65 124.137
proc27 128.387
proc80 132.027
proc43 137.660
proc24 145.371
proc134 149.453
proc120 158.113
proc5 166.875
proc140 172.266
proc16 177.848
proc125 185.699
proc69 190.883
proc23 195.605
proc9 197.258
proc14 200.000
proc38 200.402
proc10 205.223
proc135 212.066
proc0 217.609
proc63 220.820
proc95 223.973
proc94 232.133
proc133 238.496
proc18 239.996
proc71 242.777
proc96 245.391
proc127 246.102
proc13 252.703
proc59 254.785
proc72 262.867
proc115 269.438
proc21 274.398
proc32 281.961
proc128 287.312
proc82 288.203
proc15 293.484
proc118 298.598
proc25 300.930
proc116 304.523
proc89 313.125
proc19 317.477
proc28 325.059
proc85 331.461
proc46 337.711
proc105 346.793
proc70 353.477
proc145 363.270
proc107 367.562
proc62 371.426
proc73 372.707
proc112 373.688
proc83 379.961
proc139 389.555
proc7 395.805
proc26 400.887
proc130 409.879
proc36 413.082
proc132 420.895
proc148 422.996
proc58 423.688
proc61 426.078
proc12 432.590
proc4 435.133
proc48 443.336
proc114 444.789
proc108 447.672
proc34 450.492
proc77 458.863
proc149 466.574
proc41 471.168
proc30 475.418
proc110 481.430
proc101 482.281
proc113 484.094
proc64 484.867
proc45 485.250
proc121 490.781
proc146 490.922
proc126 493.484
proc111 496.156
proc88 506.027
proc33 506.379
proc106 508.859
proc109 512.820
proc56 518.883
proc78 524.605
proc81 531.648
proc68 533.180
proc11 538.082
proc54 542.332
proc124 546.285
proc31 554.598
proc91 562.801
proc66 569.332
proc90 570.305
proc129 576.797
proc117 585.668
proc141 590.590
proc102 591.973
proc35 599.496
proc47 604.617
proc123 612.340
proc98 622.332
proc55 623.324
proc79 631.805
proc39 632.098
proc40 638.848
proc42 647.559
proc37 652.969
proc57 657.512
proc50 663.355
proc17 664.566
proc22 665.660
proc142 666.512
proc53 670.023
proc86 676.406
proc131 682.227
proc104 688.090
proc75 688.281
proc29 690.805
proc84 697.496
proc76 705.727
0
