proc50 3.393
proc73 4.283
proc87 4.814
proc89 7.475
proc128 11.176
proc144 17.926
proc121 21.416
proc24 31.076
proc63 38.307
proc126 46.188
proc31 47.248
proc7 51.770
proc0 57.291
proc146 57.723
proc145 66.834
proc41 69.904
proc42 71.746
proc109 78.877
proc130 82.008
proc43 86.789
proc148 87.789
proc93 92.711
proc138 93.922
proc13 95.422
proc81 105.354
proc19 114.014
proc136 120.734
proc1 123.756
proc99 130.047
proc125 139.508
proc123 147.709
proc15 149.789
proc88 153.279
proc40 155.811
proc95 163.902
proc120 173.084
proc129 174.186
proc27 179.146
proc139 182.467
proc59 192.287
proc52 196.088
proc135 202.270
proc62 210.330
proc44 213.701
proc36 214.633
proc55 215.484
proc76 218.166
proc69 227.066
proc9 227.297
proc83 233.527
proc23 234.838
proc38 242.969
proc18 248.840
proc33 251.941
proc60 251.953
proc78 255.254
proc98 261.254
proc82 267.254
proc131 270.814
proc56 277.885
proc85 278.865
proc106 283.816
proc64 290.168
proc67 297.260
proc37 300.330
proc45 303.252
proc2 303.732
proc92 305.824
proc25 307.416
proc132 310.156
proc102 314.127
proc26 320.008
proc140 324.350
proc4 329.951
proc115 335.842
proc127 340.463
proc16 348.344
proc111 356.645
proc107 359.246
proc141 366.787
proc30 371.809
proc47 380.809
proc57 382.660
proc101 383.012
proc28 390.873
proc80 395.094
proc143 402.555
proc75 406.436
proc3 410.377
proc86 414.027
proc71 422.018
proc51 424.889
proc113 425.430
proc6 433.680
proc20 438.680
proc105 445.131
proc108 450.691
proc21 451.812
proc72 452.203
proc11 454.574
proc61 460.305
proc100 464.096
proc46 469.607
proc133 474.258
proc10 475.209
proc91 484.289
proc117 487.811
proc5 494.762
proc77 500.912
proc68 507.523
proc149 510.754
proc114 520.754
proc119 521.205
proc8 522.986
proc90 530.838
proc97 534.859
proc39 542.730
proc70 544.582
proc48 546.453
proc14 551.754
proc116 560.936
proc96 564.686
proc103 569.727
proc34 573.268
proc147 583.148
proc110 586.449
proc142 587.689
proc32 587.951
proc66 590.191
proc112 592.232
proc12 598.154
proc118 607.605
proc17 616.066
proc54 623.367
proc79 629.367
proc53 634.209
proc122 636.680
proc22 636.781
proc74 641.043
proc134 645.354
proc94 650.154
proc137 651.016
proc104 655.467
proc58 655.607
proc35 662.768
proc65 671.738
proc124 677.330
proc49 687.301
proc29 696.432
proc84 701.883
0
