proc26 8.473
proc56 17.734
proc113 19.406
proc39 22.750
proc63 26.961
proc7 33.082
proc23 42.582
proc103 43.043
proc137 49.016
proc58 57.348
proc34 62.211
proc4 72.184
proc148 79.637
proc69 84.137
proc145 93.707
proc74 94.410
proc13 95.172
proc149 98.703
proc91 103.977
proc38 105.477
proc29 109.457
proc79 113.059
proc125 116.930
proc114 125.660
proc97 127.094
proc133 127.785
proc24 135.195
proc135 135.836
proc10 138.117
proc55 138.168
proc95 142.570
proc123 150.641
proc47 157.293
proc90 158.996
proc146 162.199
proc101 171.750
proc17 179.273
proc32 181.336
proc77 187.566
proc9 194.590
proc87 197.543
proc45 199.824
proc99 204.938
proc54 211.688
proc112 212.719
proc83 215.789
proc138 217.359
proc2 225.980
proc81 231.211
proc136 239.273
proc144 246.465
proc18 252.848
proc72 257.199
proc100 265.031
proc115 271.773
proc86 281.605
proc43 285.727
proc28 289.809
proc25 292.262
proc108 296.012
proc96 304.164
proc89 307.535
proc117 313.348
proc73 318.109
proc31 325.543
proc49 334.387
proc85 334.500
proc22 342.422
proc141 351.594
proc93 356.426
proc36 365.246
proc131 365.938
proc16 373.020
proc15 374.441
proc61 381.672
proc84 386.215
proc70 386.477
proc0 391.379
proc75 398.652
proc130 401.133
proc128 408.625
proc6 411.086
proc60 420.039
proc3 425.730
proc64 433.352
proc82 442.293
proc139 450.934
proc143 460.246
proc92 461.578
proc68 469.398
proc20 471.309
proc50 478.680
proc48 487.113
proc71 492.477
proc98 493.629
proc119 502.320
proc65 502.383
proc142 509.574
proc33 512.215
proc59 514.906
proc11 516.250
proc57 518.133
proc30 518.266
proc104 527.016
proc129 531.039
proc35 539.730
proc42 547.262
proc140 551.492
proc21 560.086
proc102 565.738
proc126 569.441
proc122 577.164
proc110 577.984
proc52 581.145
proc134 589.727
proc124 589.859
proc127 597.621
proc14 599.473
proc111 603.195
proc105 604.406
proc132 612.629
proc147 616.520
proc121 620.762
proc51 626.715
proc94 636.695
proc80 645.469
proc78 647.840
proc120 654.172
proc40 654.434
proc41 658.977
proc8 662.148
proc27 662.570
proc62 667.531
proc109 674.613
proc1 680.785
proc106 685.898
proc46 693.000
proc53 699.934
proc12 704.844
proc66 705.055
proc67 711.945
proc37 719.668
proc5 724.371
proc88 725.734
proc76 732.484
proc118 742.125
proc44 747.219
proc116 753.039
proc19 762.551
proc107 769.773
0
