proc101 10.184
proc91 15.035
proc63 24.527
proc119 31.590
proc17 40.570
proc65 42.684
proc146 48.254
proc29 49.246
proc86 50.258
proc25 54.301
proc98 61.262
proc44 67.945
proc118 77.855
proc104 78.039
proc132 80.223
proc72 82.035
proc0 89.297
proc100 99.047
proc121 104.047
proc143 108.938
proc115 117.758
proc46 119.801
proc95 128.992
proc68 138.094
proc64 142.344
proc148 142.957
proc94 146.891
proc18 151.473
proc84 153.605
proc92 162.238
proc26 171.602
proc76 178.273
proc71 183.926
proc147 186.188
proc114 189.270
proc88 196.512
proc66 205.555
proc15 208.746
proc42 210.527
proc50 219.379
proc41 221.520
proc142 229.430
proc126 239.113
proc39 240.965
proc83 244.746
proc141 251.930
proc12 255.473
proc73 257.496
proc3 258.398
proc30 264.211
proc49 267.223
proc130 271.625
proc129 280.156
proc23 286.020
proc112 290.621
proc90 298.703
proc60 307.613
proc82 308.137
proc9 317.750
proc61 324.230
proc123 330.094
proc45 333.844
proc57 341.555
proc2 343.977
proc107 348.410
proc79 350.641
proc54 353.844
proc20 357.914
proc87 365.855
proc48 375.746
proc70 377.508
proc125 387.289
proc85 396.051
proc16 405.582
proc144 406.062
proc134 411.645
proc8 414.035
proc10 414.605
proc14 419.527
proc105 421.520
proc40 426.750
proc58 429.672
proc96 439.395
proc120 445.457
proc33 451.980
proc52 455.953
proc93 457.785
proc27 467.418
proc62 469.828
proc80 477.301
proc6 479.504
proc122 488.234
proc97 492.797
proc67 496.059
proc75 500.289
proc137 502.691
proc81 512.422
proc31 515.793
proc77 519.086
proc56 528.148
proc133 534.242
proc69 542.234
proc35 548.215
proc28 549.836
proc53 552.430
proc113 554.812
proc108 559.812
proc109 564.562
proc135 565.383
proc21 568.445
proc51 569.926
proc103 578.117
proc136 581.930
proc55 589.273
proc117 592.035
proc4 598.477
proc145 606.250
proc5 606.301
proc36 614.512
proc138 615.523
proc74 619.445
proc140 627.516
proc127 635.188
proc128 643.488
proc43 651.160
proc1 660.312
proc47 661.406
proc102 663.508
proc38 664.930
proc59 671.262
proc24 672.812
proc111 678.766
proc11 687.957
proc110 693.867
proc34 699.301
proc37 703.645
proc89 705.496
proc131 711.148
proc78 716.332
proc19 724.734
proc22 731.008
proc7 738.078
proc124 746.309
proc106 754.160
proc13 761.031
proc32 763.832
proc99 769.863
proc149 770.375
proc139 775.027
proc116 783.410
0
