proc130 8.873
proc38 17.545
proc123 24.855
proc29 26.697
proc77 27.357
proc51 34.857
proc11 39.869
proc92 47.859
proc136 50.951
proc28 56.752
proc125 64.873
proc13 68.453
proc18 77.225
proc24 78.666
proc146 82.816
proc65 82.887
proc61 83.287
proc82 89.678
proc30 95.219
proc75 105.119
proc104 112.600
proc118 117.701
proc99 122.592
proc46 127.553
proc138 128.414
proc42 128.484
proc86 135.295
proc5 144.016
proc108 144.916
proc33 150.717
proc67 153.537
proc31 155.068
proc70 164.809
proc2 168.219
proc107 173.119
proc109 175.240
proc6 180.061
proc93 183.801
proc81 186.361
proc15 189.111
proc110 198.922
proc133 207.412
proc114 214.293
proc142 219.873
proc17 228.965
proc121 237.236
proc127 247.018
proc60 247.219
proc7 248.719
proc139 255.709
proc140 262.730
proc20 268.701
proc131 270.531
proc144 276.252
proc72 276.633
proc87 283.645
proc137 290.176
proc117 293.756
proc141 294.537
proc85 296.549
proc128 297.391
proc68 297.541
proc37 305.752
proc39 314.562
proc105 317.463
proc94 318.453
proc55 318.734
proc1 326.076
proc78 331.076
proc132 339.467
proc76 348.229
proc89 357.559
proc80 360.900
proc12 368.061
proc95 373.311
proc56 374.861
proc50 376.143
proc22 377.684
proc26 379.635
proc83 383.275
proc97 383.816
proc149 386.928
proc21 393.158
proc98 403.080
proc59 407.752
proc19 416.252
proc129 425.072
proc41 426.883
proc96 433.475
proc69 439.666
proc49 443.598
proc52 452.398
proc3 461.398
proc122 469.240
proc124 469.641
proc44 469.852
proc90 474.242
proc35 479.523
proc45 486.584
proc148 496.064
proc134 501.145
proc84 502.195
proc73 511.547
proc57 520.719
proc27 525.859
proc58 534.131
proc40 543.852
proc74 552.973
proc126 558.693
proc10 559.094
proc101 568.984
proc79 570.234
proc116 571.576
proc47 580.977
proc111 588.297
proc100 589.928
proc115 591.309
proc16 596.779
proc4 602.859
proc36 603.770
proc43 605.451
proc119 613.111
proc135 618.762
proc145 622.533
proc91 629.674
proc32 636.824
proc34 643.305
proc103 646.256
proc23 648.387
proc25 652.598
proc66 658.129
proc54 661.539
proc63 668.131
proc147 676.332
proc48 685.803
proc71 686.344
proc0 690.975
proc14 692.365
proc88 694.115
proc113 699.957
proc112 707.158
proc8 713.680
proc9 714.781
proc64 720.293
proc53 727.023
proc120 727.615
proc143 736.227
proc62 743.047
proc102 743.258
proc106 752.379
0
