proc43 2.633
proc130 11.773
proc6 20.484
proc60 27.984
proc66 34.945
proc109 39.418
proc105 40.750
proc57 50.582
proc106 56.664
proc72 57.367
proc148 67.008
proc67 74.270
proc108 84.141
proc5 92.051
proc85 92.684
proc30 95.066
proc61 101.098
proc81 102.699
proc104 102.941
proc75 110.992
proc95 120.125
proc111 126.297
proc1 130.891
proc45 140.363
proc103 145.105
proc0 151.328
proc40 151.570
proc4 151.754
proc54 159.707
proc13 167.449
proc143 175.371
proc134 175.793
proc16 185.504
proc114 191.125
proc88 198.777
proc141 208.059
proc133 214.961
proc117 219.703
proc8 225.914
proc44 226.645
proc19 227.137
proc24 234.297
proc120 243.707
proc31 249.730
proc46 258.102
proc9 264.512
proc71 270.832
proc112 274.453
proc32 277.645
proc123 278.258
proc124 280.578
proc74 290.531
proc21 298.953
proc63 299.637
proc11 308.289
proc78 315.109
proc110 315.430
proc90 319.113
proc127 324.773
proc86 332.926
proc73 337.336
proc125 344.316
proc10 351.848
proc87 355.730
proc38 358.574
proc3 360.234
proc62 362.926
proc128 363.137
proc118 368.438
proc146 373.609
proc48 375.031
proc99 379.383
proc115 385.305
proc2 393.457
proc147 394.699
proc20 399.371
proc18 407.023
proc96 410.156
proc70 415.648
proc142 421.711
proc129 428.293
proc89 432.176
proc15 441.809
proc131 447.891
proc94 456.332
proc64 458.344
proc25 460.715
proc77 469.457
proc101 475.750
proc100 483.961
proc126 487.672
proc7 489.152
proc139 493.105
proc137 497.457
proc56 499.141
proc79 502.984
proc42 508.766
proc119 514.328
proc50 514.430
proc149 520.113
proc29 527.773
proc97 535.176
proc52 541.129
proc49 550.051
proc33 552.062
proc116 558.305
proc132 562.008
proc17 567.699
proc121 568.211
proc69 573.602
proc26 577.645
proc135 582.137
proc22 589.070
proc27 589.973
proc98 599.184
proc113 603.914
proc102 608.816
proc39 618.250
proc76 626.453
proc122 629.875
proc83 635.977
proc82 638.059
proc53 644.020
proc68 649.820
proc91 654.363
proc65 655.195
proc145 661.898
proc47 669.020
proc84 678.652
proc34 682.812
proc138 691.715
proc136 692.156
proc107 694.828
proc12 698.191
proc51 707.824
proc58 712.246
proc92 714.738
proc144 724.332
proc35 734.145
proc37 738.195
proc28 743.836
proc55 752.906
proc23 761.180
proc14 770.203
proc36 777.074
proc140 781.047
proc41 783.859
proc59 784.961
proc80 793.703
proc93 793.934
0
