proc76 5.412
proc66 10.283
proc52 13.004
proc128 14.945
proc145 14.996
proc121 24.486
proc140 27.268
proc142 34.939
proc58 40.611
proc99 45.703
proc122 49.184
proc146 51.844
proc74 59.625
proc111 61.406
proc32 67.328
proc88 72.439
proc129 82.430
proc79 88.830
proc12 96.650
proc123 102.182
proc102 102.383
proc47 104.725
proc2 109.996
proc126 115.607
proc60 116.619
proc108 121.041
proc113 126.973
proc15 133.453
proc120 141.885
proc28 145.686
proc30 155.506
proc1 160.256
proc133 165.396
proc136 165.797
proc116 166.457
proc9 171.479
proc103 177.270
proc107 181.721
proc134 184.393
proc144 187.424
proc53 194.295
proc16 196.346
proc83 199.947
proc48 201.357
proc51 204.838
proc44 210.469
proc77 213.010
proc31 222.691
proc55 229.113
proc127 232.164
proc26 240.744
proc139 246.256
proc35 252.428
proc4 260.668
proc112 263.789
proc24 267.199
proc43 273.561
proc61 277.982
proc56 278.893
proc64 285.803
proc46 290.154
proc57 292.496
proc81 295.107
proc5 296.209
proc29 297.801
proc36 307.781
proc59 312.482
proc40 317.754
proc73 321.295
proc95 323.705
proc87 329.256
proc62 333.867
proc6 340.299
proc93 348.379
proc27 353.330
proc7 358.102
proc72 365.012
proc125 367.973
proc141 377.553
proc45 387.014
proc109 392.275
proc148 392.416
proc22 398.018
proc50 401.578
proc33 405.389
proc17 413.359
proc94 418.221
proc68 418.621
proc82 427.172
proc63 434.684
proc70 441.984
proc110 445.346
proc84 449.977
proc131 452.928
proc135 461.588
proc147 463.119
proc39 465.980
proc67 475.551
proc130 477.861
proc11 484.033
proc75 489.264
proc69 494.625
proc149 498.576
proc10 502.277
proc89 508.568
proc117 512.059
proc65 512.699
proc80 515.750
proc124 519.490
proc85 521.432
proc105 528.742
proc19 538.492
proc91 547.094
proc104 549.324
proc23 553.695
proc37 559.355
proc119 561.027
proc132 564.848
proc100 568.898
proc97 575.529
proc114 579.350
proc20 586.451
proc92 591.611
proc25 597.293
proc101 599.215
proc138 603.605
proc0 604.807
proc13 612.498
proc18 619.510
proc137 623.670
proc118 629.131
proc96 630.512
proc90 634.293
proc86 636.234
proc49 644.795
proc8 650.676
proc14 652.316
proc143 652.488
proc38 660.479
proc115 661.900
proc42 661.932
proc106 668.193
proc34 676.004
proc54 676.305
proc71 677.805
proc78 686.885
proc21 691.266
proc3 695.727
proc41 704.668
proc98 712.408
0
