proc32 7.412
proc107 10.463
proc147 18.164
proc80 19.994
proc21 24.305
proc11 25.766
proc23 31.457
proc50 33.838
proc71 38.568
proc28 43.529
proc118 49.471
proc51 54.301
proc117 54.842
proc48 56.764
proc149 65.924
proc66 70.355
proc60 74.166
proc76 82.236
proc9 89.027
proc119 97.398
proc84 106.779
proc115 113.600
proc139 121.471
proc4 125.721
proc7 134.492
proc98 135.273
proc95 135.844
proc49 145.174
proc62 154.064
proc132 158.055
proc54 162.756
proc140 168.518
proc65 178.008
proc135 185.258
proc109 189.998
proc41 196.818
proc77 204.049
proc19 208.260
proc72 215.221
proc105 219.441
proc68 229.072
proc63 232.174
proc125 238.865
proc85 243.287
proc40 243.959
proc128 247.279
proc131 255.980
proc129 261.012
proc82 266.312
proc78 266.373
proc70 272.664
proc137 274.336
proc106 282.826
proc101 289.217
proc8 289.617
proc146 293.898
proc86 299.869
proc124 304.820
proc30 306.811
proc134 311.191
proc12 311.502
proc92 311.514
proc102 311.824
proc29 319.484
proc52 320.484
proc5 330.176
proc55 339.787
proc33 347.668
proc121 350.879
proc53 359.939
proc96 364.160
proc20 367.941
proc116 368.271
proc6 372.893
proc64 378.283
proc26 378.863
proc97 381.885
proc17 390.977
proc46 399.688
proc45 400.879
proc22 409.061
proc56 413.521
proc35 422.572
proc75 429.244
proc59 432.455
proc34 436.166
proc143 436.547
proc79 445.027
proc113 452.518
proc122 462.488
proc93 468.398
proc25 469.090
proc47 475.012
proc108 480.123
proc44 486.334
proc100 493.256
proc58 494.357
proc0 498.809
proc24 500.490
proc83 501.730
proc73 511.551
proc14 520.322
proc38 523.273
proc31 525.684
proc42 532.525
proc126 533.586
proc89 540.707
proc104 542.857
proc94 550.488
proc3 560.109
proc142 561.201
proc110 561.611
proc123 566.861
proc112 574.752
proc37 576.732
proc39 583.654
proc13 590.496
proc36 594.098
proc136 597.619
proc88 599.471
proc141 608.322
proc130 612.834
proc145 619.395
proc43 620.416
proc74 624.736
proc127 626.998
proc111 630.959
proc27 636.311
proc69 641.131
proc61 646.031
proc87 654.531
proc1 662.941
proc2 664.092
proc15 666.863
proc148 674.205
proc67 678.025
proc144 682.227
proc133 682.898
proc81 685.398
proc57 695.240
proc91 702.082
proc120 707.043
proc10 709.664
proc103 715.285
proc18 717.926
proc99 725.066
proc138 729.816
proc114 733.828
proc90 741.340
proc16 748.480
0
