proc23 4.161
proc43 8.691
proc48 13.002
proc33 19.843
proc55 28.434
proc72 36.584
proc73 37.635
proc11 43.516
proc13 43.846
proc26 44.006
proc50 52.597
proc37 57.167
proc71 62.048
proc34 63.309
proc4 69.089
proc69 69.629
proc66 74.709
proc7 80.699
proc63 88.020
proc14 90.910
proc22 92.740
proc62 102.530
proc52 104.301
proc31 107.861
proc8 113.582
proc74 121.683
proc36 129.333
proc30 137.453
proc57 139.323
proc58 141.434
proc24 147.964
proc25 152.725
proc3 159.885
proc29 169.635
proc38 172.125
proc67 181.386
proc18 189.326
proc39 196.457
proc16 197.867
proc21 202.237
proc1 202.808
proc9 205.458
proc47 215.099
proc51 219.669
proc41 224.439
proc49 233.880
proc17 238.061
proc68 241.641
proc60 242.081
proc44 248.882
proc35 254.593
proc27 261.213
proc59 269.594
proc64 275.384
proc42 279.345
proc12 285.186
proc53 287.196
proc61 293.587
proc0 300.638
proc46 308.128
proc28 309.549
proc65 316.020
proc70 323.280
proc15 325.610
proc19 329.171
proc20 332.001
proc54 340.771
proc56 347.012
proc6 354.522
proc40 355.643
proc32 362.293
proc10 362.583
proc5 370.044
proc45 373.725
proc2 383.165
0
