proc61 8.931
proc21 13.491
proc38 14.241
proc43 21.382
proc53 29.053
proc27 35.443
proc31 37.374
proc42 38.204
proc47 44.395
proc30 46.205
proc57 49.636
proc14 56.566
proc44 65.797
proc34 71.317
proc17 75.078
proc13 78.438
proc15 80.259
proc11 83.579
proc1 84.819
proc70 91.780
proc58 101.570
proc55 110.261
proc64 111.491
proc37 115.682
proc41 122.612
proc46 125.953
proc29 132.523
proc19 136.514
proc69 144.404
proc74 149.115
proc72 154.226
proc24 159.226
proc25 166.546
proc4 166.847
proc3 168.938
proc9 170.768
proc52 178.268
proc59 182.448
proc23 185.398
proc32 193.539
proc26 197.720
proc49 201.760
proc7 210.790
proc35 219.851
proc71 226.901
proc5 227.592
proc20 229.742
proc51 236.013
proc56 237.873
proc12 247.563
proc22 248.244
proc33 250.215
proc48 256.545
proc2 258.056
proc8 259.066
proc28 262.307
proc63 264.857
proc18 265.128
proc16 274.128
proc66 283.679
proc6 289.629
proc39 293.629
proc65 297.510
proc62 299.840
proc10 300.740
proc68 304.831
proc54 314.562
proc45 318.582
proc50 321.883
proc0 324.813
proc60 327.984
proc40 333.745
proc36 337.046
proc67 338.606
proc73 340.547
0
