proc30 7.780
proc29 9.741
proc60 15.071
proc17 16.651
proc61 20.691
proc10 27.251
proc68 32.331
proc70 38.961
proc53 46.042
proc59 46.322
proc7 53.192
proc32 61.322
proc54 65.913
proc15 69.923
proc1 78.473
proc67 79.773
proc27 89.304
proc45 94.714
proc33 100.324
proc16 100.424
proc42 110.214
proc37 114.445
proc39 115.775
proc36 117.625
proc58 118.895
proc35 126.115
proc46 135.146
proc38 136.386
proc71 143.486
proc18 151.536
proc5 152.346
proc4 162.037
proc22 171.237
proc26 180.357
proc47 182.587
proc48 189.158
proc50 197.548
proc25 203.808
proc55 211.128
proc56 212.659
proc72 218.389
proc20 224.629
proc69 231.050
proc21 234.020
proc52 234.800
proc14 244.351
proc66 248.181
proc6 256.451
proc12 262.011
proc43 264.581
proc74 274.001
proc24 278.012
proc8 286.472
proc31 289.982
proc63 291.143
proc2 295.263
proc11 304.093
proc28 308.033
proc64 311.333
proc73 313.654
proc57 319.994
proc9 326.855
proc23 334.925
proc44 336.186
proc19 341.706
proc40 343.076
proc62 353.016
proc34 355.096
proc51 362.716
proc13 367.727
proc65 376.177
proc49 376.297
proc41 384.207
proc3 390.327
proc0 392.867
0
