proc15 9.041
proc14 9.252
proc30 10.633
proc35 20.083
proc69 22.424
proc60 29.784
proc3 32.104
proc10 36.385
proc28 45.025
proc31 52.396
proc22 52.476
proc59 61.246
proc45 70.446
proc1 79.677
proc64 82.327
proc42 85.748
proc47 86.809
proc16 93.599
proc26 101.719
proc54 102.469
proc51 107.930
proc61 108.130
proc46 112.620
proc19 121.091
proc55 123.812
proc65 129.982
proc56 135.843
proc7 140.873
proc29 142.773
proc66 152.614
proc52 160.325
proc27 163.365
proc72 169.275
proc48 178.786
proc58 181.826
proc11 188.106
proc17 188.727
proc12 192.188
proc34 195.268
proc53 199.558
proc36 201.618
proc68 202.099
proc70 205.529
proc13 210.170
proc4 211.960
proc18 220.921
proc49 229.751
proc57 238.041
proc21 242.941
proc24 248.562
proc25 254.232
proc44 262.613
proc37 269.264
proc43 272.454
proc2 272.774
proc71 279.255
proc23 284.806
proc6 290.536
proc41 294.957
proc8 300.237
proc38 308.478
proc50 315.948
proc5 322.019
proc40 324.769
proc32 333.869
proc74 341.260
proc67 346.980
proc63 356.831
proc39 358.941
proc62 363.602
proc20 363.632
proc9 368.112
proc33 375.013
proc0 375.313
proc73 380.474
0
