proc69 1.501
proc30 8.432
proc64 10.442
proc11 14.373
proc61 22.334
proc6 26.595
proc50 35.735
proc8 41.446
proc66 51.037
proc17 56.867
proc13 59.838
proc22 65.299
proc53 65.549
proc42 75.260
proc73 77.391
proc54 85.751
proc56 94.791
proc41 96.321
proc24 102.632
proc59 105.942
proc25 106.853
proc57 114.743
proc23 121.604
proc51 123.414
proc2 130.864
proc12 138.425
proc19 143.205
proc16 153.105
proc15 161.876
proc38 167.847
proc46 171.087
proc40 175.417
proc60 179.878
proc55 184.198
proc28 189.379
proc68 197.539
proc58 205.130
proc3 212.450
proc10 217.521
proc49 221.861
proc7 230.042
proc45 234.032
proc0 240.253
proc63 249.733
proc43 256.154
proc4 257.535
proc74 259.876
proc33 268.856
proc67 271.847
proc21 273.207
proc31 277.197
proc39 281.368
proc20 281.778
proc27 288.489
proc9 297.300
proc71 304.271
proc44 308.901
proc32 314.422
proc29 323.822
proc34 325.503
proc26 330.884
proc72 336.694
proc18 343.734
proc65 350.774
proc62 358.564
proc1 363.515
proc47 365.815
proc37 366.746
proc5 371.127
proc36 374.457
proc35 379.457
proc14 389.088
proc70 394.988
proc48 401.979
proc52 405.669
0
