proc10 7.820
proc56 10.291
proc60 19.762
proc24 26.792
proc9 34.032
proc49 38.312
proc33 45.643
proc0 53.333
proc27 54.474
proc67 63.024
proc61 70.885
proc71 78.275
proc31 79.616
proc5 86.127
proc41 87.237
proc21 87.948
proc4 91.289
proc38 93.079
proc63 101.250
proc17 109.011
proc70 114.921
proc15 121.012
proc36 122.402
proc52 124.833
proc29 134.333
proc73 138.493
proc14 142.184
proc19 145.494
proc6 146.064
proc57 154.665
proc30 163.436
proc62 164.366
proc12 166.736
proc18 169.697
proc50 173.188
proc8 177.838
proc32 187.309
proc48 192.339
proc43 199.180
proc25 209.160
proc72 210.521
proc47 212.951
proc42 219.292
proc1 221.542
proc34 229.053
proc35 232.413
proc68 240.733
proc53 248.644
proc11 253.024
proc59 257.455
proc66 262.166
proc55 266.597
proc69 272.397
proc65 277.018
proc23 280.828
proc7 286.929
proc2 291.100
proc26 299.350
proc46 302.870
proc74 305.490
proc22 310.530
proc45 311.061
proc16 320.871
proc44 324.542
proc51 330.513
proc64 337.413
proc3 340.014
proc54 346.254
proc13 347.334
proc37 349.505
proc40 358.255
proc39 363.165
proc20 366.485
proc28 372.336
proc58 376.316
0
