proc30 4.931
proc41 7.541
proc60 15.361
proc69 18.691
proc6 25.992
proc62 32.683
proc53 37.333
proc10 44.884
proc27 47.524
proc4 51.455
proc29 52.565
proc65 58.476
proc28 59.756
proc38 64.756
proc34 71.336
proc51 71.856
proc73 80.407
proc58 86.447
proc8 96.058
proc36 97.418
proc17 101.938
proc47 108.789
proc59 113.449
proc50 113.760
proc46 115.431
proc55 119.681
proc13 128.411
proc45 137.302
proc20 143.492
proc67 151.183
proc54 151.753
proc61 152.123
proc15 159.693
proc3 162.454
proc56 170.255
proc14 170.705
proc74 174.796
proc72 183.956
proc25 186.047
proc40 192.857
proc37 195.918
proc48 204.858
proc64 207.139
proc43 215.009
proc31 219.390
proc44 219.540
proc12 223.631
proc7 231.901
proc39 238.691
proc33 246.462
proc52 255.372
proc71 263.433
proc23 266.253
proc2 268.424
proc11 275.834
proc22 285.015
proc66 285.605
proc57 286.456
proc5 294.877
proc9 303.258
proc16 311.628
proc68 311.898
proc70 315.559
proc42 317.159
proc49 322.340
proc18 329.561
proc35 331.201
proc24 338.802
proc32 340.092
proc0 341.942
proc63 350.013
proc21 353.104
proc26 362.744
proc19 367.494
proc1 369.125
0
