proc7 10.102
proc33 17.822
proc69 24.433
proc29 32.383
proc5 41.224
proc36 41.685
proc43 43.485
proc50 53.426
proc72 62.856
proc15 67.437
proc2 73.447
proc24 81.768
proc59 88.468
proc53 96.979
proc9 103.039
proc22 106.579
proc61 114.569
proc38 122.800
proc55 131.670
proc20 140.660
proc56 147.721
proc44 155.991
proc1 160.632
proc65 169.242
proc8 178.173
proc49 179.963
proc25 180.634
proc0 184.874
proc67 193.374
proc68 197.024
proc58 199.165
proc12 207.035
proc26 216.046
proc19 225.206
proc57 231.706
proc71 241.566
proc48 247.127
proc31 254.817
proc73 261.508
proc52 268.858
proc17 270.179
proc45 274.850
proc21 283.210
proc39 292.230
proc35 297.491
proc34 298.111
proc37 306.462
proc6 308.582
proc23 309.013
proc64 314.083
proc13 319.094
proc66 322.034
proc3 325.064
proc63 332.115
proc18 337.945
proc30 339.476
proc14 343.196
proc27 348.167
proc74 351.607
proc54 354.518
proc40 361.308
proc70 367.729
proc46 373.309
proc16 374.419
proc42 375.970
proc4 381.431
proc32 382.521
proc41 385.021
proc11 390.412
proc47 392.513
proc62 396.443
proc60 404.594
proc10 405.564
proc51 414.575
proc28 417.296
0
