proc65 5.361
proc51 11.802
proc59 20.312
proc2 25.433
proc42 29.693
proc66 35.834
proc3 38.685
proc34 47.495
proc69 49.546
proc14 55.906
proc74 61.526
proc70 62.146
proc56 67.937
proc16 73.607
proc18 83.318
proc5 83.529
proc25 87.569
proc49 91.010
proc53 93.061
proc39 100.581
proc20 102.191
proc71 111.481
proc17 116.282
proc64 116.862
proc12 117.093
proc10 124.054
proc0 130.034
proc50 131.234
proc1 137.205
proc68 139.016
proc22 148.977
proc73 152.297
proc30 158.287
proc48 159.838
proc55 160.059
proc8 169.409
proc19 178.510
proc21 186.090
proc38 193.721
proc41 201.091
proc24 209.762
proc43 212.452
proc15 220.473
proc46 228.833
proc31 229.913
proc4 239.354
proc36 248.304
proc11 258.284
proc62 268.225
proc57 270.396
proc47 276.816
proc32 282.037
proc6 285.928
proc40 287.708
proc63 289.479
proc13 290.159
proc37 298.050
proc44 301.380
proc23 309.320
proc52 316.061
proc26 321.191
proc33 324.702
proc60 326.173
proc61 327.753
proc54 328.073
proc27 335.464
proc67 337.854
proc7 338.104
proc35 338.655
proc9 342.876
proc58 349.606
proc28 358.627
proc72 364.067
proc29 368.028
proc45 370.579
0
