proc66 5.491
proc44 8.092
proc9 15.282
proc45 23.152
proc5 23.883
proc54 31.163
proc32 34.903
proc26 43.924
proc67 46.004
proc19 46.334
proc10 52.055
proc59 59.545
proc72 61.325
proc61 71.025
proc73 79.065
proc69 86.186
proc36 88.896
proc31 96.097
proc16 100.637
proc39 109.857
proc27 114.638
proc70 120.178
proc51 124.618
proc43 132.929
proc41 141.779
proc47 145.569
proc52 149.550
proc58 151.511
proc15 157.472
proc37 162.812
proc48 164.703
proc34 168.664
proc62 171.904
proc23 175.615
proc71 183.086
proc35 184.946
proc49 189.236
proc68 194.947
proc24 197.918
proc17 200.839
proc56 205.859
proc28 206.960
proc2 215.960
proc63 217.171
proc18 227.052
proc64 228.922
proc22 236.013
proc13 243.623
proc12 253.174
proc8 262.055
proc40 268.575
proc57 276.746
proc46 276.837
proc30 286.497
proc55 294.228
proc21 294.508
proc20 296.019
proc1 305.029
proc4 306.080
proc25 312.740
proc53 319.761
proc29 321.852
proc3 325.022
proc38 326.243
proc7 327.704
proc60 334.555
proc0 337.945
proc6 346.786
proc33 355.057
proc11 358.457
proc14 363.867
proc50 365.168
proc65 374.358
proc74 378.929
proc42 388.520
0
