proc28 4.940
proc74 9.551
proc73 11.541
proc3 19.932
proc52 21.462
proc41 22.742
proc35 26.433
proc43 34.783
proc27 44.563
proc19 48.754
proc59 55.284
proc54 61.255
proc36 63.676
proc11 69.896
proc9 74.646
proc15 82.317
proc20 90.998
proc57 93.599
proc2 96.399
proc56 99.990
proc14 103.421
proc67 113.062
proc29 118.512
proc60 120.112
proc64 121.423
proc51 125.113
proc72 130.834
proc40 136.234
proc21 146.035
proc23 146.285
proc44 152.626
proc0 153.376
proc5 159.456
proc39 165.156
proc70 172.856
proc10 181.837
proc49 181.848
proc55 187.059
proc58 189.079
proc13 197.739
proc4 200.260
proc18 203.300
proc66 211.170
proc50 214.280
proc69 219.391
proc65 225.291
proc25 228.962
proc53 231.173
proc12 239.304
proc31 239.584
proc68 243.914
proc63 244.324
proc71 251.805
proc22 257.365
proc1 259.355
proc7 266.746
proc16 273.687
proc42 283.237
proc34 291.598
proc24 293.998
proc37 297.118
proc62 301.959
proc32 309.069
proc17 313.399
proc46 321.260
proc8 324.340
proc26 325.820
proc33 326.150
proc47 332.150
proc45 339.101
proc6 347.681
proc48 353.381
proc30 360.441
proc38 363.622
proc61 367.902
0
