proc54 3.621
proc49 10.901
proc22 18.082
proc64 27.192
proc52 32.833
proc34 37.504
proc45 44.104
proc12 52.505
proc35 53.315
proc74 58.196
proc70 58.367
proc42 63.878
proc18 68.979
proc61 75.389
proc58 78.799
proc53 87.659
proc13 89.970
proc38 97.720
proc68 106.351
proc11 108.401
proc55 112.731
proc62 119.632
proc43 123.792
proc69 126.103
proc0 128.374
proc59 131.935
proc27 135.595
proc39 138.155
proc3 146.927
proc44 152.077
proc7 157.589
proc72 162.729
proc29 164.501
proc48 167.911
proc1 177.263
proc15 182.993
proc47 183.765
proc21 189.687
proc67 196.257
proc17 203.497
proc51 207.378
proc28 212.999
proc4 222.591
proc65 224.562
proc25 225.532
proc19 229.563
proc71 231.704
proc14 239.815
proc2 244.417
proc56 247.858
proc37 249.929
proc31 256.429
proc6 261.479
proc16 264.181
proc50 270.581
proc30 271.892
proc26 280.022
proc41 286.923
proc5 290.274
proc36 298.536
proc60 299.327
proc8 306.577
proc24 312.468
proc57 321.048
proc66 329.419
proc32 336.110
proc33 342.601
proc73 347.272
proc9 350.724
proc10 357.745
proc46 361.985
proc40 371.927
proc63 380.897
proc20 384.009
proc23 393.589
0
