proc8 3.851
proc34 12.701
proc61 13.311
proc70 16.191
proc33 22.572
proc25 26.322
proc69 29.252
proc13 37.252
proc58 45.922
proc2 46.743
proc57 51.543
proc16 61.333
proc39 62.283
proc74 65.563
proc20 74.174
proc56 80.874
proc19 89.494
proc63 97.764
proc72 106.714
proc64 111.425
proc68 119.305
proc43 122.686
proc24 131.136
proc73 132.146
proc53 140.837
proc5 148.737
proc37 149.007
proc27 150.578
proc7 155.318
proc67 162.118
proc36 169.188
proc6 178.729
proc28 185.409
proc48 195.239
proc46 196.979
proc35 206.760
proc14 210.220
proc45 218.420
proc9 223.641
proc1 229.461
proc59 234.451
proc30 234.602
proc52 240.882
proc18 244.512
proc22 247.462
proc62 253.153
proc38 257.273
proc15 263.423
proc4 265.034
proc21 271.694
proc23 275.694
proc40 281.694
proc12 281.964
proc49 283.194
proc54 291.245
proc17 294.465
proc65 298.355
proc29 306.845
proc50 314.195
proc26 319.246
proc31 324.876
proc3 331.257
proc11 340.447
proc47 344.987
proc71 348.728
proc51 355.548
proc0 359.538
proc32 360.308
proc55 363.108
proc66 368.668
proc44 372.799
proc42 375.279
proc41 378.729
proc60 380.979
proc10 385.170
0
