proc15 33.375
proc64 43.250
proc49 60.375
proc61 67.375
proc43 107.875
proc17 115.125
proc12 116.125
proc11 124.000
proc50 142.500
proc71 147.000
proc62 148.875
proc48 155.750
proc3 160.625
proc70 163.500
proc39 174.000
proc73 179.125
proc27 180.625
proc42 200.000
proc69 204.625
proc33 207.625
proc44 211.000
proc34 216.375
proc51 224.375
proc40 225.750
proc47 234.875
proc29 240.000
proc52 248.000
proc41 257.500
proc14 271.000
proc63 272.625
proc18 273.500
proc35 274.250
proc55 292.250
proc59 298.750
proc19 302.375
proc21 305.875
proc25 313.750
proc23 321.750
proc2 327.250
proc58 338.125
proc36 343.500
proc46 346.500
proc22 347.000
proc65 348.375
proc57 350.625
proc53 352.250
proc8 352.500
proc28 354.375
proc30 356.750
proc68 359.125
proc20 362.875
proc37 363.875
proc7 368.000
proc16 370.750
proc66 372.125
proc26 375.625
proc74 378.000
proc4 381.125
proc5 382.000
proc10 383.125
proc1 384.500
proc60 387.625
proc54 389.750
proc0 393.750
proc67 396.625
proc45 399.500
proc13 402.500
proc6 404.625
proc32 405.625
proc38 408.875
proc24 412.750
proc31 413.250
proc72 414.500
proc9 418.500
proc56 419.000
167
