proc59 9.625
proc16 18.875
proc5 29.750
proc52 43.625
proc49 69.750
proc29 75.750
proc17 78.375
proc67 98.875
proc39 109.125
proc36 110.000
proc58 110.375
proc38 114.750
proc47 126.000
proc56 134.625
proc21 142.500
proc43 152.000
proc63 160.125
proc73 169.625
proc44 175.875
proc40 178.250
proc34 181.375
proc0 193.125
proc60 198.500
proc61 199.625
proc68 204.750
proc54 218.375
proc15 219.500
proc45 228.000
proc33 230.750
proc37 234.875
proc72 270.750
proc66 280.875
proc12 286.750
proc24 290.875
proc31 294.500
proc2 295.750
proc28 299.625
proc64 299.875
proc19 311.625
proc13 319.875
proc30 330.625
proc10 331.375
proc70 332.250
proc53 333.375
proc7 334.375
proc32 336.625
proc1 339.375
proc27 343.000
proc42 347.000
proc35 348.500
proc46 351.500
proc71 352.625
proc18 354.875
proc4 358.500
proc22 361.625
proc26 364.750
proc48 365.500
proc50 368.250
proc25 368.375
proc55 369.750
proc20 370.250
proc69 370.875
proc14 374.500
proc6 376.750
proc74 380.375
proc8 382.875
proc11 385.625
proc57 386.125
proc9 387.125
proc23 389.250
proc62 393.250
proc51 394.750
proc65 397.125
proc41 399.250
proc3 399.500
159
