proc21 15.875
proc6 28.500
proc45 61.125
proc56 77.500
proc27 89.750
proc31 96.000
proc41 98.125
proc38 101.125
proc36 109.750
proc52 111.250
proc62 123.250
proc12 124.500
proc18 126.500
proc72 138.875
proc47 140.500
proc1 143.625
proc74 175.125
proc3 186.875
proc13 189.000
proc37 190.250
proc49 213.500
proc4 231.750
proc73 248.000
proc14 248.625
proc19 248.875
proc50 255.375
proc8 257.125
proc48 262.250
proc35 274.750
proc11 282.250
proc59 283.625
proc66 285.625
proc55 287.125
proc69 290.000
proc65 291.875
proc23 292.875
proc2 297.125
proc46 300.750
proc22 303.000
proc44 306.750
proc39 320.750
proc20 321.250
proc28 324.000
proc58 325.000
proc10 326.875
proc60 330.375
proc24 331.500
proc9 332.875
proc33 334.125
proc0 335.875
proc67 338.625
proc61 340.500
proc71 342.000
proc5 342.750
proc63 345.375
proc17 347.250
proc70 347.250
proc15 347.375
proc29 350.750
proc57 353.250
proc30 356.250
proc32 359.750
proc43 360.750
proc25 364.875
proc42 365.500
proc34 367.000
proc68 369.750
proc53 371.875
proc7 372.250
proc26 374.375
proc16 378.125
proc51 378.125
proc64 379.375
proc54 379.750
proc40 382.375
159
