proc13 9.125
proc26 9.375
proc69 15.000
proc1 39.625
proc60 47.125
proc10 69.500
proc73 84.750
proc34 93.000
proc22 103.875
proc52 106.750
proc57 117.625
proc58 118.750
proc38 128.125
proc16 134.500
proc9 138.250
proc53 165.500
proc28 171.875
proc15 177.375
proc40 187.500
proc23 195.750
proc43 197.375
proc48 198.875
proc11 210.875
proc37 215.500
proc71 217.625
proc4 220.625
proc66 223.000
proc14 229.125
proc31 232.625
proc8 235.375
proc25 249.250
proc21 265.625
proc51 270.375
proc41 272.250
proc17 276.375
proc68 277.000
proc35 282.750
proc64 291.625
proc42 292.875
proc12 295.625
proc19 311.375
proc20 311.500
proc45 327.125
proc33 331.125
proc55 333.625
proc72 335.750
proc50 338.500
proc7 338.750
proc63 340.000
proc62 343.750
proc74 345.875
proc36 347.750
proc30 349.750
proc24 350.375
proc3 351.625
proc29 355.250
proc67 358.875
proc18 360.625
proc39 362.250
proc47 366.125
proc49 369.750
proc44 370.875
proc27 371.500
proc59 374.125
proc61 374.875
proc0 376.000
proc46 377.625
proc65 378.125
proc70 379.500
proc54 382.500
proc56 383.000
proc6 384.750
proc32 385.250
proc5 387.000
proc2 390.625
157
