proc53 12.875
proc20 52.375
proc69 74.375
proc64 77.375
proc13 93.375
proc73 98.750
proc41 103.250
proc25 107.375
proc51 112.250
proc4 154.750
proc74 156.250
proc67 160.125
proc21 160.500
proc34 177.250
proc47 190.625
proc37 190.625
proc11 208.750
proc6 213.000
proc8 218.625
proc17 224.375
proc22 226.750
proc59 239.125
proc19 253.250
proc38 262.000
proc46 262.500
proc40 263.625
proc60 265.125
proc55 266.500
proc28 268.625
proc10 279.750
proc49 281.125
proc45 285.125
proc31 298.000
proc39 299.250
proc44 310.125
proc32 312.750
proc26 318.250
proc1 332.250
proc5 333.750
proc36 334.125
proc35 336.250
proc52 346.125
proc30 346.875
proc61 348.750
proc50 351.750
proc66 355.500
proc42 359.250
proc54 361.625
proc56 365.000
proc24 365.375
proc57 367.750
proc23 368.750
proc2 370.500
proc12 372.125
proc16 376.250
proc15 379.500
proc68 382.000
proc58 383.500
proc3 385.000
proc7 387.375
proc0 388.000
proc63 391.625
proc43 392.000
proc33 395.125
proc27 396.000
proc9 399.000
proc71 400.125
proc29 403.625
proc72 403.625
proc18 404.625
proc65 405.875
proc62 407.875
proc14 411.750
proc70 412.000
proc48 412.875
167
