proc62 14.875
proc39 17.000
proc16 18.750
proc15 40.250
proc42 40.500
proc11 54.875
proc69 57.500
proc73 66.875
proc31 70.000
proc53 85.375
proc29 99.625
proc3 106.500
proc25 116.875
proc65 117.625
proc63 140.375
proc71 151.375
proc17 158.750
proc34 163.125
proc27 169.375
proc12 181.375
proc48 202.000
proc26 215.125
proc72 219.500
proc13 225.250
proc28 226.750
proc44 232.000
proc60 237.375
proc67 243.375
proc54 245.250
proc35 247.250
proc68 249.125
proc24 257.625
proc14 269.000
proc59 273.625
proc52 273.875
proc9 276.625
proc10 282.500
proc19 288.500
proc64 293.500
proc37 295.500
proc61 299.250
proc58 306.750
proc70 307.500
proc57 308.000
proc4 312.750
proc49 321.875
proc6 325.000
proc36 325.375
proc0 328.000
proc50 329.750
proc40 332.125
proc45 335.000
proc46 338.000
proc7 338.875
proc32 340.375
proc2 342.875
proc18 343.250
proc21 345.000
proc8 345.375
proc1 346.250
proc56 348.125
proc5 350.750
proc47 351.375
proc20 355.250
proc55 355.875
proc38 357.625
proc33 358.625
proc22 360.250
proc30 361.625
proc51 362.875
proc66 363.500
proc43 364.625
proc41 367.250
proc74 369.125
proc23 373.250
152
