proc14 1.500
proc22 10.500
proc54 19.250
proc61 20.500
proc17 35.125
proc68 39.625
proc2 52.000
proc20 67.125
proc0 69.500
proc30 73.000
proc69 76.375
proc3 79.625
proc64 93.500
proc47 95.625
proc55 107.500
proc29 114.500
proc34 132.500
proc36 135.500
proc4 140.500
proc40 176.125
proc39 185.375
proc10 203.875
proc42 219.375
proc51 227.875
proc46 229.375
proc56 238.125
proc7 240.125
proc27 246.125
proc58 252.375
proc12 255.750
proc53 257.375
proc70 258.000
proc13 259.625
proc21 270.625
proc24 273.250
proc25 276.125
proc43 282.125
proc23 287.625
proc6 290.500
proc41 292.125
proc8 294.500
proc67 312.125
proc62 316.625
proc9 318.375
proc73 323.625
proc15 325.625
proc35 329.250
proc60 330.500
proc28 333.250
proc31 334.625
proc59 337.500
proc45 340.625
proc1 343.875
proc16 344.750
proc26 346.875
proc19 349.625
proc65 350.000
proc66 353.875
proc52 355.875
proc72 356.125
proc48 359.625
proc11 360.125
proc18 363.375
proc49 366.250
proc57 368.875
proc44 371.375
proc37 372.250
proc71 373.000
proc38 375.500
proc50 377.250
proc5 377.375
proc32 380.500
proc74 381.875
proc63 385.875
proc33 386.875
152
