proc8 4.000
proc29 5.750
proc9 9.125
proc46 10.250
proc34 13.375
proc65 14.500
proc64 23.250
proc49 62.500
proc51 68.750
proc71 85.750
proc53 90.875
proc62 96.125
proc20 96.250
proc5 100.000
proc28 103.250
proc45 120.375
proc13 129.000
proc48 134.625
proc35 138.250
proc3 163.750
proc22 180.375
proc55 185.625
proc73 194.375
proc68 195.250
proc63 203.125
proc61 214.500
proc50 220.375
proc10 221.250
proc66 226.875
proc43 230.750
proc47 238.750
proc67 247.250
proc37 248.625
proc59 248.750
proc56 259.250
proc26 264.000
proc16 277.375
proc21 282.500
proc12 284.375
proc72 288.125
proc58 307.250
proc30 307.875
proc60 319.375
proc31 323.375
proc32 326.250
proc15 329.875
proc14 330.250
proc7 331.625
proc24 333.125
proc25 335.750
proc0 339.375
proc18 340.500
proc11 343.750
proc17 343.875
proc41 345.750
proc4 347.500
proc6 348.875
proc1 351.500
proc44 352.125
proc40 353.625
proc33 355.500
proc74 357.750
proc2 360.250
proc54 361.875
proc27 364.500
proc52 367.000
proc39 369.875
proc70 372.375
proc38 374.375
proc36 376.625
proc42 379.000
proc19 381.250
proc69 384.125
proc23 384.625
proc57 387.500
152
