proc51 5.750
proc58 11.000
proc12 16.000
proc15 41.125
proc59 46.250
proc61 70.625
proc22 74.125
proc74 85.750
proc39 86.375
proc27 92.125
proc3 99.750
proc19 103.625
proc17 104.500
proc57 132.000
proc23 136.750
proc20 137.250
proc56 139.000
proc43 140.125
proc53 150.875
proc30 156.500
proc48 162.375
proc64 163.875
proc11 168.500
proc9 168.875
proc35 173.375
proc28 196.500
proc18 204.250
proc0 207.750
proc73 212.625
proc8 217.750
proc32 237.250
proc69 241.000
proc31 254.250
proc6 261.375
proc52 267.125
proc41 268.250
proc65 268.625
proc34 271.750
proc63 279.750
proc1 282.875
proc25 285.125
proc10 291.375
proc13 292.125
proc50 292.375
proc47 298.000
proc36 299.875
proc49 304.500
proc67 305.500
proc68 305.750
proc55 308.125
proc21 311.750
proc70 313.625
proc5 317.375
proc24 320.250
proc29 321.500
proc26 325.375
proc4 327.125
proc71 328.500
proc33 332.375
proc60 335.625
proc16 336.625
proc46 338.500
proc66 341.625
proc7 345.125
proc72 346.250
proc42 348.250
proc14 349.625
proc38 351.875
proc54 355.750
proc37 357.500
proc44 361.000
proc45 363.250
proc40 366.500
proc2 366.750
proc62 368.250
146
