proc38 3.125
proc42 8.125
proc4 33.625
proc5 45.375
proc22 50.125
proc18 56.500
proc10 63.500
proc31 84.500
proc30 87.375
proc15 100.125
proc1 102.375
proc64 108.625
proc3 129.750
proc9 130.500
proc23 136.375
proc20 149.625
proc56 152.500
proc33 155.625
proc2 158.375
proc8 158.625
proc63 162.250
proc62 173.625
proc67 190.250
proc73 191.250
proc21 196.000
proc57 208.500
proc34 217.125
proc17 218.125
proc13 218.625
proc11 218.875
proc37 229.125
proc46 232.750
proc19 236.750
proc74 241.500
proc72 243.625
proc24 245.500
proc59 252.750
proc26 257.125
proc49 258.125
proc28 276.500
proc39 286.250
proc65 287.375
proc68 288.375
proc45 292.375
proc50 292.750
proc0 292.875
proc60 293.000
proc40 295.875
proc36 296.125
proc61 298.750
proc43 300.125
proc53 301.625
proc27 301.875
proc47 302.000
proc14 303.125
proc44 306.375
proc70 307.375
proc58 311.250
proc55 313.875
proc41 314.875
proc29 315.750
proc69 317.750
proc25 319.250
proc52 320.875
proc32 323.000
proc7 326.250
proc35 329.500
proc71 330.500
proc51 330.875
proc12 334.750
proc48 335.375
proc16 338.625
proc66 342.375
proc6 342.625
proc54 346.625
145
