proc51 15.750
proc50 23.125
proc54 29.750
proc61 30.125
proc14 33.625
proc44 42.875
proc66 53.500
proc57 54.375
proc68 57.750
proc41 74.375
proc27 88.000
proc29 90.125
proc28 92.375
proc36 102.875
proc46 109.625
proc25 130.875
proc64 138.250
proc23 156.000
proc2 157.250
proc42 169.875
proc35 174.500
proc32 176.875
proc0 177.750
proc1 186.500
proc30 188.250
proc69 191.625
proc53 199.375
proc4 203.375
proc65 206.250
proc38 208.250
proc17 221.875
proc59 226.625
proc55 227.750
proc3 242.750
proc74 246.875
proc37 253.125
proc31 260.750
proc12 262.000
proc70 292.625
proc49 294.875
proc21 303.875
proc19 308.750
proc60 310.500
proc6 312.000
proc62 312.750
proc10 314.375
proc34 315.375
proc73 318.000
proc58 318.125
proc8 321.875
proc47 322.750
proc13 325.625
proc45 328.625
proc20 329.000
proc67 330.875
proc15 332.250
proc56 334.125
proc72 337.375
proc40 338.250
proc48 341.250
proc43 343.000
proc7 345.500
proc39 346.375
proc33 348.375
proc52 351.500
proc71 353.500
proc11 355.250
proc22 358.375
proc5 360.875
proc9 363.375
proc16 365.625
proc18 367.250
proc24 368.875
proc63 371.125
proc26 375.125
151
