proc38 15.375
proc43 17.875
proc49 20.125
proc9 23.750
proc51 31.250
proc25 44.125
proc65 46.750
proc40 55.250
proc31 63.750
proc72 71.625
proc67 79.625
proc33 113.500
proc34 121.875
proc30 163.125
proc61 164.750
proc69 165.875
proc59 178.625
proc73 181.000
proc52 210.000
proc8 213.000
proc68 216.875
proc27 221.250
proc12 228.625
proc66 252.875
proc4 253.125
proc23 259.000
proc20 266.500
proc39 267.625
proc62 268.250
proc54 268.375
proc55 271.125
proc2 274.000
proc44 278.125
proc48 280.625
proc6 285.750
proc64 288.000
proc16 289.625
proc47 290.375
proc17 304.125
proc57 307.125
proc21 312.000
proc24 315.875
proc13 324.500
proc11 327.375
proc63 331.250
proc7 334.875
proc1 335.375
proc19 338.125
proc26 339.375
proc28 340.625
proc46 344.000
proc3 346.500
proc36 349.000
proc56 349.750
proc18 350.000
proc58 353.125
proc70 356.375
proc45 358.250
proc41 361.000
proc29 362.750
proc35 364.000
proc74 365.375
proc37 368.875
proc42 370.000
proc10 372.625
proc71 372.750
proc53 374.125
proc15 376.500
proc60 379.625
proc50 380.875
proc0 385.000
proc14 388.375
proc22 389.125
proc32 392.000
proc5 393.875
155
