proc56 12.625
proc4 24.750
proc23 40.125
proc10 50.875
proc38 66.500
proc21 70.125
proc30 81.375
proc12 91.750
proc58 100.625
proc53 101.250
proc39 102.875
proc74 107.250
proc42 109.375
proc49 121.125
proc72 126.875
proc3 133.000
proc27 154.625
proc44 162.500
proc0 183.250
proc22 187.000
proc47 187.250
proc5 188.750
proc9 192.125
proc25 203.000
proc29 216.500
proc37 234.000
proc17 237.000
proc33 246.625
proc41 251.125
proc67 254.750
proc43 257.125
proc45 258.625
proc62 277.125
proc40 277.625
proc20 288.500
proc6 314.125
proc55 320.875
proc51 321.250
proc7 322.125
proc65 326.000
proc31 330.000
proc59 330.375
proc50 332.875
proc26 336.250
proc35 337.875
proc64 340.750
proc60 342.250
proc48 346.125
proc54 348.625
proc24 349.125
proc8 351.250
proc66 354.250
proc36 357.125
proc70 360.625
proc57 364.125
proc28 366.750
proc2 367.750
proc16 368.750
proc1 370.625
proc11 370.750
proc18 374.000
proc14 378.250
proc19 380.750
proc63 381.250
proc32 383.750
proc52 384.500
proc61 385.000
proc46 387.375
proc15 390.125
proc68 390.500
proc13 391.125
proc34 391.875
proc71 392.625
proc73 395.875
proc69 397.000
159
