proc51 50.750
proc13 55.875
proc29 85.500
proc8 87.125
proc62 89.500
proc50 93.625
proc55 94.000
proc28 112.875
proc32 115.625
proc64 125.250
proc26 125.875
proc49 139.625
proc61 157.750
proc43 175.375
proc69 186.000
proc25 190.000
proc12 201.250
proc65 209.125
proc72 209.500
proc73 222.875
proc37 224.375
proc7 227.875
proc24 228.750
proc23 250.250
proc22 252.750
proc35 258.000
proc44 259.375
proc60 270.125
proc53 277.625
proc71 277.625
proc42 280.125
proc33 302.875
proc59 302.875
proc40 315.125
proc16 317.000
proc68 321.500
proc15 323.500
proc41 323.875
proc21 329.500
proc6 344.000
proc14 344.750
proc52 345.125
proc63 346.250
proc19 349.375
proc48 352.250
proc70 353.000
proc34 353.125
proc1 357.125
proc57 357.875
proc9 359.625
proc56 360.625
proc2 361.500
proc45 363.250
proc18 364.500
proc39 365.875
proc66 366.250
proc54 368.500
proc46 370.375
proc27 372.500
proc58 374.500
proc17 375.000
proc20 376.125
proc30 379.000
proc74 381.000
proc4 384.125
proc67 386.500
proc10 388.000
proc5 388.500
proc3 391.250
proc11 394.750
proc38 395.750
proc47 399.250
proc31 401.750
proc36 404.750
proc0 406.875
167
