proc70 11.875
proc5 15.125
proc64 22.750
proc12 23.000
proc55 32.250
proc13 53.000
proc54 61.375
proc7 63.625
proc35 64.250
proc69 87.375
proc53 102.375
proc20 105.125
proc50 113.500
proc68 116.500
proc48 123.250
proc43 137.125
proc31 141.125
proc57 150.375
proc40 157.125
proc63 158.125
proc60 170.750
proc61 171.375
proc67 174.750
proc45 186.375
proc65 188.750
proc2 196.750
proc42 198.000
proc3 201.000
proc74 209.625
proc56 212.500
proc16 215.375
proc25 219.375
proc49 219.750
proc17 227.625
proc1 236.500
proc73 239.750
proc32 284.125
proc6 285.125
proc44 288.750
proc26 297.125
proc33 297.750
proc9 302.125
proc72 310.875
proc29 312.000
proc51 312.375
proc59 315.250
proc66 315.375
proc34 318.250
proc14 318.625
proc18 322.500
proc39 324.125
proc71 327.625
proc10 328.875
proc0 329.000
proc22 333.250
proc30 333.375
proc8 336.750
proc19 339.875
proc21 341.375
proc38 343.250
proc41 344.625
proc24 347.250
proc15 349.500
proc46 351.875
proc4 355.375
proc36 358.375
proc11 362.500
proc62 366.375
proc47 366.875
proc37 369.000
proc23 371.125
proc52 371.875
proc27 373.375
proc58 374.125
proc28 377.000
150
