proc5 5.375
proc19 9.750
proc46 51.875
proc21 54.250
proc44 76.750
proc67 87.750
proc72 92.500
proc36 100.125
proc58 121.250
proc48 126.375
proc35 135.375
proc28 145.375
proc63 147.500
proc64 150.500
proc20 167.250
proc4 169.250
proc29 174.375
proc38 176.500
proc7 177.000
proc50 189.250
proc66 197.125
proc32 206.625
proc10 212.375
proc16 229.125
proc27 233.875
proc70 236.625
proc51 238.000
proc47 245.125
proc52 246.125
proc37 251.750
proc34 252.750
proc62 253.125
proc23 254.000
proc49 258.375
proc68 261.250
proc24 261.250
proc17 261.375
proc56 263.625
proc3 302.875
proc0 306.375
proc11 313.000
proc14 315.625
proc74 320.125
proc9 324.375
proc45 326.125
proc54 327.500
proc26 330.625
proc59 332.250
proc61 336.000
proc73 337.750
proc69 339.000
proc31 340.250
proc39 343.750
proc43 346.375
proc41 349.250
proc15 349.375
proc71 350.875
proc2 354.000
proc18 358.125
proc22 359.000
proc13 360.625
proc12 364.125
proc8 367.500
proc40 368.125
proc57 370.500
proc30 374.125
proc55 376.125
proc1 379.375
proc25 380.000
proc53 381.375
proc60 382.250
proc6 385.125
proc33 387.625
proc65 391.125
proc42 394.750
159
