proc65 4.125
proc1 5.500
proc60 8.125
proc72 10.000
proc47 15.000
proc6 28.625
proc24 35.500
proc0 39.625
proc9 39.875
proc45 47.250
proc21 75.125
proc22 77.875
proc71 83.875
proc14 85.375
proc29 86.750
proc41 88.250
proc40 90.125
proc7 91.625
proc42 116.500
proc33 126.125
proc26 126.875
proc53 127.000
proc28 132.625
proc52 139.500
proc59 141.125
proc13 145.125
proc25 146.125
proc30 147.500
proc55 151.750
proc36 154.875
proc64 156.750
proc61 163.500
proc31 179.000
proc39 187.250
proc69 187.500
proc8 194.625
proc38 195.375
proc66 203.500
proc44 203.750
proc56 217.875
proc49 245.125
proc54 249.125
proc50 254.375
proc58 257.000
proc48 257.125
proc70 258.875
proc63 266.875
proc32 273.125
proc16 273.750
proc4 276.000
proc19 277.250
proc15 283.125
proc51 284.250
proc37 285.625
proc57 287.250
proc10 288.000
proc73 292.000
proc67 293.500
proc46 296.000
proc18 298.000
proc27 300.125
proc11 302.000
proc34 304.750
proc68 305.125
proc5 306.125
proc3 308.125
proc17 308.250
proc74 310.250
proc35 310.750
proc62 313.875
proc12 314.625
proc2 316.875
proc43 318.750
proc23 321.875
proc20 323.750
132
