proc23 29.500
proc0 31.250
proc49 35.375
proc31 47.750
proc63 49.250
proc33 64.625
proc73 76.625
proc52 79.250
proc41 79.625
proc36 93.000
proc57 102.625
proc60 113.375
proc64 113.875
proc58 135.125
proc4 138.750
proc53 152.000
proc1 161.000
proc24 170.500
proc8 182.500
proc26 183.125
proc28 198.875
proc74 200.375
proc35 204.000
proc19 211.250
proc9 222.250
proc2 228.500
proc56 229.250
proc14 229.750
proc29 235.125
proc51 236.000
proc72 239.000
proc40 241.375
proc39 253.250
proc55 261.375
proc18 264.750
proc50 267.750
proc69 269.875
proc25 273.375
proc68 277.625
proc22 283.250
proc37 295.625
proc62 297.625
proc17 301.875
proc48 316.750
proc38 319.875
proc61 321.250
proc3 323.875
proc43 326.125
proc27 330.000
proc59 330.750
proc54 331.250
proc11 331.500
proc15 333.250
proc20 335.750
proc67 339.500
proc21 343.375
proc44 343.500
proc5 343.750
proc70 345.375
proc10 348.250
proc13 351.000
proc66 352.875
proc65 353.125
proc12 355.375
proc71 356.875
proc7 358.375
proc16 359.625
proc42 363.250
proc34 365.750
proc32 366.875
proc46 368.875
proc47 369.000
proc45 370.250
proc6 372.750
proc30 373.750
153
