proc60 9.875
proc62 13.625
proc44 13.875
proc20 17.500
proc35 22.250
proc1 23.000
proc17 40.625
proc12 58.375
proc68 60.000
proc9 72.625
proc59 88.375
proc23 89.500
proc33 100.875
proc32 103.000
proc51 112.375
proc69 113.125
proc11 113.750
proc16 116.750
proc55 132.625
proc49 150.250
proc6 157.125
proc39 160.125
proc27 172.625
proc64 180.375
proc61 192.500
proc47 197.250
proc48 198.625
proc36 204.250
proc46 208.750
proc70 212.000
proc58 217.375
proc15 218.500
proc54 221.000
proc41 224.250
proc14 226.875
proc31 229.250
proc26 230.750
proc22 240.250
proc30 252.250
proc45 262.125
proc73 265.000
proc29 265.000
proc4 268.375
proc5 276.000
proc53 276.250
proc72 284.375
proc57 286.125
proc21 291.250
proc74 293.250
proc71 296.375
proc56 297.750
proc38 299.250
proc37 301.375
proc66 304.125
proc34 306.125
proc63 309.625
proc10 311.500
proc25 314.875
proc43 318.375
proc24 319.000
proc52 322.500
proc40 325.625
proc18 328.625
proc19 331.500
proc0 334.625
proc42 335.375
proc67 337.250
proc3 340.125
proc65 343.250
proc50 345.625
proc8 347.500
proc7 348.125
proc13 349.875
proc2 352.750
proc28 354.250
139
