proc60 3.250
proc25 3.500
proc43 15.750
proc66 16.125
proc12 20.625
proc52 28.250
proc26 33.500
proc38 50.875
proc34 65.250
proc35 65.875
proc5 70.250
proc57 87.750
proc28 89.125
proc0 96.625
proc53 98.375
proc67 99.000
proc54 101.250
proc23 107.875
proc49 110.375
proc55 111.625
proc33 130.500
proc31 137.875
proc58 146.125
proc47 146.500
proc9 152.375
proc64 159.500
proc6 191.875
proc1 192.375
proc59 206.125
proc10 211.125
proc39 220.125
proc51 220.375
proc46 221.375
proc19 234.125
proc56 243.000
proc36 248.000
proc50 249.500
proc65 255.000
proc21 255.375
proc42 269.750
proc11 272.375
proc61 272.875
proc41 280.875
proc8 287.375
proc20 293.250
proc32 304.625
proc16 304.750
proc71 306.625
proc45 309.500
proc62 310.375
proc7 312.500
proc74 313.000
proc29 314.250
proc40 317.875
proc18 318.250
proc27 321.750
proc69 325.625
proc15 325.875
proc68 327.625
proc2 328.500
proc14 328.625
proc70 332.750
proc13 336.125
proc22 336.375
proc30 336.625
proc4 337.000
proc37 339.750
proc44 343.375
proc24 343.750
proc3 346.125
proc48 348.500
proc17 350.125
proc63 353.250
proc73 355.875
proc72 359.000
145
