proc21 29.000
proc44 34.750
proc7 37.250
proc19 46.375
proc58 60.125
proc56 63.000
proc69 63.500
proc71 72.625
proc0 83.375
proc42 100.125
proc73 117.250
proc12 138.375
proc15 147.875
proc4 153.125
proc14 159.000
proc51 168.000
proc24 178.875
proc37 194.375
proc30 207.625
proc22 209.875
proc28 213.500
proc53 218.000
proc68 218.625
proc57 221.625
proc23 245.250
proc70 246.125
proc60 246.125
proc2 251.000
proc66 254.000
proc64 260.750
proc9 265.000
proc3 265.375
proc50 268.375
proc52 269.625
proc65 271.500
proc35 275.125
proc18 298.750
proc48 300.625
proc38 300.875
proc10 302.750
proc62 308.000
proc67 313.500
proc16 318.500
proc43 325.000
proc13 325.875
proc36 326.125
proc74 326.625
proc55 328.875
proc31 329.750
proc11 332.500
proc39 333.375
proc47 334.125
proc32 335.750
proc6 337.000
proc26 337.875
proc46 339.125
proc63 339.625
proc29 343.250
proc20 345.875
proc1 347.500
proc34 349.500
proc33 353.500
proc25 354.875
proc40 356.250
proc27 356.250
proc61 360.000
proc8 362.500
proc49 363.625
proc54 366.375
proc59 368.250
proc41 371.625
proc72 374.625
proc17 377.875
proc45 378.875
proc5 382.375
157
