proc36 6.375
proc25 27.250
proc34 45.875
proc23 48.375
proc43 85.250
proc49 122.125
proc58 129.375
proc17 147.875
proc6 158.875
proc66 164.750
proc30 171.500
proc54 179.375
proc16 185.625
proc42 186.375
proc32 188.375
proc41 189.875
proc47 193.000
proc10 197.125
proc28 200.750
proc15 223.375
proc9 238.375
proc22 239.125
proc1 258.875
proc0 265.875
proc68 269.625
proc48 287.250
proc45 297.875
proc35 306.125
proc64 311.125
proc13 313.375
proc3 313.500
proc18 319.250
proc14 320.125
proc27 322.250
proc74 322.625
proc46 331.375
proc4 334.000
proc11 336.625
proc62 337.500
proc7 346.875
proc33 348.750
proc69 349.625
proc29 351.375
proc5 354.375
proc50 358.375
proc72 361.750
proc2 362.125
proc24 364.625
proc59 365.375
proc53 368.250
proc61 370.500
proc38 372.875
proc55 375.750
proc20 378.625
proc56 379.750
proc44 381.875
proc65 384.750
proc8 387.625
proc67 390.125
proc12 391.875
proc26 395.125
proc19 398.500
proc57 399.000
proc71 403.125
proc31 404.875
proc73 405.625
proc52 407.000
proc21 409.375
proc39 412.375
proc37 414.875
proc63 416.125
proc40 417.000
proc70 417.500
proc60 419.875
proc51 423.125
164
