proc35 9.375
proc70 10.625
proc47 36.500
proc60 60.375
proc13 103.750
proc11 109.125
proc69 116.500
proc0 117.875
proc39 123.500
proc29 132.375
proc65 151.375
proc25 151.375
proc71 154.500
proc37 161.625
proc16 167.250
proc30 169.625
proc54 205.875
proc52 217.750
proc34 219.500
proc74 227.625
proc42 230.375
proc18 232.500
proc58 236.125
proc55 246.500
proc43 250.500
proc59 251.125
proc27 251.875
proc44 257.250
proc7 260.000
proc72 262.375
proc48 262.875
proc15 268.500
proc51 278.750
proc28 281.500
proc19 285.625
proc2 290.250
proc56 291.000
proc6 296.000
proc5 305.500
proc73 328.250
proc9 328.875
proc46 333.125
proc20 339.375
proc49 343.750
proc22 345.000
proc64 348.000
proc45 348.625
proc12 351.250
proc61 352.000
proc53 354.875
proc38 356.750
proc68 359.625
proc62 361.000
proc3 363.875
proc1 367.375
proc21 367.500
proc67 368.125
proc17 369.375
proc4 373.125
proc14 375.375
proc31 376.250
proc50 376.875
proc26 379.250
proc41 380.250
proc36 382.625
proc8 383.750
proc24 383.875
proc57 386.625
proc66 388.750
proc32 389.750
proc33 390.250
proc10 391.375
proc40 395.375
proc63 398.250
proc23 402.000
163
