proc67 13.250
proc0 15.000
proc66 26.125
proc50 31.500
proc61 32.750
proc26 34.500
proc47 36.875
proc53 40.500
proc43 44.750
proc74 90.000
proc36 90.125
proc3 90.500
proc45 94.250
proc25 97.375
proc62 117.500
proc73 119.500
proc20 127.875
proc71 137.000
proc28 162.250
proc59 173.125
proc39 174.000
proc6 188.375
proc57 188.625
proc65 191.625
proc54 191.625
proc52 207.625
proc46 223.625
proc5 228.000
proc21 239.875
proc24 240.625
proc30 253.000
proc69 254.375
proc58 255.375
proc9 255.625
proc19 256.375
proc42 265.375
proc14 274.250
proc7 277.125
proc4 279.625
proc10 281.875
proc34 283.000
proc27 292.375
proc2 300.375
proc55 308.375
proc22 314.625
proc48 318.125
proc70 319.375
proc8 321.125
proc31 322.625
proc23 323.125
proc40 324.500
proc44 326.625
proc17 327.500
proc60 327.875
proc12 329.625
proc1 331.000
proc51 332.125
proc56 334.250
proc35 334.750
proc11 337.750
proc29 340.500
proc32 342.625
proc37 346.000
proc63 347.000
proc41 348.750
proc13 351.750
proc33 355.625
proc72 356.125
proc49 358.250
proc15 362.125
proc68 362.500
proc18 364.000
proc16 367.375
proc38 368.625
proc64 369.875
150
