proc44 5.625
proc51 10.375
proc52 12.250
proc35 30.250
proc60 66.250
proc47 71.125
proc65 78.875
proc7 80.750
proc50 88.250
proc1 96.875
proc27 107.375
proc5 107.625
proc22 118.500
proc11 125.000
proc21 143.875
proc67 159.250
proc61 160.625
proc3 161.000
proc24 162.000
proc2 167.875
proc38 173.375
proc14 186.875
proc69 187.500
proc42 197.375
proc32 197.875
proc66 202.625
proc58 207.250
proc29 210.125
proc19 217.000
proc34 222.625
proc28 238.625
proc68 239.625
proc30 250.375
proc15 253.000
proc23 253.625
proc55 255.250
proc46 257.750
proc49 265.000
proc53 269.250
proc39 279.500
proc73 287.125
proc54 289.250
proc9 300.000
proc41 307.750
proc45 314.875
proc62 318.875
proc71 319.625
proc36 319.875
proc13 320.250
proc6 322.125
proc18 322.250
proc17 324.500
proc16 325.875
proc56 329.625
proc33 332.000
proc72 332.500
proc43 334.750
proc10 338.750
proc64 339.750
proc74 342.125
proc26 345.375
proc0 349.625
proc48 352.375
proc37 355.500
proc25 355.875
proc31 359.875
proc4 360.250
proc57 363.375
proc59 367.625
proc63 371.000
proc40 373.250
proc8 375.125
proc70 379.000
proc20 381.250
proc12 384.500
154
