proc61 4.500
proc2 11.375
proc37 27.750
proc30 42.000
proc12 52.375
proc32 67.250
proc8 75.125
proc70 79.000
proc69 84.875
proc39 92.875
proc73 113.125
proc27 117.625
proc46 130.250
proc4 154.875
proc49 161.125
proc55 189.000
proc42 194.625
proc60 197.875
proc25 206.625
proc57 214.625
proc74 218.250
proc64 234.875
proc43 238.250
proc7 248.750
proc14 267.125
proc9 272.250
proc59 277.250
proc18 281.000
proc22 281.000
proc62 283.875
proc38 285.000
proc23 292.000
proc17 298.375
proc65 299.500
proc26 307.625
proc31 310.500
proc47 318.125
proc71 318.875
proc0 322.750
proc66 325.500
proc44 326.875
proc41 327.625
proc10 328.875
proc34 331.750
proc33 332.250
proc13 334.250
proc58 337.125
proc16 341.000
proc20 343.500
proc56 344.250
proc19 347.000
proc63 349.250
proc72 352.375
proc68 354.500
proc24 356.875
proc53 359.750
proc5 362.000
proc67 363.000
proc36 364.125
proc6 368.000
proc28 368.750
proc48 373.000
proc35 377.250
proc45 379.750
proc1 379.875
proc52 380.375
proc15 380.625
proc21 381.500
proc40 381.625
proc54 383.625
proc29 386.000
proc50 387.500
proc3 388.000
proc11 391.375
proc51 392.375
161
