proc20 1.500
proc31 3.375
proc34 56.750
proc39 66.250
proc21 86.875
proc43 101.750
proc71 103.875
proc12 106.625
proc18 115.750
proc45 117.500
proc3 118.125
proc33 118.250
proc61 118.500
proc49 132.500
proc51 133.500
proc41 136.750
proc66 150.000
proc58 151.000
proc40 157.875
proc15 159.125
proc7 164.000
proc26 166.000
proc62 166.500
proc48 182.375
proc13 202.625
proc14 204.500
proc64 206.125
proc17 207.500
proc57 207.750
proc19 220.625
proc56 229.875
proc25 230.000
proc1 232.375
proc38 236.375
proc35 242.875
proc73 263.625
proc10 276.375
proc27 277.500
proc67 284.125
proc0 287.375
proc22 290.000
proc63 298.625
proc69 299.500
proc54 301.125
proc16 315.000
proc52 316.875
proc30 320.500
proc37 320.875
proc65 323.875
proc9 324.250
proc70 325.750
proc11 327.000
proc23 327.000
proc60 327.500
proc53 331.625
proc36 335.375
proc55 337.500
proc59 338.000
proc44 340.750
proc2 343.625
proc72 345.625
proc46 346.500
proc74 347.000
proc6 347.500
proc42 349.875
proc32 352.250
proc68 356.000
proc29 359.250
proc5 363.250
proc8 364.625
proc28 366.000
proc24 366.500
proc4 368.000
proc50 369.375
proc47 372.375
155
