proc17 7.375
proc46 9.875
proc26 12.750
proc74 18.375
proc29 20.375
proc62 21.625
proc73 46.375
proc16 64.000
proc27 74.500
proc23 80.125
proc22 83.625
proc52 103.875
proc2 122.500
proc9 133.750
proc42 136.875
proc70 138.250
proc25 149.375
proc48 149.750
proc0 151.125
proc69 156.125
proc5 158.750
proc6 164.625
proc4 174.250
proc53 179.750
proc3 182.375
proc55 190.750
proc60 199.500
proc56 203.875
proc43 204.250
proc11 209.125
proc18 214.375
proc67 221.500
proc15 227.750
proc49 232.375
proc38 237.250
proc40 239.375
proc59 254.125
proc58 257.250
proc54 263.625
proc65 267.625
proc28 279.875
proc35 288.500
proc66 290.875
proc30 292.875
proc71 297.250
proc64 304.375
proc50 309.250
proc13 310.750
proc44 314.625
proc33 316.875
proc24 320.500
proc72 320.875
proc61 323.500
proc51 325.000
proc21 327.125
proc36 328.375
proc47 331.000
proc32 333.000
proc39 333.750
proc31 335.000
proc68 337.125
proc20 338.125
proc12 340.250
proc63 343.750
proc8 345.125
proc1 348.750
proc34 352.625
proc14 352.875
proc10 355.250
proc37 356.500
proc19 359.625
proc57 361.000
proc41 363.875
proc7 366.875
proc45 368.875
146
