proc64 5.375
proc17 31.500
proc41 39.750
proc61 50.625
proc68 62.750
proc35 63.500
proc20 76.750
proc56 81.000
proc27 93.250
proc53 99.750
proc46 111.375
proc29 111.625
proc36 121.875
proc31 131.750
proc9 147.625
proc19 153.500
proc33 160.625
proc34 161.875
proc14 166.750
proc38 182.375
proc30 195.000
proc5 210.375
proc40 213.125
proc2 217.875
proc74 220.125
proc4 223.125
proc51 229.500
proc43 229.500
proc15 229.625
proc73 248.875
proc57 282.250
proc37 282.750
proc59 283.750
proc67 285.625
proc72 294.500
proc25 309.250
proc28 317.250
proc62 318.500
proc1 319.500
proc24 322.750
proc12 325.625
proc3 326.500
proc26 328.000
proc21 328.500
proc45 331.250
proc16 332.875
proc47 335.875
proc7 336.000
proc48 337.875
proc65 339.875
proc66 342.625
proc18 344.125
proc60 346.375
proc52 349.250
proc54 350.125
proc23 350.250
proc6 353.625
proc50 355.625
proc0 355.875
proc70 359.875
proc58 360.000
proc22 360.625
proc11 362.125
proc44 366.000
proc42 366.375
proc32 368.500
proc55 370.750
proc8 371.750
proc49 372.375
proc10 373.875
proc69 374.625
proc63 375.750
proc39 375.875
proc13 379.375
proc71 379.750
158
