proc50 10.125
proc12 11.625
proc66 13.125
proc42 13.625
proc5 41.875
proc6 43.875
proc56 48.375
proc28 56.875
proc0 58.375
proc7 76.125
proc52 77.125
proc30 77.625
proc3 80.250
proc46 98.875
proc35 124.875
proc2 134.375
proc60 134.875
proc32 147.500
proc45 164.875
proc14 170.750
proc37 174.875
proc13 175.500
proc10 182.750
proc63 196.500
proc9 206.375
proc57 245.875
proc26 260.250
proc27 261.125
proc16 263.625
proc31 270.125
proc71 270.500
proc48 271.125
proc18 276.625
proc24 282.500
proc67 287.375
proc65 291.375
proc61 300.375
proc70 302.000
proc17 304.875
proc41 306.000
proc34 314.000
proc11 316.125
proc74 318.375
proc49 320.625
proc59 324.875
proc4 327.375
proc69 330.500
proc21 331.625
proc68 333.375
proc1 335.625
proc47 339.500
proc40 341.125
proc58 344.875
proc44 346.375
proc38 349.500
proc15 352.625
proc43 354.625
proc73 357.875
proc54 361.125
proc72 362.875
proc20 364.500
proc51 368.500
proc39 369.375
proc62 369.750
proc55 371.250
proc25 375.125
proc64 378.250
proc23 379.625
proc19 381.750
proc33 383.750
proc29 385.250
proc22 388.000
proc53 388.375
proc36 388.625
proc8 389.125
152
