proc143 2.000
proc136 6.000
proc10 9.000
proc115 10.000
proc57 12.000
proc110 16.000
proc88 17.000
proc120 18.000
proc53 20.000
proc26 22.000
proc78 24.000
proc41 26.000
proc97 29.000
proc140 31.000
proc96 33.000
proc142 36.000
proc137 39.000
proc7 40.000
proc59 42.000
proc134 44.000
proc114 46.000
proc132 48.000
proc108 50.000
proc131 53.000
proc33 55.000
proc129 58.000
proc30 61.000
proc91 64.000
proc60 66.000
proc127 68.000
proc5 70.000
proc54 72.000
proc133 75.000
proc76 76.000
proc105 78.000
proc122 80.000
proc44 82.000
proc81 84.000
proc90 87.000
proc139 90.000
proc113 93.000
proc112 96.000
proc34 99.000
proc149 102.000
proc117 105.000
proc79 108.000
proc147 112.000
proc31 116.000
proc68 120.000
proc93 124.000
proc38 128.000
proc0 132.000
proc98 136.000
proc84 140.000
proc77 144.000
proc50 148.000
proc35 152.000
proc2 157.000
proc86 162.000
proc85 167.000
proc65 172.000
proc46 177.000
proc104 182.000
proc39 187.000
proc130 192.000
proc21 197.000
proc148 202.000
proc45 207.000
proc72 212.000
proc71 217.000
proc32 222.000
proc4 227.000
proc16 232.000
proc80 237.000
proc135 242.000
proc111 248.000
proc95 254.000
proc62 260.000
proc8 266.000
proc106 272.000
proc29 278.000
proc124 284.000
proc27 290.000
proc47 296.000
proc18 302.000
proc37 308.000
proc66 314.000
proc51 320.000
proc83 326.000
proc75 333.000
proc64 340.000
proc36 347.000
proc74 354.000
proc6 361.000
proc141 368.000
proc56 375.000
proc73 382.000
proc144 389.000
proc101 396.000
proc125 403.000
proc23 410.000
proc70 417.000
proc40 424.000
proc43 431.000
proc12 438.000
proc116 445.000
proc67 452.000
proc58 459.000
proc55 467.000
proc107 475.000
proc109 483.000
proc94 491.000
proc63 499.000
proc92 507.000
proc121 515.000
proc9 523.000
proc1 531.000
proc126 539.000
proc28 547.000
proc49 555.000
proc128 564.000
proc61 573.000
proc138 582.000
proc48 591.000
proc102 600.000
proc69 609.000
proc25 618.000
proc100 627.000
proc24 636.000
proc15 645.000
proc52 654.000
proc145 663.000
proc146 672.000
proc103 681.000
proc119 690.000
proc13 700.000
proc82 710.000
proc19 720.000
proc11 730.000
proc118 740.000
proc123 750.000
proc89 760.000
proc3 770.000
proc22 780.000
proc99 790.000
proc42 800.000
proc17 810.000
proc20 820.000
proc87 830.000
proc14 840.000
8
