proc86 3.000
proc132 6.000
proc43 7.000
proc69 9.000
proc127 10.000
proc122 11.000
proc103 12.000
proc2 15.000
proc131 18.000
proc144 19.000
proc39 20.000
proc56 21.000
proc85 22.000
proc138 23.000
proc98 26.000
proc22 28.000
proc71 30.000
proc125 32.000
proc59 35.000
proc16 38.000
proc126 40.000
proc72 42.000
proc92 43.000
proc108 45.000
proc35 48.000
proc149 49.000
proc13 50.000
proc73 53.000
proc33 55.000
proc93 58.000
proc104 62.000
proc14 63.000
proc88 65.000
proc140 67.000
proc67 70.000
proc90 72.000
proc100 74.000
proc28 75.000
proc4 76.000
proc117 77.000
proc38 80.000
proc45 83.000
proc99 86.000
proc63 89.000
proc7 92.000
proc37 96.000
proc123 100.000
proc87 104.000
proc18 108.000
proc42 112.000
proc29 116.000
proc77 120.000
proc114 124.000
proc19 128.000
proc139 132.000
proc111 136.000
proc121 140.000
proc141 144.000
proc75 149.000
proc82 154.000
proc120 159.000
proc47 164.000
proc74 169.000
proc102 174.000
proc21 179.000
proc142 184.000
proc41 189.000
proc76 194.000
proc55 199.000
proc50 204.000
proc106 209.000
proc3 214.000
proc24 219.000
proc119 224.000
proc145 229.000
proc8 234.000
proc31 239.000
proc97 244.000
proc112 249.000
proc124 255.000
proc116 261.000
proc136 267.000
proc17 273.000
proc78 279.000
proc60 285.000
proc20 291.000
proc94 297.000
proc113 303.000
proc25 309.000
proc27 315.000
proc91 321.000
proc80 327.000
proc40 333.000
proc61 339.000
proc147 346.000
proc134 353.000
proc128 360.000
proc118 367.000
proc52 374.000
proc137 381.000
proc79 388.000
proc10 395.000
proc133 402.000
proc44 409.000
proc115 416.000
proc11 423.000
proc105 430.000
proc48 437.000
proc23 444.000
proc53 451.000
proc36 458.000
proc1 466.000
proc84 474.000
proc26 482.000
proc58 490.000
proc65 498.000
proc89 506.000
proc0 514.000
proc57 522.000
proc12 530.000
proc46 538.000
proc6 546.000
proc129 554.000
proc83 562.000
proc143 570.000
proc68 579.000
proc54 588.000
proc95 597.000
proc148 606.000
proc96 615.000
proc5 624.000
proc110 633.000
proc146 642.000
proc32 651.000
proc9 660.000
proc130 669.000
proc107 678.000
proc101 687.000
proc81 696.000
proc62 705.000
proc30 714.000
proc15 724.000
proc51 734.000
proc49 744.000
proc64 754.000
proc34 764.000
proc66 774.000
proc109 784.000
proc70 794.000
proc135 804.000
16
