proc135 7.000
proc71 8.000
proc148 10.000
proc69 12.000
proc1 14.000
proc26 16.000
proc97 17.000
proc124 18.000
proc133 19.000
proc103 20.000
proc18 21.000
proc102 23.000
proc108 24.000
proc6 26.000
proc85 28.000
proc44 30.000
proc83 32.000
proc122 34.000
proc5 37.000
proc126 39.000
proc104 41.000
proc39 43.000
proc37 45.000
proc95 47.000
proc48 50.000
proc116 52.000
proc79 54.000
proc70 57.000
proc128 60.000
proc4 63.000
proc52 64.000
proc38 65.000
proc78 68.000
proc19 70.000
proc106 71.000
proc9 73.000
proc96 74.000
proc10 75.000
proc25 77.000
proc146 79.000
proc57 81.000
proc7 83.000
proc77 86.000
proc65 89.000
proc23 92.000
proc88 95.000
proc113 98.000
proc105 101.000
proc149 104.000
proc11 107.000
proc31 110.000
proc119 113.000
proc55 116.000
proc49 119.000
proc60 122.000
proc110 125.000
proc132 128.000
proc2 131.000
proc134 135.000
proc109 139.000
proc47 143.000
proc140 147.000
proc62 151.000
proc87 155.000
proc59 159.000
proc142 163.000
proc107 167.000
proc35 171.000
proc115 175.000
proc53 179.000
proc86 183.000
proc27 187.000
proc14 191.000
proc51 196.000
proc67 201.000
proc125 206.000
proc40 211.000
proc8 216.000
proc63 221.000
proc34 226.000
proc36 231.000
proc54 236.000
proc3 242.000
proc76 248.000
proc61 254.000
proc68 260.000
proc29 266.000
proc117 272.000
proc100 278.000
proc99 284.000
proc123 290.000
proc136 296.000
proc13 302.000
proc12 308.000
proc129 314.000
proc143 320.000
proc0 326.000
proc90 333.000
proc64 340.000
proc45 347.000
proc82 354.000
proc130 361.000
proc15 368.000
proc73 375.000
proc28 382.000
proc43 389.000
proc138 396.000
proc66 403.000
proc139 410.000
proc33 417.000
proc75 424.000
proc22 431.000
proc72 438.000
proc21 445.000
proc147 452.000
proc120 460.000
proc91 468.000
proc50 476.000
proc92 484.000
proc46 492.000
proc42 500.000
proc98 508.000
proc114 516.000
proc32 524.000
proc121 532.000
proc17 540.000
proc24 548.000
proc56 556.000
proc84 565.000
proc58 574.000
proc118 583.000
proc16 592.000
proc144 601.000
proc89 610.000
proc41 619.000
proc111 628.000
proc131 637.000
proc30 646.000
proc80 655.000
proc81 665.000
proc74 675.000
proc145 685.000
proc141 695.000
proc94 705.000
proc101 715.000
proc20 725.000
proc127 735.000
proc137 745.000
proc93 755.000
proc112 765.000
13
