proc65 5.000
proc90 8.000
proc149 10.000
proc51 11.000
proc50 12.000
proc14 13.000
proc101 14.000
proc80 15.000
proc147 16.000
proc23 18.000
proc48 20.000
proc57 22.000
proc114 24.000
proc78 26.000
proc71 29.000
proc70 30.000
proc6 31.000
proc72 34.000
proc89 39.000
proc25 40.000
proc58 41.000
proc3 42.000
proc34 44.000
proc66 47.000
proc24 50.000
proc91 52.000
proc123 54.000
proc68 57.000
proc84 58.000
proc17 61.000
proc95 63.000
proc135 65.000
proc15 66.000
proc43 67.000
proc107 68.000
proc83 69.000
proc40 70.000
proc42 74.000
proc76 76.000
proc2 77.000
proc49 79.000
proc26 82.000
proc94 85.000
proc5 88.000
proc148 91.000
proc117 95.000
proc133 99.000
proc64 103.000
proc99 107.000
proc13 111.000
proc105 115.000
proc126 119.000
proc47 123.000
proc69 127.000
proc73 131.000
proc16 135.000
proc139 139.000
proc100 143.000
proc116 148.000
proc127 153.000
proc81 158.000
proc41 163.000
proc121 168.000
proc20 173.000
proc140 178.000
proc39 183.000
proc96 188.000
proc63 193.000
proc102 198.000
proc67 203.000
proc136 208.000
proc30 214.000
proc46 220.000
proc130 226.000
proc36 232.000
proc93 238.000
proc115 244.000
proc86 250.000
proc31 256.000
proc97 262.000
proc77 268.000
proc124 274.000
proc38 280.000
proc0 286.000
proc87 292.000
proc44 298.000
proc104 304.000
proc9 310.000
proc119 317.000
proc85 324.000
proc113 331.000
proc92 338.000
proc32 345.000
proc110 352.000
proc62 359.000
proc108 366.000
proc56 373.000
proc35 380.000
proc74 387.000
proc141 394.000
proc128 401.000
proc75 408.000
proc1 415.000
proc143 422.000
proc146 429.000
proc21 436.000
proc79 444.000
proc59 452.000
proc137 460.000
proc45 468.000
proc88 476.000
proc54 484.000
proc122 492.000
proc120 500.000
proc10 508.000
proc106 516.000
proc18 524.000
proc145 532.000
proc142 540.000
proc82 548.000
proc118 556.000
proc138 564.000
proc111 572.000
proc53 581.000
proc98 590.000
proc131 599.000
proc33 608.000
proc8 617.000
proc12 626.000
proc29 635.000
proc11 644.000
proc60 653.000
proc134 662.000
proc112 671.000
proc19 680.000
proc37 689.000
proc103 698.000
proc125 707.000
proc7 717.000
proc132 727.000
proc129 737.000
proc4 747.000
proc52 757.000
proc22 767.000
proc109 777.000
proc55 787.000
proc144 797.000
proc28 807.000
proc61 817.000
proc27 827.000
17
