proc96 4.000
proc55 5.000
proc112 6.000
proc122 9.000
proc63 13.000
proc148 15.000
proc14 17.000
proc33 18.000
proc48 20.000
proc64 22.000
proc59 25.000
proc120 28.000
proc28 30.000
proc121 32.000
proc133 35.000
proc82 36.000
proc72 38.000
proc135 39.000
proc32 42.000
proc30 44.000
proc73 47.000
proc149 50.000
proc3 51.000
proc147 55.000
proc114 56.000
proc17 59.000
proc97 61.000
proc43 63.000
proc108 65.000
proc144 67.000
proc139 68.000
proc65 69.000
proc93 71.000
proc15 74.000
proc131 77.000
proc9 80.000
proc111 83.000
proc123 86.000
proc132 89.000
proc34 92.000
proc39 95.000
proc128 99.000
proc19 103.000
proc36 107.000
proc141 111.000
proc127 115.000
proc26 119.000
proc53 123.000
proc143 127.000
proc29 131.000
proc94 136.000
proc75 141.000
proc79 146.000
proc49 151.000
proc134 156.000
proc140 161.000
proc13 166.000
proc90 171.000
proc41 176.000
proc31 181.000
proc138 186.000
proc18 192.000
proc125 198.000
proc44 204.000
proc85 210.000
proc35 216.000
proc74 222.000
proc129 228.000
proc124 234.000
proc5 240.000
proc113 246.000
proc88 252.000
proc118 258.000
proc84 264.000
proc91 270.000
proc7 276.000
proc70 282.000
proc23 288.000
proc52 294.000
proc66 300.000
proc37 307.000
proc60 314.000
proc57 321.000
proc54 328.000
proc95 335.000
proc89 342.000
proc68 349.000
proc62 356.000
proc83 363.000
proc51 370.000
proc104 377.000
proc101 384.000
proc86 391.000
proc22 398.000
proc80 406.000
proc145 414.000
proc107 422.000
proc56 430.000
proc146 438.000
proc117 446.000
proc4 454.000
proc81 462.000
proc110 470.000
proc25 478.000
proc11 486.000
proc126 494.000
proc116 502.000
proc16 510.000
proc47 518.000
proc69 526.000
proc137 534.000
proc58 542.000
proc24 550.000
proc12 558.000
proc40 567.000
proc46 576.000
proc98 585.000
proc77 594.000
proc87 603.000
proc119 612.000
proc99 621.000
proc115 630.000
proc130 639.000
proc71 648.000
proc136 657.000
proc2 666.000
proc103 675.000
proc27 684.000
proc105 693.000
proc8 703.000
proc76 713.000
proc61 723.000
proc109 733.000
proc67 743.000
proc0 753.000
proc6 763.000
proc92 773.000
proc106 783.000
proc142 793.000
proc1 803.000
proc100 813.000
proc10 823.000
proc20 833.000
proc78 843.000
proc50 853.000
proc38 863.000
proc102 873.000
proc42 883.000
proc45 893.000
proc21 903.000
14
