proc127 2.000
proc13 6.000
proc64 9.000
proc49 10.000
proc109 13.000
proc11 14.000
proc69 15.000
proc132 18.000
proc117 20.000
proc4 22.000
proc101 25.000
proc110 28.000
proc42 29.000
proc29 32.000
proc123 33.000
proc24 35.000
proc129 37.000
proc75 39.000
proc85 41.000
proc78 43.000
proc147 45.000
proc59 46.000
proc104 48.000
proc90 49.000
proc143 50.000
proc99 52.000
proc54 54.000
proc27 55.000
proc31 56.000
proc139 58.000
proc92 61.000
proc79 64.000
proc81 67.000
proc112 68.000
proc51 69.000
proc19 71.000
proc28 72.000
proc15 75.000
proc120 78.000
proc94 81.000
proc111 84.000
proc30 87.000
proc55 90.000
proc149 94.000
proc86 98.000
proc45 102.000
proc47 106.000
proc26 110.000
proc134 114.000
proc18 118.000
proc70 122.000
proc5 126.000
proc80 130.000
proc32 134.000
proc116 138.000
proc133 142.000
proc73 146.000
proc7 151.000
proc144 156.000
proc66 161.000
proc52 166.000
proc114 171.000
proc44 176.000
proc38 181.000
proc82 186.000
proc97 191.000
proc53 196.000
proc8 201.000
proc74 206.000
proc33 211.000
proc103 216.000
proc57 221.000
proc140 226.000
proc68 231.000
proc72 236.000
proc25 242.000
proc63 248.000
proc40 254.000
proc88 260.000
proc146 266.000
proc14 272.000
proc0 278.000
proc1 284.000
proc3 290.000
proc10 296.000
proc50 302.000
proc20 308.000
proc115 314.000
proc2 320.000
proc37 327.000
proc108 334.000
proc141 341.000
proc56 348.000
proc16 355.000
proc124 362.000
proc100 369.000
proc95 376.000
proc76 383.000
proc9 390.000
proc125 397.000
proc148 404.000
proc102 411.000
proc84 418.000
proc131 426.000
proc12 434.000
proc138 442.000
proc46 450.000
proc67 458.000
proc105 466.000
proc21 474.000
proc61 482.000
proc122 490.000
proc6 498.000
proc136 506.000
proc107 514.000
proc106 522.000
proc137 530.000
proc113 539.000
proc118 548.000
proc130 557.000
proc93 566.000
proc83 575.000
proc142 584.000
proc62 593.000
proc128 602.000
proc39 611.000
proc77 620.000
proc65 629.000
proc17 638.000
proc126 647.000
proc89 656.000
proc71 665.000
proc22 674.000
proc119 683.000
proc60 692.000
proc43 701.000
proc23 710.000
proc58 719.000
proc121 728.000
proc91 737.000
proc135 747.000
proc36 757.000
proc34 767.000
proc96 777.000
proc41 787.000
proc35 797.000
proc87 807.000
proc48 817.000
proc98 827.000
proc145 837.000
15
