proc102 5.000
proc16 8.000
proc74 10.000
proc82 13.000
proc93 15.000
proc31 17.000
proc85 19.000
proc45 23.000
proc121 26.000
proc52 30.000
proc43 31.000
proc92 33.000
proc50 35.000
proc123 37.000
proc65 40.000
proc10 42.000
proc55 44.000
proc26 47.000
proc21 48.000
proc81 50.000
proc91 52.000
proc58 53.000
proc46 56.000
proc42 60.000
proc7 62.000
proc97 64.000
proc28 65.000
proc118 66.000
proc124 68.000
proc62 71.000
proc101 73.000
proc99 74.000
proc72 76.000
proc78 78.000
proc120 81.000
proc138 84.000
proc51 87.000
proc38 90.000
proc149 94.000
proc119 98.000
proc71 102.000
proc68 106.000
proc100 110.000
proc24 114.000
proc36 118.000
proc1 122.000
proc125 126.000
proc53 130.000
proc146 135.000
proc96 140.000
proc105 145.000
proc19 150.000
proc14 155.000
proc66 160.000
proc132 165.000
proc9 170.000
proc13 175.000
proc37 180.000
proc122 185.000
proc109 190.000
proc115 195.000
proc126 200.000
proc108 205.000
proc130 210.000
proc140 216.000
proc4 222.000
proc30 228.000
proc90 234.000
proc5 240.000
proc33 246.000
proc104 252.000
proc83 258.000
proc70 264.000
proc27 270.000
proc135 276.000
proc98 282.000
proc111 288.000
proc39 294.000
proc59 300.000
proc143 306.000
proc112 312.000
proc103 318.000
proc141 324.000
proc88 330.000
proc48 337.000
proc49 344.000
proc84 351.000
proc23 358.000
proc56 365.000
proc110 372.000
proc80 379.000
proc129 386.000
proc0 393.000
proc15 400.000
proc77 407.000
proc67 414.000
proc64 421.000
proc75 428.000
proc136 435.000
proc6 442.000
proc145 449.000
proc87 456.000
proc89 463.000
proc94 470.000
proc8 478.000
proc107 486.000
proc29 494.000
proc76 502.000
proc40 510.000
proc95 518.000
proc2 526.000
proc142 534.000
proc131 542.000
proc35 550.000
proc117 558.000
proc47 566.000
proc57 574.000
proc128 582.000
proc69 590.000
proc134 598.000
proc116 606.000
proc148 614.000
proc17 623.000
proc18 632.000
proc61 641.000
proc32 650.000
proc147 659.000
proc113 668.000
proc86 677.000
proc44 686.000
proc3 695.000
proc144 704.000
proc106 713.000
proc133 723.000
proc22 733.000
proc41 743.000
proc127 753.000
proc139 763.000
proc54 773.000
proc20 783.000
proc73 793.000
proc114 803.000
proc25 813.000
proc12 823.000
proc11 833.000
proc63 843.000
proc137 853.000
proc34 863.000
proc60 873.000
proc79 883.000
13
