proc105 5.000
proc148 7.000
proc149 8.000
proc13 12.000
proc90 14.000
proc53 15.000
proc62 18.000
proc131 21.000
proc26 25.000
proc20 27.000
proc55 29.000
proc4 31.000
proc42 33.000
proc92 35.000
proc125 38.000
proc109 40.000
proc110 42.000
proc31 43.000
proc112 44.000
proc95 45.000
proc98 47.000
proc36 49.000
proc137 52.000
proc96 53.000
proc68 56.000
proc122 57.000
proc34 60.000
proc10 61.000
proc18 63.000
proc139 65.000
proc29 67.000
proc22 70.000
proc134 73.000
proc60 74.000
proc81 76.000
proc39 78.000
proc77 81.000
proc57 84.000
proc67 87.000
proc49 90.000
proc146 93.000
proc23 96.000
proc48 100.000
proc25 104.000
proc38 108.000
proc99 112.000
proc75 116.000
proc140 120.000
proc133 124.000
proc70 128.000
proc19 132.000
proc145 136.000
proc111 140.000
proc41 144.000
proc28 148.000
proc79 152.000
proc102 156.000
proc12 161.000
proc33 166.000
proc135 171.000
proc30 176.000
proc87 181.000
proc69 186.000
proc11 191.000
proc9 196.000
proc51 201.000
proc97 206.000
proc46 211.000
proc8 216.000
proc86 221.000
proc119 226.000
proc66 231.000
proc15 236.000
proc104 241.000
proc7 246.000
proc16 251.000
proc3 256.000
proc100 261.000
proc44 266.000
proc128 271.000
proc2 276.000
proc85 281.000
proc63 286.000
proc108 291.000
proc141 297.000
proc5 303.000
proc121 309.000
proc114 315.000
proc32 321.000
proc116 327.000
proc126 333.000
proc106 339.000
proc27 345.000
proc115 351.000
proc136 357.000
proc59 363.000
proc17 369.000
proc103 375.000
proc88 381.000
proc83 388.000
proc84 395.000
proc89 402.000
proc94 409.000
proc1 416.000
proc58 423.000
proc124 430.000
proc24 437.000
proc64 444.000
proc71 451.000
proc54 458.000
proc0 465.000
proc138 472.000
proc61 479.000
proc14 486.000
proc129 494.000
proc144 502.000
proc47 510.000
proc143 518.000
proc52 526.000
proc130 534.000
proc72 542.000
proc127 551.000
proc37 560.000
proc82 569.000
proc80 578.000
proc123 587.000
proc40 596.000
proc117 605.000
proc43 614.000
proc113 623.000
proc45 632.000
proc93 641.000
proc56 651.000
proc50 661.000
proc21 671.000
proc76 681.000
proc78 691.000
proc147 701.000
proc132 711.000
proc73 721.000
proc6 731.000
proc101 741.000
proc74 751.000
proc35 761.000
proc107 771.000
proc118 781.000
proc120 791.000
proc142 801.000
proc91 811.000
proc65 821.000
10
