proc75 6.000
proc117 8.000
proc23 10.000
proc136 12.000
proc34 14.000
proc111 17.000
proc89 18.000
proc114 21.000
proc119 24.000
proc3 27.000
proc145 29.000
proc79 30.000
proc146 32.000
proc83 35.000
proc108 37.000
proc17 39.000
proc72 41.000
proc60 45.000
proc7 49.000
proc109 51.000
proc52 52.000
proc18 54.000
proc53 56.000
proc88 58.000
proc112 59.000
proc35 61.000
proc143 63.000
proc24 65.000
proc95 67.000
proc29 70.000
proc40 73.000
proc0 76.000
proc141 79.000
proc32 82.000
proc123 85.000
proc103 88.000
proc122 91.000
proc27 94.000
proc21 98.000
proc131 102.000
proc46 106.000
proc39 110.000
proc65 114.000
proc102 118.000
proc81 122.000
proc11 126.000
proc120 130.000
proc100 134.000
proc63 138.000
proc33 142.000
proc149 146.000
proc4 150.000
proc14 154.000
proc59 158.000
proc71 162.000
proc25 166.000
proc73 170.000
proc10 174.000
proc8 178.000
proc20 182.000
proc113 186.000
proc45 190.000
proc115 195.000
proc37 200.000
proc16 205.000
proc106 210.000
proc148 215.000
proc15 220.000
proc69 225.000
proc5 230.000
proc9 235.000
proc91 240.000
proc107 245.000
proc105 250.000
proc68 255.000
proc124 260.000
proc2 265.000
proc134 270.000
proc54 275.000
proc74 280.000
proc125 285.000
proc78 291.000
proc38 297.000
proc64 303.000
proc139 309.000
proc110 315.000
proc128 321.000
proc140 327.000
proc98 333.000
proc121 339.000
proc58 345.000
proc57 351.000
proc99 357.000
proc126 363.000
proc55 369.000
proc43 375.000
proc50 381.000
proc51 387.000
proc12 394.000
proc62 401.000
proc118 408.000
proc36 415.000
proc44 422.000
proc77 429.000
proc127 436.000
proc94 443.000
proc90 450.000
proc41 457.000
proc56 464.000
proc80 471.000
proc92 478.000
proc138 486.000
proc116 494.000
proc133 502.000
proc28 510.000
proc129 518.000
proc6 526.000
proc76 534.000
proc132 542.000
proc47 550.000
proc84 558.000
proc142 566.000
proc67 574.000
proc26 582.000
proc49 590.000
proc104 598.000
proc82 607.000
proc135 616.000
proc1 625.000
proc97 634.000
proc85 643.000
proc22 652.000
proc101 661.000
proc48 670.000
proc30 679.000
proc144 688.000
proc66 697.000
proc42 706.000
proc147 715.000
proc87 724.000
proc130 734.000
proc31 744.000
proc13 754.000
proc96 764.000
proc93 774.000
proc86 784.000
proc70 794.000
proc137 804.000
proc19 814.000
proc61 824.000
13
