proc75 3.000
proc135 6.000
proc27 9.000
proc10 10.000
proc114 13.000
proc48 15.000
proc71 16.000
proc91 18.000
proc149 20.000
proc92 21.000
proc45 23.000
proc18 24.000
proc101 27.000
proc11 29.000
proc112 31.000
proc138 32.000
proc9 34.000
proc0 35.000
proc17 37.000
proc86 39.000
proc81 42.000
proc70 44.000
proc130 45.000
proc57 48.000
proc80 51.000
proc61 51.000
proc53 52.000
proc110 55.000
proc105 56.000
proc146 57.000
proc65 59.000
proc52 62.000
proc15 64.000
proc69 66.000
proc32 67.000
proc16 68.000
proc43 71.000
proc49 72.000
proc54 74.000
proc143 76.000
proc122 79.000
proc137 82.000
proc87 85.000
proc1 88.000
proc96 91.000
proc89 94.000
proc2 97.000
proc128 100.000
proc107 103.000
proc29 106.000
proc28 109.000
proc59 113.000
proc23 117.000
proc68 121.000
proc127 125.000
proc60 129.000
proc120 133.000
proc39 137.000
proc74 141.000
proc111 145.000
proc33 149.000
proc142 153.000
proc55 157.000
proc102 161.000
proc113 165.000
proc51 169.000
proc82 173.000
proc58 177.000
proc140 181.000
proc42 185.000
proc34 189.000
proc4 193.000
proc84 198.000
proc6 203.000
proc85 208.000
proc77 213.000
proc144 218.000
proc73 223.000
proc79 228.000
proc117 233.000
proc14 238.000
proc134 243.000
proc36 248.000
proc103 253.000
proc19 259.000
proc145 265.000
proc67 271.000
proc41 277.000
proc132 283.000
proc125 289.000
proc20 295.000
proc22 301.000
proc56 307.000
proc3 313.000
proc26 319.000
proc35 325.000
proc147 331.000
proc129 337.000
proc64 343.000
proc38 349.000
proc37 355.000
proc123 361.000
proc78 368.000
proc5 375.000
proc119 382.000
proc44 389.000
proc63 396.000
proc13 403.000
proc97 410.000
proc136 417.000
proc131 424.000
proc7 432.000
proc124 440.000
proc12 448.000
proc108 456.000
proc47 464.000
proc25 472.000
proc72 480.000
proc118 488.000
proc98 496.000
proc83 504.000
proc141 512.000
proc93 520.000
proc30 528.000
proc139 537.000
proc46 546.000
proc88 555.000
proc99 564.000
proc109 573.000
proc121 582.000
proc76 591.000
proc8 600.000
proc21 609.000
proc106 618.000
proc40 627.000
proc94 636.000
proc115 646.000
proc50 656.000
proc24 666.000
proc90 676.000
proc116 686.000
proc104 696.000
proc100 706.000
proc133 716.000
proc126 726.000
proc31 736.000
proc148 746.000
proc62 756.000
proc66 766.000
proc95 776.000
13
