proc74 5.000
proc59 6.000
proc140 8.000
proc32 9.000
proc61 12.000
proc91 16.000
proc1 17.000
proc98 20.000
proc88 24.000
proc101 25.000
proc23 27.000
proc49 28.000
proc87 30.000
proc144 31.000
proc62 33.000
proc69 35.000
proc131 36.000
proc137 37.000
proc127 39.000
proc126 41.000
proc130 44.000
proc112 45.000
proc68 47.000
proc40 48.000
proc76 50.000
proc103 51.000
proc84 54.000
proc57 56.000
proc3 58.000
proc72 59.000
proc77 60.000
proc146 62.000
proc107 64.000
proc122 66.000
proc117 67.000
proc79 68.000
proc48 70.000
proc22 72.000
proc135 74.000
proc109 75.000
proc27 77.000
proc2 79.000
proc67 81.000
proc13 84.000
proc14 87.000
proc81 90.000
proc116 93.000
proc86 96.000
proc20 99.000
proc51 102.000
proc35 105.000
proc56 108.000
proc125 111.000
proc105 114.000
proc37 117.000
proc39 121.000
proc36 125.000
proc55 129.000
proc64 133.000
proc108 137.000
proc63 141.000
proc0 145.000
proc147 149.000
proc34 153.000
proc45 157.000
proc80 161.000
proc110 165.000
proc33 169.000
proc47 174.000
proc10 179.000
proc92 184.000
proc66 189.000
proc75 194.000
proc12 199.000
proc17 204.000
proc31 209.000
proc19 214.000
proc30 219.000
proc94 224.000
proc99 229.000
proc25 235.000
proc104 241.000
proc115 247.000
proc96 253.000
proc52 259.000
proc133 265.000
proc11 271.000
proc26 277.000
proc121 283.000
proc6 289.000
proc65 296.000
proc73 303.000
proc132 310.000
proc54 317.000
proc129 324.000
proc114 331.000
proc16 338.000
proc78 345.000
proc53 352.000
proc70 359.000
proc136 366.000
proc85 373.000
proc145 380.000
proc111 387.000
proc58 394.000
proc50 401.000
proc148 408.000
proc29 415.000
proc90 422.000
proc143 430.000
proc60 438.000
proc71 446.000
proc5 454.000
proc41 462.000
proc21 470.000
proc28 478.000
proc128 486.000
proc102 494.000
proc106 502.000
proc4 510.000
proc138 518.000
proc93 526.000
proc7 534.000
proc124 543.000
proc43 552.000
proc9 561.000
proc42 570.000
proc15 579.000
proc113 588.000
proc139 597.000
proc120 606.000
proc119 615.000
proc95 624.000
proc134 633.000
proc118 642.000
proc24 651.000
proc141 660.000
proc8 669.000
proc89 679.000
proc100 689.000
proc142 699.000
proc97 709.000
proc149 719.000
proc82 729.000
proc44 739.000
proc18 749.000
proc123 759.000
proc83 769.000
proc38 779.000
proc46 789.000
16
