proc87 4.000
proc73 5.000
proc31 7.000
proc146 8.000
proc148 9.000
proc138 11.000
proc13 13.000
proc42 15.000
proc50 17.000
proc129 19.000
proc55 21.000
proc9 22.000
proc60 24.000
proc36 25.000
proc85 26.000
proc23 28.000
proc2 29.000
proc25 31.000
proc15 34.000
proc92 37.000
proc101 39.000
proc57 41.000
proc113 44.000
proc72 47.000
proc40 48.000
proc10 49.000
proc21 50.000
proc11 53.000
proc107 56.000
proc119 57.000
proc8 59.000
proc89 62.000
proc70 64.000
proc32 67.000
proc48 68.000
proc22 70.000
proc142 71.000
proc137 72.000
proc58 73.000
proc112 76.000
proc66 79.000
proc122 82.000
proc76 85.000
proc132 88.000
proc51 91.000
proc45 94.000
proc1 98.000
proc41 102.000
proc37 106.000
proc33 110.000
proc130 114.000
proc149 118.000
proc78 122.000
proc110 126.000
proc139 130.000
proc44 134.000
proc121 138.000
proc88 142.000
proc117 146.000
proc34 150.000
proc131 154.000
proc86 158.000
proc128 162.000
proc96 166.000
proc100 170.000
proc52 174.000
proc75 178.000
proc3 182.000
proc102 186.000
proc97 191.000
proc80 196.000
proc74 201.000
proc134 206.000
proc140 211.000
proc104 216.000
proc7 221.000
proc127 226.000
proc133 231.000
proc43 236.000
proc94 241.000
proc53 246.000
proc93 251.000
proc106 256.000
proc27 261.000
proc20 266.000
proc30 272.000
proc103 278.000
proc14 284.000
proc84 290.000
proc46 296.000
proc0 302.000
proc108 308.000
proc124 314.000
proc4 320.000
proc61 326.000
proc18 332.000
proc26 338.000
proc115 344.000
proc12 350.000
proc98 356.000
proc82 362.000
proc79 368.000
proc77 375.000
proc135 382.000
proc83 389.000
proc99 396.000
proc64 403.000
proc105 410.000
proc68 417.000
proc136 424.000
proc144 431.000
proc5 438.000
proc56 446.000
proc67 454.000
proc109 462.000
proc35 470.000
proc63 478.000
proc54 486.000
proc143 494.000
proc141 502.000
proc90 510.000
proc28 518.000
proc39 526.000
proc126 534.000
proc16 542.000
proc71 550.000
proc62 559.000
proc95 568.000
proc38 577.000
proc123 586.000
proc6 595.000
proc111 604.000
proc17 613.000
proc19 622.000
proc69 631.000
proc65 640.000
proc47 649.000
proc91 659.000
proc145 669.000
proc29 679.000
proc120 689.000
proc116 699.000
proc118 709.000
proc125 719.000
proc24 729.000
proc59 739.000
proc147 749.000
proc81 759.000
proc49 769.000
proc114 779.000
14
