proc11 7.000
proc23 9.000
proc79 12.000
proc7 14.000
proc117 16.000
proc58 18.000
proc87 21.000
proc26 23.000
proc25 26.000
proc54 29.000
proc48 32.000
proc53 35.000
proc67 36.000
proc112 39.000
proc86 41.000
proc64 43.000
proc8 45.000
proc81 47.000
proc92 49.000
proc1 51.000
proc148 54.000
proc76 56.000
proc144 59.000
proc118 62.000
proc18 64.000
proc108 66.000
proc97 69.000
proc109 70.000
proc101 71.000
proc24 73.000
proc110 74.000
proc61 75.000
proc27 76.000
proc62 79.000
proc134 82.000
proc59 85.000
proc41 88.000
proc84 91.000
proc69 94.000
proc82 97.000
proc141 101.000
proc40 105.000
proc68 109.000
proc100 113.000
proc121 117.000
proc142 121.000
proc90 125.000
proc74 129.000
proc98 133.000
proc129 137.000
proc4 141.000
proc139 145.000
proc131 149.000
proc85 153.000
proc10 157.000
proc105 161.000
proc138 165.000
proc0 169.000
proc102 174.000
proc20 179.000
proc2 184.000
proc114 189.000
proc95 194.000
proc28 199.000
proc29 204.000
proc72 209.000
proc42 214.000
proc128 219.000
proc21 224.000
proc49 230.000
proc77 236.000
proc47 242.000
proc113 248.000
proc45 254.000
proc71 260.000
proc32 266.000
proc16 272.000
proc34 278.000
proc13 284.000
proc126 290.000
proc116 296.000
proc70 302.000
proc46 308.000
proc39 314.000
proc99 321.000
proc107 328.000
proc50 335.000
proc33 342.000
proc137 349.000
proc3 356.000
proc56 363.000
proc78 370.000
proc140 377.000
proc15 384.000
proc123 391.000
proc63 398.000
proc60 405.000
proc127 412.000
proc149 419.000
proc57 427.000
proc91 435.000
proc17 443.000
proc52 451.000
proc38 459.000
proc94 467.000
proc5 475.000
proc31 483.000
proc35 491.000
proc143 499.000
proc30 507.000
proc124 515.000
proc103 523.000
proc73 531.000
proc43 539.000
proc135 548.000
proc122 557.000
proc44 566.000
proc9 575.000
proc65 584.000
proc55 593.000
proc130 602.000
proc51 611.000
proc106 620.000
proc145 629.000
proc6 638.000
proc19 647.000
proc22 656.000
proc37 665.000
proc12 674.000
proc36 683.000
proc66 693.000
proc80 703.000
proc132 713.000
proc125 723.000
proc75 733.000
proc120 743.000
proc83 753.000
proc133 763.000
proc88 773.000
proc146 783.000
proc136 793.000
proc89 803.000
proc119 813.000
proc14 823.000
proc96 833.000
proc115 843.000
proc93 853.000
proc111 863.000
proc104 873.000
proc147 883.000
16
