proc98 7.000
proc124 9.000
proc77 12.000
proc54 13.000
proc125 15.000
proc128 17.000
proc45 18.000
proc148 20.000
proc14 22.000
proc50 23.000
proc42 24.000
proc96 27.000
proc120 29.000
proc86 31.000
proc91 33.000
proc144 34.000
proc3 36.000
proc0 38.000
proc66 41.000
proc79 43.000
proc137 46.000
proc83 48.000
proc97 49.000
proc107 51.000
proc43 54.000
proc10 55.000
proc65 57.000
proc89 59.000
proc121 61.000
proc4 62.000
proc53 65.000
proc116 68.000
proc39 70.000
proc133 73.000
proc12 76.000
proc108 77.000
proc34 80.000
proc105 83.000
proc56 86.000
proc113 89.000
proc110 92.000
proc16 95.000
proc32 99.000
proc80 103.000
proc87 107.000
proc134 111.000
proc149 115.000
proc84 119.000
proc55 123.000
proc129 127.000
proc73 131.000
proc100 135.000
proc58 139.000
proc92 143.000
proc71 147.000
proc68 151.000
proc47 155.000
proc141 159.000
proc7 164.000
proc138 169.000
proc23 174.000
proc57 179.000
proc13 184.000
proc17 189.000
proc15 194.000
proc40 199.000
proc135 204.000
proc70 209.000
proc132 214.000
proc88 219.000
proc106 224.000
proc131 229.000
proc26 234.000
proc22 239.000
proc31 244.000
proc103 249.000
proc21 254.000
proc44 260.000
proc27 266.000
proc109 272.000
proc33 278.000
proc75 284.000
proc82 290.000
proc25 296.000
proc2 302.000
proc119 308.000
proc122 314.000
proc30 320.000
proc9 326.000
proc81 332.000
proc90 338.000
proc36 344.000
proc28 350.000
proc102 357.000
proc85 364.000
proc72 371.000
proc140 378.000
proc112 385.000
proc115 392.000
proc126 399.000
proc51 406.000
proc29 413.000
proc62 420.000
proc24 427.000
proc59 434.000
proc20 441.000
proc49 448.000
proc143 455.000
proc76 462.000
proc38 469.000
proc5 476.000
proc130 483.000
proc67 490.000
proc146 497.000
proc139 505.000
proc35 513.000
proc11 521.000
proc46 529.000
proc8 537.000
proc101 545.000
proc48 553.000
proc61 561.000
proc37 569.000
proc104 577.000
proc111 585.000
proc118 594.000
proc74 603.000
proc147 612.000
proc114 621.000
proc94 630.000
proc145 639.000
proc1 648.000
proc95 657.000
proc18 666.000
proc117 675.000
proc63 684.000
proc52 693.000
proc142 702.000
proc6 711.000
proc78 720.000
proc123 730.000
proc127 740.000
proc41 750.000
proc60 760.000
proc136 770.000
proc64 780.000
proc19 790.000
proc69 800.000
proc93 810.000
proc99 820.000
11
