proc103 6.000
proc113 7.000
proc39 11.000
proc74 13.000
proc13 14.000
proc38 16.000
proc133 17.000
proc55 20.000
proc135 21.000
proc97 23.000
proc90 25.000
proc32 28.000
proc112 30.000
proc138 32.000
proc85 35.000
proc10 37.000
proc70 40.000
proc131 41.000
proc45 43.000
proc15 45.000
proc92 48.000
proc65 51.000
proc30 53.000
proc98 55.000
proc11 57.000
proc25 59.000
proc124 61.000
proc110 62.000
proc105 64.000
proc40 65.000
proc14 67.000
proc27 68.000
proc57 70.000
proc66 73.000
proc20 73.000
proc88 75.000
proc78 78.000
proc6 81.000
proc130 84.000
proc33 87.000
proc59 90.000
proc87 93.000
proc83 97.000
proc52 101.000
proc8 105.000
proc146 109.000
proc63 113.000
proc89 117.000
proc149 121.000
proc79 125.000
proc126 129.000
proc111 133.000
proc108 137.000
proc125 141.000
proc147 145.000
proc29 149.000
proc129 154.000
proc28 159.000
proc43 164.000
proc140 169.000
proc121 174.000
proc72 179.000
proc95 184.000
proc69 189.000
proc84 194.000
proc41 199.000
proc5 204.000
proc73 209.000
proc93 214.000
proc34 219.000
proc0 224.000
proc12 229.000
proc62 234.000
proc44 240.000
proc99 246.000
proc106 252.000
proc81 258.000
proc91 264.000
proc71 270.000
proc102 276.000
proc3 282.000
proc117 288.000
proc116 294.000
proc51 300.000
proc137 306.000
proc7 313.000
proc1 320.000
proc77 327.000
proc120 334.000
proc18 341.000
proc26 347.000
proc47 354.000
proc115 361.000
proc54 368.000
proc76 375.000
proc67 382.000
proc53 389.000
proc9 397.000
proc16 405.000
proc109 413.000
proc46 421.000
proc144 429.000
proc142 437.000
proc107 445.000
proc61 453.000
proc75 461.000
proc50 469.000
proc24 477.000
proc31 485.000
proc148 493.000
proc128 501.000
proc17 509.000
proc42 517.000
proc64 525.000
proc122 533.000
proc37 541.000
proc127 549.000
proc68 557.000
proc100 565.000
proc22 573.000
proc136 582.000
proc123 591.000
proc96 600.000
proc132 609.000
proc58 618.000
proc48 627.000
proc134 636.000
proc21 645.000
proc2 654.000
proc139 663.000
proc119 672.000
proc35 681.000
proc114 690.000
proc104 699.000
proc80 708.000
proc36 717.000
proc49 726.000
proc82 735.000
proc60 744.000
proc141 754.000
proc56 764.000
proc143 774.000
proc23 784.000
proc19 794.000
proc101 804.000
proc145 814.000
proc118 824.000
proc86 834.000
proc4 844.000
proc94 854.000
16
