proc82 4.000
proc88 6.000
proc2 9.000
proc3 11.000
proc85 14.000
proc52 16.000
proc142 19.000
proc137 20.000
proc5 21.000
proc44 22.000
proc19 24.000
proc123 26.000
proc18 28.000
proc46 31.000
proc25 33.000
proc29 34.000
proc119 36.000
proc129 37.000
proc59 38.000
proc22 40.000
proc94 42.000
proc104 44.000
proc76 46.000
proc102 48.000
proc32 51.000
proc95 53.000
proc15 56.000
proc58 57.000
proc66 58.000
proc8 60.000
proc1 63.000
proc134 65.000
proc23 67.000
proc71 68.000
proc39 71.000
proc143 73.000
proc72 74.000
proc54 76.000
proc122 78.000
proc115 81.000
proc139 84.000
proc108 86.000
proc6 89.000
proc81 92.000
proc117 95.000
proc93 98.000
proc30 101.000
proc83 104.000
proc9 107.000
proc34 111.000
proc11 115.000
proc60 119.000
proc4 123.000
proc126 127.000
proc146 131.000
proc140 135.000
proc21 139.000
proc12 143.000
proc90 147.000
proc7 151.000
proc121 155.000
proc101 159.000
proc111 163.000
proc55 167.000
proc80 172.000
proc110 177.000
proc74 182.000
proc116 187.000
proc113 192.000
proc45 197.000
proc40 202.000
proc13 207.000
proc75 212.000
proc97 217.000
proc118 222.000
proc49 227.000
proc26 232.000
proc132 237.000
proc27 242.000
proc68 247.000
proc141 252.000
proc42 257.000
proc35 263.000
proc98 269.000
proc125 275.000
proc131 281.000
proc124 287.000
proc24 293.000
proc135 299.000
proc31 305.000
proc48 311.000
proc147 317.000
proc145 323.000
proc100 329.000
proc148 335.000
proc38 341.000
proc84 347.000
proc99 354.000
proc65 361.000
proc36 368.000
proc20 375.000
proc128 382.000
proc87 389.000
proc61 396.000
proc50 403.000
proc77 410.000
proc73 417.000
proc86 424.000
proc78 432.000
proc105 440.000
proc64 448.000
proc103 456.000
proc133 464.000
proc91 472.000
proc138 480.000
proc67 488.000
proc43 496.000
proc92 504.000
proc47 512.000
proc79 520.000
proc56 528.000
proc28 537.000
proc107 546.000
proc51 555.000
proc41 564.000
proc17 573.000
proc109 582.000
proc57 591.000
proc149 600.000
proc130 609.000
proc37 618.000
proc106 627.000
proc62 636.000
proc69 645.000
proc127 654.000
proc89 663.000
proc120 672.000
proc144 681.000
proc63 691.000
proc70 701.000
proc33 711.000
proc136 721.000
proc96 731.000
proc16 741.000
proc53 751.000
proc10 761.000
proc14 771.000
proc0 781.000
proc114 791.000
proc112 801.000
16
