proc139 3.000
proc86 5.000
proc70 9.000
proc117 14.000
proc73 15.000
proc123 17.000
proc49 18.000
proc64 21.000
proc137 22.000
proc59 24.000
proc51 27.000
proc115 30.000
proc60 32.000
proc58 33.000
proc54 36.000
proc113 37.000
proc6 38.000
proc106 40.000
proc77 43.000
proc126 45.000
proc99 47.000
proc71 50.000
proc138 51.000
proc102 53.000
proc111 54.000
proc52 55.000
proc62 57.000
proc3 58.000
proc144 60.000
proc36 62.000
proc100 64.000
proc89 68.000
proc109 69.000
proc4 70.000
proc48 72.000
proc94 74.000
proc50 76.000
proc148 79.000
proc57 82.000
proc149 85.000
proc23 88.000
proc39 91.000
proc18 94.000
proc82 97.000
proc98 100.000
proc67 103.000
proc8 106.000
proc140 109.000
proc33 112.000
proc65 115.000
proc95 118.000
proc135 121.000
proc66 125.000
proc15 129.000
proc127 133.000
proc146 137.000
proc124 141.000
proc96 145.000
proc28 149.000
proc79 153.000
proc5 157.000
proc40 161.000
proc29 165.000
proc87 169.000
proc80 173.000
proc41 177.000
proc32 181.000
proc83 185.000
proc9 189.000
proc129 193.000
proc105 198.000
proc134 203.000
proc121 208.000
proc38 213.000
proc14 218.000
proc145 223.000
proc2 228.000
proc61 233.000
proc75 238.000
proc141 243.000
proc19 248.000
proc56 253.000
proc37 258.000
proc13 264.000
proc7 270.000
proc108 276.000
proc143 282.000
proc147 288.000
proc97 294.000
proc63 300.000
proc132 306.000
proc125 312.000
proc53 319.000
proc122 326.000
proc10 333.000
proc30 340.000
proc93 347.000
proc128 354.000
proc116 361.000
proc88 368.000
proc74 375.000
proc142 382.000
proc114 389.000
proc22 396.000
proc11 403.000
proc26 410.000
proc78 417.000
proc46 424.000
proc68 431.000
proc90 438.000
proc92 445.000
proc112 452.000
proc120 460.000
proc101 468.000
proc24 476.000
proc130 484.000
proc76 492.000
proc12 500.000
proc91 508.000
proc16 516.000
proc107 524.000
proc34 532.000
proc133 540.000
proc44 548.000
proc119 556.000
proc110 564.000
proc47 573.000
proc0 582.000
proc104 591.000
proc136 600.000
proc85 609.000
proc27 618.000
proc103 627.000
proc72 637.000
proc84 647.000
proc131 657.000
proc17 667.000
proc118 677.000
proc45 687.000
proc25 697.000
proc20 707.000
proc43 717.000
proc81 727.000
proc21 737.000
proc35 747.000
proc69 757.000
proc55 767.000
proc31 777.000
proc42 787.000
proc1 797.000
11
