proc29 5.000
proc104 7.000
proc86 9.000
proc72 11.000
proc65 14.000
proc148 16.000
proc46 18.000
proc42 21.000
proc84 24.000
proc3 26.000
proc39 28.000
proc82 30.000
proc73 32.000
proc41 35.000
proc132 38.000
proc79 41.000
proc144 43.000
proc10 44.000
proc70 46.000
proc93 48.000
proc105 50.000
proc6 53.000
proc135 56.000
proc51 59.000
proc28 61.000
proc5 64.000
proc138 66.000
proc47 68.000
proc147 70.000
proc38 72.000
proc24 74.000
proc149 76.000
proc89 78.000
proc102 81.000
proc113 84.000
proc8 87.000
proc137 90.000
proc62 93.000
proc2 96.000
proc53 99.000
proc117 102.000
proc32 105.000
proc58 108.000
proc49 112.000
proc21 116.000
proc114 120.000
proc15 124.000
proc54 128.000
proc67 132.000
proc77 136.000
proc31 140.000
proc12 144.000
proc45 148.000
proc83 152.000
proc136 156.000
proc74 160.000
proc94 164.000
proc52 168.000
proc25 173.000
proc20 178.000
proc75 183.000
proc64 188.000
proc37 193.000
proc130 198.000
proc107 203.000
proc97 208.000
proc18 213.000
proc112 218.000
proc139 223.000
proc109 228.000
proc91 233.000
proc143 238.000
proc14 243.000
proc121 248.000
proc108 253.000
proc78 259.000
proc40 265.000
proc34 271.000
proc146 277.000
proc134 283.000
proc71 289.000
proc131 295.000
proc30 301.000
proc23 307.000
proc123 313.000
proc110 319.000
proc111 325.000
proc35 331.000
proc99 338.000
proc120 345.000
proc133 352.000
proc22 359.000
proc59 366.000
proc4 373.000
proc61 380.000
proc33 387.000
proc76 394.000
proc44 401.000
proc13 408.000
proc98 415.000
proc119 423.000
proc7 431.000
proc141 439.000
proc88 447.000
proc0 455.000
proc55 463.000
proc80 471.000
proc127 479.000
proc43 487.000
proc57 495.000
proc145 503.000
proc106 511.000
proc142 519.000
proc87 527.000
proc69 535.000
proc140 544.000
proc90 553.000
proc103 562.000
proc36 571.000
proc124 580.000
proc128 589.000
proc116 598.000
proc19 607.000
proc129 616.000
proc92 625.000
proc122 634.000
proc85 643.000
proc115 652.000
proc50 661.000
proc60 670.000
proc17 679.000
proc66 689.000
proc56 699.000
proc68 709.000
proc1 719.000
proc95 729.000
proc11 739.000
proc26 749.000
proc63 759.000
proc16 769.000
proc9 779.000
proc27 789.000
proc126 799.000
proc96 809.000
proc81 819.000
proc100 829.000
proc125 839.000
proc101 849.000
proc48 859.000
proc118 869.000
14
