proc35 6.000
proc100 8.000
proc107 9.000
proc12 11.000
proc47 13.000
proc13 16.000
proc59 19.000
proc143 21.000
proc46 23.000
proc32 25.000
proc139 26.000
proc2 28.000
proc29 31.000
proc105 32.000
proc25 34.000
proc38 36.000
proc68 37.000
proc85 40.000
proc97 42.000
proc94 44.000
proc81 45.000
proc89 46.000
proc110 47.000
proc122 49.000
proc108 51.000
proc23 52.000
proc64 55.000
proc127 58.000
proc78 59.000
proc66 61.000
proc99 63.000
proc149 65.000
proc10 67.000
proc117 69.000
proc125 70.000
proc42 71.000
proc27 74.000
proc86 76.000
proc141 78.000
proc52 80.000
proc119 83.000
proc40 86.000
proc102 89.000
proc43 92.000
proc69 95.000
proc140 98.000
proc83 101.000
proc51 104.000
proc8 107.000
proc114 111.000
proc70 115.000
proc50 119.000
proc121 123.000
proc144 127.000
proc130 131.000
proc74 135.000
proc49 139.000
proc126 143.000
proc39 147.000
proc55 151.000
proc146 155.000
proc26 159.000
proc67 163.000
proc0 168.000
proc88 173.000
proc31 178.000
proc71 183.000
proc44 188.000
proc45 193.000
proc92 198.000
proc24 203.000
proc91 208.000
proc103 213.000
proc54 218.000
proc93 223.000
proc80 228.000
proc131 233.000
proc72 238.000
proc112 244.000
proc145 250.000
proc106 256.000
proc4 262.000
proc1 268.000
proc76 274.000
proc113 280.000
proc142 286.000
proc63 292.000
proc3 298.000
proc96 304.000
proc79 310.000
proc48 316.000
proc82 323.000
proc77 330.000
proc62 337.000
proc65 344.000
proc37 351.000
proc95 358.000
proc136 365.000
proc98 372.000
proc87 379.000
proc118 386.000
proc101 393.000
proc5 400.000
proc58 407.000
proc61 414.000
proc60 421.000
proc30 428.000
proc36 435.000
proc56 442.000
proc138 449.000
proc33 457.000
proc15 465.000
proc115 473.000
proc73 481.000
proc57 489.000
proc124 497.000
proc28 505.000
proc9 513.000
proc14 521.000
proc20 529.000
proc135 537.000
proc75 546.000
proc120 555.000
proc7 564.000
proc17 573.000
proc123 582.000
proc129 591.000
proc147 600.000
proc53 609.000
proc128 618.000
proc41 627.000
proc21 636.000
proc90 645.000
proc111 654.000
proc134 663.000
proc137 672.000
proc11 681.000
proc6 691.000
proc133 701.000
proc116 711.000
proc148 721.000
proc104 731.000
proc132 741.000
proc18 751.000
proc19 761.000
proc22 771.000
proc16 781.000
proc84 791.000
proc109 801.000
proc34 811.000
11
