proc31 3.000
proc85 6.000
proc84 8.000
proc6 10.000
proc103 12.000
proc64 14.000
proc113 15.000
proc142 18.000
proc26 20.000
proc129 23.000
proc74 25.000
proc18 26.000
proc54 27.000
proc51 30.000
proc115 31.000
proc144 32.000
proc69 34.000
proc47 36.000
proc121 38.000
proc71 40.000
proc36 41.000
proc101 43.000
proc7 46.000
proc44 49.000
proc110 50.000
proc22 52.000
proc100 54.000
proc149 56.000
proc60 59.000
proc37 60.000
proc49 62.000
proc2 65.000
proc50 67.000
proc127 71.000
proc135 72.000
proc28 74.000
proc89 76.000
proc75 77.000
proc52 79.000
proc147 81.000
proc106 84.000
proc116 87.000
proc59 90.000
proc15 93.000
proc29 96.000
proc55 99.000
proc146 102.000
proc68 105.000
proc43 108.000
proc0 111.000
proc130 114.000
proc91 118.000
proc10 122.000
proc76 126.000
proc46 130.000
proc143 134.000
proc34 138.000
proc23 142.000
proc42 146.000
proc16 150.000
proc109 154.000
proc122 158.000
proc120 162.000
proc88 167.000
proc57 172.000
proc138 177.000
proc58 182.000
proc124 187.000
proc30 192.000
proc62 197.000
proc61 202.000
proc87 207.000
proc126 212.000
proc99 217.000
proc98 223.000
proc133 229.000
proc92 235.000
proc139 241.000
proc12 247.000
proc140 253.000
proc39 259.000
proc123 265.000
proc141 271.000
proc1 277.000
proc111 283.000
proc20 289.000
proc132 295.000
proc21 302.000
proc118 309.000
proc33 316.000
proc80 323.000
proc14 330.000
proc78 337.000
proc66 344.000
proc3 351.000
proc148 358.000
proc90 365.000
proc8 372.000
proc40 379.000
proc105 386.000
proc41 393.000
proc104 400.000
proc96 408.000
proc53 416.000
proc107 424.000
proc114 432.000
proc93 440.000
proc32 448.000
proc119 456.000
proc134 464.000
proc25 472.000
proc72 480.000
proc77 488.000
proc67 496.000
proc94 504.000
proc83 512.000
proc11 520.000
proc65 528.000
proc13 537.000
proc125 546.000
proc86 555.000
proc63 564.000
proc45 573.000
proc17 582.000
proc95 591.000
proc70 600.000
proc35 609.000
proc137 618.000
proc79 627.000
proc108 636.000
proc27 645.000
proc131 655.000
proc117 665.000
proc4 675.000
proc112 685.000
proc5 695.000
proc102 705.000
proc19 715.000
proc9 725.000
proc73 735.000
proc128 745.000
proc145 755.000
proc81 765.000
proc136 775.000
proc24 785.000
proc56 795.000
proc82 805.000
proc97 815.000
proc48 825.000
proc38 835.000
14
