proc1 4.000
proc8 7.000
proc138 9.000
proc147 11.000
proc52 14.000
proc122 16.000
proc60 18.000
proc44 19.000
proc119 22.000
proc38 25.000
proc9 26.000
proc127 27.000
proc18 29.000
proc59 32.000
proc51 35.000
proc82 36.000
proc25 39.000
proc112 42.000
proc73 44.000
proc96 46.000
proc58 47.000
proc114 49.000
proc45 52.000
proc146 53.000
proc33 54.000
proc64 55.000
proc101 56.000
proc68 58.000
proc113 60.000
proc90 62.000
proc148 64.000
proc55 66.000
proc39 67.000
proc102 69.000
proc142 72.000
proc22 74.000
proc75 75.000
proc17 77.000
proc61 80.000
proc106 83.000
proc29 86.000
proc4 89.000
proc126 92.000
proc103 95.000
proc92 98.000
proc111 101.000
proc87 104.000
proc14 107.000
proc71 110.000
proc34 113.000
proc108 116.000
proc100 119.000
proc97 123.000
proc95 127.000
proc36 131.000
proc63 135.000
proc53 139.000
proc116 143.000
proc80 147.000
proc136 151.000
proc62 155.000
proc124 159.000
proc109 163.000
proc134 168.000
proc143 173.000
proc27 178.000
proc30 183.000
proc54 188.000
proc107 193.000
proc19 198.000
proc57 203.000
proc41 208.000
proc23 213.000
proc10 218.000
proc99 223.000
proc11 228.000
proc141 233.000
proc21 238.000
proc26 244.000
proc118 250.000
proc47 256.000
proc69 262.000
proc15 268.000
proc128 274.000
proc140 280.000
proc37 286.000
proc67 292.000
proc121 298.000
proc6 304.000
proc0 310.000
proc16 316.000
proc43 322.000
proc78 328.000
proc131 334.000
proc50 340.000
proc104 346.000
proc110 353.000
proc56 360.000
proc3 367.000
proc46 374.000
proc7 381.000
proc83 388.000
proc133 395.000
proc86 402.000
proc85 409.000
proc129 416.000
proc12 423.000
proc66 430.000
proc115 437.000
proc13 444.000
proc144 451.000
proc70 458.000
proc84 465.000
proc40 472.000
proc135 479.000
proc49 486.000
proc81 494.000
proc137 502.000
proc20 510.000
proc35 518.000
proc32 526.000
proc28 534.000
proc24 542.000
proc149 550.000
proc123 558.000
proc132 566.000
proc125 574.000
proc74 582.000
proc72 591.000
proc94 600.000
proc48 609.000
proc91 618.000
proc76 627.000
proc93 636.000
proc31 645.000
proc2 654.000
proc77 663.000
proc79 672.000
proc89 681.000
proc120 690.000
proc42 699.000
proc5 708.000
proc117 717.000
proc130 726.000
proc105 736.000
proc65 746.000
proc139 756.000
proc145 766.000
proc88 776.000
proc98 786.000
12
