proc46 2.000
proc129 3.000
proc123 7.000
proc110 11.000
proc2 12.000
proc67 13.000
proc23 14.000
proc62 15.000
proc50 16.000
proc52 19.000
proc0 22.000
proc1 23.000
proc26 24.000
proc38 26.000
proc16 28.000
proc34 30.000
proc78 34.000
proc135 35.000
proc92 36.000
proc121 38.000
proc30 40.000
proc74 43.000
proc105 44.000
proc145 47.000
proc42 48.000
proc5 50.000
proc68 52.000
proc13 53.000
proc89 54.000
proc29 56.000
proc61 57.000
proc88 59.000
proc93 61.000
proc119 63.000
proc97 65.000
proc106 66.000
proc65 67.000
proc113 69.000
proc11 72.000
proc12 73.000
proc96 75.000
proc116 77.000
proc90 80.000
proc69 83.000
proc53 86.000
proc136 89.000
proc120 92.000
proc27 95.000
proc115 98.000
proc14 101.000
proc128 104.000
proc83 107.000
proc141 110.000
proc73 113.000
proc142 116.000
proc85 120.000
proc134 124.000
proc81 128.000
proc109 132.000
proc40 136.000
proc101 140.000
proc124 144.000
proc86 148.000
proc32 152.000
proc58 156.000
proc111 160.000
proc28 164.000
proc41 169.000
proc76 174.000
proc103 179.000
proc22 184.000
proc35 189.000
proc127 194.000
proc94 199.000
proc130 204.000
proc137 209.000
proc17 214.000
proc122 219.000
proc149 224.000
proc4 229.000
proc100 234.000
proc104 239.000
proc91 245.000
proc45 251.000
proc148 257.000
proc71 263.000
proc80 269.000
proc66 275.000
proc9 281.000
proc33 287.000
proc77 293.000
proc147 299.000
proc126 305.000
proc43 312.000
proc118 319.000
proc99 326.000
proc125 333.000
proc51 340.000
proc37 347.000
proc138 354.000
proc8 361.000
proc72 368.000
proc63 375.000
proc139 382.000
proc3 389.000
proc55 396.000
proc117 403.000
proc56 410.000
proc47 417.000
proc132 425.000
proc36 433.000
proc6 441.000
proc143 449.000
proc87 457.000
proc114 465.000
proc95 473.000
proc21 481.000
proc144 489.000
proc59 497.000
proc49 505.000
proc25 513.000
proc133 521.000
proc107 529.000
proc54 537.000
proc20 545.000
proc79 553.000
proc102 561.000
proc10 569.000
proc112 578.000
proc84 587.000
proc57 596.000
proc24 605.000
proc140 614.000
proc131 623.000
proc82 632.000
proc15 641.000
proc70 650.000
proc108 659.000
proc39 668.000
proc64 677.000
proc75 687.000
proc18 697.000
proc31 707.000
proc98 717.000
proc60 727.000
proc7 737.000
proc48 747.000
proc146 757.000
proc19 767.000
proc44 777.000
20
