proc72 5.000
proc105 7.000
proc104 8.000
proc85 8.000
proc4 11.000
proc40 12.000
proc134 14.000
proc44 16.000
proc19 17.000
proc43 19.000
proc81 21.000
proc30 24.000
proc123 25.000
proc63 29.000
proc110 30.000
proc32 32.000
proc3 35.000
proc128 36.000
proc147 38.000
proc48 40.000
proc124 42.000
proc64 45.000
proc7 47.000
proc50 50.000
proc56 51.000
proc121 54.000
proc27 55.000
proc33 57.000
proc25 60.000
proc65 62.000
proc136 65.000
proc82 67.000
proc92 70.000
proc59 74.000
proc93 75.000
proc107 77.000
proc62 80.000
proc41 83.000
proc38 86.000
proc96 90.000
proc12 94.000
proc122 98.000
proc112 102.000
proc90 106.000
proc132 110.000
proc126 114.000
proc79 118.000
proc87 122.000
proc89 126.000
proc139 130.000
proc140 134.000
proc26 139.000
proc37 144.000
proc34 149.000
proc99 154.000
proc137 159.000
proc73 164.000
proc58 169.000
proc109 174.000
proc135 179.000
proc91 184.000
proc1 189.000
proc20 194.000
proc113 199.000
proc103 204.000
proc117 209.000
proc102 214.000
proc146 220.000
proc118 226.000
proc69 232.000
proc70 238.000
proc119 244.000
proc114 250.000
proc28 256.000
proc127 262.000
proc149 268.000
proc17 274.000
proc42 280.000
proc68 286.000
proc115 292.000
proc52 298.000
proc53 304.000
proc31 311.000
proc61 318.000
proc142 325.000
proc106 332.000
proc131 339.000
proc83 346.000
proc111 353.000
proc8 360.000
proc0 367.000
proc116 374.000
proc101 381.000
proc71 388.000
proc9 395.000
proc129 402.000
proc145 409.000
proc78 416.000
proc36 423.000
proc133 430.000
proc22 437.000
proc66 444.000
proc125 451.000
proc47 459.000
proc24 467.000
proc67 475.000
proc97 483.000
proc60 491.000
proc10 499.000
proc88 507.000
proc18 515.000
proc29 523.000
proc13 531.000
proc5 539.000
proc143 547.000
proc54 555.000
proc75 564.000
proc86 573.000
proc2 582.000
proc76 591.000
proc100 600.000
proc23 609.000
proc46 618.000
proc21 627.000
proc94 636.000
proc11 645.000
proc6 654.000
proc77 663.000
proc80 672.000
proc138 681.000
proc49 690.000
proc14 700.000
proc55 710.000
proc95 720.000
proc130 730.000
proc98 740.000
proc141 750.000
proc120 760.000
proc39 770.000
proc45 780.000
proc144 790.000
proc15 800.000
proc84 810.000
proc51 820.000
proc148 830.000
proc16 840.000
proc35 850.000
proc57 860.000
proc108 870.000
proc74 880.000
20
