proc77 3.000
proc29 5.000
proc65 7.000
proc61 8.000
proc42 11.000
proc24 11.000
proc138 12.000
proc108 13.000
proc136 17.000
proc31 19.000
proc67 22.000
proc109 25.000
proc60 28.000
proc72 30.000
proc81 30.000
proc7 32.000
proc68 34.000
proc141 35.000
proc55 36.000
proc128 37.000
proc94 38.000
proc131 40.000
proc56 43.000
proc50 45.000
proc97 46.000
proc22 48.000
proc44 52.000
proc124 53.000
proc41 54.000
proc84 57.000
proc10 58.000
proc79 60.000
proc36 61.000
proc116 63.000
proc115 65.000
proc100 67.000
proc43 69.000
proc71 71.000
proc26 72.000
proc14 74.000
proc120 75.000
proc102 76.000
proc9 78.000
proc88 80.000
proc85 83.000
proc23 86.000
proc15 89.000
proc105 92.000
proc103 95.000
proc149 99.000
proc80 103.000
proc2 107.000
proc54 111.000
proc13 115.000
proc117 119.000
proc83 123.000
proc93 127.000
proc145 131.000
proc49 135.000
proc146 140.000
proc25 145.000
proc90 150.000
proc0 155.000
proc59 160.000
proc6 165.000
proc99 170.000
proc107 175.000
proc46 180.000
proc78 185.000
proc11 191.000
proc134 197.000
proc118 203.000
proc27 209.000
proc95 215.000
proc35 221.000
proc16 227.000
proc64 233.000
proc66 239.000
proc30 245.000
proc142 251.000
proc135 257.000
proc144 263.000
proc126 269.000
proc28 275.000
proc33 281.000
proc113 287.000
proc20 293.000
proc4 300.000
proc69 307.000
proc21 314.000
proc123 321.000
proc82 328.000
proc34 335.000
proc8 342.000
proc137 349.000
proc96 356.000
proc63 363.000
proc53 370.000
proc86 377.000
proc62 384.000
proc114 391.000
proc139 398.000
proc87 406.000
proc140 414.000
proc45 422.000
proc91 430.000
proc32 438.000
proc12 446.000
proc112 454.000
proc111 462.000
proc1 470.000
proc104 478.000
proc51 486.000
proc119 494.000
proc122 502.000
proc92 510.000
proc125 519.000
proc147 528.000
proc37 537.000
proc121 546.000
proc58 555.000
proc132 564.000
proc133 573.000
proc19 582.000
proc130 591.000
proc143 600.000
proc38 609.000
proc5 618.000
proc76 627.000
proc18 636.000
proc52 645.000
proc39 654.000
proc129 663.000
proc3 672.000
proc17 682.000
proc74 692.000
proc106 702.000
proc57 712.000
proc89 722.000
proc73 732.000
proc47 742.000
proc48 752.000
proc148 762.000
proc40 772.000
proc70 782.000
proc127 792.000
proc110 802.000
proc101 812.000
proc75 822.000
proc98 832.000
11
