proc107 3.000
proc14 6.000
proc102 8.000
proc53 10.000
proc5 11.000
proc84 12.000
proc119 13.000
proc21 15.000
proc86 16.000
proc8 18.000
proc2 20.000
proc4 22.000
proc131 24.000
proc37 26.000
proc54 28.000
proc20 29.000
proc130 31.000
proc59 33.000
proc42 35.000
proc87 38.000
proc13 39.000
proc141 40.000
proc112 42.000
proc64 45.000
proc127 48.000
proc104 51.000
proc33 53.000
proc106 55.000
proc120 58.000
proc124 60.000
proc108 63.000
proc113 66.000
proc89 68.000
proc111 70.000
proc68 71.000
proc27 73.000
proc121 74.000
proc38 76.000
proc6 78.000
proc36 81.000
proc52 84.000
proc49 87.000
proc95 90.000
proc76 93.000
proc109 96.000
proc11 99.000
proc22 102.000
proc93 106.000
proc16 110.000
proc148 114.000
proc128 118.000
proc19 122.000
proc72 126.000
proc81 130.000
proc12 134.000
proc15 138.000
proc7 142.000
proc28 146.000
proc144 150.000
proc147 154.000
proc114 158.000
proc115 162.000
proc73 166.000
proc105 170.000
proc78 174.000
proc94 179.000
proc3 184.000
proc69 189.000
proc135 194.000
proc96 199.000
proc29 204.000
proc17 209.000
proc129 214.000
proc77 219.000
proc99 224.000
proc40 230.000
proc123 236.000
proc146 242.000
proc60 248.000
proc32 254.000
proc126 260.000
proc50 266.000
proc134 272.000
proc57 278.000
proc56 284.000
proc65 290.000
proc100 296.000
proc46 303.000
proc125 310.000
proc30 317.000
proc97 324.000
proc98 331.000
proc122 338.000
proc25 345.000
proc118 352.000
proc18 359.000
proc1 366.000
proc139 373.000
proc66 380.000
proc142 388.000
proc9 396.000
proc62 404.000
proc34 412.000
proc92 420.000
proc133 428.000
proc23 436.000
proc31 444.000
proc26 452.000
proc35 460.000
proc48 468.000
proc83 476.000
proc103 484.000
proc79 492.000
proc67 500.000
proc143 508.000
proc140 516.000
proc45 524.000
proc47 532.000
proc24 540.000
proc145 549.000
proc61 558.000
proc138 567.000
proc136 576.000
proc101 585.000
proc51 594.000
proc85 603.000
proc41 612.000
proc132 621.000
proc63 630.000
proc0 639.000
proc91 648.000
proc70 657.000
proc43 666.000
proc82 675.000
proc116 684.000
proc39 693.000
proc71 703.000
proc117 713.000
proc80 723.000
proc88 733.000
proc110 743.000
proc74 753.000
proc90 763.000
proc137 773.000
proc58 783.000
proc75 793.000
proc55 803.000
proc149 813.000
proc10 823.000
proc44 833.000
11
