proc46 7.000
proc64 9.000
proc1 11.000
proc75 14.000
proc27 17.000
proc60 18.000
proc58 19.000
proc126 20.000
proc100 23.000
proc33 25.000
proc45 26.000
proc42 28.000
proc111 31.000
proc89 33.000
proc5 36.000
proc101 38.000
proc135 40.000
proc133 43.000
proc29 47.000
proc129 48.000
proc38 51.000
proc54 52.000
proc83 53.000
proc112 54.000
proc81 55.000
proc114 58.000
proc13 61.000
proc122 63.000
proc20 65.000
proc87 66.000
proc120 69.000
proc0 71.000
proc139 73.000
proc72 74.000
proc82 76.000
proc98 78.000
proc8 80.000
proc115 82.000
proc118 85.000
proc104 88.000
proc123 92.000
proc47 96.000
proc113 100.000
proc78 104.000
proc6 108.000
proc146 112.000
proc134 116.000
proc40 120.000
proc55 124.000
proc65 128.000
proc97 132.000
proc136 136.000
proc147 140.000
proc51 144.000
proc61 148.000
proc26 152.000
proc31 156.000
proc22 160.000
proc121 164.000
proc56 169.000
proc84 174.000
proc92 179.000
proc88 184.000
proc91 189.000
proc23 194.000
proc3 199.000
proc106 204.000
proc14 209.000
proc144 214.000
proc34 219.000
proc10 224.000
proc138 229.000
proc85 234.000
proc96 240.000
proc99 246.000
proc36 252.000
proc21 258.000
proc137 264.000
proc63 270.000
proc109 276.000
proc67 282.000
proc15 288.000
proc12 294.000
proc43 300.000
proc57 306.000
proc59 312.000
proc19 318.000
proc7 324.000
proc52 330.000
proc11 337.000
proc103 344.000
proc142 351.000
proc119 358.000
proc132 365.000
proc77 372.000
proc28 379.000
proc39 386.000
proc69 393.000
proc50 400.000
proc53 407.000
proc24 414.000
proc18 421.000
proc141 428.000
proc149 435.000
proc41 442.000
proc76 450.000
proc116 458.000
proc37 466.000
proc93 474.000
proc117 482.000
proc107 490.000
proc17 498.000
proc16 506.000
proc4 514.000
proc79 522.000
proc110 530.000
proc25 538.000
proc68 546.000
proc143 554.000
proc148 562.000
proc71 570.000
proc80 578.000
proc105 586.000
proc131 594.000
proc90 602.000
proc32 611.000
proc30 620.000
proc9 629.000
proc108 638.000
proc94 647.000
proc102 656.000
proc70 665.000
proc128 674.000
proc49 683.000
proc35 692.000
proc86 702.000
proc125 712.000
proc127 722.000
proc73 732.000
proc140 742.000
proc62 752.000
proc145 762.000
proc2 772.000
proc130 782.000
proc48 792.000
proc66 802.000
proc95 812.000
proc124 822.000
proc74 832.000
proc44 842.000
12
