proc28 4.000
proc15 6.000
proc80 7.000
proc61 8.000
proc46 10.000
proc115 14.000
proc131 17.000
proc92 19.000
proc19 22.000
proc93 23.000
proc38 25.000
proc36 27.000
proc21 29.000
proc138 31.000
proc47 33.000
proc148 35.000
proc104 36.000
proc50 39.000
proc74 41.000
proc127 44.000
proc24 47.000
proc130 50.000
proc33 52.000
proc30 54.000
proc22 56.000
proc94 59.000
proc114 63.000
proc121 65.000
proc13 67.000
proc64 68.000
proc23 68.000
proc32 69.000
proc1 71.000
proc83 72.000
proc12 74.000
proc101 76.000
proc37 78.000
proc136 81.000
proc102 84.000
proc18 87.000
proc108 90.000
proc77 93.000
proc129 96.000
proc133 99.000
proc73 102.000
proc25 105.000
proc149 109.000
proc11 113.000
proc42 117.000
proc81 121.000
proc29 125.000
proc120 129.000
proc49 133.000
proc146 137.000
proc57 141.000
proc9 145.000
proc105 149.000
proc10 153.000
proc5 158.000
proc40 163.000
proc109 168.000
proc3 173.000
proc72 178.000
proc87 183.000
proc48 188.000
proc31 193.000
proc140 198.000
proc6 203.000
proc35 208.000
proc82 213.000
proc85 218.000
proc119 223.000
proc53 228.000
proc41 234.000
proc100 240.000
proc54 246.000
proc63 252.000
proc117 258.000
proc44 264.000
proc103 270.000
proc84 276.000
proc126 282.000
proc79 288.000
proc59 294.000
proc124 300.000
proc128 306.000
proc62 312.000
proc142 318.000
proc34 324.000
proc132 330.000
proc8 336.000
proc144 342.000
proc95 349.000
proc76 356.000
proc17 363.000
proc134 370.000
proc70 377.000
proc125 384.000
proc52 391.000
proc145 398.000
proc26 405.000
proc65 412.000
proc75 419.000
proc71 426.000
proc98 433.000
proc141 440.000
proc147 447.000
proc0 455.000
proc137 463.000
proc2 471.000
proc27 479.000
proc123 487.000
proc89 495.000
proc7 503.000
proc112 511.000
proc39 519.000
proc4 527.000
proc78 535.000
proc106 543.000
proc113 551.000
proc86 559.000
proc118 568.000
proc90 577.000
proc135 586.000
proc88 595.000
proc69 604.000
proc58 613.000
proc68 622.000
proc116 631.000
proc16 640.000
proc66 649.000
proc96 658.000
proc91 667.000
proc67 677.000
proc20 687.000
proc55 697.000
proc51 707.000
proc99 717.000
proc60 727.000
proc45 737.000
proc97 747.000
proc143 757.000
proc139 767.000
proc107 777.000
proc56 787.000
proc122 797.000
proc14 807.000
proc43 817.000
proc111 827.000
proc110 837.000
13
