proc128 4.000
proc145 5.000
proc52 8.000
proc102 12.000
proc111 13.000
proc47 16.000
proc60 18.000
proc136 21.000
proc116 22.000
proc146 24.000
proc16 27.000
proc48 29.000
proc77 32.000
proc56 33.000
proc134 36.000
proc5 39.000
proc57 41.000
proc29 43.000
proc95 46.000
proc148 48.000
proc68 51.000
proc81 52.000
proc147 55.000
proc65 57.000
proc130 59.000
proc85 61.000
proc119 63.000
proc101 66.000
proc143 69.000
proc0 69.000
proc42 71.000
proc54 72.000
proc96 74.000
proc115 76.000
proc71 78.000
proc14 80.000
proc86 82.000
proc104 85.000
proc140 88.000
proc39 91.000
proc131 94.000
proc125 97.000
proc144 101.000
proc127 105.000
proc80 109.000
proc112 113.000
proc110 117.000
proc24 121.000
proc122 125.000
proc51 129.000
proc117 133.000
proc73 137.000
proc50 141.000
proc83 145.000
proc10 149.000
proc124 153.000
proc90 157.000
proc28 161.000
proc33 165.000
proc132 169.000
proc114 173.000
proc149 177.000
proc100 182.000
proc137 187.000
proc46 192.000
proc23 197.000
proc21 202.000
proc138 207.000
proc108 212.000
proc61 217.000
proc107 222.000
proc3 227.000
proc62 232.000
proc84 237.000
proc59 242.000
proc1 247.000
proc7 252.000
proc94 257.000
proc66 262.000
proc27 267.000
proc9 273.000
proc99 279.000
proc88 285.000
proc133 291.000
proc92 297.000
proc75 303.000
proc109 309.000
proc2 315.000
proc40 321.000
proc69 327.000
proc76 333.000
proc118 339.000
proc139 345.000
proc123 351.000
proc87 357.000
proc22 363.000
proc126 369.000
proc44 375.000
proc37 381.000
proc58 387.000
proc25 393.000
proc103 399.000
proc8 405.000
proc32 411.000
proc113 417.000
proc35 424.000
proc11 431.000
proc106 438.000
proc89 445.000
proc43 452.000
proc79 459.000
proc55 466.000
proc6 473.000
proc15 480.000
proc97 487.000
proc53 494.000
proc64 501.000
proc72 508.000
proc18 516.000
proc20 524.000
proc70 532.000
proc105 540.000
proc63 548.000
proc142 556.000
proc13 564.000
proc98 572.000
proc74 580.000
proc34 588.000
proc12 596.000
proc17 604.000
proc38 612.000
proc93 621.000
proc4 630.000
proc120 639.000
proc82 648.000
proc49 657.000
proc26 666.000
proc91 675.000
proc135 684.000
proc41 693.000
proc78 703.000
proc45 713.000
proc121 723.000
proc67 733.000
proc141 743.000
proc31 753.000
proc19 763.000
proc30 773.000
proc36 783.000
proc129 793.000
13
