proc137 3.000
proc28 6.000
proc139 8.000
proc75 10.000
proc46 12.000
proc120 15.000
proc50 19.000
proc123 23.000
proc136 25.000
proc13 28.000
proc33 30.000
proc19 31.000
proc80 33.000
proc48 34.000
proc115 36.000
proc9 39.000
proc45 40.000
proc107 42.000
proc103 44.000
proc119 47.000
proc105 50.000
proc59 52.000
proc87 55.000
proc0 56.000
proc5 59.000
proc127 61.000
proc128 64.000
proc64 67.000
proc62 69.000
proc126 71.000
proc100 73.000
proc24 74.000
proc74 76.000
proc99 78.000
proc57 80.000
proc102 83.000
proc73 86.000
proc60 89.000
proc125 92.000
proc70 95.000
proc42 99.000
proc2 103.000
proc14 107.000
proc135 111.000
proc76 115.000
proc40 119.000
proc69 123.000
proc86 127.000
proc79 131.000
proc4 135.000
proc22 139.000
proc39 144.000
proc104 149.000
proc20 154.000
proc88 159.000
proc53 164.000
proc17 169.000
proc12 174.000
proc27 179.000
proc116 184.000
proc3 189.000
proc101 194.000
proc92 199.000
proc98 204.000
proc121 209.000
proc81 215.000
proc110 221.000
proc112 227.000
proc114 233.000
proc132 239.000
proc55 245.000
proc94 251.000
proc56 257.000
proc140 263.000
proc16 269.000
proc91 275.000
proc109 281.000
proc108 287.000
proc141 293.000
proc52 299.000
proc29 305.000
proc134 311.000
proc8 317.000
proc18 323.000
proc148 329.000
proc58 335.000
proc95 341.000
proc78 347.000
proc21 354.000
proc145 361.000
proc131 368.000
proc25 375.000
proc122 382.000
proc89 389.000
proc97 396.000
proc111 403.000
proc51 410.000
proc35 417.000
proc106 424.000
proc149 431.000
proc144 438.000
proc43 445.000
proc118 452.000
proc47 459.000
proc7 466.000
proc68 473.000
proc41 480.000
proc84 488.000
proc129 496.000
proc23 504.000
proc83 512.000
proc72 520.000
proc36 528.000
proc85 536.000
proc15 544.000
proc133 552.000
proc82 561.000
proc138 570.000
proc6 579.000
proc44 588.000
proc63 597.000
proc26 606.000
proc30 615.000
proc124 624.000
proc130 633.000
proc10 642.000
proc71 651.000
proc142 660.000
proc93 669.000
proc146 678.000
proc67 687.000
proc147 696.000
proc113 705.000
proc34 714.000
proc117 724.000
proc1 734.000
proc90 744.000
proc11 754.000
proc49 764.000
proc65 774.000
proc143 784.000
proc66 794.000
proc37 804.000
proc77 814.000
proc61 824.000
proc38 834.000
proc96 844.000
proc32 854.000
proc31 864.000
proc54 874.000
11
