proc80 5.000
proc11 7.000
proc50 10.000
proc117 11.000
proc48 13.000
proc107 17.000
proc95 18.000
proc98 19.000
proc40 24.000
proc60 25.000
proc78 27.000
proc8 28.000
proc137 30.000
proc92 31.000
proc12 32.000
proc102 33.000
proc116 34.000
proc26 36.000
proc52 37.000
proc45 39.000
proc143 41.000
proc25 42.000
proc30 44.000
proc58 46.000
proc83 48.000
proc126 50.000
proc110 51.000
proc142 53.000
proc24 55.000
proc37 57.000
proc104 59.000
proc88 61.000
proc43 63.000
proc127 66.000
proc31 68.000
proc2 70.000
proc133 71.000
proc81 74.000
proc10 77.000
proc18 80.000
proc15 83.000
proc38 86.000
proc97 90.000
proc63 94.000
proc121 98.000
proc59 102.000
proc128 106.000
proc136 110.000
proc36 114.000
proc34 118.000
proc20 122.000
proc67 126.000
proc111 130.000
proc132 134.000
proc114 139.000
proc144 144.000
proc19 149.000
proc105 154.000
proc96 159.000
proc4 164.000
proc146 169.000
proc21 174.000
proc74 179.000
proc134 184.000
proc85 189.000
proc66 194.000
proc0 199.000
proc56 204.000
proc130 209.000
proc6 214.000
proc54 219.000
proc71 224.000
proc109 229.000
proc138 234.000
proc69 239.000
proc51 244.000
proc61 249.000
proc124 254.000
proc28 259.000
proc120 264.000
proc129 270.000
proc108 276.000
proc123 282.000
proc82 288.000
proc27 294.000
proc64 300.000
proc103 306.000
proc23 312.000
proc140 318.000
proc93 324.000
proc47 330.000
proc118 336.000
proc86 342.000
proc44 349.000
proc70 356.000
proc101 363.000
proc145 370.000
proc75 377.000
proc125 384.000
proc9 391.000
proc115 398.000
proc41 405.000
proc42 412.000
proc13 419.000
proc91 426.000
proc100 433.000
proc39 440.000
proc72 447.000
proc89 455.000
proc99 463.000
proc16 471.000
proc77 479.000
proc135 487.000
proc32 495.000
proc148 503.000
proc113 511.000
proc90 519.000
proc94 527.000
proc29 535.000
proc147 543.000
proc139 551.000
proc33 559.000
proc112 567.000
proc76 576.000
proc22 585.000
proc119 594.000
proc1 603.000
proc79 612.000
proc106 621.000
proc87 630.000
proc131 639.000
proc46 648.000
proc7 657.000
proc14 666.000
proc141 675.000
proc62 684.000
proc35 694.000
proc53 704.000
proc17 714.000
proc149 724.000
proc49 734.000
proc84 744.000
proc65 754.000
proc55 764.000
proc3 774.000
proc68 784.000
proc5 794.000
proc73 804.000
proc57 814.000
proc122 824.000
10
