proc48 6.500
proc62 8.375
proc53 9.125
proc39 9.750
proc16 10.750
proc29 11.750
proc3 13.750
proc25 15.125
proc65 16.875
proc49 20.375
proc42 22.125
proc15 22.625
proc63 24.625
proc26 26.875
proc71 29.000
proc11 30.125
proc34 30.750
proc69 32.125
proc27 33.375
proc17 34.875
proc73 36.250
proc31 37.000
proc52 38.375
proc19 41.375
proc12 44.375
proc57 47.875
proc70 51.500
proc61 55.375
proc28 59.625
proc58 63.875
proc72 68.125
proc59 72.500
proc4 77.250
proc68 82.000
proc35 86.875
proc37 91.875
proc64 97.000
proc44 102.125
proc54 107.250
proc60 112.500
proc14 117.750
proc24 123.250
proc9 129.000
proc13 134.875
proc67 140.875
proc8 147.000
proc10 153.125
proc36 159.500
proc18 165.875
proc55 172.375
proc66 179.000
proc47 185.750
proc7 192.625
proc1 199.500
proc33 206.500
proc51 213.500
proc30 220.625
proc32 227.875
proc43 235.125
proc22 242.500
proc50 249.875
proc38 257.500
proc74 265.250
proc21 273.125
proc56 281.125
proc41 289.500
proc40 297.875
proc2 306.375
proc5 315.125
proc0 323.875
proc45 332.750
proc6 342.000
proc46 351.250
proc20 361.125
proc23 371.000
11
