proc8 2.500
proc29 4.250
proc9 5.750
proc68 6.875
proc46 8.500
proc34 9.375
proc65 9.500
proc71 9.875
proc20 11.000
proc53 13.125
proc64 13.875
proc62 16.250
proc28 18.625
proc13 20.375
proc45 22.500
proc73 25.125
proc35 27.750
proc3 30.250
proc49 32.250
proc48 33.250
proc22 34.750
proc51 36.875
proc55 37.375
proc5 40.125
proc59 43.125
proc30 46.500
proc72 50.250
proc10 54.000
proc43 58.125
proc58 62.375
proc37 66.750
proc16 71.125
proc56 75.625
proc26 80.250
proc12 85.000
proc63 89.875
proc47 94.750
proc21 99.750
proc61 105.125
proc67 110.625
proc60 116.125
proc66 121.750
proc50 127.625
proc17 133.875
proc14 140.250
proc23 146.750
proc44 153.375
proc18 160.250
proc7 167.375
proc4 174.750
proc6 182.125
proc40 189.625
proc24 197.125
proc54 204.750
proc41 212.500
proc38 220.375
proc33 228.250
proc74 236.500
proc19 244.750
proc36 253.000
proc2 261.375
proc42 269.750
proc25 278.250
proc32 286.875
proc52 295.500
proc1 304.125
proc70 312.750
proc39 321.500
proc69 330.250
proc27 339.000
proc57 347.875
proc11 356.875
proc0 366.375
proc15 375.875
proc31 385.500
11
