proc69 1.625
proc64 3.750
proc53 6.625
proc11 8.000
proc13 11.000
proc41 12.750
proc25 13.750
proc51 15.625
proc73 17.875
proc46 21.125
proc59 24.500
proc4 26.125
proc21 27.500
proc20 28.375
proc74 30.375
proc34 32.250
proc37 34.625
proc67 36.125
proc47 38.500
proc36 41.875
proc52 45.625
proc45 49.500
proc31 53.500
proc39 57.750
proc6 62.125
proc55 66.500
proc40 70.875
proc49 75.250
proc5 79.750
proc60 84.250
proc44 89.000
proc19 93.875
proc1 98.875
proc35 103.875
proc10 109.000
proc28 114.250
proc26 119.750
proc22 125.250
proc32 130.875
proc8 136.625
proc72 142.500
proc17 148.375
proc70 154.375
proc38 160.375
proc0 166.625
proc24 173.000
proc43 179.500
proc27 186.250
proc23 193.125
proc30 200.125
proc71 207.125
proc48 214.125
proc18 221.250
proc65 228.375
proc3 235.750
proc2 243.250
proc12 250.875
proc58 258.500
proc62 266.375
proc57 274.375
proc61 282.375
proc68 290.625
proc7 298.875
proc54 307.250
proc15 316.125
proc9 325.000
proc33 334.000
proc56 343.125
proc50 352.375
proc29 361.875
proc63 371.375
proc66 381.000
proc14 390.750
proc42 400.500
proc16 410.500
5
