proc14 0.500
proc30 3.875
proc69 6.250
proc22 6.625
proc3 8.750
proc47 10.125
proc54 11.250
proc61 11.625
proc64 13.625
proc29 16.375
proc55 18.375
proc17 19.000
proc68 20.375
proc36 22.250
proc4 24.125
proc27 26.625
proc2 27.000
proc58 30.125
proc34 33.250
proc20 35.250
proc40 36.125
proc0 36.750
proc39 38.625
proc43 41.875
proc42 45.375
proc70 48.875
proc12 52.375
proc10 56.750
proc53 61.125
proc41 65.625
proc9 70.125
proc46 74.625
proc13 79.375
proc62 84.125
proc21 89.125
proc7 94.250
proc73 99.500
proc8 104.875
proc51 110.375
proc23 116.000
proc24 121.625
proc25 127.375
proc67 133.125
proc6 138.875
proc56 144.750
proc72 150.750
proc5 156.875
proc65 163.125
proc11 169.500
proc71 176.000
proc37 182.750
proc16 189.625
proc33 196.625
proc15 203.625
proc60 211.000
proc31 218.375
proc74 225.875
proc50 233.375
proc52 241.125
proc26 249.250
proc38 257.500
proc57 265.875
proc44 274.375
proc19 282.875
proc28 291.625
proc59 300.500
proc49 309.375
proc18 318.375
proc32 327.500
proc45 336.750
proc1 346.000
proc35 355.500
proc48 365.125
proc66 375.000
proc63 384.875
10
