proc41 3.500
proc69 6.875
proc29 8.000
proc28 9.375
proc51 10.125
proc36 11.750
proc50 12.125
proc27 14.500
proc46 16.250
proc61 16.750
proc54 17.250
proc14 18.250
proc3 20.625
proc44 22.250
proc25 23.000
proc64 25.375
proc66 26.875
proc57 27.750
proc68 28.750
proc2 29.500
proc23 32.375
proc42 34.000
proc32 35.375
proc35 37.125
proc1 38.875
proc0 40.750
proc37 43.875
proc21 47.000
proc70 50.750
proc4 54.750
proc74 58.875
proc12 63.000
proc30 67.125
proc55 71.375
proc31 75.875
proc17 80.500
proc53 85.250
proc59 90.000
proc19 94.750
proc38 99.750
proc49 105.000
proc65 111.000
proc58 117.125
proc20 123.375
proc34 130.000
proc62 136.750
proc39 143.625
proc40 150.500
proc47 157.375
proc18 164.625
proc6 172.000
proc11 179.500
proc10 187.125
proc15 194.750
proc24 202.375
proc67 210.125
proc33 218.000
proc56 225.875
proc60 233.750
proc43 241.625
proc71 249.750
proc63 257.875
proc7 266.250
proc16 274.625
proc9 283.125
proc5 291.625
proc73 300.250
proc13 309.000
proc45 318.000
proc52 327.000
proc48 336.000
proc72 345.250
proc22 354.500
proc8 364.125
proc26 373.875
8
