proc38 1.375
proc42 5.500
proc21 6.750
proc30 8.625
proc1 10.250
proc64 11.500
proc15 13.000
proc4 13.625
proc31 15.375
proc9 17.250
proc5 18.875
proc3 20.125
proc20 22.375
proc22 23.750
proc56 25.000
proc18 25.750
proc8 26.500
proc2 28.125
proc33 30.125
proc10 31.250
proc62 33.500
proc63 36.125
proc67 37.750
proc73 39.750
proc0 42.750
proc23 45.750
proc60 49.000
proc28 52.250
proc50 55.625
proc36 59.000
proc11 62.375
proc46 65.750
proc13 69.125
proc57 72.625
proc17 76.500
proc65 80.500
proc19 84.500
proc39 88.500
proc45 92.625
proc49 96.750
proc68 100.875
proc59 105.125
proc26 109.375
proc37 113.625
proc74 118.375
proc24 123.375
proc72 128.500
proc34 134.125
proc40 140.000
proc6 146.000
proc47 152.250
proc51 158.625
proc48 165.000
proc27 171.500
proc29 178.125
proc14 185.125
proc41 192.125
proc70 199.125
proc71 206.250
proc43 213.500
proc25 220.875
proc52 228.375
proc53 236.125
proc69 244.125
proc32 252.375
proc61 260.875
proc55 269.625
proc16 278.625
proc7 287.750
proc35 296.875
proc44 306.125
proc66 315.750
proc12 325.500
proc54 335.250
proc58 345.125
9
