proc23 4.250
proc73 6.125
proc13 6.625
proc26 7.500
proc34 9.875
proc69 10.500
proc48 12.375
proc22 14.250
proc52 16.125
proc57 18.000
proc58 20.125
proc1 21.375
proc16 22.250
proc38 24.750
proc60 25.500
proc9 28.000
proc53 30.125
proc28 31.625
proc15 34.000
proc10 34.750
proc40 35.500
proc20 38.375
proc14 41.375
proc31 45.000
proc19 48.625
proc68 52.250
proc45 56.000
proc42 60.000
proc17 64.250
proc21 68.625
proc43 73.250
proc37 77.875
proc51 82.500
proc25 87.375
proc41 92.250
proc71 97.250
proc66 102.375
proc35 108.125
proc8 113.875
proc4 119.750
proc64 125.625
proc12 131.500
proc11 137.500
proc7 143.500
proc56 149.750
proc61 156.250
proc65 162.750
proc24 169.375
proc27 176.000
proc32 182.750
proc44 189.625
proc33 196.500
proc0 203.625
proc39 210.875
proc3 218.125
proc70 225.500
proc63 232.875
proc5 240.375
proc46 247.875
proc6 255.500
proc36 263.250
proc18 271.250
proc74 279.375
proc30 287.500
proc72 295.750
proc59 304.250
proc55 312.875
proc50 321.500
proc54 330.375
proc67 339.750
proc49 349.250
proc2 358.750
proc47 368.500
proc29 378.250
proc62 388.125
7
