proc22 3.875
proc51 4.250
proc39 7.625
proc58 8.375
proc28 10.250
proc12 11.375
proc17 13.750
proc74 15.625
proc3 18.125
proc27 21.000
proc23 22.625
proc20 24.250
proc15 25.000
proc43 26.375
proc59 27.125
proc57 29.000
proc53 30.625
proc9 32.125
proc35 33.625
proc11 35.125
proc61 36.500
proc64 38.000
proc30 40.625
proc56 43.375
proc19 46.250
proc48 49.250
proc1 52.250
proc34 55.250
proc50 58.500
proc10 61.750
proc65 65.125
proc0 68.750
proc69 72.375
proc13 76.250
proc6 80.250
proc67 84.375
proc31 88.500
proc41 92.750
proc32 97.250
proc18 101.875
proc49 106.500
proc63 111.250
proc73 116.125
proc8 121.000
proc36 126.000
proc25 131.250
proc47 136.750
proc52 142.500
proc2 148.750
proc68 155.125
proc16 162.000
proc72 169.000
proc29 176.125
proc71 183.500
proc62 190.875
proc14 198.250
proc37 205.750
proc70 213.250
proc46 221.000
proc4 228.875
proc45 237.000
proc38 245.125
proc42 253.250
proc55 261.625
proc24 270.125
proc66 279.125
proc7 288.250
proc40 297.500
proc60 306.875
proc44 316.375
proc26 326.000
proc21 335.625
proc54 345.375
proc5 355.125
proc33 365.125
8
