proc29 2.375
proc17 4.000
proc59 5.375
proc61 8.500
proc67 9.875
proc16 10.750
proc15 14.125
proc58 15.500
proc39 16.875
proc5 17.750
proc38 19.000
proc36 20.875
proc56 22.500
proc52 23.375
proc63 25.625
proc47 26.875
proc44 29.250
proc43 30.875
proc40 32.250
proc49 33.500
proc34 34.500
proc73 36.875
proc0 39.500
proc21 42.500
proc64 45.875
proc31 49.500
proc66 53.375
proc28 57.375
proc24 61.500
proc2 65.625
proc37 69.875
proc54 74.500
proc13 79.625
proc68 84.750
proc60 90.125
proc45 95.625
proc19 101.250
proc12 106.875
proc33 112.500
proc72 118.250
proc3 124.375
proc20 130.625
proc25 137.000
proc57 143.375
proc69 149.875
proc10 156.500
proc48 163.125
proc70 169.875
proc9 176.750
proc7 183.625
proc53 190.750
proc71 197.875
proc35 205.125
proc55 212.500
proc30 220.125
proc51 227.750
proc41 235.750
proc18 243.875
proc23 252.000
proc32 260.250
proc6 268.625
proc50 277.125
proc65 285.625
proc8 294.125
proc1 302.750
proc11 311.625
proc46 320.750
proc26 329.875
proc22 339.125
proc74 348.625
proc27 358.250
proc14 367.875
proc4 377.625
proc42 387.500
proc62 397.500
6
