proc44 4.875
proc40 9.000
proc47 11.875
proc17 14.000
proc12 16.000
proc43 18.625
proc15 19.250
proc11 21.625
proc50 23.000
proc64 24.125
proc71 25.250
proc48 27.125
proc3 29.000
proc70 31.000
proc49 31.250
proc39 32.750
proc73 34.875
proc61 34.875
proc27 37.375
proc42 39.750
proc62 42.625
proc59 46.000
proc41 49.500
proc21 53.000
proc35 56.625
proc19 60.375
proc18 64.375
proc69 68.750
proc63 73.250
proc14 77.750
proc58 82.625
proc25 87.625
proc52 92.625
proc23 97.750
proc34 103.000
proc51 108.250
proc29 113.500
proc2 119.125
proc55 125.125
proc33 131.250
proc31 137.625
proc56 144.000
proc8 150.375
proc37 157.125
proc22 163.875
proc10 170.750
proc5 177.750
proc66 184.875
proc32 192.000
proc65 199.250
proc72 206.625
proc1 214.250
proc53 221.875
proc6 229.625
proc28 237.500
proc54 245.500
proc36 253.750
proc30 262.000
proc74 270.375
proc68 278.750
proc16 287.250
proc57 295.750
proc67 304.375
proc45 313.250
proc13 322.250
proc60 331.250
proc38 340.375
proc46 349.625
proc4 358.875
proc26 368.250
proc20 377.875
proc0 387.625
proc24 397.500
proc9 407.375
proc7 417.375
4
