proc56 2.875
proc27 4.125
proc49 8.500
proc31 10.125
proc21 10.875
proc41 12.000
proc36 13.500
proc6 14.500
proc62 15.750
proc38 17.000
proc12 19.375
proc52 21.875
proc72 24.125
proc18 26.250
proc1 28.500
proc45 31.000
proc47 31.625
proc13 33.625
proc74 35.375
proc37 37.625
proc3 40.250
proc19 43.625
proc20 47.000
proc4 50.375
proc35 53.750
proc50 57.250
proc46 60.875
proc44 64.625
proc14 68.375
proc23 72.250
proc58 76.250
proc73 80.500
proc2 84.750
proc11 89.250
proc59 93.750
proc55 98.250
proc65 102.875
proc8 107.625
proc66 112.375
proc39 117.375
proc48 122.500
proc22 127.625
proc69 133.500
proc28 139.375
proc70 145.375
proc51 151.375
proc15 157.500
proc7 163.625
proc54 169.875
proc42 176.250
proc5 182.875
proc24 189.750
proc43 196.625
proc64 203.625
proc9 210.875
proc33 218.250
proc71 225.750
proc34 233.375
proc10 241.000
proc0 248.750
proc17 256.625
proc61 264.500
proc53 272.500
proc63 280.750
proc26 289.000
proc68 297.375
proc67 306.000
proc57 314.625
proc40 323.375
proc30 332.250
proc60 341.750
proc32 351.250
proc29 360.750
proc16 370.625
proc25 380.625
7
