proc30 5.250
proc56 8.375
proc25 9.750
proc12 11.125
proc53 12.875
proc4 13.000
proc42 14.250
proc74 15.625
proc58 17.375
proc23 19.750
proc39 20.375
proc3 21.500
proc49 24.125
proc10 24.875
proc27 27.500
proc72 30.125
proc38 31.250
proc21 32.625
proc0 33.375
proc47 34.750
proc9 37.250
proc5 39.750
proc44 42.375
proc22 45.125
proc51 48.500
proc62 51.875
proc33 55.375
proc67 58.875
proc40 62.500
proc55 66.125
proc7 69.875
proc45 74.250
proc41 78.750
proc29 83.375
proc6 88.125
proc20 93.250
proc43 98.500
proc37 104.000
proc65 110.000
proc17 116.000
proc68 122.125
proc11 128.250
proc59 134.500
proc63 140.750
proc71 147.250
proc61 153.750
proc24 160.250
proc13 166.875
proc34 173.500
proc16 180.250
proc52 187.000
proc2 194.000
proc69 201.250
proc60 208.625
proc35 216.250
proc1 224.125
proc8 232.125
proc32 240.500
proc46 248.875
proc28 257.250
proc54 265.750
proc64 274.375
proc19 283.000
proc50 291.750
proc15 300.625
proc66 309.625
proc36 318.625
proc73 327.750
proc26 337.000
proc57 346.500
proc70 356.000
proc18 365.500
proc48 375.250
proc31 385.125
proc14 395.125
7
