proc73 3.375
proc41 4.750
proc52 6.375
proc36 8.875
proc64 11.125
proc23 12.250
proc60 12.875
proc57 14.750
proc0 16.500
proc49 16.875
proc2 18.500
proc58 20.625
proc31 22.125
proc53 23.250
proc63 23.750
proc4 26.375
proc1 28.875
proc18 31.500
proc33 33.000
proc26 34.250
proc24 35.875
proc8 39.000
proc50 42.125
proc37 45.250
proc38 48.500
proc14 52.000
proc28 55.625
proc56 59.250
proc25 63.000
proc35 66.750
proc51 70.500
proc19 74.750
proc61 79.125
proc68 83.500
proc17 87.875
proc74 92.500
proc9 97.250
proc62 102.125
proc69 107.250
proc55 112.500
proc40 118.000
proc29 123.500
proc22 129.125
proc39 134.875
proc48 140.625
proc72 146.375
proc65 152.375
proc54 158.375
proc47 164.375
proc5 170.500
proc11 176.750
proc44 183.125
proc59 189.750
proc16 196.750
proc45 203.750
proc30 210.875
proc32 218.000
proc7 225.500
proc71 233.000
proc15 240.750
proc70 248.500
proc46 256.375
proc66 264.250
proc12 272.500
proc43 280.875
proc34 289.250
proc3 297.750
proc6 306.375
proc13 315.125
proc20 323.875
proc10 332.875
proc42 342.500
proc67 352.250
proc27 362.125
proc21 372.000
10
