proc36 3.875
proc43 6.250
proc33 11.125
proc15 15.750
proc25 18.000
proc49 19.625
proc58 21.875
proc17 23.500
proc34 24.625
proc23 25.125
proc22 26.750
proc6 28.875
proc30 30.500
proc16 32.000
proc42 33.625
proc32 34.750
proc47 37.125
proc10 38.125
proc41 40.375
proc54 43.000
proc28 45.750
proc66 48.750
proc3 51.875
proc74 55.375
proc68 59.125
proc14 62.875
proc62 66.875
proc0 71.125
proc1 75.875
proc45 80.625
proc27 85.625
proc13 90.750
proc64 95.875
proc35 101.250
proc11 106.750
proc4 112.250
proc48 117.875
proc46 123.500
proc18 129.375
proc2 135.500
proc9 141.625
proc70 148.125
proc57 154.625
proc69 161.250
proc73 168.000
proc59 174.750
proc40 181.625
proc63 188.750
proc56 195.875
proc52 203.250
proc31 211.000
proc12 218.875
proc29 226.875
proc61 234.875
proc60 243.125
proc38 251.375
proc44 259.750
proc24 268.125
proc37 276.500
proc21 284.875
proc67 293.375
proc53 302.000
proc65 310.625
proc5 319.500
proc55 328.375
proc8 337.375
proc20 346.375
proc26 355.500
proc51 364.625
proc39 373.750
proc19 383.000
proc7 392.250
proc72 401.750
proc71 411.625
proc50 421.625
9
