proc60 0.625
proc25 1.250
proc5 3.000
proc1 6.500
proc43 8.250
proc66 8.750
proc57 9.625
proc12 10.750
proc67 11.750
proc54 13.000
proc52 13.875
proc23 15.250
proc26 16.500
proc49 17.000
proc55 19.250
proc33 21.125
proc31 23.375
proc58 24.875
proc47 26.125
proc38 26.500
proc28 28.750
proc64 31.125
proc0 33.250
proc34 34.375
proc35 35.000
proc53 37.000
proc9 39.875
proc39 42.875
proc51 46.125
proc21 49.375
proc61 52.750
proc8 56.250
proc19 60.000
proc46 63.875
proc50 68.500
proc59 73.250
proc10 78.250
proc36 83.250
proc41 88.375
proc6 93.625
proc42 98.875
proc65 104.375
proc20 110.125
proc11 115.875
proc56 121.750
proc14 127.750
proc15 133.750
proc22 139.750
proc30 146.000
proc24 152.250
proc16 158.500
proc74 164.875
proc4 171.375
proc18 178.000
proc2 184.875
proc62 191.875
proc29 199.000
proc17 206.500
proc71 214.500
proc68 222.500
proc3 230.750
proc48 239.000
proc7 247.375
proc32 255.875
proc73 264.375
proc45 273.125
proc37 282.000
proc72 291.125
proc13 300.375
proc63 309.625
proc27 319.000
proc44 328.500
proc40 338.125
proc69 348.000
proc70 358.000
12
