proc9 1.750
proc60 5.375
proc48 6.875
proc62 8.500
proc44 9.000
proc23 10.000
proc20 11.875
proc59 13.500
proc35 14.250
proc1 15.000
proc32 16.125
proc69 17.875
proc11 19.500
proc16 21.625
proc51 24.250
proc17 26.125
proc33 27.375
proc55 30.125
proc6 32.000
proc68 32.625
proc12 33.375
proc27 35.000
proc39 36.625
proc64 39.375
proc49 42.125
proc70 45.125
proc71 48.125
proc53 51.250
proc29 54.375
proc41 57.625
proc22 61.250
proc4 64.875
proc45 68.750
proc15 72.875
proc38 77.250
proc56 81.625
proc26 86.125
proc47 90.750
proc46 95.375
proc5 100.125
proc57 105.000
proc37 109.875
proc61 114.875
proc74 119.875
proc21 125.000
proc72 130.125
proc31 135.375
proc58 140.625
proc54 146.125
proc14 151.750
proc36 157.500
proc73 163.375
proc30 169.500
proc24 175.875
proc7 182.375
proc42 189.125
proc28 196.375
proc67 204.000
proc8 211.625
proc34 219.500
proc13 227.375
proc10 235.375
proc50 243.875
proc3 252.500
proc66 261.250
proc2 270.000
proc40 278.875
proc18 287.750
proc19 296.625
proc65 305.625
proc0 314.625
proc63 323.875
proc25 333.375
proc52 342.875
proc43 352.625
6
