proc70 3.500
proc3 5.250
proc5 6.500
proc69 7.625
proc64 9.125
proc12 9.375
proc20 10.125
proc53 12.250
proc50 13.500
proc68 17.000
proc55 17.375
proc48 18.875
proc49 20.750
proc31 21.875
proc43 24.625
proc57 26.875
proc73 30.250
proc13 31.000
proc63 32.875
proc54 33.250
proc7 34.000
proc35 34.750
proc60 35.625
proc61 37.250
proc40 39.125
proc67 41.625
proc45 44.250
proc44 47.625
proc33 51.250
proc42 55.000
proc6 59.000
proc29 63.000
proc25 67.125
proc9 71.375
proc65 75.750
proc17 80.625
proc2 85.750
proc26 91.000
proc32 96.250
proc72 101.750
proc74 107.375
proc16 113.125
proc56 119.000
proc1 125.000
proc0 131.000
proc30 137.000
proc66 143.250
proc14 149.625
proc47 156.125
proc51 162.625
proc58 169.375
proc52 176.125
proc10 183.125
proc41 190.500
proc27 198.000
proc39 205.625
proc21 213.250
proc38 221.000
proc37 229.000
proc23 237.000
proc15 245.125
proc46 253.500
proc59 262.125
proc24 270.875
proc34 279.750
proc36 288.750
proc28 297.875
proc19 307.000
proc71 316.375
proc8 325.750
proc4 335.250
proc18 345.000
proc62 355.000
proc22 365.000
proc11 375.000
9
