proc62 4.375
proc29 5.875
proc50 7.125
proc55 8.500
proc28 10.250
proc32 11.875
proc26 14.250
proc8 16.000
proc64 18.625
proc49 21.500
proc71 24.375
proc51 24.875
proc61 25.875
proc65 28.875
proc13 29.750
proc59 32.125
proc69 34.125
proc43 36.250
proc12 38.875
proc25 41.375
proc41 44.625
proc40 48.125
proc7 51.625
proc23 55.250
proc72 58.875
proc24 62.750
proc44 67.125
proc73 71.500
proc53 76.000
proc60 80.500
proc68 85.000
proc33 89.500
proc37 94.125
proc15 99.125
proc16 104.125
proc35 109.375
proc42 114.875
proc22 120.500
proc21 126.250
proc34 132.250
proc66 138.625
proc52 145.000
proc70 151.500
proc17 158.000
proc5 164.500
proc57 171.125
proc38 177.750
proc2 184.500
proc14 191.375
proc56 198.375
proc20 205.375
proc18 212.500
proc39 219.625
proc63 226.750
proc10 234.250
proc9 241.750
proc74 249.500
proc46 257.250
proc45 265.125
proc27 273.000
proc6 281.000
proc54 289.125
proc58 297.250
proc0 305.500
proc67 313.750
proc48 322.375
proc31 331.000
proc36 339.750
proc3 348.500
proc30 357.500
proc19 366.625
proc4 375.750
proc47 385.000
proc11 394.375
proc1 404.375
7
