proc65 2.125
proc21 4.625
proc1 5.000
proc60 5.875
proc72 7.000
proc22 8.250
proc47 9.125
proc7 11.500
proc29 13.875
proc41 16.375
proc6 17.750
proc14 19.625
proc42 21.500
proc24 23.000
proc0 23.625
proc9 23.875
proc53 24.500
proc26 26.250
proc45 27.625
proc52 28.500
proc25 30.625
proc55 32.000
proc61 33.875
proc36 36.000
proc40 38.250
proc30 40.625
proc31 43.125
proc28 45.750
proc59 48.375
proc33 51.125
proc64 53.875
proc13 56.875
proc71 59.875
proc48 63.000
proc44 66.125
proc49 69.375
proc69 72.625
proc32 75.875
proc38 79.375
proc16 82.875
proc54 86.875
proc8 91.125
proc19 95.375
proc70 100.000
proc39 104.875
proc4 109.875
proc63 114.875
proc66 120.000
proc56 125.250
proc50 130.500
proc58 136.125
proc17 141.875
proc68 148.000
proc35 154.125
proc10 160.625
proc12 167.250
proc5 174.375
proc51 181.500
proc37 188.625
proc57 196.000
proc11 203.750
proc67 211.625
proc43 219.500
proc18 227.375
proc20 235.250
proc3 243.250
proc74 251.250
proc27 259.375
proc2 267.500
proc46 276.000
proc34 284.625
proc15 293.500
proc62 302.500
proc23 311.625
proc73 321.500
8
