proc0 4.375
proc30 7.000
proc42 9.500
proc68 12.125
proc21 13.250
proc73 15.000
proc44 16.000
proc7 17.000
proc60 19.125
proc12 21.250
proc19 22.750
proc4 23.750
proc15 26.000
proc51 28.125
proc58 30.500
proc14 31.625
proc56 32.500
proc69 33.000
proc24 34.875
proc71 36.750
proc57 38.000
proc37 40.500
proc38 43.750
proc50 47.000
proc66 50.250
proc28 53.625
proc3 57.000
proc70 60.750
proc35 64.500
proc64 68.250
proc9 72.375
proc52 76.625
proc53 81.250
proc10 86.000
proc65 90.750
proc16 95.625
proc48 100.500
proc2 105.500
proc22 110.625
proc62 116.000
proc67 121.375
proc23 126.875
proc18 132.625
proc36 138.625
proc27 144.750
proc43 151.000
proc74 157.375
proc63 164.000
proc31 170.750
proc45 177.625
proc26 184.500
proc39 191.375
proc47 198.250
proc13 205.125
proc49 212.125
proc6 219.250
proc46 226.500
proc40 233.875
proc25 241.250
proc32 248.625
proc59 256.250
proc1 264.000
proc34 272.125
proc55 280.500
proc8 289.000
proc20 297.500
proc54 306.250
proc11 315.125
proc72 324.125
proc17 333.375
proc41 342.750
proc5 352.125
proc29 361.625
proc61 371.500
proc33 381.500
11
