proc5 2.875
proc19 4.125
proc44 4.750
proc67 6.875
proc72 8.750
proc36 11.500
proc32 15.250
proc48 17.250
proc58 19.250
proc35 21.375
proc28 22.875
proc63 24.500
proc64 26.375
proc46 27.125
proc21 28.375
proc17 29.125
proc4 30.250
proc38 31.500
proc7 33.000
proc20 34.625
proc50 36.125
proc29 38.125
proc24 41.125
proc62 44.125
proc3 47.375
proc0 50.875
proc11 54.375
proc23 58.125
proc47 62.000
proc34 66.000
proc52 70.000
proc49 74.375
proc51 78.875
proc66 83.500
proc16 88.125
proc74 92.750
proc27 97.625
proc56 102.750
proc37 108.125
proc14 113.625
proc70 119.250
proc68 125.000
proc10 130.750
proc15 136.750
proc40 143.375
proc25 150.125
proc60 157.000
proc53 164.125
proc22 171.250
proc69 178.375
proc9 185.625
proc31 192.875
proc54 200.250
proc71 207.750
proc59 215.250
proc13 222.875
proc55 230.625
proc45 238.500
proc73 246.625
proc57 254.875
proc33 263.250
proc43 271.625
proc6 280.500
proc41 289.375
proc8 298.375
proc2 307.375
proc1 316.500
proc26 325.625
proc65 334.875
proc39 344.125
proc12 353.750
proc42 363.375
proc30 373.125
proc61 382.875
proc18 392.875
9
