proc67 3.000
proc8 6.500
proc38 7.000
proc43 8.750
proc49 10.375
proc68 11.750
proc9 12.375
proc51 14.625
proc34 15.625
proc33 17.375
proc4 20.500
proc25 22.375
proc65 23.125
proc54 24.875
proc40 26.125
proc30 27.625
proc69 29.625
proc31 30.750
proc59 31.875
proc73 33.125
proc61 35.625
proc72 36.500
proc57 39.500
proc66 42.625
proc62 46.125
proc47 49.750
proc24 53.625
proc39 57.625
proc44 61.750
proc12 66.125
proc52 70.625
proc20 75.125
proc16 79.625
proc27 84.125
proc21 88.875
proc17 93.750
proc6 99.000
proc64 104.250
proc48 109.625
proc13 115.375
proc23 121.125
proc55 126.875
proc2 132.625
proc18 138.500
proc71 144.375
proc1 150.375
proc22 157.125
proc56 164.000
proc26 171.125
proc53 178.250
proc50 185.500
proc28 192.750
proc42 200.000
proc35 207.250
proc74 214.625
proc45 222.375
proc29 230.125
proc5 238.000
proc11 246.125
proc36 254.375
proc15 262.750
proc10 271.250
proc3 279.750
proc41 288.500
proc32 297.250
proc60 306.125
proc19 315.000
proc58 324.000
proc70 333.125
proc46 342.500
proc7 352.000
proc37 361.500
proc14 371.000
proc0 380.875
proc63 390.875
13
