proc54 3.750
proc35 6.375
proc70 6.625
proc34 9.625
proc13 12.000
proc11 14.125
proc0 16.500
proc69 18.875
proc47 20.000
proc29 21.625
proc25 23.750
proc39 25.250
proc65 27.250
proc30 28.750
proc60 30.000
proc37 31.625
proc71 33.875
proc16 36.750
proc20 39.875
proc5 43.250
proc58 46.750
proc48 50.250
proc56 53.750
proc9 57.250
proc59 60.875
proc27 64.625
proc51 68.625
proc19 72.750
proc43 77.000
proc46 81.250
proc55 85.625
proc2 90.250
proc73 95.000
proc74 100.000
proc6 105.125
proc18 110.250
proc72 115.500
proc44 120.750
proc42 126.375
proc7 132.000
proc28 137.625
proc52 143.375
proc15 149.125
proc24 155.125
proc21 161.125
proc50 167.625
proc61 174.125
proc33 180.625
proc31 187.125
proc67 193.750
proc45 200.375
proc32 207.125
proc62 214.125
proc41 221.125
proc10 228.250
proc22 235.500
proc17 242.750
proc8 250.000
proc49 257.375
proc38 265.125
proc14 273.250
proc26 281.500
proc36 289.875
proc66 298.250
proc12 306.750
proc57 315.375
proc68 324.125
proc3 333.000
proc53 341.875
proc63 350.875
proc64 360.000
proc1 369.375
proc23 379.000
proc4 388.625
proc40 398.625
5
