proc57 4.000
proc67 5.000
proc36 5.500
proc3 6.750
proc0 7.500
proc74 9.750
proc25 11.625
proc45 14.375
proc66 14.750
proc62 16.250
proc50 16.625
proc61 17.375
proc26 18.250
proc20 19.500
proc47 19.875
proc54 21.500
proc53 22.125
proc71 24.250
proc43 24.625
proc73 27.375
proc42 30.500
proc28 32.750
proc39 34.625
proc59 36.625
proc6 38.000
proc30 41.375
proc9 44.750
proc27 48.250
proc19 51.875
proc24 55.500
proc46 59.250
proc58 63.125
proc52 67.125
proc34 71.250
proc5 75.625
proc69 80.125
proc55 85.125
proc2 90.125
proc10 95.375
proc4 101.000
proc7 106.750
proc21 112.625
proc68 118.750
proc65 124.875
proc14 131.000
proc72 137.250
proc60 143.625
proc23 150.000
proc35 156.500
proc17 163.250
proc63 170.000
proc51 177.000
proc64 184.125
proc40 191.250
proc38 198.375
proc1 205.625
proc31 213.125
proc18 220.625
proc70 228.125
proc12 235.875
proc8 243.750
proc41 251.625
proc32 259.625
proc56 267.750
proc49 275.875
proc44 284.000
proc29 292.625
proc13 301.375
proc11 310.250
proc22 319.500
proc48 328.875
proc16 338.250
proc37 347.750
proc15 357.375
proc33 367.125
6
