proc44 2.875
proc65 3.375
proc51 5.875
proc52 6.750
proc7 7.750
proc1 9.375
proc50 12.000
proc5 13.250
proc27 14.875
proc35 15.875
proc11 17.500
proc22 19.375
proc21 22.000
proc23 24.750
proc3 27.000
proc61 29.000
proc24 31.000
proc60 32.000
proc69 33.625
proc47 35.750
proc67 37.000
proc14 39.500
proc38 42.125
proc2 45.125
proc32 48.125
proc68 52.000
proc28 55.875
proc62 59.875
proc42 63.875
proc19 67.875
proc39 72.125
proc45 76.375
proc53 80.750
proc9 85.250
proc58 89.750
proc73 94.250
proc49 98.750
proc41 103.375
proc30 108.000
proc55 112.625
proc66 117.500
proc54 122.500
proc46 127.875
proc34 133.250
proc15 138.875
proc29 144.750
proc18 150.750
proc13 156.875
proc4 163.125
proc36 169.375
proc25 175.750
proc72 182.250
proc71 188.875
proc64 195.750
proc16 203.125
proc8 210.875
proc17 218.750
proc20 226.625
proc6 234.625
proc43 242.750
proc40 251.000
proc33 259.250
proc74 267.625
proc48 276.250
proc57 285.250
proc12 294.375
proc26 303.625
proc37 312.875
proc63 322.250
proc56 331.875
proc70 341.625
proc10 351.500
proc59 361.375
proc0 371.375
proc31 381.375
9
