proc8 3.875
proc61 4.500
proc2 5.375
proc39 6.375
proc70 9.375
proc73 10.625
proc37 11.000
proc27 13.625
proc69 15.625
proc46 17.375
proc30 19.000
proc74 21.000
proc4 22.625
proc12 23.750
proc49 25.000
proc22 27.250
proc17 30.500
proc43 34.000
proc32 34.875
proc42 37.625
proc60 39.875
proc55 42.500
proc41 46.000
proc14 49.500
proc18 53.250
proc71 57.000
proc25 60.750
proc65 64.750
proc0 68.750
proc23 72.750
proc38 76.875
proc44 81.125
proc10 85.375
proc47 90.000
proc64 94.750
proc7 99.500
proc57 104.375
proc59 109.375
proc26 114.500
proc9 119.750
proc66 125.375
proc31 131.125
proc62 136.875
proc1 142.750
proc40 148.750
proc15 155.000
proc52 161.375
proc33 167.875
proc3 174.375
proc21 181.125
proc28 187.875
proc56 194.625
proc67 201.500
proc51 208.375
proc36 215.500
proc50 222.875
proc68 230.875
proc5 238.875
proc13 246.875
proc54 255.000
proc45 263.250
proc63 271.625
proc24 280.125
proc29 288.625
proc20 297.250
proc19 305.875
proc58 314.625
proc53 323.375
proc34 332.250
proc72 341.250
proc11 350.500
proc6 360.125
proc35 370.000
proc16 379.875
proc48 389.750
5
