proc20 0.875
proc31 2.000
proc21 7.375
proc14 10.000
proc71 11.125
proc12 12.875
proc33 14.625
proc61 15.750
proc43 17.000
proc49 18.125
proc3 19.500
proc51 21.500
proc18 23.625
proc34 24.625
proc40 26.000
proc62 27.500
proc7 29.375
proc39 30.500
proc58 31.875
proc66 34.000
proc41 36.375
proc15 38.625
proc45 41.375
proc48 44.250
proc25 47.250
proc26 50.250
proc0 53.500
proc57 56.750
proc56 60.000
proc35 63.375
proc67 67.000
proc10 70.875
proc38 74.750
proc69 78.750
proc27 82.750
proc19 86.875
proc17 91.250
proc54 95.875
proc64 100.625
proc1 105.875
proc13 111.125
proc22 116.500
proc73 122.125
proc63 127.750
proc23 133.750
proc37 139.875
proc6 146.125
proc9 152.375
proc74 158.750
proc60 165.250
proc59 171.875
proc24 178.500
proc46 185.375
proc16 192.375
proc11 199.500
proc70 206.750
proc4 214.000
proc50 221.250
proc8 228.500
proc28 235.750
proc52 243.625
proc72 251.500
proc55 259.500
proc42 267.750
proc32 276.125
proc44 284.625
proc2 293.500
proc47 302.375
proc65 311.500
proc29 320.875
proc30 330.375
proc68 339.875
proc5 349.750
proc36 359.625
proc53 369.625
9
