proc27 1.750
proc17 2.625
proc46 4.000
proc22 5.125
proc26 6.500
proc74 7.625
proc62 8.125
proc29 8.875
proc52 10.250
proc23 11.750
proc2 14.125
proc15 16.625
proc42 18.750
proc9 21.000
proc73 21.750
proc25 23.750
proc48 25.000
proc69 27.125
proc5 28.750
proc0 31.125
proc70 33.500
proc16 34.125
proc3 36.625
proc4 38.500
proc53 41.125
proc6 44.000
proc58 47.125
proc55 50.250
proc28 53.500
proc43 56.750
proc54 60.125
proc67 64.250
proc56 68.500
proc71 72.750
proc64 77.000
proc65 81.250
proc49 85.875
proc38 90.625
proc11 95.500
proc30 100.375
proc40 105.625
proc66 110.875
proc18 116.125
proc35 121.750
proc59 127.500
proc60 133.375
proc14 139.500
proc72 145.875
proc39 152.500
proc20 159.250
proc57 166.250
proc8 173.375
proc36 180.500
proc37 187.750
proc51 195.000
proc31 202.375
proc13 210.000
proc50 217.750
proc32 225.625
proc45 233.625
proc33 241.750
proc12 249.875
proc68 258.000
proc47 266.250
proc61 274.500
proc21 282.750
proc10 291.125
proc41 299.875
proc7 308.875
proc19 318.125
proc24 327.625
proc63 337.125
proc1 346.750
proc44 356.625
proc34 366.500
9
