proc20 3.125
proc64 3.750
proc56 5.250
proc5 8.625
proc27 10.000
proc53 11.500
proc29 12.875
proc17 14.625
proc46 15.375
proc36 16.750
proc31 19.500
proc41 19.750
proc43 22.750
proc61 24.625
proc9 26.625
proc14 28.750
proc34 30.625
proc68 32.375
proc33 33.000
proc35 33.750
proc38 36.500
proc30 38.625
proc19 41.125
proc24 44.250
proc4 47.500
proc15 50.750
proc51 54.125
proc37 57.625
proc57 61.125
proc1 65.000
proc59 68.875
proc73 73.250
proc62 77.625
proc2 82.375
proc28 87.250
proc67 92.250
proc74 97.375
proc3 103.000
proc40 108.750
proc72 114.625
proc7 120.500
proc23 126.375
proc39 132.250
proc25 138.125
proc58 144.125
proc42 150.375
proc0 156.750
proc71 163.250
proc69 169.750
proc21 176.375
proc49 183.000
proc8 189.750
proc22 196.500
proc54 203.500
proc63 210.500
proc18 217.750
proc11 225.000
proc26 232.500
proc16 240.125
proc65 247.875
proc10 255.625
proc48 263.500
proc32 271.500
proc50 279.625
proc60 287.875
proc55 296.125
proc45 304.875
proc66 313.625
proc52 322.500
proc47 331.375
proc12 340.375
proc13 349.750
proc6 359.125
proc44 369.125
proc70 379.125
9
