proc52 4.375
proc30 5.875
proc12 6.750
proc50 7.375
proc66 8.250
proc42 8.750
proc3 10.125
proc46 12.500
proc7 14.125
proc9 18.000
proc35 19.000
proc57 22.375
proc5 22.625
proc60 24.125
proc56 25.000
proc6 25.625
proc32 27.125
proc2 29.750
proc28 30.625
proc0 31.250
proc37 32.875
proc13 34.375
proc45 36.125
proc10 38.375
proc71 41.125
proc14 44.125
proc31 47.625
proc27 51.250
proc48 54.875
proc65 58.750
proc41 62.625
proc70 67.375
proc67 72.125
proc63 76.875
proc11 81.875
proc34 86.875
proc26 92.125
proc74 97.375
proc16 102.750
proc18 108.125
proc61 114.000
proc17 119.875
proc24 125.750
proc36 131.750
proc53 137.875
proc62 144.250
proc8 150.750
proc39 157.625
proc21 164.750
proc49 172.000
proc29 179.375
proc23 186.750
proc44 194.250
proc20 201.750
proc55 209.250
proc40 216.875
proc68 224.625
proc72 232.375
proc43 240.250
proc19 248.250
proc33 256.375
proc1 264.625
proc4 273.375
proc69 282.125
proc22 291.000
proc64 299.875
proc15 308.875
proc73 318.125
proc54 327.375
proc38 336.750
proc58 346.500
proc25 356.250
proc47 366.125
proc59 376.125
proc51 386.125
9
