proc10 4.875
proc50 14.125
proc75 15.000
proc106 23.750
proc24 33.000
proc77 37.500
proc61 39.875
proc135 40.500
proc44 47.000
proc89 49.750
proc142 53.500
proc88 61.750
proc99 70.125
proc22 75.500
proc95 85.500
proc85 89.875
proc27 90.000
proc84 94.125
proc90 103.500
proc93 111.375
proc114 113.500
proc48 114.750
proc91 116.000
proc68 119.375
proc72 127.000
proc21 135.750
proc25 143.250
proc71 144.000
proc46 152.125
proc6 156.500
proc81 158.625
proc100 168.125
proc149 170.125
proc139 178.250
proc146 180.750
proc45 182.500
proc86 184.500
proc92 185.375
proc23 188.625
proc108 196.125
proc18 196.875
proc119 203.125
proc0 204.875
proc134 209.875
proc101 211.000
proc137 213.500
proc11 214.625
proc117 219.375
proc103 224.375
proc113 228.125
proc144 232.625
proc38 238.625
proc73 243.125
proc112 243.250
proc138 243.750
proc131 250.625
proc87 253.250
proc97 260.125
proc9 260.375
proc123 266.375
proc94 275.375
proc34 279.250
proc116 288.625
proc98 296.250
proc41 301.500
proc79 306.250
proc17 307.750
proc141 315.625
proc120 319.125
proc111 322.625
proc20 327.875
proc57 330.125
proc30 338.125
proc107 341.125
proc124 348.500
proc35 354.125
proc5 360.250
proc145 365.375
proc70 365.500
proc125 370.750
proc127 374.125
proc78 380.250
proc130 381.000
proc132 386.250
proc55 390.000
proc67 395.125
proc14 399.875
proc121 408.250
proc126 418.000
proc36 423.000
proc2 425.750
proc31 435.500
proc74 439.000
proc80 439.375
proc102 443.125
proc53 443.625
proc47 451.125
proc12 458.625
proc140 462.500
proc62 472.375
proc63 478.875
proc83 486.500
proc105 486.875
proc110 487.125
proc59 490.375
proc136 497.250
proc65 499.125
proc52 501.500
proc29 504.500
proc66 514.500
proc76 523.000
proc133 532.625
proc129 538.500
proc1 541.125
proc13 547.750
proc115 557.000
proc128 559.875
proc16 561.875
proc43 564.000
proc4 568.000
proc56 573.625
proc33 577.250
proc58 581.000
proc15 581.250
proc104 590.750
proc96 593.375
proc122 595.750
proc69 596.250
proc42 600.125
proc32 600.875
proc109 609.250
proc39 612.750
proc64 618.625
proc51 622.375
proc40 631.125
proc3 636.750
proc143 638.125
proc147 643.875
proc26 649.500
proc148 659.250
proc8 668.000
proc37 674.000
proc54 675.125
proc49 675.250
proc7 682.375
proc118 690.000
proc60 693.375
proc82 697.125
proc28 700.125
proc19 705.250
0
