proc130 10.000
proc142 17.875
proc41 24.375
proc102 28.625
proc89 31.625
proc97 39.875
proc115 44.000
proc75 45.625
proc34 47.375
proc23 49.000
proc116 56.250
proc117 57.875
proc38 63.125
proc5 67.500
proc21 70.625
proc45 74.625
proc46 77.750
proc110 83.000
proc28 90.625
proc136 92.375
proc64 97.625
proc79 100.375
proc120 103.750
proc76 111.500
proc148 115.750
proc105 120.375
proc54 125.375
proc63 128.750
proc135 136.875
proc114 139.250
proc111 140.000
proc8 143.875
proc15 148.250
proc119 150.625
proc82 158.750
proc32 161.500
proc78 166.625
proc2 171.500
proc83 174.250
proc103 177.125
proc106 181.375
proc125 186.375
proc13 195.875
proc3 196.375
proc22 204.625
proc80 211.500
proc126 217.250
proc145 217.875
proc61 227.875
proc146 229.500
proc121 234.875
proc10 238.750
proc100 242.125
proc133 249.500
proc4 253.000
proc70 262.875
proc31 272.250
proc44 278.625
proc16 282.875
proc107 287.500
proc108 289.375
proc19 299.250
proc18 301.875
proc73 305.750
proc37 309.875
proc122 312.750
proc72 314.750
proc26 322.625
proc91 327.125
proc17 327.750
proc74 332.750
proc94 339.125
proc141 341.750
proc12 347.875
proc132 355.625
proc138 362.750
proc56 369.500
proc101 377.875
proc140 383.250
proc42 392.250
proc60 394.500
proc85 402.750
proc92 409.625
proc66 418.375
proc52 419.875
proc109 421.125
proc7 421.250
proc20 425.125
proc71 428.750
proc95 430.750
proc65 434.000
proc84 441.875
proc134 446.750
proc33 450.125
proc58 455.500
proc88 457.125
proc128 462.375
proc98 467.750
proc53 468.375
proc131 471.500
proc9 475.875
proc137 485.750
proc124 490.500
proc112 491.500
proc69 495.875
proc35 497.125
proc51 503.125
proc86 512.875
proc90 519.375
proc40 521.625
proc143 523.500
proc27 526.500
proc29 528.625
proc81 531.875
proc55 537.625
proc129 545.250
proc127 551.625
proc49 559.625
proc62 565.750
proc24 567.250
proc144 576.000
proc104 584.000
proc87 593.000
proc67 600.875
proc93 610.625
proc50 616.500
proc68 621.125
proc118 627.250
proc47 635.000
proc149 638.500
proc36 644.750
proc57 650.375
proc43 656.125
proc30 664.750
proc11 668.125
proc139 673.375
proc77 679.750
proc99 685.375
proc39 688.500
proc1 696.750
proc25 700.375
proc0 703.000
proc147 712.000
proc96 721.750
proc59 725.375
proc123 728.125
proc48 736.625
proc14 740.125
proc113 744.125
proc6 751.750
0
