proc143 1.125
proc136 4.500
proc123 14.000
proc141 20.375
proc75 26.500
proc21 31.125
proc87 41.125
proc93 44.625
proc10 46.875
proc4 51.750
proc69 60.125
proc29 65.625
proc57 66.750
proc115 67.375
proc25 75.750
proc37 81.500
proc116 88.250
proc24 96.875
proc56 103.250
proc22 113.000
proc138 121.250
proc63 128.750
proc88 131.625
proc97 133.750
proc120 134.750
proc92 142.375
proc70 149.000
proc14 159.000
proc110 159.500
proc41 161.500
proc30 164.250
proc26 166.000
proc53 167.625
proc3 177.375
proc18 183.125
proc135 188.125
proc146 197.000
proc38 200.500
proc42 210.375
proc80 215.375
proc78 217.375
proc43 224.125
proc35 228.125
proc117 231.125
proc148 235.875
proc125 242.500
proc100 251.000
proc98 254.750
proc16 259.625
proc67 266.625
proc9 274.375
proc112 277.250
proc84 281.125
proc140 282.750
proc17 292.625
proc96 294.250
proc129 296.875
proc137 299.000
proc0 302.625
proc66 308.500
proc142 310.375
proc119 319.375
proc11 328.625
proc101 335.000
proc131 337.250
proc47 343.000
proc49 351.000
proc34 354.000
proc7 354.875
proc144 361.250
proc59 363.250
proc12 370.000
proc82 379.250
proc31 382.500
proc134 384.250
proc145 393.000
proc45 397.750
proc132 399.750
proc94 407.000
proc8 412.250
proc77 416.125
proc83 422.125
proc48 430.500
proc40 437.250
proc114 438.000
proc89 447.625
proc106 453.000
proc128 461.125
proc107 468.250
proc6 474.500
proc86 478.625
proc58 485.625
proc108 486.125
proc23 492.750
proc51 498.750
proc71 503.500
proc111 508.750
proc79 511.750
proc95 517.000
proc99 526.750
proc73 533.125
proc33 534.625
proc13 543.750
proc118 553.250
proc1 561.000
proc52 569.625
proc20 579.500
proc149 582.500
proc147 585.625
proc2 589.750
proc72 594.500
proc19 603.750
proc121 611.500
proc102 619.875
proc28 627.875
proc32 632.625
proc74 638.875
proc85 643.125
proc91 645.375
proc104 649.875
proc68 653.500
proc61 661.625
proc113 664.375
proc55 671.500
proc139 673.875
proc60 675.375
proc126 683.375
proc5 685.000
proc90 687.250
proc54 688.875
proc127 690.000
proc133 692.250
proc130 696.750
proc46 701.250
proc109 708.500
proc50 712.500
proc124 718.000
proc27 723.625
proc39 728.125
proc36 734.375
proc122 735.750
proc65 740.125
proc15 748.750
proc103 757.750
proc64 764.000
proc105 765.375
proc76 765.875
proc81 767.625
proc44 769.250
proc62 774.500
0
