proc74 9.750
proc79 13.625
proc6 23.125
proc100 28.000
proc64 34.625
proc148 36.875
proc16 41.750
proc105 42.000
proc13 45.125
proc120 54.875
proc149 55.500
proc7 60.250
proc86 65.000
proc108 70.000
proc62 73.125
proc63 78.125
proc126 83.375
proc54 90.250
proc90 90.625
proc78 100.000
proc131 102.250
proc82 110.500
proc53 111.500
proc93 120.375
proc89 126.500
proc119 131.250
proc26 134.750
proc17 140.625
proc9 145.125
proc130 153.000
proc101 162.500
proc87 166.875
proc117 175.375
proc138 182.250
proc12 186.375
proc37 194.500
proc67 197.000
proc47 204.500
proc59 210.250
proc20 211.625
proc43 220.125
proc107 229.750
proc116 235.000
proc42 237.500
proc71 244.250
proc61 251.250
proc55 253.125
proc1 259.625
proc144 266.875
proc65 276.875
proc35 286.500
proc14 293.500
proc4 294.250
proc142 304.000
proc123 312.250
proc125 314.375
proc129 321.500
proc145 325.250
proc97 329.875
proc121 335.000
proc48 338.125
proc80 346.375
proc85 351.375
proc70 354.875
proc92 356.625
proc127 364.750
proc147 374.125
proc69 378.500
proc91 388.500
proc132 397.875
proc56 407.125
proc22 409.250
proc45 418.000
proc110 419.125
proc109 420.000
proc28 423.750
proc96 425.625
proc8 430.375
proc111 434.125
proc41 437.875
proc50 447.125
proc95 447.750
proc31 448.000
proc98 449.375
proc115 455.125
proc38 458.375
proc112 458.625
proc51 463.125
proc44 468.000
proc99 471.250
proc21 480.500
proc36 482.250
proc66 487.000
proc33 491.250
proc52 499.000
proc27 504.750
proc34 506.875
proc104 511.625
proc135 515.875
proc102 519.750
proc30 524.125
proc0 531.000
proc15 535.750
proc146 538.500
proc124 545.125
proc137 545.250
proc40 553.625
proc72 561.625
proc88 567.625
proc128 572.625
proc118 582.250
proc83 588.375
proc68 589.750
proc122 590.500
proc46 595.125
proc19 598.625
proc84 604.750
proc25 607.875
proc113 616.625
proc5 621.750
proc57 624.000
proc133 627.500
proc73 636.875
proc24 643.500
proc10 644.500
proc11 649.000
proc18 650.250
proc114 655.375
proc139 656.375
proc103 662.250
proc29 663.375
proc32 668.500
proc140 671.875
proc141 677.000
proc58 683.500
proc94 689.875
proc75 693.250
proc23 696.000
proc136 701.750
proc3 706.625
proc60 707.875
proc49 710.375
proc39 712.125
proc106 717.500
proc134 717.625
proc81 719.125
proc77 721.250
proc2 726.250
proc76 735.625
proc143 743.250
0
