proc55 2.875
proc148 6.250
proc136 15.125
proc89 21.750
proc71 30.500
proc112 31.500
proc96 31.750
proc54 38.250
proc11 45.750
proc2 54.625
proc113 60.250
proc122 61.875
proc87 70.250
proc90 74.875
proc79 79.250
proc81 86.625
proc59 89.875
proc68 96.500
proc77 104.875
proc5 110.375
proc63 110.750
proc48 112.250
proc76 121.375
proc33 122.125
proc14 122.625
proc95 129.125
proc84 134.875
proc24 142.875
proc8 152.000
proc119 160.500
proc18 165.625
proc62 172.375
proc25 179.875
proc85 185.125
proc116 192.875
proc21 202.875
proc83 209.750
proc44 214.875
proc64 215.750
proc70 221.625
proc109 230.875
proc92 240.250
proc19 243.500
proc27 252.500
proc61 261.750
proc39 264.750
proc51 271.625
proc137 279.500
proc50 289.250
proc140 293.750
proc138 298.750
proc114 301.625
proc57 308.000
proc120 310.250
proc34 313.250
proc29 317.250
proc98 325.625
proc121 327.000
proc28 328.250
proc82 330.250
proc130 338.875
proc53 342.750
proc86 349.750
proc124 355.250
proc110 362.625
proc38 372.375
proc133 373.125
proc72 374.250
proc103 383.125
proc69 391.000
proc35 396.250
proc101 403.250
proc73 405.875
proc66 411.875
proc135 412.750
proc56 420.000
proc7 425.875
proc30 428.125
proc145 435.250
proc40 443.375
proc32 444.875
proc17 447.750
proc49 452.250
proc45 462.250
proc46 470.500
proc105 479.500
proc117 486.875
proc129 492.250
proc6 501.500
proc4 508.875
proc132 511.750
proc16 519.625
proc149 521.875
proc10 531.375
proc125 536.500
proc143 540.375
proc31 545.250
proc3 545.500
proc22 552.500
proc12 560.500
proc147 560.750
proc142 570.250
proc128 573.375
proc41 578.000
proc78 587.625
proc88 593.250
proc104 600.125
proc0 609.375
proc146 616.625
proc58 624.625
proc91 630.375
proc52 636.375
proc97 637.500
proc123 639.875
proc43 641.750
proc80 648.875
proc26 652.500
proc94 656.625
proc1 666.125
proc60 672.375
proc126 680.000
proc144 682.125
proc9 684.375
proc20 694.000
proc100 703.500
proc134 708.000
proc36 711.250
proc108 711.875
proc99 720.375
proc102 730.125
proc131 732.250
proc139 733.125
proc65 734.125
proc13 738.625
proc74 744.000
proc127 747.250
proc42 757.125
proc47 765.000
proc93 767.000
proc111 769.250
proc106 778.625
proc67 787.875
proc23 793.750
proc75 798.000
proc141 801.250
proc15 803.250
proc115 811.750
proc37 817.875
proc107 825.000
proc118 830.750
0
