proc38 6.000
proc145 13.875
proc65 17.375
proc55 27.000
proc48 30.625
proc74 37.375
proc77 43.000
proc21 50.000
proc102 54.875
proc87 60.750
proc62 67.250
proc130 72.500
proc90 74.500
proc16 78.500
proc117 81.625
proc128 88.500
proc1 95.375
proc22 105.000
proc9 111.000
proc122 118.625
proc149 119.625
proc132 129.000
proc51 129.125
proc147 130.125
proc61 140.000
proc50 140.250
proc14 140.750
proc35 147.500
proc78 150.500
proc63 155.375
proc101 156.125
proc110 162.625
proc0 168.375
proc80 169.250
proc13 172.625
proc23 174.000
proc131 182.375
proc138 190.375
proc127 194.625
proc11 203.125
proc45 210.375
proc97 215.875
proc118 223.875
proc119 230.000
proc12 238.500
proc57 238.750
proc31 244.250
proc88 251.500
proc73 255.375
proc125 264.250
proc134 272.750
proc64 276.000
proc114 277.500
proc112 286.125
proc79 293.250
proc99 296.500
proc121 301.125
proc115 306.625
proc27 316.625
proc72 319.000
proc59 326.125
proc86 331.625
proc71 333.125
proc47 336.750
proc6 337.625
proc24 340.500
proc126 343.875
proc142 351.875
proc70 352.000
proc93 357.375
proc123 360.250
proc105 363.625
proc137 370.875
proc69 374.500
proc92 380.875
proc67 385.875
proc96 390.750
proc116 395.000
proc66 397.250
proc25 398.625
proc108 405.250
proc89 405.500
proc3 406.125
proc75 413.000
proc34 415.000
proc58 415.500
proc113 421.750
proc104 427.750
proc124 433.500
proc143 440.375
proc82 448.375
proc120 456.000
proc129 465.375
proc10 473.125
proc98 481.375
proc8 489.750
proc60 498.250
proc49 501.250
proc20 506.000
proc52 515.625
proc91 516.375
proc32 522.750
proc100 526.750
proc111 534.750
proc46 540.000
proc4 549.500
proc28 559.250
proc30 564.375
proc84 565.375
proc40 567.250
proc94 569.875
proc7 579.000
proc68 579.250
proc95 580.500
proc103 589.250
proc17 590.500
proc148 593.500
proc36 598.875
proc139 602.875
proc109 612.500
proc135 613.875
proc54 621.125
proc37 629.875
proc53 638.125
proc15 638.500
proc43 639.250
proc26 641.375
proc85 647.500
proc106 655.250
proc19 664.000
proc81 668.500
proc56 675.125
proc107 675.375
proc133 678.625
proc146 685.625
proc83 686.375
proc136 691.375
proc29 699.875
proc44 705.750
proc33 714.125
proc39 719.000
proc76 720.375
proc42 721.750
proc141 728.500
proc18 736.250
proc144 746.000
proc41 750.625
proc5 753.500
proc2 754.250
proc140 759.000
0
