proc97 4.625
proc13 7.750
proc127 8.750
proc25 13.875
proc43 22.750
proc89 31.500
proc96 40.750
proc115 46.750
proc39 55.375
proc64 57.500
proc18 61.375
proc109 64.250
proc23 73.250
proc52 77.500
proc49 77.875
proc12 85.125
proc131 92.250
proc105 99.875
proc69 100.875
proc147 104.500
proc80 108.375
proc11 108.625
proc14 113.750
proc70 117.625
proc20 123.625
proc141 129.875
proc116 133.875
proc68 138.875
proc67 146.375
proc4 148.375
proc22 157.250
proc76 163.875
proc101 166.375
proc32 170.375
proc132 170.500
proc45 173.750
proc7 177.875
proc119 186.750
proc117 188.250
proc134 191.875
proc86 195.000
proc130 203.250
proc60 212.125
proc122 219.875
proc113 228.000
proc82 232.500
proc133 236.500
proc138 243.875
proc72 248.875
proc57 253.750
proc42 255.250
proc110 255.625
proc46 263.125
proc79 265.375
proc73 269.375
proc123 270.250
proc75 271.375
proc84 278.375
proc85 279.500
proc48 289.375
proc29 290.125
proc6 298.000
proc31 299.875
proc145 309.750
proc36 318.875
proc15 321.125
proc92 323.250
proc24 323.875
proc142 332.250
proc129 333.125
proc1 338.375
proc61 346.125
proc40 351.250
proc8 355.750
proc136 363.625
proc143 365.250
proc87 374.875
proc94 377.375
proc88 382.500
proc41 391.875
proc125 398.750
proc56 405.125
proc66 409.250
proc34 418.500
proc78 419.000
proc114 423.375
proc10 428.750
proc148 435.750
proc3 441.000
proc135 450.125
proc59 450.250
proc44 454.625
proc91 463.625
proc37 469.750
proc83 478.125
proc139 480.125
proc62 488.625
proc104 488.875
proc90 489.375
proc38 493.875
proc77 502.500
proc65 511.125
proc30 513.625
proc9 520.250
proc55 523.000
proc144 527.125
proc53 531.625
proc108 537.750
proc111 540.250
proc99 540.500
proc2 546.500
proc54 547.000
proc27 547.750
proc5 551.625
proc17 560.250
proc71 569.000
proc33 573.625
proc95 580.125
proc120 582.500
proc118 590.625
proc58 599.625
proc100 606.125
proc107 614.125
proc102 621.125
proc140 626.000
proc103 630.875
proc93 639.125
proc106 647.125
proc98 657.000
proc149 660.125
proc28 661.500
proc47 665.000
proc137 673.000
proc16 679.375
proc81 680.500
proc146 685.625
proc74 690.250
proc50 695.625
proc0 700.750
proc112 701.000
proc126 709.625
proc35 719.000
proc51 719.875
proc121 728.875
proc63 734.000
proc19 734.375
proc128 742.875
proc21 750.625
proc124 757.000
proc26 760.625
0
