proc71 5.375
proc129 11.250
proc82 17.500
proc0 23.500
proc87 27.000
proc94 36.500
proc120 43.625
proc111 52.500
proc135 53.250
proc28 59.625
proc148 60.875
proc58 69.250
proc140 72.500
proc102 74.750
proc36 79.750
proc81 88.875
proc139 95.500
proc29 101.000
proc39 103.250
proc54 108.250
proc26 109.375
proc44 110.750
proc69 111.250
proc53 115.000
proc95 117.375
proc145 126.750
proc60 129.625
proc1 130.500
proc97 131.500
proc6 132.750
proc136 138.500
proc62 141.875
proc124 142.125
proc133 143.125
proc30 152.125
proc51 156.375
proc5 158.500
proc76 163.750
proc142 167.375
proc103 168.000
proc83 169.375
proc99 175.000
proc18 175.625
proc118 184.125
proc121 191.750
proc61 197.000
proc92 204.375
proc134 207.625
proc17 215.375
proc64 221.500
proc43 227.875
proc8 232.625
proc85 233.875
proc108 234.625
proc75 241.375
proc2 244.375
proc15 250.750
proc20 260.250
proc119 263.000
proc112 272.875
proc21 279.875
proc107 283.500
proc47 286.750
proc91 294.000
proc127 303.750
proc122 305.125
proc138 311.750
proc31 314.500
proc115 318.125
proc132 321.125
proc113 323.500
proc109 326.750
proc56 334.750
proc110 337.750
proc40 342.375
proc147 349.375
proc114 357.000
proc35 360.625
proc22 367.375
proc34 372.250
proc126 373.000
proc27 376.875
proc73 383.250
proc49 386.125
proc59 389.625
proc104 390.625
proc46 398.000
proc137 407.875
proc13 413.750
proc14 417.625
proc37 417.750
proc101 427.250
proc105 429.625
proc131 438.500
proc55 441.250
proc116 443.000
proc48 444.500
proc79 446.375
proc88 448.750
proc42 456.250
proc130 462.500
proc74 471.625
proc128 473.875
proc67 478.125
proc41 487.000
proc98 494.625
proc70 496.750
proc72 503.750
proc80 512.750
proc125 517.250
proc11 519.875
proc65 522.125
proc146 523.750
proc57 525.750
proc45 532.000
proc123 537.750
proc141 547.125
proc89 555.875
proc4 557.375
proc106 558.875
proc52 559.750
proc24 567.625
proc38 568.625
proc143 574.625
proc86 578.375
proc68 583.625
proc93 593.500
proc66 600.125
proc32 607.750
proc25 609.000
proc78 609.500
proc33 616.125
proc117 621.625
proc23 624.000
proc19 624.125
proc96 624.875
proc7 626.875
proc50 634.125
proc63 639.000
proc10 639.875
proc9 640.625
proc149 643.125
proc84 651.250
proc12 657.125
proc77 659.250
proc100 664.750
proc144 673.375
proc16 681.875
proc90 688.000
proc3 693.125
0
