proc140 4.750
proc4 12.750
proc132 18.875
proc73 25.000
proc74 25.875
proc26 31.500
proc59 31.750
proc16 38.125
proc129 44.375
proc61 47.125
proc32 47.750
proc34 53.250
proc43 61.625
proc143 68.750
proc1 72.625
proc24 81.500
proc149 90.875
proc91 92.125
proc98 94.375
proc53 100.875
proc139 109.500
proc42 118.000
proc93 126.000
proc125 128.875
proc55 132.125
proc89 141.250
proc101 142.125
proc88 142.375
proc70 149.000
proc147 152.500
proc29 159.375
proc100 168.500
proc82 177.875
proc137 179.625
proc136 186.375
proc97 195.625
proc49 196.250
proc124 204.625
proc23 204.875
proc83 214.625
proc138 222.625
proc144 223.500
proc62 224.750
proc65 230.875
proc134 239.750
proc12 244.500
proc85 251.250
proc87 251.625
proc90 258.625
proc81 261.125
proc37 264.125
proc69 265.500
proc35 268.250
proc145 275.000
proc115 280.375
proc120 289.000
proc131 289.500
proc8 298.500
proc64 301.750
proc94 306.750
proc96 312.125
proc11 317.750
proc126 319.500
proc127 319.750
proc63 323.125
proc102 330.875
proc60 338.125
proc9 346.500
proc51 349.125
proc112 351.000
proc17 355.750
proc122 357.000
proc130 357.750
proc41 365.250
proc22 366.625
proc76 367.750
proc135 369.375
proc0 372.750
proc68 373.625
proc15 382.125
proc36 385.375
proc128 393.125
proc5 400.625
proc141 409.625
proc40 410.500
proc18 420.000
proc75 424.625
proc66 429.250
proc103 429.750
proc86 432.375
proc31 437.125
proc48 438.500
proc92 443.000
proc72 444.000
proc28 451.625
proc50 458.500
proc84 458.750
proc45 462.500
proc38 472.375
proc111 479.250
proc106 487.125
proc25 492.250
proc57 492.500
proc99 497.500
proc118 506.375
proc47 510.625
proc3 511.000
proc95 519.750
proc107 521.000
proc104 526.375
proc30 531.250
proc10 535.500
proc77 535.875
proc133 541.375
proc80 545.250
proc20 547.875
proc6 553.875
proc146 554.000
proc142 563.250
proc113 571.750
proc7 579.750
proc56 582.500
proc119 591.125
proc52 596.500
proc117 596.750
proc148 603.625
proc108 607.000
proc71 614.375
proc14 616.625
proc79 617.375
proc13 619.625
proc116 622.125
proc114 628.375
proc58 635.250
proc105 638.125
proc2 640.000
proc67 641.875
proc19 646.625
proc39 649.750
proc123 659.250
proc46 669.250
proc44 678.625
proc121 684.375
proc27 685.625
proc109 686.250
proc54 692.500
proc78 699.000
proc33 703.000
proc21 710.625
proc110 714.500
0
