proc39 6.000
proc146 10.125
proc102 14.125
proc111 19.875
proc8 27.000
proc85 30.875
proc66 35.250
proc114 44.875
proc74 46.750
proc45 50.125
proc79 60.125
proc16 60.625
proc131 68.250
proc27 73.875
proc104 79.125
proc41 88.375
proc126 93.375
proc82 95.625
proc116 103.500
proc100 107.125
proc30 112.375
proc47 120.125
proc132 124.500
proc33 129.750
proc93 130.500
proc31 131.625
proc32 140.250
proc11 150.000
proc56 156.125
proc5 161.375
proc64 168.000
proc57 175.875
proc112 181.625
proc115 186.375
proc128 194.250
proc109 199.000
proc121 201.375
proc29 208.625
proc103 214.500
proc48 220.625
proc90 225.875
proc106 234.875
proc73 244.500
proc108 249.500
proc134 257.375
proc127 266.625
proc149 269.750
proc43 272.750
proc92 274.625
proc52 275.250
proc6 282.000
proc140 287.125
proc50 289.000
proc117 296.625
proc88 302.625
proc59 308.375
proc35 316.000
proc137 325.875
proc24 329.500
proc3 338.375
proc65 340.625
proc123 341.375
proc89 348.250
proc76 355.500
proc96 359.625
proc37 364.250
proc49 370.375
proc17 378.500
proc139 387.750
proc18 396.000
proc105 400.125
proc10 401.750
proc141 407.750
proc44 416.625
proc81 419.375
proc68 422.875
proc55 423.125
proc144 432.125
proc130 437.125
proc40 444.500
proc21 446.000
proc9 450.375
proc46 453.250
proc34 463.125
proc26 463.750
proc145 470.625
proc15 477.250
proc113 485.875
proc70 491.250
proc84 497.375
proc19 501.625
proc71 505.125
proc23 511.250
proc86 520.000
proc122 524.625
proc91 525.375
proc54 534.750
proc129 541.000
proc58 541.750
proc143 547.500
proc13 552.000
proc0 558.500
proc87 565.375
proc136 572.000
proc148 580.000
proc14 584.375
proc22 593.625
proc60 603.500
proc7 606.125
proc42 607.375
proc62 609.625
proc53 613.625
proc12 623.375
proc75 630.000
proc25 639.750
proc125 643.500
proc135 649.125
proc98 654.750
proc69 662.625
proc20 672.125
proc61 680.500
proc97 681.875
proc133 691.000
proc77 697.625
proc1 701.375
proc80 707.625
proc28 708.375
proc38 711.375
proc119 714.750
proc51 717.625
proc63 727.500
proc118 728.375
proc124 729.875
proc120 732.125
proc142 739.750
proc110 746.000
proc83 751.375
proc95 758.875
proc147 767.500
proc78 769.625
proc67 776.250
proc138 778.750
proc94 785.750
proc36 789.375
proc101 789.625
proc72 790.750
proc99 791.250
proc107 798.375
proc4 803.500
proc2 811.125
0
