proc86 2.000
proc1 9.125
proc9 17.750
proc132 19.250
proc63 22.125
proc66 31.625
proc103 32.250
proc51 41.375
proc120 45.500
proc43 46.125
proc15 55.250
proc102 59.500
proc69 60.000
proc2 62.125
proc127 62.750
proc44 69.375
proc147 75.500
proc76 80.125
proc122 80.375
proc77 84.000
proc142 88.500
proc68 96.625
proc121 100.625
proc119 105.625
proc10 112.250
proc16 114.500
proc64 123.750
proc56 125.750
proc129 133.750
proc114 137.500
proc138 139.500
proc144 139.875
proc131 140.125
proc89 147.750
proc61 153.750
proc134 159.875
proc83 167.875
proc25 173.500
proc39 174.250
proc59 176.500
proc57 184.375
proc80 190.250
proc19 194.000
proc38 196.750
proc85 197.250
proc139 201.125
proc113 206.750
proc71 208.875
proc84 216.375
proc7 219.250
proc52 225.500
proc105 232.375
proc75 236.500
proc50 241.375
proc6 249.250
proc3 254.125
proc98 254.625
proc23 261.625
proc22 262.375
proc136 267.625
proc133 274.250
proc97 279.250
proc53 286.250
proc73 288.625
proc125 290.125
proc145 295.125
proc41 299.750
proc82 303.875
proc135 313.875
proc49 323.125
proc79 329.500
proc36 336.500
proc30 345.500
proc123 348.625
proc126 349.250
proc26 356.750
proc72 358.500
proc143 366.500
proc18 369.750
proc20 375.250
proc107 383.875
proc88 386.625
proc101 395.375
proc92 395.625
proc81 404.375
proc40 410.250
proc118 416.500
proc128 422.750
proc108 424.625
proc148 432.875
proc47 437.000
proc21 441.250
proc27 446.875
proc35 448.625
proc58 456.125
proc34 465.500
proc13 466.500
proc112 471.500
proc37 474.625
proc149 475.625
proc93 478.125
proc54 486.250
proc91 492.000
proc115 498.750
proc45 501.500
proc12 509.375
proc95 517.500
proc87 520.750
proc33 522.500
proc42 526.000
proc146 534.500
proc46 542.375
proc137 548.625
proc24 553.500
proc99 556.250
proc130 564.875
proc14 565.875
proc0 573.625
proc141 577.625
proc96 585.875
proc8 590.875
proc29 594.500
proc104 594.625
proc5 603.000
proc17 608.250
proc55 612.875
proc140 614.625
proc106 619.500
proc31 624.500
proc109 634.125
proc100 636.375
proc11 643.125
proc32 651.625
proc67 653.625
proc116 658.750
proc110 667.250
proc60 672.625
proc74 676.875
proc78 682.125
proc90 682.375
proc94 687.875
proc124 693.000
proc70 702.875
proc28 703.875
proc62 712.875
proc48 719.750
proc65 727.375
proc111 731.375
proc117 731.875
proc4 732.125
0
