proc17 9.000
proc68 13.875
proc85 16.500
proc9 19.500
proc138 27.125
proc65 33.250
proc82 35.000
proc2 36.500
proc53 46.125
proc60 49.250
proc47 57.125
proc88 57.750
proc69 66.500
proc89 75.375
proc62 84.125
proc3 85.500
proc130 94.125
proc26 98.875
proc50 105.750
proc73 112.750
proc41 121.125
proc146 124.375
proc127 133.125
proc49 137.875
proc131 143.250
proc61 150.125
proc96 159.500
proc52 161.375
proc108 163.750
proc48 169.375
proc106 178.000
proc45 182.500
proc25 184.625
proc149 193.125
proc40 197.625
proc145 203.375
proc44 204.375
proc19 205.875
proc5 206.625
proc142 207.250
proc27 212.125
proc137 212.750
proc105 219.875
proc20 226.125
proc139 228.500
proc123 230.125
proc21 233.625
proc16 243.125
proc33 252.375
proc8 254.625
proc74 258.875
proc124 264.250
proc18 265.625
proc34 268.750
proc1 271.125
proc35 276.250
proc147 282.000
proc42 287.000
proc51 295.125
proc114 305.000
proc59 307.000
proc24 312.375
proc78 319.500
proc126 322.750
proc31 328.250
proc46 328.500
proc81 331.250
proc94 333.250
proc30 336.125
proc98 341.250
proc29 341.625
proc76 343.625
proc103 351.000
proc80 355.250
proc119 355.750
proc111 359.625
proc10 369.375
proc56 377.375
proc129 378.250
proc148 384.125
proc67 391.750
proc125 397.000
proc14 406.750
proc22 408.375
proc83 411.250
proc87 418.125
proc4 421.375
proc63 430.500
proc140 433.875
proc104 435.375
proc117 438.250
proc95 440.375
proc132 445.125
proc109 453.625
proc100 459.500
proc36 465.750
proc99 471.875
proc102 472.375
proc70 481.500
proc32 482.000
proc92 489.750
proc15 491.875
proc75 496.375
proc121 500.000
proc57 508.500
proc135 514.000
proc0 523.750
proc93 526.625
proc128 532.875
proc141 537.875
proc11 541.000
proc86 548.000
proc28 556.125
proc64 563.375
proc58 563.875
proc6 566.250
proc136 575.625
proc66 576.500
proc118 581.250
proc37 589.875
proc120 598.875
proc38 604.750
proc43 612.500
proc91 620.000
proc116 624.375
proc54 626.250
proc12 629.750
proc144 638.750
proc79 646.625
proc112 656.625
proc134 657.125
proc110 661.375
proc107 669.500
proc71 670.250
proc23 670.750
proc13 675.250
proc55 679.250
proc7 682.750
proc72 684.375
proc84 690.375
proc39 690.625
proc97 695.250
proc122 697.250
proc143 697.875
proc101 701.750
proc113 706.125
proc77 713.125
proc90 716.625
proc115 719.000
proc133 726.500
0
