proc1 3.500
proc3 9.750
proc67 15.250
proc8 17.500
proc6 23.125
proc136 26.875
proc74 34.875
proc87 37.625
proc92 40.375
proc44 42.375
proc138 43.875
proc103 46.625
proc99 51.625
proc147 53.000
proc119 55.250
proc137 62.500
proc51 64.750
proc93 73.000
proc144 79.750
proc49 86.750
proc52 87.875
proc143 92.125
proc60 93.375
proc2 101.750
proc20 109.250
proc97 112.375
proc122 113.375
proc100 116.375
proc65 125.875
proc27 130.125
proc80 133.875
proc43 139.625
proc24 147.375
proc134 151.500
proc120 160.250
proc5 169.125
proc140 174.625
proc16 180.250
proc125 188.125
proc69 193.375
proc23 198.125
proc9 199.875
proc14 202.625
proc38 203.125
proc10 208.000
proc135 214.875
proc0 220.500
proc63 223.750
proc95 227.000
proc94 235.250
proc133 241.625
proc18 243.125
proc71 246.000
proc96 248.625
proc127 249.375
proc13 256.000
proc59 258.125
proc72 266.250
proc115 272.875
proc21 277.875
proc32 285.500
proc128 290.875
proc82 291.875
proc15 297.250
proc118 302.375
proc25 304.750
proc116 308.375
proc89 317.000
proc19 321.375
proc28 329.000
proc85 335.500
proc46 341.750
proc105 350.875
proc70 357.625
proc145 367.500
proc107 371.875
proc62 375.750
proc73 377.125
proc112 378.125
proc83 384.500
proc139 394.125
proc7 400.375
proc26 405.500
proc130 414.500
proc36 417.750
proc132 425.625
proc148 427.750
proc58 428.500
proc61 431.000
proc12 437.625
proc4 440.250
proc48 448.500
proc114 450.000
proc108 453.000
proc34 455.875
proc77 464.250
proc149 472.000
proc41 476.625
proc30 480.875
proc110 487.000
proc101 487.875
proc113 489.750
proc64 490.625
proc45 491.125
proc121 496.750
proc146 497.000
proc126 499.625
proc111 502.375
proc88 512.250
proc33 512.625
proc106 515.125
proc109 519.125
proc56 525.250
proc78 531.000
proc81 538.125
proc68 539.750
proc11 544.750
proc54 549.000
proc124 553.000
proc31 561.375
proc91 569.625
proc66 576.250
proc90 577.250
proc129 583.750
proc117 592.625
proc141 597.625
proc102 599.125
proc35 606.750
proc47 611.875
proc123 619.625
proc98 629.625
proc55 630.625
proc79 639.125
proc39 639.500
proc40 646.250
proc42 655.000
proc37 660.500
proc57 665.125
proc50 671.000
proc17 672.250
proc22 673.375
proc142 674.250
proc53 677.875
proc86 684.375
proc131 690.250
proc104 696.125
proc75 696.375
proc29 699.000
proc84 705.750
proc76 714.000
0
