proc101 10.375
proc91 15.250
proc63 24.750
proc119 31.875
proc17 40.875
proc65 43.000
proc146 48.625
proc29 49.625
proc86 50.750
proc25 54.875
proc98 61.875
proc44 68.625
proc118 78.625
proc104 78.875
proc132 81.125
proc72 83.000
proc0 90.375
proc100 100.125
proc121 105.125
proc143 110.125
proc115 119.000
proc46 121.125
proc95 130.375
proc68 139.500
proc64 143.750
proc148 144.375
proc94 148.375
proc18 153.000
proc84 155.250
proc92 164.000
proc26 173.375
proc76 180.125
proc71 185.875
proc147 188.250
proc114 191.375
proc88 198.625
proc66 207.750
proc15 211.000
proc42 212.875
proc50 221.750
proc41 224.000
proc142 232.000
proc126 241.750
proc39 243.625
proc83 247.500
proc141 254.750
proc12 258.375
proc73 260.500
proc3 261.500
proc30 267.375
proc49 270.500
proc130 275.000
proc129 283.625
proc23 289.500
proc112 294.125
proc90 302.250
proc60 311.250
proc82 311.875
proc9 321.500
proc61 328.000
proc123 333.875
proc45 337.625
proc57 345.375
proc2 347.875
proc107 352.375
proc79 354.625
proc54 357.875
proc20 362.000
proc87 370.000
proc48 380.000
proc70 381.875
proc125 391.750
proc85 400.625
proc16 410.250
proc144 410.750
proc134 416.375
proc8 418.875
proc10 419.500
proc14 424.500
proc105 426.500
proc40 431.750
proc58 434.750
proc96 444.500
proc120 450.625
proc33 457.250
proc52 461.250
proc93 463.125
proc27 472.875
proc62 475.375
proc80 482.875
proc6 485.125
proc122 493.875
proc97 498.500
proc67 501.875
proc75 506.125
proc137 508.625
proc81 518.375
proc31 521.750
proc77 525.125
proc56 534.250
proc133 540.375
proc69 548.375
proc35 554.375
proc28 556.000
proc53 558.625
proc113 561.125
proc108 566.125
proc109 570.875
proc135 571.750
proc21 574.875
proc51 576.375
proc103 584.625
proc136 588.500
proc55 595.875
proc117 598.750
proc4 605.250
proc145 613.125
proc5 613.250
proc36 621.500
proc138 622.625
proc74 626.625
proc140 634.750
proc127 642.500
proc128 650.875
proc43 658.625
proc1 667.875
proc47 669.000
proc102 671.125
proc38 672.625
proc59 679.000
proc24 680.625
proc111 686.625
proc11 695.875
proc110 701.875
proc34 707.375
proc37 711.750
proc89 713.625
proc131 719.375
proc78 724.625
proc19 733.125
proc22 739.500
proc7 746.625
proc124 754.875
proc106 762.750
proc13 769.625
proc32 772.500
proc99 778.625
proc149 779.250
proc139 784.000
proc116 792.500
0
