proc26 8.500
proc56 17.875
proc113 19.625
proc39 23.000
proc63 27.250
proc7 33.375
proc23 42.875
proc103 43.375
proc137 49.375
proc58 57.750
proc34 62.625
proc4 72.625
proc148 80.125
proc69 84.625
proc145 94.250
proc74 95.000
proc13 95.875
proc149 99.500
proc91 104.875
proc38 106.375
proc29 110.375
proc79 114.000
proc125 117.875
proc114 126.625
proc97 128.125
proc133 128.875
proc24 136.375
proc135 137.125
proc10 139.500
proc55 139.625
proc95 144.125
proc123 152.250
proc47 159.000
proc90 160.750
proc146 164.000
proc101 173.625
proc17 181.250
proc32 183.375
proc77 189.625
proc9 196.750
proc87 199.750
proc45 202.125
proc99 207.250
proc54 214.000
proc112 215.125
proc83 218.250
proc138 219.875
proc2 228.500
proc81 233.750
proc136 241.875
proc144 249.125
proc18 255.625
proc72 260.000
proc100 267.875
proc115 274.625
proc86 284.500
proc43 288.625
proc28 292.750
proc25 295.250
proc108 299.000
proc96 307.250
proc89 310.625
proc117 316.500
proc73 321.375
proc31 328.875
proc49 337.750
proc85 337.875
proc22 345.875
proc141 355.125
proc93 360.000
proc36 368.875
proc131 369.625
proc16 376.750
proc15 378.250
proc61 385.500
proc84 390.125
proc70 390.500
proc0 395.500
proc75 402.875
proc130 405.375
proc128 412.875
proc6 415.375
proc60 424.375
proc3 430.125
proc64 437.750
proc82 446.750
proc139 455.500
proc143 464.875
proc92 466.250
proc68 474.125
proc20 476.125
proc50 483.500
proc48 492.000
proc71 497.375
proc98 498.625
proc119 507.375
proc65 507.500
proc142 514.750
proc33 517.500
proc59 520.250
proc11 521.625
proc57 523.625
proc30 523.875
proc104 532.625
proc129 536.750
proc35 545.500
proc42 553.125
proc140 557.375
proc21 566.000
proc102 571.750
proc126 575.500
proc122 583.250
proc110 584.125
proc52 587.375
proc134 596.000
proc124 596.250
proc127 604.125
proc14 606.000
proc111 609.750
proc105 611.000
proc132 619.250
proc147 623.250
proc121 627.500
proc51 633.500
proc94 643.500
proc80 652.375
proc78 654.750
proc120 661.125
proc40 661.500
proc41 666.125
proc8 669.375
proc27 669.875
proc62 674.875
proc109 682.000
proc1 688.250
proc106 693.375
proc46 700.500
proc53 707.500
proc12 712.500
proc66 712.750
proc67 719.750
proc37 727.500
proc5 732.250
proc88 733.625
proc76 740.375
proc118 750.125
proc44 755.250
proc116 761.125
proc19 770.750
proc107 778.000
0
