proc44 8.500
proc19 17.375
proc14 27.250
proc79 33.375
proc132 42.625
proc137 48.875
proc34 54.625
proc123 61.250
proc36 70.250
proc102 74.375
proc23 75.625
proc56 82.125
proc47 87.625
proc11 87.875
proc75 97.375
proc136 107.125
proc88 116.875
proc72 121.500
proc117 124.125
proc40 127.375
proc68 130.750
proc114 135.125
proc52 142.500
proc15 149.000
proc26 151.625
proc115 161.500
proc7 161.750
proc49 166.875
proc126 172.625
proc25 175.375
proc32 181.000
proc66 190.250
proc57 197.500
proc94 204.875
proc58 206.000
proc138 209.750
proc146 219.500
proc41 222.375
proc13 228.125
proc87 228.500
proc89 238.375
proc71 243.875
proc130 252.500
proc124 260.250
proc60 267.000
proc20 271.250
proc70 277.125
proc74 280.625
proc33 286.875
proc63 293.500
proc92 295.500
proc54 296.625
proc80 305.875
proc134 308.500
proc43 316.500
proc93 326.375
proc111 336.250
proc95 340.750
proc81 342.750
proc12 351.750
proc67 353.000
proc48 354.125
proc39 360.125
proc51 368.750
proc50 375.000
proc4 378.625
proc142 382.000
proc133 391.625
proc18 393.750
proc53 394.875
proc148 397.000
proc139 400.625
proc82 403.625
proc8 405.250
proc96 415.125
proc103 423.000
proc121 426.375
proc147 436.375
proc112 436.875
proc120 446.500
proc98 450.000
proc145 458.750
proc86 459.500
proc0 463.375
proc10 467.125
proc125 476.500
proc64 476.625
proc105 480.375
proc122 488.750
proc38 496.125
proc106 504.875
proc65 513.375
proc116 519.125
proc1 520.750
proc127 527.500
proc73 535.500
proc131 539.125
proc5 546.500
proc9 554.875
proc3 561.250
proc107 567.375
proc76 568.750
proc140 575.250
proc35 582.750
proc85 586.500
proc90 589.875
proc30 597.500
proc135 605.625
proc97 608.125
proc84 611.000
proc128 615.875
proc91 623.125
proc45 628.625
proc144 629.875
proc143 637.500
proc17 644.875
proc46 650.875
proc83 660.500
proc118 661.250
proc22 670.125
proc108 671.500
proc113 677.000
proc55 685.625
proc28 690.250
proc119 700.125
proc42 704.875
proc29 709.500
proc149 716.375
proc2 720.625
proc104 730.625
proc141 733.750
proc109 734.625
proc6 743.375
proc62 745.625
proc101 746.500
proc78 753.000
proc37 761.875
proc24 763.250
proc99 769.375
proc31 776.875
proc59 779.625
proc69 782.500
proc77 787.875
proc61 788.625
proc110 789.250
proc100 792.625
proc129 796.125
proc21 801.125
proc27 801.500
proc16 807.125
0
