proc129 4.750
proc11 11.625
proc31 21.500
proc56 26.375
proc139 27.250
proc19 32.000
proc86 33.625
proc70 37.375
proc90 44.375
proc1 54.250
proc81 63.875
proc141 68.625
proc2 73.250
proc30 79.625
proc73 83.625
proc37 88.625
proc85 97.125
proc35 106.875
proc121 111.125
proc7 116.375
proc117 117.375
proc17 126.625
proc140 129.500
proc131 138.625
proc135 141.625
proc49 143.500
proc132 149.375
proc25 158.875
proc130 166.500
proc77 168.875
proc123 169.500
proc15 172.625
proc9 176.625
proc112 183.625
proc26 190.500
proc101 197.875
proc137 199.625
proc87 203.250
proc0 211.500
proc55 221.375
proc64 221.750
proc92 228.750
proc114 235.375
proc115 237.625
proc20 247.250
proc59 249.250
proc78 256.125
proc66 259.250
proc27 267.750
proc72 276.875
proc144 279.375
proc76 287.000
proc51 288.625
proc118 298.000
proc143 303.500
proc127 306.750
proc21 316.375
proc8 319.250
proc120 326.625
proc79 330.000
proc142 336.625
proc44 344.625
proc60 346.000
proc22 352.875
proc38 357.125
proc58 357.250
proc103 366.250
proc113 367.500
proc106 369.000
proc53 375.250
proc107 383.000
proc68 390.000
proc6 390.750
proc54 390.875
proc67 393.750
proc10 400.125
proc18 402.875
proc63 408.750
proc24 416.250
proc14 420.625
proc46 427.500
proc84 436.625
proc74 443.250
proc146 446.500
proc126 448.000
proc43 457.625
proc104 465.875
proc91 473.500
proc13 478.750
proc116 485.250
proc105 489.375
proc99 491.000
proc147 496.500
proc71 498.750
proc95 501.625
proc32 505.500
proc97 511.125
proc124 514.375
proc145 518.750
proc69 528.500
proc138 529.375
proc80 533.125
proc122 539.500
proc102 539.625
proc62 541.125
proc52 542.000
proc111 542.250
proc134 546.500
proc100 548.500
proc12 556.125
proc88 562.625
proc47 570.750
proc96 574.000
proc16 581.625
proc36 583.500
proc98 586.250
proc3 587.125
proc119 595.125
proc48 597.375
proc65 600.250
proc29 603.875
proc108 609.250
proc34 617.125
proc61 621.750
proc109 622.750
proc125 628.750
proc5 632.125
proc136 640.500
proc133 648.375
proc89 648.750
proc93 655.125
proc23 657.500
proc128 664.000
proc4 665.000
proc42 674.875
proc94 676.500
proc28 679.875
proc82 682.625
proc110 690.625
proc75 695.250
proc148 697.375
proc149 699.625
proc50 701.500
proc83 705.375
proc39 707.875
proc33 710.750
proc57 713.000
proc45 722.375
proc41 726.125
proc40 729.625
0
