proc46 1.000
proc132 8.125
proc129 8.750
proc43 14.875
proc134 19.375
proc140 28.000
proc149 32.625
proc31 41.875
proc87 49.125
proc123 50.500
proc76 54.625
proc9 60.125
proc94 64.375
proc83 67.125
proc144 74.500
proc98 83.875
proc62 86.250
proc20 94.125
proc2 94.375
proc52 96.625
proc110 96.875
proc18 106.000
proc80 111.500
proc67 112.125
proc47 119.000
proc55 125.750
proc23 126.750
proc58 130.750
proc128 133.500
proc51 139.875
proc50 140.375
proc130 144.750
proc127 149.000
proc4 153.750
proc17 158.375
proc84 166.625
proc114 173.875
proc115 176.500
proc54 184.250
proc0 186.375
proc112 194.625
proc38 196.125
proc16 197.875
proc26 198.250
proc7 207.750
proc1 208.000
proc81 211.625
proc85 214.750
proc40 218.375
proc6 225.500
proc77 231.125
proc135 233.625
proc25 241.250
proc49 248.750
proc103 253.000
proc120 255.625
proc101 259.250
proc34 260.000
proc141 262.750
proc86 266.625
proc53 269.125
proc73 271.875
proc131 280.500
proc121 282.500
proc92 283.375
proc133 291.000
proc78 291.375
proc102 299.375
proc22 303.625
proc8 310.000
proc147 315.875
proc68 318.375
proc75 327.500
proc56 334.375
proc30 336.000
proc99 342.375
proc72 348.875
proc109 352.500
proc36 359.625
proc66 365.125
proc28 369.125
proc33 374.625
proc35 378.875
proc57 387.250
proc24 395.750
proc44 405.750
proc104 410.750
proc105 411.500
proc107 419.250
proc48 428.750
proc74 429.000
proc95 436.250
proc82 444.875
proc41 449.000
proc42 450.000
proc137 454.625
proc5 455.750
proc145 456.625
proc93 458.375
proc148 463.750
proc63 470.250
proc60 479.625
proc19 489.625
proc100 494.500
proc37 500.875
proc113 502.750
proc13 503.250
proc61 504.500
proc124 508.250
proc32 512.125
proc12 514.125
proc89 514.875
proc29 515.375
proc146 525.250
proc69 527.500
proc97 529.250
proc88 530.750
proc64 539.750
proc70 548.375
proc14 551.000
proc21 558.250
proc10 566.250
proc39 575.000
proc119 576.375
proc125 582.750
proc71 588.125
proc117 594.875
proc118 601.125
proc122 605.750
proc3 612.375
proc90 614.500
proc106 614.750
proc91 619.875
proc65 620.500
proc45 625.625
proc15 634.250
proc136 636.750
proc79 644.625
proc27 647.250
proc139 653.750
proc111 657.750
proc11 658.625
proc96 659.875
proc138 666.250
proc142 669.125
proc108 677.875
proc143 685.000
proc116 686.250
proc59 693.750
proc126 699.750
0
