proc50 3.500
proc73 4.500
proc87 5.125
proc89 7.875
proc128 11.625
proc144 18.375
proc121 21.875
proc24 31.625
proc63 38.875
proc126 46.875
proc31 48.000
proc7 52.625
proc0 58.250
proc146 58.750
proc145 67.875
proc41 71.000
proc42 72.875
proc109 80.125
proc130 83.375
proc43 88.250
proc148 89.250
proc93 94.250
proc138 95.500
proc13 97.000
proc81 107.000
proc19 115.750
proc136 122.500
proc1 125.625
proc99 132.000
proc125 141.500
proc123 149.750
proc15 151.875
proc88 155.375
proc40 158.000
proc95 166.125
proc120 175.375
proc129 176.500
proc27 181.500
proc139 184.875
proc59 194.750
proc52 198.625
proc135 204.875
proc62 213.000
proc44 216.375
proc36 217.375
proc55 218.250
proc76 221.000
proc69 230.000
proc9 230.250
proc83 236.500
proc23 237.875
proc38 246.125
proc18 252.000
proc33 255.125
proc60 255.250
proc78 258.625
proc98 264.625
proc82 270.625
proc131 274.250
proc56 281.375
proc85 282.375
proc106 287.375
proc64 293.750
proc67 300.875
proc37 304.000
proc45 307.000
proc2 307.500
proc92 309.625
proc25 311.250
proc132 314.000
proc102 318.000
proc26 324.000
proc140 328.375
proc4 334.000
proc115 340.000
proc127 344.625
proc16 352.625
proc111 361.000
proc107 363.625
proc141 371.250
proc30 376.375
proc47 385.375
proc57 387.250
proc101 387.625
proc28 395.500
proc80 399.750
proc143 407.250
proc75 411.250
proc3 415.250
proc86 419.000
proc71 427.000
proc51 429.875
proc113 430.500
proc6 438.750
proc20 443.750
proc105 450.250
proc108 455.875
proc21 457.000
proc72 457.500
proc11 459.875
proc61 465.625
proc100 469.500
proc46 475.125
proc133 479.875
proc10 480.875
proc91 490.000
proc117 493.625
proc5 500.625
proc77 506.875
proc68 513.500
proc149 516.750
proc114 526.750
proc119 527.250
proc8 529.125
proc90 537.000
proc97 541.125
proc39 549.000
proc70 550.875
proc48 552.750
proc14 558.125
proc116 567.375
proc96 571.125
proc103 576.250
proc34 579.875
proc147 589.875
proc110 593.250
proc142 594.500
proc32 594.875
proc66 597.125
proc112 599.250
proc12 605.250
proc118 614.750
proc17 623.250
proc54 630.625
proc79 636.625
proc53 641.500
proc122 644.000
proc22 644.125
proc74 648.500
proc134 652.875
proc94 657.750
proc137 658.625
proc104 663.125
proc58 663.375
proc35 670.625
proc65 679.625
proc124 685.250
proc49 695.250
proc29 704.500
proc84 710.000
0
