proc31 1.500
proc11 9.500
proc72 17.250
proc130 22.250
proc48 32.250
proc131 41.375
proc39 47.000
proc85 47.375
proc84 48.500
proc64 50.125
proc91 53.250
proc19 62.625
proc129 64.875
proc6 65.375
proc103 66.625
proc30 71.375
proc106 73.750
proc42 77.375
proc57 81.500
proc66 88.000
proc40 94.750
proc133 99.875
proc109 103.750
proc142 105.875
proc45 114.250
proc98 119.375
proc63 127.750
proc65 135.750
proc113 136.000
proc93 143.375
proc82 153.375
proc13 161.500
proc20 167.500
proc145 177.125
proc83 185.125
proc8 191.625
proc112 200.875
proc26 202.375
proc124 206.875
proc3 213.375
proc119 221.000
proc125 229.125
proc69 230.375
proc18 231.000
proc120 235.000
proc87 239.875
proc136 249.750
proc74 249.875
proc102 259.125
proc54 260.125
proc61 265.000
proc148 271.500
proc53 278.750
proc115 280.000
proc71 282.000
proc144 282.250
proc51 282.375
proc44 284.750
proc16 288.375
proc0 291.375
proc105 298.125
proc121 299.875
proc47 301.125
proc67 309.000
proc138 313.375
proc140 318.875
proc1 324.875
proc7 327.250
proc97 337.250
proc99 342.250
proc58 346.750
proc36 347.750
proc88 351.875
proc101 353.625
proc25 361.375
proc12 366.875
proc128 376.375
proc29 379.125
proc96 386.250
proc62 391.000
proc139 396.250
proc43 399.125
proc94 407.125
proc80 413.375
proc90 419.875
proc35 428.625
proc132 434.625
proc21 440.750
proc5 450.000
proc14 456.250
proc110 457.125
proc22 458.625
proc79 467.625
proc55 470.375
proc149 472.625
proc77 480.375
proc81 490.250
proc10 493.625
proc107 500.875
proc134 508.500
proc116 510.875
proc32 518.375
proc100 519.375
proc122 523.250
proc104 530.250
proc108 539.250
proc117 548.375
proc46 551.875
proc70 560.625
proc141 566.375
proc118 572.500
proc24 582.500
proc2 584.750
proc17 593.250
proc92 598.375
proc60 599.500
proc37 600.125
proc111 606.125
proc15 608.750
proc76 612.125
proc73 621.625
proc49 622.125
proc4 631.250
proc41 638.000
proc56 648.000
proc59 650.500
proc86 658.750
proc68 661.500
proc50 663.375
proc146 666.125
proc23 669.750
proc9 679.250
proc114 686.500
proc38 696.500
proc127 698.625
proc123 704.375
proc33 710.500
proc75 712.500
proc137 721.375
proc78 727.625
proc28 729.500
proc135 729.750
proc34 733.375
proc27 742.375
proc126 747.375
proc95 755.875
proc143 759.375
proc52 760.875
proc89 761.375
proc147 763.375
0
