proc9 8.625
proc35 12.875
proc148 22.000
proc60 28.625
proc83 31.500
proc103 36.000
proc67 40.000
proc47 41.375
proc138 48.250
proc12 49.500
proc62 55.625
proc100 56.750
proc11 65.750
proc33 72.875
proc145 78.125
proc147 86.750
proc95 93.000
proc107 93.625
proc13 96.500
proc37 102.750
proc8 105.750
proc61 112.375
proc98 118.750
proc130 122.125
proc121 125.375
proc75 133.500
proc34 143.500
proc3 149.250
proc93 154.125
proc59 156.250
proc135 164.250
proc106 169.625
proc63 175.375
proc2 177.000
proc134 186.000
proc26 190.000
proc143 191.125
proc6 200.250
proc29 202.750
proc127 205.375
proc24 209.875
proc139 211.500
proc57 218.875
proc46 219.125
proc115 226.250
proc32 226.750
proc116 235.875
proc16 245.625
proc55 249.500
proc0 253.625
proc14 261.625
proc105 261.750
proc146 265.750
proc20 273.750
proc122 275.500
proc25 275.875
proc132 285.125
proc50 288.250
proc137 297.250
proc38 298.125
proc94 299.375
proc28 307.125
proc65 313.375
proc129 321.750
proc68 322.750
proc19 332.250
proc56 339.125
proc85 340.375
proc120 348.500
proc111 357.375
proc88 361.500
proc4 367.000
proc69 369.750
proc142 375.375
proc77 381.500
proc97 382.750
proc96 388.625
proc87 395.000
proc91 399.500
proc133 408.625
proc72 413.625
proc49 417.125
proc81 417.750
proc89 418.625
proc71 423.000
proc109 432.875
proc36 439.625
proc44 444.000
proc15 451.125
proc110 451.750
proc92 456.250
proc118 462.625
proc64 465.125
proc22 474.625
proc108 476.375
proc102 479.125
proc31 483.250
proc84 493.000
proc113 498.625
proc18 508.000
proc23 508.500
proc54 513.125
proc79 519.125
proc73 526.375
proc74 529.875
proc58 536.500
proc43 539.250
proc140 542.125
proc17 550.375
proc1 555.875
proc104 565.125
proc39 568.750
proc66 569.875
proc21 578.750
proc78 579.625
proc128 588.375
proc80 593.250
proc99 595.250
proc144 598.625
proc126 602.250
proc149 604.250
proc101 610.750
proc131 615.625
proc7 623.750
proc10 625.500
proc112 630.750
proc42 632.625
proc30 639.375
proc136 645.625
proc70 648.750
proc90 657.625
proc125 658.125
proc117 658.250
proc114 661.375
proc5 667.875
proc48 673.875
proc45 678.375
proc27 679.500
proc52 681.125
proc141 682.375
proc53 691.125
proc119 693.250
proc86 694.500
proc40 696.875
proc41 705.625
proc123 713.875
proc124 721.250
proc76 726.875
proc82 733.000
proc51 736.000
0
