proc85 7.500
proc17 13.125
proc142 22.000
proc19 31.625
proc98 34.000
proc33 39.250
proc56 42.000
proc124 43.625
proc18 52.250
proc54 54.125
proc9 59.875
proc137 62.125
proc88 67.000
proc125 68.125
proc77 68.250
proc66 70.500
proc78 79.500
proc118 87.625
proc45 89.625
proc47 93.625
proc27 98.875
proc146 105.875
proc70 110.625
proc128 111.625
proc55 115.125
proc69 124.750
proc14 126.375
proc23 130.750
proc96 132.875
proc53 135.250
proc42 137.125
proc139 144.375
proc62 150.875
proc148 152.000
proc114 160.375
proc147 168.750
proc32 171.875
proc82 177.250
proc119 182.875
proc75 188.250
proc7 192.500
proc71 196.375
proc143 203.125
proc138 207.375
proc127 216.750
proc50 217.500
proc94 225.875
proc49 232.625
proc34 235.250
proc129 238.750
proc117 247.375
proc5 254.375
proc74 262.625
proc2 268.125
proc8 275.500
proc149 278.875
proc67 285.875
proc141 289.875
proc86 291.625
proc120 292.875
proc90 298.750
proc99 308.750
proc38 315.625
proc113 318.500
proc43 320.875
proc29 327.375
proc134 330.750
proc30 336.375
proc40 341.000
proc91 342.250
proc3 343.375
proc144 343.875
proc25 349.375
proc0 350.875
proc64 360.375
proc126 366.750
proc31 371.750
proc112 378.000
proc132 382.750
proc57 387.125
proc95 395.750
proc101 403.375
proc60 412.750
proc73 416.250
proc116 418.625
proc81 424.500
proc36 430.500
proc79 431.625
proc104 439.375
proc110 442.375
proc41 451.750
proc80 455.000
proc76 461.875
proc59 468.500
proc106 473.375
proc83 473.875
proc107 475.125
proc97 476.125
proc103 481.125
proc37 488.875
proc35 496.125
proc1 504.750
proc58 508.500
proc10 508.875
proc65 510.500
proc4 512.625
proc140 518.875
proc63 527.500
proc24 534.000
proc109 539.250
proc145 547.750
proc89 548.000
proc100 551.500
proc123 560.750
proc105 563.500
proc131 568.375
proc133 571.000
proc121 571.875
proc135 576.625
proc22 581.625
proc102 587.750
proc51 594.125
proc6 603.125
proc11 610.375
proc84 613.875
proc92 617.625
proc136 627.000
proc26 632.000
proc52 640.625
proc93 650.625
proc68 654.500
proc87 657.750
proc15 662.375
proc130 669.375
proc39 670.000
proc61 677.750
proc28 683.750
proc20 690.375
proc46 697.750
proc48 705.375
proc21 710.375
proc13 714.875
proc108 716.500
proc44 721.750
proc16 724.750
proc115 731.000
proc72 737.125
proc111 745.125
proc122 750.750
proc12 751.000
0
