proc130 9.000
proc38 17.750
proc123 25.125
proc29 27.000
proc77 27.750
proc51 35.250
proc11 40.375
proc92 48.375
proc136 51.500
proc28 57.375
proc125 65.500
proc13 69.125
proc18 78.000
proc24 79.500
proc146 83.750
proc65 83.875
proc61 84.375
proc82 90.875
proc30 96.500
proc75 106.500
proc104 114.000
proc118 119.125
proc99 124.125
proc46 129.125
proc138 130.000
proc42 130.125
proc86 137.000
proc5 145.750
proc108 146.750
proc33 152.625
proc67 155.500
proc31 157.125
proc70 166.875
proc2 170.375
proc107 175.375
proc109 177.500
proc6 182.375
proc93 186.125
proc81 188.750
proc15 191.500
proc110 201.375
proc133 209.875
proc114 216.875
proc142 222.500
proc17 231.625
proc121 240.000
proc127 249.875
proc60 250.125
proc7 251.625
proc139 258.625
proc140 265.750
proc20 271.750
proc131 273.625
proc144 279.375
proc72 279.875
proc87 287.000
proc137 293.625
proc117 297.250
proc141 298.125
proc85 300.250
proc128 301.125
proc68 301.375
proc37 309.625
proc39 318.500
proc105 321.500
proc94 322.500
proc55 322.875
proc1 330.250
proc78 335.250
proc132 343.750
proc76 352.625
proc89 362.000
proc80 365.375
proc12 372.625
proc95 377.875
proc56 379.500
proc50 380.875
proc22 382.500
proc26 384.500
proc83 388.250
proc97 388.875
proc149 392.000
proc21 398.250
proc98 408.250
proc59 413.000
proc19 421.500
proc129 430.375
proc41 432.250
proc96 438.875
proc69 445.125
proc49 449.125
proc52 458.000
proc3 467.000
proc122 474.875
proc124 475.375
proc44 475.625
proc90 480.125
proc35 485.500
proc45 492.625
proc148 502.125
proc134 507.250
proc84 508.375
proc73 517.750
proc57 527.000
proc27 532.250
proc58 540.625
proc40 550.375
proc74 559.500
proc126 565.250
proc10 565.750
proc101 575.750
proc79 577.000
proc116 578.375
proc47 587.875
proc111 595.250
proc100 597.000
proc115 598.500
proc16 604.000
proc4 610.125
proc36 611.125
proc43 612.875
proc119 620.625
proc135 626.375
proc145 630.250
proc91 637.500
proc32 644.750
proc34 651.250
proc103 654.250
proc23 656.500
proc25 660.750
proc66 666.375
proc54 669.875
proc63 676.500
proc147 684.750
proc48 694.250
proc71 694.875
proc0 699.625
proc14 701.125
proc88 702.875
proc113 708.750
proc112 716.000
proc8 722.625
proc9 723.750
proc64 729.375
proc53 736.125
proc120 736.750
proc143 745.375
proc62 752.250
proc102 752.500
proc106 761.625
0
