proc43 2.750
proc130 12.000
proc6 20.750
proc60 28.250
proc66 35.250
proc109 39.750
proc105 41.125
proc57 51.000
proc106 57.125
proc72 57.875
proc148 67.625
proc67 75.000
proc108 84.875
proc5 92.875
proc85 93.625
proc30 96.125
proc61 102.250
proc81 103.875
proc104 104.125
proc75 112.250
proc95 121.500
proc111 127.750
proc1 132.375
proc45 141.875
proc103 146.625
proc0 152.875
proc40 153.125
proc4 153.375
proc54 161.375
proc13 169.125
proc143 177.125
proc134 177.625
proc16 187.375
proc114 193.000
proc88 200.750
proc141 210.125
proc133 217.125
proc117 221.875
proc8 228.125
proc44 228.875
proc19 229.375
proc24 236.625
proc120 246.125
proc31 252.250
proc46 260.625
proc9 267.125
proc71 273.500
proc112 277.125
proc32 280.375
proc123 281.000
proc124 283.375
proc74 293.375
proc21 301.875
proc63 302.625
proc11 311.375
proc78 318.250
proc110 318.625
proc90 322.375
proc127 328.125
proc86 336.375
proc73 340.875
proc125 347.875
proc10 355.500
proc87 359.500
proc38 362.375
proc3 364.125
proc62 366.875
proc128 367.125
proc118 372.500
proc146 377.750
proc48 379.250
proc99 383.625
proc115 389.625
proc2 397.875
proc147 399.125
proc20 403.875
proc18 411.625
proc96 414.875
proc70 420.375
proc142 426.500
proc129 433.125
proc89 437.125
proc15 446.875
proc131 453.000
proc94 461.500
proc64 463.625
proc25 466.000
proc77 474.750
proc101 481.125
proc100 489.375
proc126 493.125
proc7 494.625
proc139 498.625
proc137 503.000
proc56 504.750
proc79 508.625
proc42 514.500
proc119 520.125
proc50 520.250
proc149 526.000
proc29 533.750
proc97 541.250
proc52 547.250
proc49 556.250
proc33 558.375
proc116 564.625
proc132 568.375
proc17 574.125
proc121 574.750
proc69 580.250
proc26 584.375
proc135 588.875
proc22 595.875
proc27 596.875
proc98 606.125
proc113 610.875
proc102 615.875
proc39 625.375
proc76 633.625
proc122 637.125
proc83 643.250
proc82 645.375
proc53 651.375
proc68 657.250
proc91 661.875
proc65 662.750
proc145 669.500
proc47 676.625
proc84 686.375
proc34 690.625
proc138 699.625
proc136 700.125
proc107 702.875
proc12 706.250
proc51 716.000
proc58 720.500
proc92 723.000
proc144 732.625
proc35 742.500
proc37 746.625
proc28 752.375
proc55 761.500
proc23 769.875
proc14 779.000
proc36 785.875
proc140 789.875
proc41 792.750
proc59 793.875
proc80 802.625
proc93 802.875
0
