proc88 9.750
proc105 13.750
proc107 14.000
proc61 22.125
proc14 24.750
proc65 30.500
proc25 37.125
proc99 42.125
proc63 50.750
proc102 52.000
proc2 53.375
proc133 61.125
proc5 61.750
proc84 62.750
proc118 69.500
proc19 72.875
proc57 78.375
proc90 87.875
proc34 95.500
proc53 96.000
proc130 98.000
proc16 101.125
proc127 103.500
proc56 109.250
proc70 118.125
proc21 119.375
proc119 120.000
proc12 123.500
proc7 127.125
proc95 129.750
proc49 132.375
proc37 134.125
proc77 139.000
proc20 140.875
proc4 142.500
proc110 151.875
proc76 154.625
proc86 155.000
proc101 163.375
proc8 164.750
proc87 166.875
proc79 174.875
proc67 182.875
proc98 189.375
proc17 194.125
proc58 203.625
proc91 212.500
proc145 220.625
proc146 225.875
proc1 232.625
proc92 240.250
proc51 248.625
proc41 257.250
proc40 262.375
proc0 271.250
proc131 271.625
proc66 278.625
proc74 288.000
proc31 295.750
proc32 301.125
proc55 311.000
proc18 317.750
proc54 318.125
proc104 320.500
proc126 326.000
proc69 330.375
proc48 338.250
proc59 339.500
proc109 342.250
proc42 344.250
proc50 349.750
proc71 358.875
proc26 366.625
proc62 374.125
proc135 378.500
proc94 382.625
proc60 387.875
proc140 395.875
proc39 404.875
proc13 405.625
proc106 408.000
proc141 409.000
proc112 410.875
proc143 418.875
proc23 426.625
proc114 430.500
proc72 434.000
proc64 436.250
proc83 444.125
proc134 449.625
proc46 455.875
proc148 459.125
proc115 463.125
proc132 471.750
proc30 478.250
proc100 484.250
proc9 491.375
proc93 494.500
proc139 501.250
proc117 510.500
proc142 517.625
proc33 518.250
proc24 526.250
proc149 536.250
proc120 538.750
proc136 547.000
proc78 551.000
proc3 555.125
proc108 557.500
proc75 567.125
proc22 570.000
proc124 570.375
proc97 576.875
proc35 584.750
proc147 588.625
proc43 597.500
proc80 606.750
proc122 613.375
proc103 621.250
proc36 623.375
proc96 627.875
proc89 629.250
proc121 630.750
proc28 634.375
proc85 642.875
proc10 652.875
proc129 657.750
proc15 661.250
proc113 661.375
proc144 665.125
proc137 674.625
proc128 677.875
proc82 686.750
proc29 691.375
proc125 697.750
proc73 701.750
proc111 703.000
proc123 708.125
proc68 708.500
proc116 717.500
proc52 720.000
proc11 722.750
proc138 731.000
proc81 734.500
proc45 742.500
proc27 742.625
proc6 744.125
proc44 754.125
proc47 762.125
proc38 762.375
0
