proc107 9.250
proc13 13.000
proc70 21.750
proc137 27.000
proc46 29.500
proc35 38.500
proc37 45.625
proc64 47.375
proc43 53.000
proc140 62.375
proc5 65.000
proc124 75.000
proc15 80.500
proc75 82.875
proc4 90.250
proc1 91.500
proc77 97.875
proc147 101.750
proc84 105.875
proc116 113.000
proc74 123.000
proc85 128.000
proc127 137.250
proc47 140.375
proc133 143.125
proc119 149.250
proc6 152.625
proc27 155.125
proc55 158.750
proc36 164.000
proc42 166.500
proc100 168.625
proc23 172.875
proc60 173.625
proc58 174.375
proc73 183.625
proc103 189.750
proc14 194.500
proc146 198.000
proc65 201.625
proc126 202.250
proc62 211.750
proc141 218.625
proc113 221.750
proc83 224.500
proc71 232.250
proc33 232.625
proc28 239.000
proc51 243.000
proc111 245.375
proc45 245.875
proc31 249.875
proc44 259.875
proc19 265.750
proc18 272.625
proc138 277.625
proc89 279.250
proc78 282.500
proc136 286.250
proc76 293.375
proc109 298.750
proc145 308.250
proc25 315.875
proc11 322.000
proc22 326.000
proc69 332.625
proc34 337.500
proc24 344.250
proc66 354.000
proc110 361.500
proc135 362.875
proc97 366.625
proc144 371.375
proc101 372.000
proc108 380.375
proc50 387.000
proc49 395.875
proc48 405.500
proc86 414.625
proc10 419.625
proc106 424.000
proc95 433.875
proc143 441.625
proc32 449.750
proc52 455.750
proc57 461.375
proc21 466.625
proc53 473.375
proc29 473.500
proc112 474.250
proc56 478.375
proc81 479.125
proc149 486.125
proc129 486.750
proc26 490.750
proc16 498.000
proc80 505.750
proc54 506.125
proc94 514.625
proc96 519.750
proc123 522.875
proc0 525.875
proc38 526.250
proc90 534.250
proc114 536.375
proc68 544.000
proc99 549.250
proc134 552.875
proc30 561.250
proc41 568.250
proc79 575.750
proc88 580.000
proc131 588.000
proc93 595.125
proc125 604.375
proc40 608.000
proc92 612.125
proc130 621.750
proc20 622.875
proc122 623.000
proc3 627.375
proc121 631.375
proc102 639.875
proc91 644.125
proc17 651.375
proc117 658.500
proc87 658.750
proc12 664.250
proc63 669.625
proc61 673.625
proc104 676.250
proc59 682.000
proc9 690.375
proc120 691.125
proc142 697.250
proc132 703.375
proc115 705.125
proc139 706.375
proc98 707.625
proc39 714.000
proc67 719.500
proc148 727.250
proc2 736.750
proc118 738.875
proc8 740.375
proc105 748.250
proc72 748.625
proc128 757.500
proc82 758.000
proc7 763.875
0
