proc28 2.375
proc0 9.500
proc5 13.750
proc44 19.125
proc57 23.000
proc103 28.500
proc135 36.750
proc61 37.750
proc9 41.750
proc80 41.875
proc87 46.375
proc15 46.500
proc144 52.500
proc115 55.750
proc46 57.625
proc31 62.375
proc81 65.875
proc17 72.125
proc72 76.625
proc19 79.875
proc99 89.125
proc84 94.625
proc51 103.875
proc105 107.875
proc125 114.250
proc95 120.375
proc92 121.625
proc97 131.125
proc131 131.250
proc82 136.125
proc14 146.125
proc56 156.125
proc89 163.750
proc36 165.500
proc139 175.250
proc21 177.125
proc11 180.375
proc146 184.250
proc108 187.000
proc93 187.500
proc86 195.500
proc98 202.250
proc137 209.500
proc76 215.750
proc38 217.125
proc104 219.125
proc71 225.875
proc143 235.500
proc124 241.250
proc16 249.875
proc118 258.000
proc145 264.375
proc50 266.625
proc142 272.500
proc78 280.250
proc133 283.125
proc138 285.125
proc141 291.875
proc96 300.750
proc47 302.375
proc35 307.250
proc45 316.500
proc85 321.500
proc126 327.125
proc148 327.750
proc70 334.125
proc48 338.750
proc127 341.000
proc18 343.750
proc65 350.250
proc52 356.625
proc128 362.375
proc130 365.000
proc54 370.250
proc68 378.750
proc74 380.625
proc24 383.000
proc106 390.875
proc34 396.750
proc91 405.750
proc73 408.625
proc100 413.750
proc10 417.750
proc122 427.750
proc90 435.875
proc55 445.000
proc29 448.625
proc140 453.375
proc134 459.625
proc77 462.500
proc8 468.500
proc94 470.625
proc30 472.625
proc67 481.750
proc117 487.125
proc33 488.000
proc107 497.875
proc26 504.375
proc123 512.000
proc41 517.125
proc109 521.375
proc119 526.375
proc149 529.625
proc22 530.875
proc42 534.125
proc49 537.875
proc88 546.250
proc136 548.750
proc147 555.500
proc121 557.875
proc112 565.625
proc113 573.625
proc7 581.375
proc102 584.125
proc129 587.000
proc62 592.750
proc69 601.125
proc2 608.500
proc60 617.750
proc114 619.125
proc32 621.000
proc63 626.250
proc6 631.000
proc20 640.125
proc40 644.375
proc111 654.375
proc43 664.375
proc110 674.375
proc13 674.500
proc25 677.500
proc64 677.750
proc3 682.125
proc23 682.125
proc132 688.125
proc39 695.875
proc1 696.375
proc116 704.875
proc83 705.375
proc79 711.000
proc58 719.375
proc12 720.625
proc53 725.625
proc75 732.125
proc27 739.625
proc37 741.000
proc66 749.875
proc120 753.625
proc4 761.375
proc59 767.000
proc101 767.750
0
