proc76 5.500
proc66 10.375
proc52 13.125
proc128 15.125
proc145 15.250
proc121 24.750
proc140 27.625
proc142 35.375
proc58 41.125
proc99 46.250
proc122 49.750
proc146 52.500
proc74 60.375
proc111 62.250
proc32 68.250
proc88 73.375
proc129 83.375
proc79 89.875
proc12 97.750
proc123 103.375
proc102 103.625
proc47 106.000
proc2 111.375
proc126 117.000
proc60 118.125
proc108 122.625
proc113 128.625
proc15 135.125
proc120 143.625
proc28 147.500
proc30 157.375
proc1 162.125
proc133 167.375
proc136 167.875
proc116 168.625
proc9 173.750
proc103 179.625
proc107 184.125
proc134 186.875
proc144 190.000
proc53 196.875
proc16 199.000
proc83 202.625
proc48 204.125
proc51 207.625
proc44 213.375
proc77 216.000
proc31 225.750
proc55 232.250
proc127 235.375
proc26 244.000
proc139 249.625
proc35 255.875
proc4 264.125
proc112 267.250
proc24 270.750
proc43 277.125
proc61 281.625
proc56 282.625
proc64 289.625
proc46 294.000
proc57 296.375
proc81 299.000
proc5 300.125
proc29 301.750
proc36 311.750
proc59 316.500
proc40 321.875
proc73 325.500
proc95 328.000
proc87 333.625
proc62 338.250
proc6 344.750
proc93 352.875
proc27 357.875
proc7 362.750
proc72 369.750
proc125 372.750
proc141 382.375
proc45 391.875
proc109 397.250
proc148 397.500
proc22 403.125
proc50 406.750
proc33 410.625
proc17 418.625
proc94 423.500
proc68 424.000
proc82 432.625
proc63 440.250
proc70 447.625
proc110 451.000
proc84 455.750
proc131 458.750
proc135 467.500
proc147 469.125
proc39 472.000
proc67 481.625
proc130 484.000
proc11 490.250
proc75 495.500
proc69 500.875
proc149 504.875
proc10 508.625
proc89 515.000
proc117 518.500
proc65 519.250
proc80 522.375
proc124 526.125
proc85 528.125
proc105 535.500
proc19 545.250
proc91 553.875
proc104 556.125
proc23 560.500
proc37 566.250
proc119 568.000
proc132 571.875
proc100 576.000
proc97 582.750
proc114 586.625
proc20 593.750
proc92 599.000
proc25 604.750
proc101 606.750
proc138 611.250
proc0 612.500
proc13 620.250
proc18 627.375
proc137 631.625
proc118 637.125
proc96 638.625
proc90 642.500
proc86 644.500
proc49 653.125
proc8 659.125
proc14 660.875
proc143 661.125
proc38 669.125
proc115 670.625
proc42 670.750
proc106 677.125
proc34 685.000
proc54 685.375
proc71 686.875
proc78 696.000
proc21 700.500
proc3 705.000
proc41 714.000
proc98 721.750
0
