proc56 6.875
proc65 16.250
proc137 16.875
proc28 19.000
proc131 25.250
proc75 26.750
proc85 34.375
proc118 41.375
proc1 50.625
proc26 59.000
proc139 60.250
proc133 68.250
proc117 77.375
proc36 84.875
proc46 86.500
proc120 88.625
proc149 95.375
proc34 104.375
proc8 110.250
proc23 117.625
proc101 122.375
proc112 127.500
proc147 136.500
proc21 142.625
proc11 151.875
proc50 155.000
proc52 160.750
proc16 166.250
proc79 170.125
proc27 174.750
proc66 184.250
proc78 190.250
proc35 197.000
proc136 199.750
proc20 204.250
proc71 212.875
proc123 214.250
proc80 216.875
proc94 222.250
proc111 228.875
proc132 234.125
proc54 244.125
proc4 248.000
proc72 255.500
proc129 262.750
proc31 272.750
proc106 279.500
proc41 286.500
proc13 286.875
proc15 294.750
proc33 296.125
proc10 304.625
proc19 305.375
proc103 307.000
proc40 310.750
proc83 318.125
proc86 322.000
proc38 331.750
proc130 340.250
proc91 345.750
proc48 346.625
proc98 351.500
proc29 357.375
proc115 358.625
proc96 368.500
proc107 369.875
proc5 373.000
proc97 379.625
proc9 380.875
proc113 389.875
proc49 399.250
proc141 405.000
proc119 407.500
proc45 408.125
proc63 416.375
proc37 425.875
proc2 429.250
proc148 435.250
proc47 442.250
proc14 445.625
proc109 451.250
proc61 460.875
proc44 469.125
proc3 473.875
proc67 482.750
proc105 485.000
proc76 488.750
proc32 498.625
proc17 503.125
proc81 508.250
proc104 512.625
proc68 519.625
proc84 526.875
proc87 529.125
proc59 530.125
proc89 536.625
proc53 541.125
proc51 547.750
proc140 553.125
proc114 558.375
proc138 566.625
proc0 567.125
proc145 573.375
proc134 579.250
proc143 588.625
proc125 591.500
proc18 597.500
proc6 605.750
proc128 607.875
proc24 610.625
proc25 617.000
proc116 621.625
proc121 626.500
proc108 632.250
proc12 636.750
proc127 638.250
proc92 643.125
proc69 646.875
proc95 652.875
proc124 661.250
proc142 669.875
proc58 675.875
proc55 681.125
proc144 688.000
proc88 692.500
proc77 702.125
proc39 706.250
proc102 708.875
proc64 710.125
proc70 713.125
proc43 720.000
proc62 721.500
proc90 730.750
proc122 737.250
proc93 746.000
proc7 753.000
proc42 756.250
proc146 765.000
proc73 767.750
proc60 770.500
proc126 771.125
proc82 779.250
proc135 782.625
proc57 784.375
proc100 784.875
proc30 793.250
proc110 798.375
proc74 799.750
proc22 803.625
proc99 805.250
0
