proc32 7.500
proc107 10.625
proc147 18.375
proc80 20.250
proc21 24.625
proc11 26.125
proc23 31.875
proc50 34.375
proc71 39.125
proc28 44.125
proc118 50.125
proc51 55.000
proc117 55.625
proc48 57.625
proc149 66.875
proc66 71.375
proc60 75.250
proc76 83.375
proc9 90.250
proc119 98.625
proc84 108.125
proc115 115.000
proc139 122.875
proc4 127.125
proc7 136.000
proc98 136.875
proc95 137.500
proc49 146.875
proc62 155.875
proc132 159.875
proc54 164.625
proc140 170.500
proc65 180.000
proc135 187.250
proc109 192.000
proc41 198.875
proc77 206.125
proc19 210.375
proc72 217.375
proc105 221.625
proc68 231.375
proc63 234.500
proc125 241.250
proc85 245.750
proc40 246.500
proc128 249.875
proc131 258.625
proc129 263.750
proc82 269.125
proc78 269.250
proc70 275.625
proc137 277.375
proc106 285.875
proc101 292.375
proc8 292.875
proc146 297.250
proc86 303.250
proc124 308.250
proc30 310.250
proc134 314.750
proc12 315.125
proc92 315.250
proc102 315.625
proc29 323.375
proc52 324.375
proc5 334.125
proc55 343.750
proc33 351.750
proc121 355.000
proc53 364.125
proc96 368.375
proc20 372.250
proc116 372.625
proc6 377.250
proc64 382.750
proc26 383.375
proc97 386.500
proc17 395.625
proc46 404.375
proc45 405.625
proc22 413.875
proc56 418.375
proc35 427.500
proc75 434.250
proc59 437.500
proc34 441.250
proc143 441.750
proc79 450.250
proc113 457.750
proc122 467.750
proc93 473.750
proc25 474.500
proc47 480.500
proc108 485.625
proc44 491.875
proc100 498.875
proc58 500.000
proc0 504.500
proc24 506.250
proc83 507.500
proc73 517.375
proc14 526.250
proc38 529.250
proc31 531.750
proc42 538.625
proc126 539.750
proc89 546.875
proc104 549.125
proc94 556.875
proc3 566.500
proc142 567.625
proc110 568.125
proc123 573.375
proc112 581.375
proc37 583.375
proc39 590.375
proc13 597.250
proc36 600.875
proc136 604.500
proc88 606.375
proc141 615.250
proc130 619.875
proc145 626.500
proc43 627.625
proc74 632.000
proc127 634.375
proc111 638.375
proc27 643.750
proc69 648.625
proc61 653.625
proc87 662.125
proc1 670.625
proc2 671.875
proc15 674.750
proc148 682.125
proc67 686.000
proc144 690.250
proc133 691.000
proc81 693.500
proc57 703.375
proc91 710.250
proc120 715.250
proc10 717.875
proc103 723.500
proc18 726.250
proc99 733.500
proc138 738.250
proc114 742.375
proc90 750.000
proc16 757.250
0
